#
# A fatal error has been detected by the Java Runtime Environment:
#
#  SIGSEGV (0xb) at pc=0x00007f352424c780, pid=6396, tid=6465
#
# JRE version: OpenJDK Runtime Environment (11.0.9.1+1) (build 11.0.9.1+1-post-Debian-1deb10u2)
# Java VM: OpenJDK 64-Bit Server VM (11.0.9.1+1-post-Debian-1deb10u2, mixed mode, sharing, tiered, compressed oops, g1 gc, linux-amd64)
# Problematic frame:
# V  [libjvm.so+0x54b780]
#
# No core dump will be written. Core dumps have been disabled. To enable core dumping, try "ulimit -c unlimited" before starting Java again
#
# If you would like to submit a bug report, please visit:
#   https://bugs.debian.org/openjdk-11
#

---------------  S U M M A R Y ------------

Command Line: -Dclassworlds.conf=/usr/share/maven/bin/m2.conf -Dmaven.home=/usr/share/maven -Dlibrary.jansi.path=/usr/share/maven/lib/jansi-native -Dmaven.multiModuleProjectDirectory=/home/dramos/TFM/git/hdt-jni/hdt-java-cli org.codehaus.plexus.classworlds.launcher.Launcher exec:java -Dexec.mainClass=org.rdfhdt.hdt.tools.RDF2HDT -Dexec.args=../hdt-java-core/data/test.nt ../hdt-java-core/data/test.hdt

Host: Intel(R) Core(TM) i7-7700 CPU @ 3.60GHz, 8 cores, 15G, Debian GNU/Linux 10 (buster)
Time: Wed Apr 28 13:11:15 2021 CEST elapsed time: 1.721070 seconds (0d 0h 0m 1s)

---------------  T H R E A D  ---------------

Current thread (0x00007f351ce23800):  JavaThread "org.rdfhdt.hdt.tools.RDF2HDT.main()" [_thread_in_vm, id=6465, stack(0x00007f34f0df0000,0x00007f34f0ef1000)]

Stack: [0x00007f34f0df0000,0x00007f34f0ef1000],  sp=0x00007f34f0eef068,  free space=1020k
Native frames: (J=compiled Java code, A=aot compiled Java code, j=interpreted, Vv=VM code, C=native code)
V  [libjvm.so+0x54b780]

Java frames: (J=compiled Java code, j=interpreted, Vv=VM code)
j  org.rdfhdt.hdt.dictionary.impl.section.JNIDictionarySection._createJNIDictionary([BI)V+0
j  org.rdfhdt.hdt.dictionary.impl.section.JNIDictionarySection.load(Ljava/util/Iterator;JLorg/rdfhdt/hdt/listener/ProgressListener;)V+140
j  org.rdfhdt.hdt.dictionary.impl.section.JNIDictionarySection.load(Lorg/rdfhdt/hdt/dictionary/TempDictionarySection;Lorg/rdfhdt/hdt/listener/ProgressListener;)V+49
j  org.rdfhdt.hdt.dictionary.impl.JNIDictionary.load(Lorg/rdfhdt/hdt/dictionary/TempDictionary;Lorg/rdfhdt/hdt/listener/ProgressListener;)V+40
j  org.rdfhdt.hdt.hdt.impl.HDTImpl.loadFromModifiableHDT(Lorg/rdfhdt/hdt/hdt/TempHDT;Lorg/rdfhdt/hdt/listener/ProgressListener;)V+104
j  org.rdfhdt.hdt.hdt.HDTManagerImpl.doGenerateHDT(Ljava/lang/String;Ljava/lang/String;Lorg/rdfhdt/hdt/enums/RDFNotation;Lorg/rdfhdt/hdt/options/HDTOptions;Lorg/rdfhdt/hdt/listener/ProgressListener;)Lorg/rdfhdt/hdt/hdt/HDT;+99
j  org.rdfhdt.hdt.hdt.HDTManager.generateHDT(Ljava/lang/String;Ljava/lang/String;Lorg/rdfhdt/hdt/enums/RDFNotation;Lorg/rdfhdt/hdt/options/HDTOptions;Lorg/rdfhdt/hdt/listener/ProgressListener;)Lorg/rdfhdt/hdt/hdt/HDT;+9
j  org.rdfhdt.hdt.tools.RDF2HDT.execute()V+187
j  org.rdfhdt.hdt.tools.RDF2HDT.main([Ljava/lang/String;)V+184
j  java.lang.invoke.LambdaForm$DMH.invokeStaticInit(Ljava/lang/Object;Ljava/lang/Object;)V+10 java.base@11.0.9.1
j  java.lang.invoke.LambdaForm$MH.invoke_MT(Ljava/lang/Object;Ljava/lang/Object;Ljava/lang/Object;)V+18 java.base@11.0.9.1
j  org.codehaus.mojo.exec.ExecJavaMojo$1.run()V+85
j  java.lang.Thread.run()V+11 java.base@11.0.9.1
v  ~StubRoutines::call_stub

siginfo: si_signo: 11 (SIGSEGV), si_code: 1 (SEGV_MAPERR), si_addr: 0x0000000000000000

Register to memory mapping:

RAX=0x0 is NULL
RBX=0x0 is NULL
RCX=0x0000000000006261 is an unknown value
RDX=0x00007f35241a39a0: <offset 0x00000000004a29a0> in /usr/lib/jvm/java-11-openjdk-amd64/lib/server/libjvm.so at 0x00007f3523d01000
RSP=0x00007f34f0eef068 is pointing into the stack for thread: 0x00007f351ce23800
RBP=0x00007f34f0eef0f0 is pointing into the stack for thread: 0x00007f351ce23800
RSI=0x0 is NULL
RDI=0x0 is NULL
R8 =0x0 is NULL
R9 =0x00007f3498173ba0 points into unknown readable memory: 00 03 00 00 00 00 00 00
R10=0x00007f34980008d0 points into unknown readable memory: 00 00 00 00 01 00 01 00
R11=0x0000000000000020 is an unknown value
R12=0x0 is NULL
R13=0x00007f34981737a0 points into unknown readable memory: 61 62 00 98 34 7f 00 00
R14=0x00007f3523cfde40: _ZSt4cout+0x0000000000000000 in /lib/x86_64-linux-gnu/libstdc++.so.6 at 0x00007f3523b7d000
R15=0x00007f351ce23800 is a thread


Registers:
RAX=0x0000000000000000, RBX=0x0000000000000000, RCX=0x0000000000006261, RDX=0x00007f35241a39a0
RSP=0x00007f34f0eef068, RBP=0x00007f34f0eef0f0, RSI=0x0000000000000000, RDI=0x0000000000000000
R8 =0x0000000000000000, R9 =0x00007f3498173ba0, R10=0x00007f34980008d0, R11=0x0000000000000020
R12=0x0000000000000000, R13=0x00007f34981737a0, R14=0x00007f3523cfde40, R15=0x00007f351ce23800
RIP=0x00007f352424c780, EFLAGS=0x0000000000010246, CSGSFS=0x002b000000000033, ERR=0x0000000000000004
  TRAPNO=0x000000000000000e

Top of Stack: (sp=0x00007f34f0eef068)
0x00007f34f0eef068:   00007f352459b4d1 000000770000007c
0x00007f34f0eef078:   0000000000000000 00007f351ce23800
0x00007f34f0eef088:   00007f351ce23800 0000000000000003
0x00007f34f0eef098:   0000000000000000 ffffffffffffffb0 

Instructions: (pc=0x00007f352424c780)
0x00007f352424c680:   04 00 00 48 85 c0 0f 84 f7 fe ff ff 41 80 bf 80
0x00007f352424c690:   04 00 00 00 0f 85 e9 fe ff ff 41 c6 87 80 04 00
0x00007f352424c6a0:   00 01 49 8d bf 58 04 00 00 4c 89 fe e8 6f 68 27
0x00007f352424c6b0:   00 41 c6 87 80 04 00 00 00 e9 c5 fe ff ff 66 90
0x00007f352424c6c0:   4c 89 ff e8 48 e9 6d 00 e9 b6 fe ff ff 0f 1f 00
0x00007f352424c6d0:   4c 89 45 c8 4c 89 ff ff d0 4c 8b 45 c8 84 c0 0f
0x00007f352424c6e0:   84 ae fd ff ff e9 0a ff ff ff 66 0f 1f 44 00 00
0x00007f352424c6f0:   4c 89 ff e8 18 e9 6d 00 eb 82 66 0f 1f 44 00 00
0x00007f352424c700:   55 66 0f ef c0 48 89 e5 48 83 ec 30 48 8d 05 ad
0x00007f352424c710:   69 ca 00 0f 29 45 d0 80 b8 e1 1d 00 00 00 c6 45
0x00007f352424c720:   e0 00 74 29 48 8b 47 78 c6 45 e0 01 48 85 c0 74
0x00007f352424c730:   1f 8b 40 08 89 45 f0 48 89 75 e8 e8 30 59 87 00
0x00007f352424c740:   48 8d 7d d0 48 89 45 d0 e8 43 0a 00 00 c9 c3 90
0x00007f352424c750:   31 c0 eb e0 66 2e 0f 1f 84 00 00 00 00 00 66 90
0x00007f352424c760:   48 8b 07 c3 66 2e 0f 1f 84 00 00 00 00 00 66 90
0x00007f352424c770:   48 8b 07 c3 66 2e 0f 1f 84 00 00 00 00 00 66 90
0x00007f352424c780:   48 8b 07 c3 66 2e 0f 1f 84 00 00 00 00 00 66 90
0x00007f352424c790:   48 8b 07 c3 66 2e 0f 1f 84 00 00 00 00 00 66 90
0x00007f352424c7a0:   48 8b 07 c3 66 2e 0f 1f 84 00 00 00 00 00 66 90
0x00007f352424c7b0:   48 8b 07 c3 66 2e 0f 1f 84 00 00 00 00 00 66 90
0x00007f352424c7c0:   48 8b 07 c3 66 2e 0f 1f 84 00 00 00 00 00 66 90
0x00007f352424c7d0:   48 8b 07 c3 66 2e 0f 1f 84 00 00 00 00 00 66 90
0x00007f352424c7e0:   48 8b 07 c3 66 2e 0f 1f 84 00 00 00 00 00 66 90
0x00007f352424c7f0:   48 8b 07 c3 66 2e 0f 1f 84 00 00 00 00 00 66 90
0x00007f352424c800:   55 48 89 e5 53 48 89 fb 48 83 ec 08 48 8d 05 1d
0x00007f352424c810:   86 c9 00 48 8d 15 eb 49 ca 00 48 8b 00 80 3a 00
0x00007f352424c820:   8b 40 10 74 1b 83 f8 05 0f 87 e2 00 00 00 48 8d
0x00007f352424c830:   15 f3 0b 96 00 48 63 04 82 48 01 d0 ff e0 66 90
0x00007f352424c840:   83 f8 05 0f 87 c7 00 00 00 48 8d 15 f0 0b 96 00
0x00007f352424c850:   48 63 04 82 48 01 d0 ff e0 0f 1f 80 00 00 00 00
0x00007f352424c860:   48 8d 05 29 ff ff ff 48 89 05 b2 b0 c5 00 48 83
0x00007f352424c870:   c4 08 48 89 df 5b 5d ff e0 0f 1f 80 00 00 00 00 


Stack slot to memory mapping:
stack at sp + 0 slots: 0x00007f352459b4d1: <offset 0x000000000089a4d1> in /usr/lib/jvm/java-11-openjdk-amd64/lib/server/libjvm.so at 0x00007f3523d01000
stack at sp + 1 slots: 0x000000770000007c is an unknown value
stack at sp + 2 slots: 0x0 is NULL
stack at sp + 3 slots: 0x00007f351ce23800 is a thread
stack at sp + 4 slots: 0x00007f351ce23800 is a thread
stack at sp + 5 slots: 0x0000000000000003 is an unknown value
stack at sp + 6 slots: 0x0 is NULL
stack at sp + 7 slots: 0xffffffffffffffb0 is an unknown value


---------------  P R O C E S S  ---------------

Threads class SMR info:
_java_thread_list=0x00007f351ce2c430, length=12, elements={
0x00007f351c016800, 0x00007f351c1cf000, 0x00007f351c1d1000, 0x00007f351c1d6800,
0x00007f351c1d9000, 0x00007f351c1db000, 0x00007f351c1dd000, 0x00007f351c22c800,
0x00007f351c232000, 0x00007f34c8331800, 0x00007f34c8240000, 0x00007f351ce23800
}

Java Threads: ( => current thread )
  0x00007f351c016800 JavaThread "main" [_thread_blocked, id=6420, stack(0x00007f35238df000,0x00007f35239e0000)]
  0x00007f351c1cf000 JavaThread "Reference Handler" daemon [_thread_blocked, id=6427, stack(0x00007f3504615000,0x00007f3504716000)]
  0x00007f351c1d1000 JavaThread "Finalizer" daemon [_thread_blocked, id=6428, stack(0x00007f3504514000,0x00007f3504615000)]
  0x00007f351c1d6800 JavaThread "Signal Dispatcher" daemon [_thread_blocked, id=6429, stack(0x00007f350412e000,0x00007f350422f000)]
  0x00007f351c1d9000 JavaThread "C2 CompilerThread0" daemon [_thread_in_native, id=6430, stack(0x00007f350402d000,0x00007f350412e000)]
  0x00007f351c1db000 JavaThread "C1 CompilerThread0" daemon [_thread_blocked, id=6431, stack(0x00007f34f827f000,0x00007f34f8380000)]
  0x00007f351c1dd000 JavaThread "Sweeper thread" daemon [_thread_blocked, id=6432, stack(0x00007f34f817e000,0x00007f34f827f000)]
  0x00007f351c22c800 JavaThread "Service Thread" daemon [_thread_blocked, id=6433, stack(0x00007f34f807d000,0x00007f34f817e000)]
  0x00007f351c232000 JavaThread "Common-Cleaner" daemon [_thread_blocked, id=6435, stack(0x00007f34f1dfd000,0x00007f34f1efe000)]
  0x00007f34c8331800 JavaThread "C2 CompilerThread1" daemon [_thread_in_native, id=6438, stack(0x00007f34f1cfc000,0x00007f34f1dfd000)]
  0x00007f34c8240000 JavaThread "C2 CompilerThread2" daemon [_thread_in_native, id=6439, stack(0x00007f34f1bfb000,0x00007f34f1cfc000)]
=>0x00007f351ce23800 JavaThread "org.rdfhdt.hdt.tools.RDF2HDT.main()" [_thread_in_vm, id=6465, stack(0x00007f34f0df0000,0x00007f34f0ef1000)]

Other Threads:
  0x00007f351c1cc800 VMThread "VM Thread" [stack: 0x00007f3504718000,0x00007f3504818000] [id=6426]
  0x00007f351c22f000 WatcherThread [stack: 0x00007f34f1f00000,0x00007f34f2000000] [id=6434]
  0x00007f351c02e800 GCTaskThread "GC Thread#0" [stack: 0x00007f3523594000,0x00007f3523694000] [id=6421]
  0x00007f34e4001000 GCTaskThread "GC Thread#1" [stack: 0x00007f34f1afb000,0x00007f34f1bfb000] [id=6440]
  0x00007f34e4002800 GCTaskThread "GC Thread#2" [stack: 0x00007f34f19f9000,0x00007f34f1af9000] [id=6441]
  0x00007f34e4004000 GCTaskThread "GC Thread#3" [stack: 0x00007f34f18f7000,0x00007f34f19f7000] [id=6442]
  0x00007f34e4006000 GCTaskThread "GC Thread#4" [stack: 0x00007f34f17f5000,0x00007f34f18f5000] [id=6443]
  0x00007f34e4007800 GCTaskThread "GC Thread#5" [stack: 0x00007f34f16f3000,0x00007f34f17f3000] [id=6444]
  0x00007f351c08d000 ConcurrentGCThread "G1 Main Marker" [stack: 0x00007f3521431000,0x00007f3521531000] [id=6422]
  0x00007f351c08e800 ConcurrentGCThread "G1 Conc#0" [stack: 0x00007f352132f000,0x00007f352142f000] [id=6423]
  0x00007f351c18e800 ConcurrentGCThread "G1 Refine#0" [stack: 0x00007f3520a25000,0x00007f3520b25000] [id=6424]
  0x00007f351c190800 ConcurrentGCThread "G1 Young RemSet Sampling" [stack: 0x00007f3520923000,0x00007f3520a23000] [id=6425]

Threads with active compile tasks:
C2 CompilerThread0   1725 3428   !   4       org.codehaus.plexus.interpolation.StringSearchInterpolator::interpolate (650 bytes)
C2 CompilerThread1   1725 3333       4       org.apache.maven.model.io.xpp3.MavenXpp3Reader::interpolatedTrimmed (16 bytes)
C2 CompilerThread2   1725 2821       4       org.codehaus.plexus.configuration.xml.XmlPlexusConfiguration::<init> (96 bytes)

VM state:not at safepoint (normal execution)

VM Mutex/Monitor currently owned by a thread: None

Heap address: 0x0000000707000000, size: 3984 MB, Compressed Oops mode: Zero based, Oop shift amount: 3
Narrow klass base: 0x0000000800000000, Narrow klass shift: 3
Compressed class space size: 1073741824 Address: 0x0000000840000000

Heap:
 garbage-first heap   total 258048K, used 21693K [0x0000000707000000, 0x0000000800000000)
  region size 1024K, 22 young (22528K), 11 survivors (11264K)
 Metaspace       used 16816K, capacity 18075K, committed 18304K, reserved 1064960K
  class space    used 1926K, capacity 2163K, committed 2176K, reserved 1048576K
Heap Regions: E=young(eden), S=young(survivor), O=old, HS=humongous(starts), HC=humongous(continues), CS=collection set, F=free, A=archive, TAMS=top-at-mark-start (previous, next)
|   0|0x0000000707000000, 0x0000000707000000, 0x0000000707100000|  0%| F|  |TAMS 0x0000000707000000, 0x0000000707000000| Untracked 
|   1|0x0000000707100000, 0x0000000707100000, 0x0000000707200000|  0%| F|  |TAMS 0x0000000707100000, 0x0000000707100000| Untracked 
|   2|0x0000000707200000, 0x0000000707200000, 0x0000000707300000|  0%| F|  |TAMS 0x0000000707200000, 0x0000000707200000| Untracked 
|   3|0x0000000707300000, 0x0000000707300000, 0x0000000707400000|  0%| F|  |TAMS 0x0000000707300000, 0x0000000707300000| Untracked 
|   4|0x0000000707400000, 0x0000000707400000, 0x0000000707500000|  0%| F|  |TAMS 0x0000000707400000, 0x0000000707400000| Untracked 
|   5|0x0000000707500000, 0x0000000707500000, 0x0000000707600000|  0%| F|  |TAMS 0x0000000707500000, 0x0000000707500000| Untracked 
|   6|0x0000000707600000, 0x0000000707600000, 0x0000000707700000|  0%| F|  |TAMS 0x0000000707600000, 0x0000000707600000| Untracked 
|   7|0x0000000707700000, 0x0000000707700000, 0x0000000707800000|  0%| F|  |TAMS 0x0000000707700000, 0x0000000707700000| Untracked 
|   8|0x0000000707800000, 0x0000000707800000, 0x0000000707900000|  0%| F|  |TAMS 0x0000000707800000, 0x0000000707800000| Untracked 
|   9|0x0000000707900000, 0x0000000707900000, 0x0000000707a00000|  0%| F|  |TAMS 0x0000000707900000, 0x0000000707900000| Untracked 
|  10|0x0000000707a00000, 0x0000000707a00000, 0x0000000707b00000|  0%| F|  |TAMS 0x0000000707a00000, 0x0000000707a00000| Untracked 
|  11|0x0000000707b00000, 0x0000000707b00000, 0x0000000707c00000|  0%| F|  |TAMS 0x0000000707b00000, 0x0000000707b00000| Untracked 
|  12|0x0000000707c00000, 0x0000000707c00000, 0x0000000707d00000|  0%| F|  |TAMS 0x0000000707c00000, 0x0000000707c00000| Untracked 
|  13|0x0000000707d00000, 0x0000000707d00000, 0x0000000707e00000|  0%| F|  |TAMS 0x0000000707d00000, 0x0000000707d00000| Untracked 
|  14|0x0000000707e00000, 0x0000000707e00000, 0x0000000707f00000|  0%| F|  |TAMS 0x0000000707e00000, 0x0000000707e00000| Untracked 
|  15|0x0000000707f00000, 0x0000000707f00000, 0x0000000708000000|  0%| F|  |TAMS 0x0000000707f00000, 0x0000000707f00000| Untracked 
|  16|0x0000000708000000, 0x0000000708000000, 0x0000000708100000|  0%| F|  |TAMS 0x0000000708000000, 0x0000000708000000| Untracked 
|  17|0x0000000708100000, 0x0000000708100000, 0x0000000708200000|  0%| F|  |TAMS 0x0000000708100000, 0x0000000708100000| Untracked 
|  18|0x0000000708200000, 0x0000000708200000, 0x0000000708300000|  0%| F|  |TAMS 0x0000000708200000, 0x0000000708200000| Untracked 
|  19|0x0000000708300000, 0x0000000708300000, 0x0000000708400000|  0%| F|  |TAMS 0x0000000708300000, 0x0000000708300000| Untracked 
|  20|0x0000000708400000, 0x0000000708400000, 0x0000000708500000|  0%| F|  |TAMS 0x0000000708400000, 0x0000000708400000| Untracked 
|  21|0x0000000708500000, 0x0000000708500000, 0x0000000708600000|  0%| F|  |TAMS 0x0000000708500000, 0x0000000708500000| Untracked 
|  22|0x0000000708600000, 0x0000000708600000, 0x0000000708700000|  0%| F|  |TAMS 0x0000000708600000, 0x0000000708600000| Untracked 
|  23|0x0000000708700000, 0x0000000708700000, 0x0000000708800000|  0%| F|  |TAMS 0x0000000708700000, 0x0000000708700000| Untracked 
|  24|0x0000000708800000, 0x0000000708800000, 0x0000000708900000|  0%| F|  |TAMS 0x0000000708800000, 0x0000000708800000| Untracked 
|  25|0x0000000708900000, 0x0000000708900000, 0x0000000708a00000|  0%| F|  |TAMS 0x0000000708900000, 0x0000000708900000| Untracked 
|  26|0x0000000708a00000, 0x0000000708a00000, 0x0000000708b00000|  0%| F|  |TAMS 0x0000000708a00000, 0x0000000708a00000| Untracked 
|  27|0x0000000708b00000, 0x0000000708b00000, 0x0000000708c00000|  0%| F|  |TAMS 0x0000000708b00000, 0x0000000708b00000| Untracked 
|  28|0x0000000708c00000, 0x0000000708c00000, 0x0000000708d00000|  0%| F|  |TAMS 0x0000000708c00000, 0x0000000708c00000| Untracked 
|  29|0x0000000708d00000, 0x0000000708d00000, 0x0000000708e00000|  0%| F|  |TAMS 0x0000000708d00000, 0x0000000708d00000| Untracked 
|  30|0x0000000708e00000, 0x0000000708e00000, 0x0000000708f00000|  0%| F|  |TAMS 0x0000000708e00000, 0x0000000708e00000| Untracked 
|  31|0x0000000708f00000, 0x0000000708f00000, 0x0000000709000000|  0%| F|  |TAMS 0x0000000708f00000, 0x0000000708f00000| Untracked 
|  32|0x0000000709000000, 0x0000000709000000, 0x0000000709100000|  0%| F|  |TAMS 0x0000000709000000, 0x0000000709000000| Untracked 
|  33|0x0000000709100000, 0x0000000709100000, 0x0000000709200000|  0%| F|  |TAMS 0x0000000709100000, 0x0000000709100000| Untracked 
|  34|0x0000000709200000, 0x0000000709200000, 0x0000000709300000|  0%| F|  |TAMS 0x0000000709200000, 0x0000000709200000| Untracked 
|  35|0x0000000709300000, 0x0000000709300000, 0x0000000709400000|  0%| F|  |TAMS 0x0000000709300000, 0x0000000709300000| Untracked 
|  36|0x0000000709400000, 0x0000000709400000, 0x0000000709500000|  0%| F|  |TAMS 0x0000000709400000, 0x0000000709400000| Untracked 
|  37|0x0000000709500000, 0x0000000709500000, 0x0000000709600000|  0%| F|  |TAMS 0x0000000709500000, 0x0000000709500000| Untracked 
|  38|0x0000000709600000, 0x0000000709600000, 0x0000000709700000|  0%| F|  |TAMS 0x0000000709600000, 0x0000000709600000| Untracked 
|  39|0x0000000709700000, 0x0000000709700000, 0x0000000709800000|  0%| F|  |TAMS 0x0000000709700000, 0x0000000709700000| Untracked 
|  40|0x0000000709800000, 0x0000000709800000, 0x0000000709900000|  0%| F|  |TAMS 0x0000000709800000, 0x0000000709800000| Untracked 
|  41|0x0000000709900000, 0x0000000709900000, 0x0000000709a00000|  0%| F|  |TAMS 0x0000000709900000, 0x0000000709900000| Untracked 
|  42|0x0000000709a00000, 0x0000000709a00000, 0x0000000709b00000|  0%| F|  |TAMS 0x0000000709a00000, 0x0000000709a00000| Untracked 
|  43|0x0000000709b00000, 0x0000000709b00000, 0x0000000709c00000|  0%| F|  |TAMS 0x0000000709b00000, 0x0000000709b00000| Untracked 
|  44|0x0000000709c00000, 0x0000000709c00000, 0x0000000709d00000|  0%| F|  |TAMS 0x0000000709c00000, 0x0000000709c00000| Untracked 
|  45|0x0000000709d00000, 0x0000000709d00000, 0x0000000709e00000|  0%| F|  |TAMS 0x0000000709d00000, 0x0000000709d00000| Untracked 
|  46|0x0000000709e00000, 0x0000000709e00000, 0x0000000709f00000|  0%| F|  |TAMS 0x0000000709e00000, 0x0000000709e00000| Untracked 
|  47|0x0000000709f00000, 0x0000000709f00000, 0x000000070a000000|  0%| F|  |TAMS 0x0000000709f00000, 0x0000000709f00000| Untracked 
|  48|0x000000070a000000, 0x000000070a000000, 0x000000070a100000|  0%| F|  |TAMS 0x000000070a000000, 0x000000070a000000| Untracked 
|  49|0x000000070a100000, 0x000000070a100000, 0x000000070a200000|  0%| F|  |TAMS 0x000000070a100000, 0x000000070a100000| Untracked 
|  50|0x000000070a200000, 0x000000070a200000, 0x000000070a300000|  0%| F|  |TAMS 0x000000070a200000, 0x000000070a200000| Untracked 
|  51|0x000000070a300000, 0x000000070a300000, 0x000000070a400000|  0%| F|  |TAMS 0x000000070a300000, 0x000000070a300000| Untracked 
|  52|0x000000070a400000, 0x000000070a400000, 0x000000070a500000|  0%| F|  |TAMS 0x000000070a400000, 0x000000070a400000| Untracked 
|  53|0x000000070a500000, 0x000000070a500000, 0x000000070a600000|  0%| F|  |TAMS 0x000000070a500000, 0x000000070a500000| Untracked 
|  54|0x000000070a600000, 0x000000070a600000, 0x000000070a700000|  0%| F|  |TAMS 0x000000070a600000, 0x000000070a600000| Untracked 
|  55|0x000000070a700000, 0x000000070a700000, 0x000000070a800000|  0%| F|  |TAMS 0x000000070a700000, 0x000000070a700000| Untracked 
|  56|0x000000070a800000, 0x000000070a800000, 0x000000070a900000|  0%| F|  |TAMS 0x000000070a800000, 0x000000070a800000| Untracked 
|  57|0x000000070a900000, 0x000000070a900000, 0x000000070aa00000|  0%| F|  |TAMS 0x000000070a900000, 0x000000070a900000| Untracked 
|  58|0x000000070aa00000, 0x000000070aa00000, 0x000000070ab00000|  0%| F|  |TAMS 0x000000070aa00000, 0x000000070aa00000| Untracked 
|  59|0x000000070ab00000, 0x000000070ab00000, 0x000000070ac00000|  0%| F|  |TAMS 0x000000070ab00000, 0x000000070ab00000| Untracked 
|  60|0x000000070ac00000, 0x000000070ac00000, 0x000000070ad00000|  0%| F|  |TAMS 0x000000070ac00000, 0x000000070ac00000| Untracked 
|  61|0x000000070ad00000, 0x000000070ad00000, 0x000000070ae00000|  0%| F|  |TAMS 0x000000070ad00000, 0x000000070ad00000| Untracked 
|  62|0x000000070ae00000, 0x000000070ae00000, 0x000000070af00000|  0%| F|  |TAMS 0x000000070ae00000, 0x000000070ae00000| Untracked 
|  63|0x000000070af00000, 0x000000070af00000, 0x000000070b000000|  0%| F|  |TAMS 0x000000070af00000, 0x000000070af00000| Untracked 
|  64|0x000000070b000000, 0x000000070b000000, 0x000000070b100000|  0%| F|  |TAMS 0x000000070b000000, 0x000000070b000000| Untracked 
|  65|0x000000070b100000, 0x000000070b100000, 0x000000070b200000|  0%| F|  |TAMS 0x000000070b100000, 0x000000070b100000| Untracked 
|  66|0x000000070b200000, 0x000000070b200000, 0x000000070b300000|  0%| F|  |TAMS 0x000000070b200000, 0x000000070b200000| Untracked 
|  67|0x000000070b300000, 0x000000070b300000, 0x000000070b400000|  0%| F|  |TAMS 0x000000070b300000, 0x000000070b300000| Untracked 
|  68|0x000000070b400000, 0x000000070b400000, 0x000000070b500000|  0%| F|  |TAMS 0x000000070b400000, 0x000000070b400000| Untracked 
|  69|0x000000070b500000, 0x000000070b500000, 0x000000070b600000|  0%| F|  |TAMS 0x000000070b500000, 0x000000070b500000| Untracked 
|  70|0x000000070b600000, 0x000000070b600000, 0x000000070b700000|  0%| F|  |TAMS 0x000000070b600000, 0x000000070b600000| Untracked 
|  71|0x000000070b700000, 0x000000070b700000, 0x000000070b800000|  0%| F|  |TAMS 0x000000070b700000, 0x000000070b700000| Untracked 
|  72|0x000000070b800000, 0x000000070b800000, 0x000000070b900000|  0%| F|  |TAMS 0x000000070b800000, 0x000000070b800000| Untracked 
|  73|0x000000070b900000, 0x000000070b900000, 0x000000070ba00000|  0%| F|  |TAMS 0x000000070b900000, 0x000000070b900000| Untracked 
|  74|0x000000070ba00000, 0x000000070ba00000, 0x000000070bb00000|  0%| F|  |TAMS 0x000000070ba00000, 0x000000070ba00000| Untracked 
|  75|0x000000070bb00000, 0x000000070bb00000, 0x000000070bc00000|  0%| F|  |TAMS 0x000000070bb00000, 0x000000070bb00000| Untracked 
|  76|0x000000070bc00000, 0x000000070bc00000, 0x000000070bd00000|  0%| F|  |TAMS 0x000000070bc00000, 0x000000070bc00000| Untracked 
|  77|0x000000070bd00000, 0x000000070bd00000, 0x000000070be00000|  0%| F|  |TAMS 0x000000070bd00000, 0x000000070bd00000| Untracked 
|  78|0x000000070be00000, 0x000000070be00000, 0x000000070bf00000|  0%| F|  |TAMS 0x000000070be00000, 0x000000070be00000| Untracked 
|  79|0x000000070bf00000, 0x000000070bf00000, 0x000000070c000000|  0%| F|  |TAMS 0x000000070bf00000, 0x000000070bf00000| Untracked 
|  80|0x000000070c000000, 0x000000070c000000, 0x000000070c100000|  0%| F|  |TAMS 0x000000070c000000, 0x000000070c000000| Untracked 
|  81|0x000000070c100000, 0x000000070c100000, 0x000000070c200000|  0%| F|  |TAMS 0x000000070c100000, 0x000000070c100000| Untracked 
|  82|0x000000070c200000, 0x000000070c200000, 0x000000070c300000|  0%| F|  |TAMS 0x000000070c200000, 0x000000070c200000| Untracked 
|  83|0x000000070c300000, 0x000000070c300000, 0x000000070c400000|  0%| F|  |TAMS 0x000000070c300000, 0x000000070c300000| Untracked 
|  84|0x000000070c400000, 0x000000070c400000, 0x000000070c500000|  0%| F|  |TAMS 0x000000070c400000, 0x000000070c400000| Untracked 
|  85|0x000000070c500000, 0x000000070c500000, 0x000000070c600000|  0%| F|  |TAMS 0x000000070c500000, 0x000000070c500000| Untracked 
|  86|0x000000070c600000, 0x000000070c600000, 0x000000070c700000|  0%| F|  |TAMS 0x000000070c600000, 0x000000070c600000| Untracked 
|  87|0x000000070c700000, 0x000000070c700000, 0x000000070c800000|  0%| F|  |TAMS 0x000000070c700000, 0x000000070c700000| Untracked 
|  88|0x000000070c800000, 0x000000070c800000, 0x000000070c900000|  0%| F|  |TAMS 0x000000070c800000, 0x000000070c800000| Untracked 
|  89|0x000000070c900000, 0x000000070c97d7c0, 0x000000070ca00000| 49%| S|CS|TAMS 0x000000070c900000, 0x000000070c900000| Complete 
|  90|0x000000070ca00000, 0x000000070cb00000, 0x000000070cb00000|100%| S|CS|TAMS 0x000000070ca00000, 0x000000070ca00000| Complete 
|  91|0x000000070cb00000, 0x000000070cc00000, 0x000000070cc00000|100%| S|CS|TAMS 0x000000070cb00000, 0x000000070cb00000| Complete 
|  92|0x000000070cc00000, 0x000000070cd00000, 0x000000070cd00000|100%| S|CS|TAMS 0x000000070cc00000, 0x000000070cc00000| Complete 
|  93|0x000000070cd00000, 0x000000070ce00000, 0x000000070ce00000|100%| S|CS|TAMS 0x000000070cd00000, 0x000000070cd00000| Complete 
|  94|0x000000070ce00000, 0x000000070cf00000, 0x000000070cf00000|100%| S|CS|TAMS 0x000000070ce00000, 0x000000070ce00000| Complete 
|  95|0x000000070cf00000, 0x000000070d000000, 0x000000070d000000|100%| S|CS|TAMS 0x000000070cf00000, 0x000000070cf00000| Complete 
|  96|0x000000070d000000, 0x000000070d100000, 0x000000070d100000|100%| S|CS|TAMS 0x000000070d000000, 0x000000070d000000| Complete 
|  97|0x000000070d100000, 0x000000070d200000, 0x000000070d200000|100%| S|CS|TAMS 0x000000070d100000, 0x000000070d100000| Complete 
|  98|0x000000070d200000, 0x000000070d300000, 0x000000070d300000|100%| S|CS|TAMS 0x000000070d200000, 0x000000070d200000| Complete 
|  99|0x000000070d300000, 0x000000070d400000, 0x000000070d400000|100%| S|CS|TAMS 0x000000070d300000, 0x000000070d300000| Complete 
| 100|0x000000070d400000, 0x000000070d400000, 0x000000070d500000|  0%| F|  |TAMS 0x000000070d400000, 0x000000070d400000| Untracked 
| 101|0x000000070d500000, 0x000000070d500000, 0x000000070d600000|  0%| F|  |TAMS 0x000000070d500000, 0x000000070d500000| Untracked 
| 102|0x000000070d600000, 0x000000070d600000, 0x000000070d700000|  0%| F|  |TAMS 0x000000070d600000, 0x000000070d600000| Untracked 
| 103|0x000000070d700000, 0x000000070d700000, 0x000000070d800000|  0%| F|  |TAMS 0x000000070d700000, 0x000000070d700000| Untracked 
| 104|0x000000070d800000, 0x000000070d800000, 0x000000070d900000|  0%| F|  |TAMS 0x000000070d800000, 0x000000070d800000| Untracked 
| 105|0x000000070d900000, 0x000000070d900000, 0x000000070da00000|  0%| F|  |TAMS 0x000000070d900000, 0x000000070d900000| Untracked 
| 106|0x000000070da00000, 0x000000070da00000, 0x000000070db00000|  0%| F|  |TAMS 0x000000070da00000, 0x000000070da00000| Untracked 
| 107|0x000000070db00000, 0x000000070db00000, 0x000000070dc00000|  0%| F|  |TAMS 0x000000070db00000, 0x000000070db00000| Untracked 
| 108|0x000000070dc00000, 0x000000070dc00000, 0x000000070dd00000|  0%| F|  |TAMS 0x000000070dc00000, 0x000000070dc00000| Untracked 
| 109|0x000000070dd00000, 0x000000070dd00000, 0x000000070de00000|  0%| F|  |TAMS 0x000000070dd00000, 0x000000070dd00000| Untracked 
| 110|0x000000070de00000, 0x000000070de00000, 0x000000070df00000|  0%| F|  |TAMS 0x000000070de00000, 0x000000070de00000| Untracked 
| 111|0x000000070df00000, 0x000000070df00000, 0x000000070e000000|  0%| F|  |TAMS 0x000000070df00000, 0x000000070df00000| Untracked 
| 112|0x000000070e000000, 0x000000070e000000, 0x000000070e100000|  0%| F|  |TAMS 0x000000070e000000, 0x000000070e000000| Untracked 
| 113|0x000000070e100000, 0x000000070e100000, 0x000000070e200000|  0%| F|  |TAMS 0x000000070e100000, 0x000000070e100000| Untracked 
| 114|0x000000070e200000, 0x000000070e200000, 0x000000070e300000|  0%| F|  |TAMS 0x000000070e200000, 0x000000070e200000| Untracked 
| 115|0x000000070e300000, 0x000000070e300000, 0x000000070e400000|  0%| F|  |TAMS 0x000000070e300000, 0x000000070e300000| Untracked 
| 116|0x000000070e400000, 0x000000070e400000, 0x000000070e500000|  0%| F|  |TAMS 0x000000070e400000, 0x000000070e400000| Untracked 
| 117|0x000000070e500000, 0x000000070e500000, 0x000000070e600000|  0%| F|  |TAMS 0x000000070e500000, 0x000000070e500000| Untracked 
| 118|0x000000070e600000, 0x000000070e600000, 0x000000070e700000|  0%| F|  |TAMS 0x000000070e600000, 0x000000070e600000| Untracked 
| 119|0x000000070e700000, 0x000000070e700000, 0x000000070e800000|  0%| F|  |TAMS 0x000000070e700000, 0x000000070e700000| Untracked 
| 120|0x000000070e800000, 0x000000070e800000, 0x000000070e900000|  0%| F|  |TAMS 0x000000070e800000, 0x000000070e800000| Untracked 
| 121|0x000000070e900000, 0x000000070e900000, 0x000000070ea00000|  0%| F|  |TAMS 0x000000070e900000, 0x000000070e900000| Untracked 
| 122|0x000000070ea00000, 0x000000070ea00000, 0x000000070eb00000|  0%| F|  |TAMS 0x000000070ea00000, 0x000000070ea00000| Untracked 
| 123|0x000000070eb00000, 0x000000070eb00000, 0x000000070ec00000|  0%| F|  |TAMS 0x000000070eb00000, 0x000000070eb00000| Untracked 
| 124|0x000000070ec00000, 0x000000070ec00000, 0x000000070ed00000|  0%| F|  |TAMS 0x000000070ec00000, 0x000000070ec00000| Untracked 
| 125|0x000000070ed00000, 0x000000070ed00000, 0x000000070ee00000|  0%| F|  |TAMS 0x000000070ed00000, 0x000000070ed00000| Untracked 
| 126|0x000000070ee00000, 0x000000070ee00000, 0x000000070ef00000|  0%| F|  |TAMS 0x000000070ee00000, 0x000000070ee00000| Untracked 
| 127|0x000000070ef00000, 0x000000070ef00000, 0x000000070f000000|  0%| F|  |TAMS 0x000000070ef00000, 0x000000070ef00000| Untracked 
| 128|0x000000070f000000, 0x000000070f000000, 0x000000070f100000|  0%| F|  |TAMS 0x000000070f000000, 0x000000070f000000| Untracked 
| 129|0x000000070f100000, 0x000000070f100000, 0x000000070f200000|  0%| F|  |TAMS 0x000000070f100000, 0x000000070f100000| Untracked 
| 130|0x000000070f200000, 0x000000070f200000, 0x000000070f300000|  0%| F|  |TAMS 0x000000070f200000, 0x000000070f200000| Untracked 
| 131|0x000000070f300000, 0x000000070f300000, 0x000000070f400000|  0%| F|  |TAMS 0x000000070f300000, 0x000000070f300000| Untracked 
| 132|0x000000070f400000, 0x000000070f400000, 0x000000070f500000|  0%| F|  |TAMS 0x000000070f400000, 0x000000070f400000| Untracked 
| 133|0x000000070f500000, 0x000000070f500000, 0x000000070f600000|  0%| F|  |TAMS 0x000000070f500000, 0x000000070f500000| Untracked 
| 134|0x000000070f600000, 0x000000070f600000, 0x000000070f700000|  0%| F|  |TAMS 0x000000070f600000, 0x000000070f600000| Untracked 
| 135|0x000000070f700000, 0x000000070f700000, 0x000000070f800000|  0%| F|  |TAMS 0x000000070f700000, 0x000000070f700000| Untracked 
| 136|0x000000070f800000, 0x000000070f800000, 0x000000070f900000|  0%| F|  |TAMS 0x000000070f800000, 0x000000070f800000| Untracked 
| 137|0x000000070f900000, 0x000000070f900000, 0x000000070fa00000|  0%| F|  |TAMS 0x000000070f900000, 0x000000070f900000| Untracked 
| 138|0x000000070fa00000, 0x000000070fa00000, 0x000000070fb00000|  0%| F|  |TAMS 0x000000070fa00000, 0x000000070fa00000| Untracked 
| 139|0x000000070fb00000, 0x000000070fb00000, 0x000000070fc00000|  0%| F|  |TAMS 0x000000070fb00000, 0x000000070fb00000| Untracked 
| 140|0x000000070fc00000, 0x000000070fc00000, 0x000000070fd00000|  0%| F|  |TAMS 0x000000070fc00000, 0x000000070fc00000| Untracked 
| 141|0x000000070fd00000, 0x000000070fd00000, 0x000000070fe00000|  0%| F|  |TAMS 0x000000070fd00000, 0x000000070fd00000| Untracked 
| 142|0x000000070fe00000, 0x000000070fe00000, 0x000000070ff00000|  0%| F|  |TAMS 0x000000070fe00000, 0x000000070fe00000| Untracked 
| 143|0x000000070ff00000, 0x000000070ff00000, 0x0000000710000000|  0%| F|  |TAMS 0x000000070ff00000, 0x000000070ff00000| Untracked 
| 144|0x0000000710000000, 0x0000000710000000, 0x0000000710100000|  0%| F|  |TAMS 0x0000000710000000, 0x0000000710000000| Untracked 
| 145|0x0000000710100000, 0x0000000710100000, 0x0000000710200000|  0%| F|  |TAMS 0x0000000710100000, 0x0000000710100000| Untracked 
| 146|0x0000000710200000, 0x0000000710200000, 0x0000000710300000|  0%| F|  |TAMS 0x0000000710200000, 0x0000000710200000| Untracked 
| 147|0x0000000710300000, 0x0000000710300000, 0x0000000710400000|  0%| F|  |TAMS 0x0000000710300000, 0x0000000710300000| Untracked 
| 148|0x0000000710400000, 0x0000000710400000, 0x0000000710500000|  0%| F|  |TAMS 0x0000000710400000, 0x0000000710400000| Untracked 
| 149|0x0000000710500000, 0x0000000710500000, 0x0000000710600000|  0%| F|  |TAMS 0x0000000710500000, 0x0000000710500000| Untracked 
| 150|0x0000000710600000, 0x0000000710600000, 0x0000000710700000|  0%| F|  |TAMS 0x0000000710600000, 0x0000000710600000| Untracked 
| 151|0x0000000710700000, 0x0000000710700000, 0x0000000710800000|  0%| F|  |TAMS 0x0000000710700000, 0x0000000710700000| Untracked 
| 152|0x0000000710800000, 0x0000000710800000, 0x0000000710900000|  0%| F|  |TAMS 0x0000000710800000, 0x0000000710800000| Untracked 
| 153|0x0000000710900000, 0x0000000710900000, 0x0000000710a00000|  0%| F|  |TAMS 0x0000000710900000, 0x0000000710900000| Untracked 
| 154|0x0000000710a00000, 0x0000000710a00000, 0x0000000710b00000|  0%| F|  |TAMS 0x0000000710a00000, 0x0000000710a00000| Untracked 
| 155|0x0000000710b00000, 0x0000000710b00000, 0x0000000710c00000|  0%| F|  |TAMS 0x0000000710b00000, 0x0000000710b00000| Untracked 
| 156|0x0000000710c00000, 0x0000000710c00000, 0x0000000710d00000|  0%| F|  |TAMS 0x0000000710c00000, 0x0000000710c00000| Untracked 
| 157|0x0000000710d00000, 0x0000000710d00000, 0x0000000710e00000|  0%| F|  |TAMS 0x0000000710d00000, 0x0000000710d00000| Untracked 
| 158|0x0000000710e00000, 0x0000000710e00000, 0x0000000710f00000|  0%| F|  |TAMS 0x0000000710e00000, 0x0000000710e00000| Untracked 
| 159|0x0000000710f00000, 0x0000000710f00000, 0x0000000711000000|  0%| F|  |TAMS 0x0000000710f00000, 0x0000000710f00000| Untracked 
| 160|0x0000000711000000, 0x0000000711000000, 0x0000000711100000|  0%| F|  |TAMS 0x0000000711000000, 0x0000000711000000| Untracked 
| 161|0x0000000711100000, 0x0000000711100000, 0x0000000711200000|  0%| F|  |TAMS 0x0000000711100000, 0x0000000711100000| Untracked 
| 162|0x0000000711200000, 0x0000000711200000, 0x0000000711300000|  0%| F|  |TAMS 0x0000000711200000, 0x0000000711200000| Untracked 
| 163|0x0000000711300000, 0x0000000711300000, 0x0000000711400000|  0%| F|  |TAMS 0x0000000711300000, 0x0000000711300000| Untracked 
| 164|0x0000000711400000, 0x0000000711400000, 0x0000000711500000|  0%| F|  |TAMS 0x0000000711400000, 0x0000000711400000| Untracked 
| 165|0x0000000711500000, 0x0000000711500000, 0x0000000711600000|  0%| F|  |TAMS 0x0000000711500000, 0x0000000711500000| Untracked 
| 166|0x0000000711600000, 0x0000000711600000, 0x0000000711700000|  0%| F|  |TAMS 0x0000000711600000, 0x0000000711600000| Untracked 
| 167|0x0000000711700000, 0x0000000711700000, 0x0000000711800000|  0%| F|  |TAMS 0x0000000711700000, 0x0000000711700000| Untracked 
| 168|0x0000000711800000, 0x0000000711800000, 0x0000000711900000|  0%| F|  |TAMS 0x0000000711800000, 0x0000000711800000| Untracked 
| 169|0x0000000711900000, 0x0000000711900000, 0x0000000711a00000|  0%| F|  |TAMS 0x0000000711900000, 0x0000000711900000| Untracked 
| 170|0x0000000711a00000, 0x0000000711a00000, 0x0000000711b00000|  0%| F|  |TAMS 0x0000000711a00000, 0x0000000711a00000| Untracked 
| 171|0x0000000711b00000, 0x0000000711b00000, 0x0000000711c00000|  0%| F|  |TAMS 0x0000000711b00000, 0x0000000711b00000| Untracked 
| 172|0x0000000711c00000, 0x0000000711c00000, 0x0000000711d00000|  0%| F|  |TAMS 0x0000000711c00000, 0x0000000711c00000| Untracked 
| 173|0x0000000711d00000, 0x0000000711d00000, 0x0000000711e00000|  0%| F|  |TAMS 0x0000000711d00000, 0x0000000711d00000| Untracked 
| 174|0x0000000711e00000, 0x0000000711e00000, 0x0000000711f00000|  0%| F|  |TAMS 0x0000000711e00000, 0x0000000711e00000| Untracked 
| 175|0x0000000711f00000, 0x0000000711f00000, 0x0000000712000000|  0%| F|  |TAMS 0x0000000711f00000, 0x0000000711f00000| Untracked 
| 176|0x0000000712000000, 0x0000000712000000, 0x0000000712100000|  0%| F|  |TAMS 0x0000000712000000, 0x0000000712000000| Untracked 
| 177|0x0000000712100000, 0x0000000712100000, 0x0000000712200000|  0%| F|  |TAMS 0x0000000712100000, 0x0000000712100000| Untracked 
| 178|0x0000000712200000, 0x0000000712200000, 0x0000000712300000|  0%| F|  |TAMS 0x0000000712200000, 0x0000000712200000| Untracked 
| 179|0x0000000712300000, 0x0000000712300000, 0x0000000712400000|  0%| F|  |TAMS 0x0000000712300000, 0x0000000712300000| Untracked 
| 180|0x0000000712400000, 0x0000000712400000, 0x0000000712500000|  0%| F|  |TAMS 0x0000000712400000, 0x0000000712400000| Untracked 
| 181|0x0000000712500000, 0x0000000712500000, 0x0000000712600000|  0%| F|  |TAMS 0x0000000712500000, 0x0000000712500000| Untracked 
| 182|0x0000000712600000, 0x0000000712600000, 0x0000000712700000|  0%| F|  |TAMS 0x0000000712600000, 0x0000000712600000| Untracked 
| 183|0x0000000712700000, 0x0000000712700000, 0x0000000712800000|  0%| F|  |TAMS 0x0000000712700000, 0x0000000712700000| Untracked 
| 184|0x0000000712800000, 0x0000000712800000, 0x0000000712900000|  0%| F|  |TAMS 0x0000000712800000, 0x0000000712800000| Untracked 
| 185|0x0000000712900000, 0x0000000712900000, 0x0000000712a00000|  0%| F|  |TAMS 0x0000000712900000, 0x0000000712900000| Untracked 
| 186|0x0000000712a00000, 0x0000000712a00000, 0x0000000712b00000|  0%| F|  |TAMS 0x0000000712a00000, 0x0000000712a00000| Untracked 
| 187|0x0000000712b00000, 0x0000000712b00000, 0x0000000712c00000|  0%| F|  |TAMS 0x0000000712b00000, 0x0000000712b00000| Untracked 
| 188|0x0000000712c00000, 0x0000000712c00000, 0x0000000712d00000|  0%| F|  |TAMS 0x0000000712c00000, 0x0000000712c00000| Untracked 
| 189|0x0000000712d00000, 0x0000000712d00000, 0x0000000712e00000|  0%| F|  |TAMS 0x0000000712d00000, 0x0000000712d00000| Untracked 
| 190|0x0000000712e00000, 0x0000000712e00000, 0x0000000712f00000|  0%| F|  |TAMS 0x0000000712e00000, 0x0000000712e00000| Untracked 
| 191|0x0000000712f00000, 0x0000000712f00000, 0x0000000713000000|  0%| F|  |TAMS 0x0000000712f00000, 0x0000000712f00000| Untracked 
| 192|0x0000000713000000, 0x0000000713000000, 0x0000000713100000|  0%| F|  |TAMS 0x0000000713000000, 0x0000000713000000| Untracked 
| 193|0x0000000713100000, 0x0000000713100000, 0x0000000713200000|  0%| F|  |TAMS 0x0000000713100000, 0x0000000713100000| Untracked 
| 194|0x0000000713200000, 0x0000000713200000, 0x0000000713300000|  0%| F|  |TAMS 0x0000000713200000, 0x0000000713200000| Untracked 
| 195|0x0000000713300000, 0x0000000713300000, 0x0000000713400000|  0%| F|  |TAMS 0x0000000713300000, 0x0000000713300000| Untracked 
| 196|0x0000000713400000, 0x0000000713400000, 0x0000000713500000|  0%| F|  |TAMS 0x0000000713400000, 0x0000000713400000| Untracked 
| 197|0x0000000713500000, 0x0000000713500000, 0x0000000713600000|  0%| F|  |TAMS 0x0000000713500000, 0x0000000713500000| Untracked 
| 198|0x0000000713600000, 0x0000000713600000, 0x0000000713700000|  0%| F|  |TAMS 0x0000000713600000, 0x0000000713600000| Untracked 
| 199|0x0000000713700000, 0x0000000713700000, 0x0000000713800000|  0%| F|  |TAMS 0x0000000713700000, 0x0000000713700000| Untracked 
| 200|0x0000000713800000, 0x0000000713800000, 0x0000000713900000|  0%| F|  |TAMS 0x0000000713800000, 0x0000000713800000| Untracked 
| 201|0x0000000713900000, 0x0000000713900000, 0x0000000713a00000|  0%| F|  |TAMS 0x0000000713900000, 0x0000000713900000| Untracked 
| 202|0x0000000713a00000, 0x0000000713a00000, 0x0000000713b00000|  0%| F|  |TAMS 0x0000000713a00000, 0x0000000713a00000| Untracked 
| 203|0x0000000713b00000, 0x0000000713b00000, 0x0000000713c00000|  0%| F|  |TAMS 0x0000000713b00000, 0x0000000713b00000| Untracked 
| 204|0x0000000713c00000, 0x0000000713c00000, 0x0000000713d00000|  0%| F|  |TAMS 0x0000000713c00000, 0x0000000713c00000| Untracked 
| 205|0x0000000713d00000, 0x0000000713d00000, 0x0000000713e00000|  0%| F|  |TAMS 0x0000000713d00000, 0x0000000713d00000| Untracked 
| 206|0x0000000713e00000, 0x0000000713e00000, 0x0000000713f00000|  0%| F|  |TAMS 0x0000000713e00000, 0x0000000713e00000| Untracked 
| 207|0x0000000713f00000, 0x0000000713f00000, 0x0000000714000000|  0%| F|  |TAMS 0x0000000713f00000, 0x0000000713f00000| Untracked 
| 208|0x0000000714000000, 0x0000000714000000, 0x0000000714100000|  0%| F|  |TAMS 0x0000000714000000, 0x0000000714000000| Untracked 
| 209|0x0000000714100000, 0x0000000714100000, 0x0000000714200000|  0%| F|  |TAMS 0x0000000714100000, 0x0000000714100000| Untracked 
| 210|0x0000000714200000, 0x0000000714200000, 0x0000000714300000|  0%| F|  |TAMS 0x0000000714200000, 0x0000000714200000| Untracked 
| 211|0x0000000714300000, 0x0000000714300000, 0x0000000714400000|  0%| F|  |TAMS 0x0000000714300000, 0x0000000714300000| Untracked 
| 212|0x0000000714400000, 0x0000000714400000, 0x0000000714500000|  0%| F|  |TAMS 0x0000000714400000, 0x0000000714400000| Untracked 
| 213|0x0000000714500000, 0x0000000714500000, 0x0000000714600000|  0%| F|  |TAMS 0x0000000714500000, 0x0000000714500000| Untracked 
| 214|0x0000000714600000, 0x0000000714600000, 0x0000000714700000|  0%| F|  |TAMS 0x0000000714600000, 0x0000000714600000| Untracked 
| 215|0x0000000714700000, 0x0000000714700000, 0x0000000714800000|  0%| F|  |TAMS 0x0000000714700000, 0x0000000714700000| Untracked 
| 216|0x0000000714800000, 0x0000000714800000, 0x0000000714900000|  0%| F|  |TAMS 0x0000000714800000, 0x0000000714800000| Untracked 
| 217|0x0000000714900000, 0x0000000714900000, 0x0000000714a00000|  0%| F|  |TAMS 0x0000000714900000, 0x0000000714900000| Untracked 
| 218|0x0000000714a00000, 0x0000000714a00000, 0x0000000714b00000|  0%| F|  |TAMS 0x0000000714a00000, 0x0000000714a00000| Untracked 
| 219|0x0000000714b00000, 0x0000000714b00000, 0x0000000714c00000|  0%| F|  |TAMS 0x0000000714b00000, 0x0000000714b00000| Untracked 
| 220|0x0000000714c00000, 0x0000000714c00000, 0x0000000714d00000|  0%| F|  |TAMS 0x0000000714c00000, 0x0000000714c00000| Untracked 
| 221|0x0000000714d00000, 0x0000000714d00000, 0x0000000714e00000|  0%| F|  |TAMS 0x0000000714d00000, 0x0000000714d00000| Untracked 
| 222|0x0000000714e00000, 0x0000000714e00000, 0x0000000714f00000|  0%| F|  |TAMS 0x0000000714e00000, 0x0000000714e00000| Untracked 
| 223|0x0000000714f00000, 0x0000000714f00000, 0x0000000715000000|  0%| F|  |TAMS 0x0000000714f00000, 0x0000000714f00000| Untracked 
| 224|0x0000000715000000, 0x0000000715000000, 0x0000000715100000|  0%| F|  |TAMS 0x0000000715000000, 0x0000000715000000| Untracked 
| 225|0x0000000715100000, 0x0000000715100000, 0x0000000715200000|  0%| F|  |TAMS 0x0000000715100000, 0x0000000715100000| Untracked 
| 226|0x0000000715200000, 0x0000000715200000, 0x0000000715300000|  0%| F|  |TAMS 0x0000000715200000, 0x0000000715200000| Untracked 
| 227|0x0000000715300000, 0x0000000715300000, 0x0000000715400000|  0%| F|  |TAMS 0x0000000715300000, 0x0000000715300000| Untracked 
| 228|0x0000000715400000, 0x0000000715400000, 0x0000000715500000|  0%| F|  |TAMS 0x0000000715400000, 0x0000000715400000| Untracked 
| 229|0x0000000715500000, 0x0000000715500000, 0x0000000715600000|  0%| F|  |TAMS 0x0000000715500000, 0x0000000715500000| Untracked 
| 230|0x0000000715600000, 0x0000000715600000, 0x0000000715700000|  0%| F|  |TAMS 0x0000000715600000, 0x0000000715600000| Untracked 
| 231|0x0000000715700000, 0x0000000715700000, 0x0000000715800000|  0%| F|  |TAMS 0x0000000715700000, 0x0000000715700000| Untracked 
| 232|0x0000000715800000, 0x0000000715800000, 0x0000000715900000|  0%| F|  |TAMS 0x0000000715800000, 0x0000000715800000| Untracked 
| 233|0x0000000715900000, 0x0000000715900000, 0x0000000715a00000|  0%| F|  |TAMS 0x0000000715900000, 0x0000000715900000| Untracked 
| 234|0x0000000715a00000, 0x0000000715a00000, 0x0000000715b00000|  0%| F|  |TAMS 0x0000000715a00000, 0x0000000715a00000| Untracked 
| 235|0x0000000715b00000, 0x0000000715b00000, 0x0000000715c00000|  0%| F|  |TAMS 0x0000000715b00000, 0x0000000715b00000| Untracked 
| 236|0x0000000715c00000, 0x0000000715c00000, 0x0000000715d00000|  0%| F|  |TAMS 0x0000000715c00000, 0x0000000715c00000| Untracked 
| 237|0x0000000715d00000, 0x0000000715d00000, 0x0000000715e00000|  0%| F|  |TAMS 0x0000000715d00000, 0x0000000715d00000| Untracked 
| 238|0x0000000715e00000, 0x0000000715e00000, 0x0000000715f00000|  0%| F|  |TAMS 0x0000000715e00000, 0x0000000715e00000| Untracked 
| 239|0x0000000715f00000, 0x0000000715f80800, 0x0000000716000000| 50%| E|  |TAMS 0x0000000715f00000, 0x0000000715f00000| Complete 
| 240|0x0000000716000000, 0x0000000716100000, 0x0000000716100000|100%| E|CS|TAMS 0x0000000716000000, 0x0000000716000000| Complete 
| 241|0x0000000716100000, 0x0000000716200000, 0x0000000716200000|100%| E|CS|TAMS 0x0000000716100000, 0x0000000716100000| Complete 
| 242|0x0000000716200000, 0x0000000716300000, 0x0000000716300000|100%| E|CS|TAMS 0x0000000716200000, 0x0000000716200000| Complete 
| 243|0x0000000716300000, 0x0000000716400000, 0x0000000716400000|100%| E|CS|TAMS 0x0000000716300000, 0x0000000716300000| Complete 
| 244|0x0000000716400000, 0x0000000716500000, 0x0000000716500000|100%| E|CS|TAMS 0x0000000716400000, 0x0000000716400000| Complete 
| 245|0x0000000716500000, 0x0000000716600000, 0x0000000716600000|100%| E|CS|TAMS 0x0000000716500000, 0x0000000716500000| Complete 
| 246|0x0000000716600000, 0x0000000716700000, 0x0000000716700000|100%| E|CS|TAMS 0x0000000716600000, 0x0000000716600000| Complete 
| 247|0x0000000716700000, 0x0000000716800000, 0x0000000716800000|100%| E|CS|TAMS 0x0000000716700000, 0x0000000716700000| Complete 
| 248|0x0000000716800000, 0x0000000716900000, 0x0000000716900000|100%| E|CS|TAMS 0x0000000716800000, 0x0000000716800000| Complete 
| 249|0x0000000716900000, 0x0000000716a00000, 0x0000000716a00000|100%| E|CS|TAMS 0x0000000716900000, 0x0000000716900000| Complete 
|2958|0x00000007bfe00000, 0x00000007bfe47000, 0x00000007bff00000| 27%|OA|  |TAMS 0x00000007bfe00000, 0x00000007bfe00000| Untracked 
|2959|0x00000007bff00000, 0x00000007bff6b000, 0x00000007c0000000| 41%|CA|  |TAMS 0x00000007bff00000, 0x00000007bff00000| Untracked 

Card table byte_map: [0x00007f3521dfa000,0x00007f35225c2000] _byte_map_base: 0x00007f351e5c2000

Marking Bits (Prev, Next): (CMBitMap*) 0x00007f351c07c668, (CMBitMap*) 0x00007f351c07c6a0
 Prev Bits: [0x00007f34fc1c0000, 0x00007f3500000000)
 Next Bits: [0x00007f34f8380000, 0x00007f34fc1c0000)

Polling page: 0x00007f35238a6000

Metaspace:

Usage:
  Non-class:     15,54 MB capacity,    14,54 MB ( 94%) used,  1001,27 KB (  6%) free+waste,    20,62 KB ( <1%) overhead. 
      Class:      2,11 MB capacity,     1,88 MB ( 89%) used,   227,23 KB ( 11%) free+waste,     9,00 KB ( <1%) overhead. 
       Both:     17,65 MB capacity,    16,42 MB ( 93%) used,     1,20 MB (  7%) free+waste,    29,62 KB ( <1%) overhead. 

Virtual space:
  Non-class space:       16,00 MB reserved,      15,75 MB ( 98%) committed 
      Class space:        1,00 GB reserved,       2,12 MB ( <1%) committed 
             Both:        1,02 GB reserved,      17,88 MB (  2%) committed 

Chunk freelists:
   Non-Class:  212,00 KB
       Class:  13,00 KB
        Both:  225,00 KB

MaxMetaspaceSize: unlimited
CompressedClassSpaceSize: 1,00 GB

CodeHeap 'non-profiled nmethods': size=120032Kb used=1862Kb max_used=1862Kb free=118169Kb
 bounds [0x00007f350c361000, 0x00007f350c5d1000, 0x00007f3513899000]
CodeHeap 'profiled nmethods': size=120028Kb used=7568Kb max_used=7568Kb free=112459Kb
 bounds [0x00007f3504e2a000, 0x00007f350559a000, 0x00007f350c361000]
CodeHeap 'non-nmethods': size=5700Kb used=1112Kb max_used=1147Kb free=4587Kb
 bounds [0x00007f3504899000, 0x00007f3504b09000, 0x00007f3504e2a000]
 total_blobs=4092 nmethods=3656 adapters=348
 compilation: enabled
              stopped_count=0, restarted_count=0
 full_count=0

Compilation events (20 events):
Event: 1,688 Thread 0x00007f351c1db000 nmethod 3675 0x00007f3504e36390 code [0x00007f3504e36540, 0x00007f3504e36670]
Event: 1,688 Thread 0x00007f351c1db000 3676       2       sun.nio.cs.StreamEncoder::implFlushBuffer (15 bytes)
Event: 1,688 Thread 0x00007f351c1db000 nmethod 3676 0x00007f3505589090 code [0x00007f3505589240, 0x00007f3505589380]
Event: 1,688 Thread 0x00007f351c1db000 3677       2       sun.nio.cs.StreamEncoder::writeBytes (132 bytes)
Event: 1,688 Thread 0x00007f351c1db000 nmethod 3677 0x00007f3505589490 code [0x00007f35055896c0, 0x00007f3505589b90]
Event: 1,688 Thread 0x00007f351c1db000 3678   !   2       java.io.PrintStream::write (69 bytes)
Event: 1,689 Thread 0x00007f351c1db000 nmethod 3678 0x00007f3505589e10 code [0x00007f350558a020, 0x00007f350558a4d0]
Event: 1,692 Thread 0x00007f34c8331800 nmethod 3434 0x00007f350c52ce90 code [0x00007f350c52d100, 0x00007f350c52e0a8]
Event: 1,692 Thread 0x00007f34c8331800 3665       4       java.lang.StringLatin1::replace (196 bytes)
Event: 1,700 Thread 0x00007f34c8331800 nmethod 3665 0x00007f350c52e990 code [0x00007f350c52eb40, 0x00007f350c52f078]
Event: 1,700 Thread 0x00007f34c8331800 3462   !   4       sun.nio.cs.ISO_8859_1$Decoder::decodeArrayLoop (263 bytes)
Event: 1,701 Thread 0x00007f351c1db000 3679       2       java.io.FilterOutputStream::<init> (21 bytes)
Event: 1,701 Thread 0x00007f351c1db000 nmethod 3679 0x00007f350558a790 code [0x00007f350558a940, 0x00007f350558ab90]
Event: 1,701 Thread 0x00007f351c1db000 3680       2       java.io.FileDescriptor$1::getAppend (5 bytes)
Event: 1,701 Thread 0x00007f351c1db000 nmethod 3680 0x00007f350558ac10 code [0x00007f350558adc0, 0x00007f350558aed0]
Event: 1,703 Thread 0x00007f351c1db000 3681   !   2       sun.nio.cs.StreamEncoder::write (78 bytes)
Event: 1,703 Thread 0x00007f351c1db000 nmethod 3681 0x00007f350558af90 code [0x00007f350558b1c0, 0x00007f350558b980]
Event: 1,704 Thread 0x00007f351c1db000 3682  s    2       java.io.BufferedOutputStream::write (67 bytes)
Event: 1,704 Thread 0x00007f351c1db000 nmethod 3682 0x00007f350558be90 code [0x00007f350558c080, 0x00007f350558c570]
Event: 1,704 Thread 0x00007f351c1db000 3683       2       java.io.FileOutputStream::write (20 bytes)

GC Heap History (4 events):
Event: 0,297 GC heap before
{Heap before GC invocations=0 (full 0):
 garbage-first heap   total 258048K, used 25288K [0x0000000707000000, 0x0000000800000000)
  region size 1024K, 24 young (24576K), 0 survivors (0K)
 Metaspace       used 5186K, capacity 7741K, committed 7936K, reserved 1056768K
  class space    used 642K, capacity 924K, committed 1024K, reserved 1048576K
}
Event: 0,305 GC heap after
{Heap after GC invocations=1 (full 0):
 garbage-first heap   total 258048K, used 3662K [0x0000000707000000, 0x0000000800000000)
  region size 1024K, 3 young (3072K), 3 survivors (3072K)
 Metaspace       used 5186K, capacity 7741K, committed 7936K, reserved 1056768K
  class space    used 642K, capacity 924K, committed 1024K, reserved 1048576K
}
Event: 1,587 GC heap before
{Heap before GC invocations=1 (full 0):
 garbage-first heap   total 258048K, used 154190K [0x0000000707000000, 0x0000000800000000)
  region size 1024K, 150 young (153600K), 3 survivors (3072K)
 Metaspace       used 15570K, capacity 16947K, committed 17408K, reserved 1064960K
  class space    used 1752K, capacity 1957K, committed 2048K, reserved 1048576K
}
Event: 1,598 GC heap after
{Heap after GC invocations=2 (full 0):
 garbage-first heap   total 258048K, used 11453K [0x0000000707000000, 0x0000000800000000)
  region size 1024K, 11 young (11264K), 11 survivors (11264K)
 Metaspace       used 15570K, capacity 16947K, committed 17408K, reserved 1064960K
  class space    used 1752K, capacity 1957K, committed 2048K, reserved 1048576K
}

Deoptimization events (20 events):
Event: 1,606 Thread 0x00007f351c016800 DEOPT PACKING pc=0x00007f35052c6020 sp=0x00007f35239dc3f0
Event: 1,606 Thread 0x00007f351c016800 DEOPT UNPACKING pc=0x00007f35048bf6ba sp=0x00007f35239db928 mode 0
Event: 1,607 Thread 0x00007f351c016800 Uncommon trap: trap_request=0xffffffde fr.pc=0x00007f350c3fab90 relative=0x00000000000002b0
Event: 1,607 Thread 0x00007f351c016800 Uncommon trap: reason=class_check action=maybe_recompile pc=0x00007f350c3fab90 method=java.lang.reflect.Executable.getAnnotation(Ljava/lang/Class;)Ljava/lang/annotation/Annotation; @ 19 c2
Event: 1,607 Thread 0x00007f351c016800 DEOPT PACKING pc=0x00007f350c3fab90 sp=0x00007f35239dcb80
Event: 1,607 Thread 0x00007f351c016800 DEOPT UNPACKING pc=0x00007f35048bf8a5 sp=0x00007f35239dcad8 mode 2
Event: 1,651 Thread 0x00007f351c016800 DEOPT PACKING pc=0x00007f3504f056cc sp=0x00007f35239da570
Event: 1,651 Thread 0x00007f351c016800 DEOPT UNPACKING pc=0x00007f35048bf6ba sp=0x00007f35239d9990 mode 0
Event: 1,654 Thread 0x00007f351c016800 Uncommon trap: trap_request=0xffffff4d fr.pc=0x00007f350c43f0e8 relative=0x0000000000000cc8
Event: 1,654 Thread 0x00007f351c016800 Uncommon trap: reason=unstable_if action=reinterpret pc=0x00007f350c43f0e8 method=com.google.inject.internal.MoreTypes.canonicalize(Ljava/lang/reflect/Type;)Ljava/lang/reflect/Type; @ 16 c2
Event: 1,654 Thread 0x00007f351c016800 DEOPT PACKING pc=0x00007f350c43f0e8 sp=0x00007f35239dd460
Event: 1,654 Thread 0x00007f351c016800 DEOPT UNPACKING pc=0x00007f35048bf8a5 sp=0x00007f35239dd400 mode 2
Event: 1,662 Thread 0x00007f351ce23800 Uncommon trap: trap_request=0xffffffde fr.pc=0x00007f350c393330 relative=0x0000000000001370
Event: 1,662 Thread 0x00007f351ce23800 Uncommon trap: reason=class_check action=maybe_recompile pc=0x00007f350c393330 method=jdk.internal.loader.URLClassPath.getLoader(I)Ljdk/internal/loader/URLClassPath$Loader; @ 88 c2
Event: 1,662 Thread 0x00007f351ce23800 DEOPT PACKING pc=0x00007f350c393330 sp=0x00007f34f0eedf60
Event: 1,662 Thread 0x00007f351ce23800 DEOPT UNPACKING pc=0x00007f35048bf8a5 sp=0x00007f34f0eedf60 mode 2
Event: 1,666 Thread 0x00007f351ce23800 DEOPT PACKING pc=0x00007f35052c6020 sp=0x00007f34f0ee7f20
Event: 1,666 Thread 0x00007f351ce23800 DEOPT UNPACKING pc=0x00007f35048bf6ba sp=0x00007f34f0ee7458 mode 0
Event: 1,691 Thread 0x00007f351ce23800 DEOPT PACKING pc=0x00007f35052c6020 sp=0x00007f34f0eebf50
Event: 1,691 Thread 0x00007f351ce23800 DEOPT UNPACKING pc=0x00007f35048bf6ba sp=0x00007f34f0eeb488 mode 0

Classes redefined (0 events):
No events

Internal exceptions (20 events):
Event: 0,075 Thread 0x00007f351c016800 Exception <a 'java/lang/NoClassDefFoundError'{0x000000071664dfd8}: org/fusesource/jansi/internal/CLibrary> (0x000000071664dfd8) thrown at [src/hotspot/share/classfile/systemDictionary.cpp, line 220]
Event: 0,075 Thread 0x00007f351c016800 Exception <a 'java/lang/NoClassDefFoundError'{0x000000071664e540}: org/fusesource/jansi/internal/CLibrary> (0x000000071664e540) thrown at [src/hotspot/share/oops/constantPool.cpp, line 775]
Event: 0,075 Thread 0x00007f351c016800 Exception <a 'java/lang/NoClassDefFoundError'{0x000000071665a4c8}: org/fusesource/jansi/internal/CLibrary> (0x000000071665a4c8) thrown at [src/hotspot/share/oops/constantPool.cpp, line 775]
Event: 0,075 Thread 0x00007f351c016800 Exception <a 'java/lang/NoClassDefFoundError'{0x000000071665a7e8}: org/fusesource/jansi/internal/CLibrary> (0x000000071665a7e8) thrown at [src/hotspot/share/oops/constantPool.cpp, line 775]
Event: 0,730 Thread 0x00007f351c016800 Exception <a 'java/lang/NoClassDefFoundError'{0x0000000713dbfbf8}: com/google/inject/servlet/ServletModuleTargetVisitor> (0x0000000713dbfbf8) thrown at [src/hotspot/share/classfile/systemDictionary.cpp, line 220]
Event: 0,730 Thread 0x00007f351c016800 Exception <a 'java/lang/NoClassDefFoundError'{0x0000000713dbfbf8}> (0x0000000713dbfbf8) thrown at [src/hotspot/share/prims/jvm.cpp, line 1309]
Event: 0,921 Thread 0x00007f351c016800 Implicit null exception at 0x00007f350c39b284 to 0x00007f350c39b784
Event: 0,921 Thread 0x00007f351c016800 Implicit null exception at 0x00007f350c382c84 to 0x00007f350c3831a8
Event: 1,227 Thread 0x00007f351c016800 Implicit null exception at 0x00007f350c3d3185 to 0x00007f350c3d3370
Event: 1,227 Thread 0x00007f351c016800 Implicit null exception at 0x00007f350c3e1aaf to 0x00007f350c3e1b2d
Event: 1,227 Thread 0x00007f351c016800 Implicit null exception at 0x00007f350c45d108 to 0x00007f350c45d19a
Event: 1,616 Thread 0x00007f351c016800 Exception <a 'java/lang/NoClassDefFoundError'{0x0000000716759168}: org/sonatype/aether/deployment/DeploymentException> (0x0000000716759168) thrown at [src/hotspot/share/classfile/systemDictionary.cpp, line 220]
Event: 1,617 Thread 0x00007f351c016800 Exception <a 'java/lang/NoClassDefFoundError'{0x0000000716766428}: org/sonatype/aether/resolution/ArtifactDescriptorException> (0x0000000716766428) thrown at [src/hotspot/share/classfile/systemDictionary.cpp, line 220]
Event: 1,617 Thread 0x00007f351c016800 Exception <a 'java/lang/NoClassDefFoundError'{0x000000071677bdb0}: org/sonatype/aether/artifact/Artifact> (0x000000071677bdb0) thrown at [src/hotspot/share/classfile/systemDictionary.cpp, line 220]
Event: 1,620 Thread 0x00007f351c016800 Exception <a 'java/lang/NoClassDefFoundError'{0x00000007167cd108}: org/sonatype/aether/installation/InstallationException> (0x00000007167cd108) thrown at [src/hotspot/share/classfile/systemDictionary.cpp, line 220]
Event: 1,625 Thread 0x00007f351c016800 Exception <a 'java/lang/NoClassDefFoundError'{0x000000071663a930}: org/sonatype/aether/resolution/ArtifactResolutionException> (0x000000071663a930) thrown at [src/hotspot/share/classfile/systemDictionary.cpp, line 220]
Event: 1,625 Thread 0x00007f351c016800 Exception <a 'java/lang/NoClassDefFoundError'{0x000000071664ab00}: org/sonatype/aether/collection/DependencyCollectionException> (0x000000071664ab00) thrown at [src/hotspot/share/classfile/systemDictionary.cpp, line 220]
Event: 1,630 Thread 0x00007f351c016800 Exception <a 'java/lang/NoClassDefFoundError'{0x00000007166b6e20}: org/sonatype/aether/artifact/Artifact> (0x00000007166b6e20) thrown at [src/hotspot/share/classfile/systemDictionary.cpp, line 220]
Event: 1,675 Thread 0x00007f351ce23800 Exception <a 'java/lang/NoSuchMethodError'{0x00000007162fb660}: 'void java.lang.invoke.DirectMethodHandle$Holder.invokeStaticInit(java.lang.Object, java.lang.Object)'> (0x00000007162fb660) thrown at [src/hotspot/share/interpreter/linkResolver.cpp, line 773]
Event: 1,675 Thread 0x00007f351ce23800 Exception <a 'java/lang/NoSuchMethodError'{0x00000007162fe8b8}: 'void java.lang.invoke.Invokers$Holder.invoke_MT(java.lang.Object, java.lang.Object, java.lang.Object)'> (0x00000007162fe8b8) thrown at [src/hotspot/share/interpreter/linkResolver.cpp, line 773]

Events (20 events):
Event: 1,702 loading class java/io/FileOutputStream$1
Event: 1,702 loading class java/io/FileOutputStream$1 done
Event: 1,702 loading class java/io/DeleteOnExitHook
Event: 1,702 loading class java/io/DeleteOnExitHook done
Event: 1,702 loading class java/io/DeleteOnExitHook$1
Event: 1,702 loading class java/io/DeleteOnExitHook$1 done
Event: 1,702 Executing VM operation: RevokeBias
Event: 1,702 Executing VM operation: RevokeBias done
Event: 1,703 loading class org/rdfhdt/hdt/util/listener/IntermediateListener
Event: 1,703 loading class org/rdfhdt/hdt/util/listener/IntermediateListener done
Event: 1,703 loading class org/rdfhdt/hdt/compact/sequence/SequenceLog64
Event: 1,703 loading class org/rdfhdt/hdt/compact/sequence/SequenceLog64 done
Event: 1,703 loading class org/rdfhdt/hdt/compact/sequence/DynamicSequence
Event: 1,703 loading class org/rdfhdt/hdt/compact/sequence/DynamicSequence done
Event: 1,703 loading class org/rdfhdt/hdt/compact/sequence/Sequence
Event: 1,703 loading class org/rdfhdt/hdt/compact/sequence/Sequence done
Event: 1,703 loading class org/rdfhdt/hdt/util/crc/CRCOutputStream
Event: 1,703 loading class org/rdfhdt/hdt/util/crc/CRCOutputStream done
Event: 1,704 loading class org/rdfhdt/hdt/util/BitUtil
Event: 1,704 loading class org/rdfhdt/hdt/util/BitUtil done


Dynamic libraries:
707000000-716a00000 rw-p 00000000 00:00 0 
716a00000-7bfe00000 ---p 00000000 00:00 0 
7bfe00000-7bfe47000 rw-p 01111000 08:03 13372920                         /usr/lib/jvm/java-11-openjdk-amd64/lib/server/classes.jsa
7bfe47000-7bff00000 rw-p 00000000 00:00 0 
7bff00000-7bff6b000 rw-p 010a6000 08:03 13372920                         /usr/lib/jvm/java-11-openjdk-amd64/lib/server/classes.jsa
7bff6b000-7c0000000 rw-p 00000000 00:00 0 
7c0000000-800000000 ---p 00000000 00:00 0 
800000000-800002000 rwxp 00001000 08:03 13372920                         /usr/lib/jvm/java-11-openjdk-amd64/lib/server/classes.jsa
800002000-8003b9000 rw-p 00003000 08:03 13372920                         /usr/lib/jvm/java-11-openjdk-amd64/lib/server/classes.jsa
8003b9000-800a96000 r--p 003ba000 08:03 13372920                         /usr/lib/jvm/java-11-openjdk-amd64/lib/server/classes.jsa
800a96000-800a97000 rw-p 00a97000 08:03 13372920                         /usr/lib/jvm/java-11-openjdk-amd64/lib/server/classes.jsa
800a97000-8010a5000 r--p 00a98000 08:03 13372920                         /usr/lib/jvm/java-11-openjdk-amd64/lib/server/classes.jsa
840000000-840220000 rw-p 00000000 00:00 0 
840220000-880000000 ---p 00000000 00:00 0 
555f42f6f000-555f42f70000 r--p 00000000 08:03 12589641                   /usr/lib/jvm/java-11-openjdk-amd64/bin/java
555f42f70000-555f42f71000 r-xp 00001000 08:03 12589641                   /usr/lib/jvm/java-11-openjdk-amd64/bin/java
555f42f71000-555f42f72000 r--p 00002000 08:03 12589641                   /usr/lib/jvm/java-11-openjdk-amd64/bin/java
555f42f72000-555f42f73000 r--p 00002000 08:03 12589641                   /usr/lib/jvm/java-11-openjdk-amd64/bin/java
555f42f73000-555f42f74000 rw-p 00003000 08:03 12589641                   /usr/lib/jvm/java-11-openjdk-amd64/bin/java
555f42fcb000-555f42fec000 rw-p 00000000 00:00 0                          [heap]
7f3498000000-7f34986a2000 rw-p 00000000 00:00 0 
7f34986a2000-7f349c000000 ---p 00000000 00:00 0 
7f349ce25000-7f34a0000000 rw-p 00000000 00:00 0 
7f34a0000000-7f34a0021000 rw-p 00000000 00:00 0 
7f34a0021000-7f34a4000000 ---p 00000000 00:00 0 
7f34a4000000-7f34a4021000 rw-p 00000000 00:00 0 
7f34a4021000-7f34a8000000 ---p 00000000 00:00 0 
7f34a8000000-7f34a8021000 rw-p 00000000 00:00 0 
7f34a8021000-7f34ac000000 ---p 00000000 00:00 0 
7f34ac000000-7f34ac021000 rw-p 00000000 00:00 0 
7f34ac021000-7f34b0000000 ---p 00000000 00:00 0 
7f34b0000000-7f34b0d00000 rw-p 00000000 00:00 0 
7f34b0d00000-7f34b4000000 ---p 00000000 00:00 0 
7f34b4000000-7f34b4021000 rw-p 00000000 00:00 0 
7f34b4021000-7f34b8000000 ---p 00000000 00:00 0 
7f34b8000000-7f34b8021000 rw-p 00000000 00:00 0 
7f34b8021000-7f34bc000000 ---p 00000000 00:00 0 
7f34bc000000-7f34bcaf6000 rw-p 00000000 00:00 0 
7f34bcaf6000-7f34c0000000 ---p 00000000 00:00 0 
7f34c0000000-7f34c0021000 rw-p 00000000 00:00 0 
7f34c0021000-7f34c4000000 ---p 00000000 00:00 0 
7f34c4000000-7f34c4021000 rw-p 00000000 00:00 0 
7f34c4021000-7f34c8000000 ---p 00000000 00:00 0 
7f34c8000000-7f34c8967000 rw-p 00000000 00:00 0 
7f34c8967000-7f34cc000000 ---p 00000000 00:00 0 
7f34cc000000-7f34cc021000 rw-p 00000000 00:00 0 
7f34cc021000-7f34d0000000 ---p 00000000 00:00 0 
7f34d0000000-7f34d0021000 rw-p 00000000 00:00 0 
7f34d0021000-7f34d4000000 ---p 00000000 00:00 0 
7f34d4000000-7f34d52b2000 rw-p 00000000 00:00 0 
7f34d52b2000-7f34d8000000 ---p 00000000 00:00 0 
7f34d8000000-7f34d8021000 rw-p 00000000 00:00 0 
7f34d8021000-7f34dc000000 ---p 00000000 00:00 0 
7f34dc000000-7f34dc021000 rw-p 00000000 00:00 0 
7f34dc021000-7f34e0000000 ---p 00000000 00:00 0 
7f34e0000000-7f34e0021000 rw-p 00000000 00:00 0 
7f34e0021000-7f34e4000000 ---p 00000000 00:00 0 
7f34e4000000-7f34e4021000 rw-p 00000000 00:00 0 
7f34e4021000-7f34e8000000 ---p 00000000 00:00 0 
7f34e8000000-7f34e8021000 rw-p 00000000 00:00 0 
7f34e8021000-7f34ec000000 ---p 00000000 00:00 0 
7f34ec000000-7f34ec021000 rw-p 00000000 00:00 0 
7f34ec021000-7f34f0000000 ---p 00000000 00:00 0 
7f34f01f8000-7f34f0df0000 rw-p 00000000 00:00 0 
7f34f0df0000-7f34f0df4000 ---p 00000000 00:00 0 
7f34f0df4000-7f34f10b1000 rw-p 00000000 00:00 0 
7f34f10b1000-7f34f10f1000 ---p 00000000 00:00 0 
7f34f10f1000-7f34f12f1000 rw-p 00000000 00:00 0 
7f34f12f1000-7f34f14f1000 rw-p 00000000 00:00 0 
7f34f14f1000-7f34f16f1000 rw-p 00000000 00:00 0 
7f34f16f1000-7f34f16f2000 ---p 00000000 00:00 0 
7f34f16f2000-7f34f17f3000 rw-p 00000000 00:00 0 
7f34f17f3000-7f34f17f4000 ---p 00000000 00:00 0 
7f34f17f4000-7f34f18f5000 rw-p 00000000 00:00 0 
7f34f18f5000-7f34f18f6000 ---p 00000000 00:00 0 
7f34f18f6000-7f34f19f7000 rw-p 00000000 00:00 0 
7f34f19f7000-7f34f19f8000 ---p 00000000 00:00 0 
7f34f19f8000-7f34f1af9000 rw-p 00000000 00:00 0 
7f34f1af9000-7f34f1afa000 ---p 00000000 00:00 0 
7f34f1afa000-7f34f1bfb000 rw-p 00000000 00:00 0 
7f34f1bfb000-7f34f1bff000 ---p 00000000 00:00 0 
7f34f1bff000-7f34f1cfc000 rw-p 00000000 00:00 0 
7f34f1cfc000-7f34f1d00000 ---p 00000000 00:00 0 
7f34f1d00000-7f34f1dfd000 rw-p 00000000 00:00 0 
7f34f1dfd000-7f34f1e01000 ---p 00000000 00:00 0 
7f34f1e01000-7f34f1efe000 rw-p 00000000 00:00 0 
7f34f1efe000-7f34f1eff000 ---p 00000000 00:00 0 
7f34f1eff000-7f34f4000000 rw-p 00000000 00:00 0 
7f34f4000000-7f34f4021000 rw-p 00000000 00:00 0 
7f34f4021000-7f34f8000000 ---p 00000000 00:00 0 
7f34f801b000-7f34f8021000 r--p 00000000 08:03 12616458                   /usr/lib/libk2triples.so
7f34f8021000-7f34f8046000 r-xp 00006000 08:03 12616458                   /usr/lib/libk2triples.so
7f34f8046000-7f34f8049000 r--p 0002b000 08:03 12616458                   /usr/lib/libk2triples.so
7f34f8049000-7f34f804a000 ---p 0002e000 08:03 12616458                   /usr/lib/libk2triples.so
7f34f804a000-7f34f804b000 r--p 0002e000 08:03 12616458                   /usr/lib/libk2triples.so
7f34f804b000-7f34f804c000 rw-p 0002f000 08:03 12616458                   /usr/lib/libk2triples.so
7f34f804c000-7f34f807d000 rw-p 00000000 00:00 0 
7f34f807d000-7f34f8081000 ---p 00000000 00:00 0 
7f34f8081000-7f34f817e000 rw-p 00000000 00:00 0 
7f34f817e000-7f34f8182000 ---p 00000000 00:00 0 
7f34f8182000-7f34f827f000 rw-p 00000000 00:00 0 
7f34f827f000-7f34f8283000 ---p 00000000 00:00 0 
7f34f8283000-7f34f8768000 rw-p 00000000 00:00 0 
7f34f8768000-7f34fb1b8000 ---p 00000000 00:00 0 
7f34fb1b8000-7f34fb1c0000 rw-p 00000000 00:00 0 
7f34fb1c0000-7f34fc1c0000 ---p 00000000 00:00 0 
7f34fc1c0000-7f34fc5a8000 rw-p 00000000 00:00 0 
7f34fc5a8000-7f34feff8000 ---p 00000000 00:00 0 
7f34feff8000-7f34ff000000 rw-p 00000000 00:00 0 
7f34ff000000-7f3500000000 ---p 00000000 00:00 0 
7f3500000000-7f3500021000 rw-p 00000000 00:00 0 
7f3500021000-7f3504000000 ---p 00000000 00:00 0 
7f350402d000-7f3504031000 ---p 00000000 00:00 0 
7f3504031000-7f350412e000 rw-p 00000000 00:00 0 
7f350412e000-7f3504132000 ---p 00000000 00:00 0 
7f3504132000-7f350422f000 rw-p 00000000 00:00 0 
7f350422f000-7f3504514000 r--p 00000000 08:03 12583282                   /usr/lib/locale/locale-archive
7f3504514000-7f3504518000 ---p 00000000 00:00 0 
7f3504518000-7f3504615000 rw-p 00000000 00:00 0 
7f3504615000-7f3504619000 ---p 00000000 00:00 0 
7f3504619000-7f3504716000 rw-p 00000000 00:00 0 
7f3504716000-7f3504717000 ---p 00000000 00:00 0 
7f3504717000-7f3504899000 rw-p 00000000 00:00 0 
7f3504899000-7f3504b09000 rwxp 00000000 00:00 0 
7f3504b09000-7f3504e2a000 ---p 00000000 00:00 0 
7f3504e2a000-7f350559a000 rwxp 00000000 00:00 0 
7f350559a000-7f350c361000 ---p 00000000 00:00 0 
7f350c361000-7f350c5d1000 rwxp 00000000 00:00 0 
7f350c5d1000-7f3513899000 ---p 00000000 00:00 0 
7f3513899000-7f351c000000 r--s 00000000 08:03 12716375                   /usr/lib/jvm/java-11-openjdk-amd64/lib/modules
7f351c000000-7f351ce2d000 rw-p 00000000 00:00 0 
7f351ce2d000-7f3520000000 ---p 00000000 00:00 0 
7f3520026000-7f3520029000 r--p 00000000 08:03 12587494                   /usr/lib/libjnidictionary.so
7f3520029000-7f352002c000 r-xp 00003000 08:03 12587494                   /usr/lib/libjnidictionary.so
7f352002c000-7f352002d000 r--p 00006000 08:03 12587494                   /usr/lib/libjnidictionary.so
7f352002d000-7f352002e000 ---p 00007000 08:03 12587494                   /usr/lib/libjnidictionary.so
7f352002e000-7f352002f000 r--p 00007000 08:03 12587494                   /usr/lib/libjnidictionary.so
7f352002f000-7f3520030000 rw-p 00008000 08:03 12587494                   /usr/lib/libjnidictionary.so
7f3520030000-7f3520034000 r--p 00000000 08:03 12716365                   /usr/lib/jvm/java-11-openjdk-amd64/lib/libnet.so
7f3520034000-7f3520043000 r-xp 00004000 08:03 12716365                   /usr/lib/jvm/java-11-openjdk-amd64/lib/libnet.so
7f3520043000-7f3520047000 r--p 00013000 08:03 12716365                   /usr/lib/jvm/java-11-openjdk-amd64/lib/libnet.so
7f3520047000-7f3520048000 r--p 00016000 08:03 12716365                   /usr/lib/jvm/java-11-openjdk-amd64/lib/libnet.so
7f3520048000-7f3520049000 rw-p 00017000 08:03 12716365                   /usr/lib/jvm/java-11-openjdk-amd64/lib/libnet.so
7f3520049000-7f3520050000 r--p 00000000 08:03 12716366                   /usr/lib/jvm/java-11-openjdk-amd64/lib/libnio.so
7f3520050000-7f3520057000 r-xp 00007000 08:03 12716366                   /usr/lib/jvm/java-11-openjdk-amd64/lib/libnio.so
7f3520057000-7f352005a000 r--p 0000e000 08:03 12716366                   /usr/lib/jvm/java-11-openjdk-amd64/lib/libnio.so
7f352005a000-7f352005b000 r--p 00010000 08:03 12716366                   /usr/lib/jvm/java-11-openjdk-amd64/lib/libnio.so
7f352005b000-7f352005c000 rw-p 00011000 08:03 12716366                   /usr/lib/jvm/java-11-openjdk-amd64/lib/libnio.so
7f352005c000-7f35208df000 rw-p 00000000 00:00 0 
7f35208df000-7f3520921000 rw-p 00000000 00:00 0 
7f3520921000-7f3520922000 ---p 00000000 00:00 0 
7f3520922000-7f3520a23000 rw-p 00000000 00:00 0 
7f3520a23000-7f3520a24000 ---p 00000000 00:00 0 
7f3520a24000-7f352132d000 rw-p 00000000 00:00 0 
7f352132d000-7f352132e000 ---p 00000000 00:00 0 
7f352132e000-7f352142f000 rw-p 00000000 00:00 0 
7f352142f000-7f3521430000 ---p 00000000 00:00 0 
7f3521430000-7f35216af000 rw-p 00000000 00:00 0 
7f35216af000-7f3521bf9000 ---p 00000000 00:00 0 
7f3521bf9000-7f3521bfa000 rw-p 00000000 00:00 0 
7f3521bfa000-7f3521dfa000 ---p 00000000 00:00 0 
7f3521dfa000-7f3521e77000 rw-p 00000000 00:00 0 
7f3521e77000-7f35223c1000 ---p 00000000 00:00 0 
7f35223c1000-7f35223c2000 rw-p 00000000 00:00 0 
7f35223c2000-7f35225c2000 ---p 00000000 00:00 0 
7f35225c2000-7f352263f000 rw-p 00000000 00:00 0 
7f352263f000-7f3522b89000 ---p 00000000 00:00 0 
7f3522b89000-7f3522b8a000 rw-p 00000000 00:00 0 
7f3522b8a000-7f3522d8a000 ---p 00000000 00:00 0 
7f3522d8a000-7f3523592000 rw-p 00000000 00:00 0 
7f3523592000-7f3523593000 ---p 00000000 00:00 0 
7f3523593000-7f3523699000 rw-p 00000000 00:00 0 
7f3523699000-7f352377f000 ---p 00000000 00:00 0 
7f352377f000-7f352378e000 rw-p 00000000 00:00 0 
7f352378e000-7f352386a000 ---p 00000000 00:00 0 
7f352386a000-7f352386f000 rw-p 00000000 00:00 0 
7f352386f000-7f3523876000 ---p 00000000 00:00 0 
7f3523876000-7f3523879000 r--p 00000000 08:03 12583561                   /usr/lib/x86_64-linux-gnu/libnss_files-2.28.so
7f3523879000-7f3523880000 r-xp 00003000 08:03 12583561                   /usr/lib/x86_64-linux-gnu/libnss_files-2.28.so
7f3523880000-7f3523882000 r--p 0000a000 08:03 12583561                   /usr/lib/x86_64-linux-gnu/libnss_files-2.28.so
7f3523882000-7f3523883000 ---p 0000c000 08:03 12583561                   /usr/lib/x86_64-linux-gnu/libnss_files-2.28.so
7f3523883000-7f3523884000 r--p 0000c000 08:03 12583561                   /usr/lib/x86_64-linux-gnu/libnss_files-2.28.so
7f3523884000-7f3523885000 rw-p 0000d000 08:03 12583561                   /usr/lib/x86_64-linux-gnu/libnss_files-2.28.so
7f3523885000-7f352388b000 rw-p 00000000 00:00 0 
7f3523892000-7f3523894000 r--s 00007000 08:03 13112440                   /usr/share/java/java-atk-wrapper.jar
7f3523894000-7f3523896000 r--p 00000000 08:03 12716374                   /usr/lib/jvm/java-11-openjdk-amd64/lib/libzip.so
7f3523896000-7f352389a000 r-xp 00002000 08:03 12716374                   /usr/lib/jvm/java-11-openjdk-amd64/lib/libzip.so
7f352389a000-7f352389c000 r--p 00006000 08:03 12716374                   /usr/lib/jvm/java-11-openjdk-amd64/lib/libzip.so
7f352389c000-7f352389d000 r--p 00007000 08:03 12716374                   /usr/lib/jvm/java-11-openjdk-amd64/lib/libzip.so
7f352389d000-7f352389e000 rw-p 00008000 08:03 12716374                   /usr/lib/jvm/java-11-openjdk-amd64/lib/libzip.so
7f352389e000-7f35238a6000 rw-s 00000000 08:03 1971466                    /tmp/hsperfdata_dramos/6396
7f35238a6000-7f35238a7000 ---p 00000000 00:00 0 
7f35238a7000-7f35238a8000 r--p 00000000 00:00 0 
7f35238a8000-7f35238b6000 r--p 00000000 08:03 12716353                   /usr/lib/jvm/java-11-openjdk-amd64/lib/libjava.so
7f35238b6000-7f35238cb000 r-xp 0000e000 08:03 12716353                   /usr/lib/jvm/java-11-openjdk-amd64/lib/libjava.so
7f35238cb000-7f35238d2000 r--p 00023000 08:03 12716353                   /usr/lib/jvm/java-11-openjdk-amd64/lib/libjava.so
7f35238d2000-7f35238d3000 r--p 00029000 08:03 12716353                   /usr/lib/jvm/java-11-openjdk-amd64/lib/libjava.so
7f35238d3000-7f35238d4000 rw-p 0002a000 08:03 12716353                   /usr/lib/jvm/java-11-openjdk-amd64/lib/libjava.so
7f35238d4000-7f35238d5000 rw-p 00000000 00:00 0 
7f35238d5000-7f35238d7000 r--p 00000000 08:03 12583569                   /usr/lib/x86_64-linux-gnu/librt-2.28.so
7f35238d7000-7f35238db000 r-xp 00002000 08:03 12583569                   /usr/lib/x86_64-linux-gnu/librt-2.28.so
7f35238db000-7f35238dd000 r--p 00006000 08:03 12583569                   /usr/lib/x86_64-linux-gnu/librt-2.28.so
7f35238dd000-7f35238de000 r--p 00007000 08:03 12583569                   /usr/lib/x86_64-linux-gnu/librt-2.28.so
7f35238de000-7f35238df000 rw-p 00008000 08:03 12583569                   /usr/lib/x86_64-linux-gnu/librt-2.28.so
7f35238df000-7f35238e3000 ---p 00000000 00:00 0 
7f35238e3000-7f35239e0000 rw-p 00000000 00:00 0 
7f35239e0000-7f35239e3000 r--p 00000000 08:03 12582933                   /usr/lib/x86_64-linux-gnu/libgcc_s.so.1
7f35239e3000-7f35239f4000 r-xp 00003000 08:03 12582933                   /usr/lib/x86_64-linux-gnu/libgcc_s.so.1
7f35239f4000-7f35239f7000 r--p 00014000 08:03 12582933                   /usr/lib/x86_64-linux-gnu/libgcc_s.so.1
7f35239f7000-7f35239f8000 ---p 00017000 08:03 12582933                   /usr/lib/x86_64-linux-gnu/libgcc_s.so.1
7f35239f8000-7f35239f9000 r--p 00017000 08:03 12582933                   /usr/lib/x86_64-linux-gnu/libgcc_s.so.1
7f35239f9000-7f35239fa000 rw-p 00018000 08:03 12582933                   /usr/lib/x86_64-linux-gnu/libgcc_s.so.1
7f35239fa000-7f3523a07000 r--p 00000000 08:03 12583552                   /usr/lib/x86_64-linux-gnu/libm-2.28.so
7f3523a07000-7f3523aa6000 r-xp 0000d000 08:03 12583552                   /usr/lib/x86_64-linux-gnu/libm-2.28.so
7f3523aa6000-7f3523b7b000 r--p 000ac000 08:03 12583552                   /usr/lib/x86_64-linux-gnu/libm-2.28.so
7f3523b7b000-7f3523b7c000 r--p 00180000 08:03 12583552                   /usr/lib/x86_64-linux-gnu/libm-2.28.so
7f3523b7c000-7f3523b7d000 rw-p 00181000 08:03 12583552                   /usr/lib/x86_64-linux-gnu/libm-2.28.so
7f3523b7d000-7f3523c06000 r--p 00000000 08:03 12583199                   /usr/lib/x86_64-linux-gnu/libstdc++.so.6.0.25
7f3523c06000-7f3523cb2000 r-xp 00089000 08:03 12583199                   /usr/lib/x86_64-linux-gnu/libstdc++.so.6.0.25
7f3523cb2000-7f3523cf0000 r--p 00135000 08:03 12583199                   /usr/lib/x86_64-linux-gnu/libstdc++.so.6.0.25
7f3523cf0000-7f3523cf1000 ---p 00173000 08:03 12583199                   /usr/lib/x86_64-linux-gnu/libstdc++.so.6.0.25
7f3523cf1000-7f3523cfb000 r--p 00173000 08:03 12583199                   /usr/lib/x86_64-linux-gnu/libstdc++.so.6.0.25
7f3523cfb000-7f3523cfd000 rw-p 0017d000 08:03 12583199                   /usr/lib/x86_64-linux-gnu/libstdc++.so.6.0.25
7f3523cfd000-7f3523d01000 rw-p 00000000 00:00 0 
7f3523d01000-7f3523f7a000 r--p 00000000 08:03 13371065                   /usr/lib/jvm/java-11-openjdk-amd64/lib/server/libjvm.so
7f3523f7a000-7f3524b8b000 r-xp 00279000 08:03 13371065                   /usr/lib/jvm/java-11-openjdk-amd64/lib/server/libjvm.so
7f3524b8b000-7f3524de2000 r--p 00e8a000 08:03 13371065                   /usr/lib/jvm/java-11-openjdk-amd64/lib/server/libjvm.so
7f3524de2000-7f3524ea3000 r--p 010e0000 08:03 13371065                   /usr/lib/jvm/java-11-openjdk-amd64/lib/server/libjvm.so
7f3524ea3000-7f3524ede000 rw-p 011a1000 08:03 13371065                   /usr/lib/jvm/java-11-openjdk-amd64/lib/server/libjvm.so
7f3524ede000-7f3524f37000 rw-p 00000000 00:00 0 
7f3524f37000-7f3524f59000 r--p 00000000 08:03 12583549                   /usr/lib/x86_64-linux-gnu/libc-2.28.so
7f3524f59000-7f35250a1000 r-xp 00022000 08:03 12583549                   /usr/lib/x86_64-linux-gnu/libc-2.28.so
7f35250a1000-7f35250ed000 r--p 0016a000 08:03 12583549                   /usr/lib/x86_64-linux-gnu/libc-2.28.so
7f35250ed000-7f35250ee000 ---p 001b6000 08:03 12583549                   /usr/lib/x86_64-linux-gnu/libc-2.28.so
7f35250ee000-7f35250f2000 r--p 001b6000 08:03 12583549                   /usr/lib/x86_64-linux-gnu/libc-2.28.so
7f35250f2000-7f35250f4000 rw-p 001ba000 08:03 12583549                   /usr/lib/x86_64-linux-gnu/libc-2.28.so
7f35250f4000-7f35250f8000 rw-p 00000000 00:00 0 
7f35250f8000-7f35250f9000 r--p 00000000 08:03 12583551                   /usr/lib/x86_64-linux-gnu/libdl-2.28.so
7f35250f9000-7f35250fa000 r-xp 00001000 08:03 12583551                   /usr/lib/x86_64-linux-gnu/libdl-2.28.so
7f35250fa000-7f35250fb000 r--p 00002000 08:03 12583551                   /usr/lib/x86_64-linux-gnu/libdl-2.28.so
7f35250fb000-7f35250fc000 r--p 00002000 08:03 12583551                   /usr/lib/x86_64-linux-gnu/libdl-2.28.so
7f35250fc000-7f35250fd000 rw-p 00003000 08:03 12583551                   /usr/lib/x86_64-linux-gnu/libdl-2.28.so
7f35250fd000-7f3525100000 r--p 00000000 08:03 13371060                   /usr/lib/jvm/java-11-openjdk-amd64/lib/jli/libjli.so
7f3525100000-7f352510a000 r-xp 00003000 08:03 13371060                   /usr/lib/jvm/java-11-openjdk-amd64/lib/jli/libjli.so
7f352510a000-7f352510d000 r--p 0000d000 08:03 13371060                   /usr/lib/jvm/java-11-openjdk-amd64/lib/jli/libjli.so
7f352510d000-7f352510e000 ---p 00010000 08:03 13371060                   /usr/lib/jvm/java-11-openjdk-amd64/lib/jli/libjli.so
7f352510e000-7f352510f000 r--p 00010000 08:03 13371060                   /usr/lib/jvm/java-11-openjdk-amd64/lib/jli/libjli.so
7f352510f000-7f3525110000 rw-p 00011000 08:03 13371060                   /usr/lib/jvm/java-11-openjdk-amd64/lib/jli/libjli.so
7f3525110000-7f3525116000 r--p 00000000 08:03 12583567                   /usr/lib/x86_64-linux-gnu/libpthread-2.28.so
7f3525116000-7f3525125000 r-xp 00006000 08:03 12583567                   /usr/lib/x86_64-linux-gnu/libpthread-2.28.so
7f3525125000-7f352512b000 r--p 00015000 08:03 12583567                   /usr/lib/x86_64-linux-gnu/libpthread-2.28.so
7f352512b000-7f352512c000 r--p 0001a000 08:03 12583567                   /usr/lib/x86_64-linux-gnu/libpthread-2.28.so
7f352512c000-7f352512d000 rw-p 0001b000 08:03 12583567                   /usr/lib/x86_64-linux-gnu/libpthread-2.28.so
7f352512d000-7f3525131000 rw-p 00000000 00:00 0 
7f3525131000-7f352514d000 r-xp 00000000 08:03 12585259                   /usr/lib/x86_64-linux-gnu/libz.so.1.2.11
7f352514d000-7f352534d000 ---p 0001c000 08:03 12585259                   /usr/lib/x86_64-linux-gnu/libz.so.1.2.11
7f352534d000-7f352534e000 r--p 0001c000 08:03 12585259                   /usr/lib/x86_64-linux-gnu/libz.so.1.2.11
7f352534e000-7f352534f000 rw-p 0001d000 08:03 12585259                   /usr/lib/x86_64-linux-gnu/libz.so.1.2.11
7f352534f000-7f3525351000 rw-p 00000000 00:00 0 
7f3525352000-7f3525354000 r--p 00000000 08:03 12716357                   /usr/lib/jvm/java-11-openjdk-amd64/lib/libjimage.so
7f3525354000-7f3525357000 r-xp 00002000 08:03 12716357                   /usr/lib/jvm/java-11-openjdk-amd64/lib/libjimage.so
7f3525357000-7f3525359000 r--p 00005000 08:03 12716357                   /usr/lib/jvm/java-11-openjdk-amd64/lib/libjimage.so
7f3525359000-7f352535a000 r--p 00006000 08:03 12716357                   /usr/lib/jvm/java-11-openjdk-amd64/lib/libjimage.so
7f352535a000-7f352535b000 rw-p 00007000 08:03 12716357                   /usr/lib/jvm/java-11-openjdk-amd64/lib/libjimage.so
7f352535b000-7f3525360000 r--p 00000000 08:03 12716373                   /usr/lib/jvm/java-11-openjdk-amd64/lib/libverify.so
7f3525360000-7f3525367000 r-xp 00005000 08:03 12716373                   /usr/lib/jvm/java-11-openjdk-amd64/lib/libverify.so
7f3525367000-7f3525369000 r--p 0000c000 08:03 12716373                   /usr/lib/jvm/java-11-openjdk-amd64/lib/libverify.so
7f3525369000-7f352536b000 r--p 0000d000 08:03 12716373                   /usr/lib/jvm/java-11-openjdk-amd64/lib/libverify.so
7f352536b000-7f352536c000 rw-p 0000f000 08:03 12716373                   /usr/lib/jvm/java-11-openjdk-amd64/lib/libverify.so
7f352536c000-7f352536d000 r--p 00000000 08:03 12582935                   /usr/lib/x86_64-linux-gnu/ld-2.28.so
7f352536d000-7f352538b000 r-xp 00001000 08:03 12582935                   /usr/lib/x86_64-linux-gnu/ld-2.28.so
7f352538b000-7f3525393000 r--p 0001f000 08:03 12582935                   /usr/lib/x86_64-linux-gnu/ld-2.28.so
7f3525393000-7f3525394000 r--p 00026000 08:03 12582935                   /usr/lib/x86_64-linux-gnu/ld-2.28.so
7f3525394000-7f3525395000 rw-p 00027000 08:03 12582935                   /usr/lib/x86_64-linux-gnu/ld-2.28.so
7f3525395000-7f3525396000 rw-p 00000000 00:00 0 
7ffd81c30000-7ffd81c51000 rw-p 00000000 00:00 0                          [stack]
7ffd81d1e000-7ffd81d21000 r--p 00000000 00:00 0                          [vvar]
7ffd81d21000-7ffd81d23000 r-xp 00000000 00:00 0                          [vdso]


VM Arguments:
jvm_args: -Dclassworlds.conf=/usr/share/maven/bin/m2.conf -Dmaven.home=/usr/share/maven -Dlibrary.jansi.path=/usr/share/maven/lib/jansi-native -Dmaven.multiModuleProjectDirectory=/home/dramos/TFM/git/hdt-jni/hdt-java-cli 
java_command: org.codehaus.plexus.classworlds.launcher.Launcher exec:java -Dexec.mainClass=org.rdfhdt.hdt.tools.RDF2HDT -Dexec.args=../hdt-java-core/data/test.nt ../hdt-java-core/data/test.hdt
java_class_path (initial): /usr/share/maven/boot/plexus-classworlds-2.x.jar
Launcher Type: SUN_STANDARD

[Global flags]
     intx CICompilerCount                          = 4                                         {product} {ergonomic}
     uint ConcGCThreads                            = 2                                         {product} {ergonomic}
     uint G1ConcRefinementThreads                  = 8                                         {product} {ergonomic}
   size_t G1HeapRegionSize                         = 1048576                                   {product} {ergonomic}
    uintx GCDrainStackTargetSize                   = 64                                        {product} {ergonomic}
   size_t InitialHeapSize                          = 262144000                                 {product} {ergonomic}
   size_t MarkStackSize                            = 4194304                                   {product} {ergonomic}
   size_t MaxHeapSize                              = 4177526784                                {product} {ergonomic}
   size_t MaxNewSize                               = 2506096640                                {product} {ergonomic}
   size_t MinHeapDeltaBytes                        = 1048576                                   {product} {ergonomic}
    uintx NonNMethodCodeHeapSize                   = 5836300                                {pd product} {ergonomic}
    uintx NonProfiledCodeHeapSize                  = 122910970                              {pd product} {ergonomic}
    uintx ProfiledCodeHeapSize                     = 122910970                              {pd product} {ergonomic}
    uintx ReservedCodeCacheSize                    = 251658240                              {pd product} {ergonomic}
     bool SegmentedCodeCache                       = true                                      {product} {ergonomic}
     bool UseCompressedClassPointers               = true                                 {lp64_product} {ergonomic}
     bool UseCompressedOops                        = true                                 {lp64_product} {ergonomic}
     bool UseG1GC                                  = true                                      {product} {ergonomic}

Logging:
Log output configuration:
 #0: stdout all=warning uptime,level,tags
 #1: stderr all=off uptime,level,tags

Environment Variables:
JAVA_HOME=/usr/lib/jvm/java-1.11.0-openjdk-amd64
PATH=/snap/bin:/usr/lib/jvm/java-1.11.0-openjdk-amd64/bin:/usr/local/bin:/usr/bin:/bin:/usr/local/games:/usr/games
SHELL=/bin/bash
DISPLAY=:0
LANG=es_ES.UTF-8

Signal Handlers:
SIGSEGV: [libjvm.so+0xe170c0], sa_mask[0]=11111111011111111101111111111110, sa_flags=SA_RESTART|SA_SIGINFO
SIGBUS: [libjvm.so+0xe170c0], sa_mask[0]=11111111011111111101111111111110, sa_flags=SA_RESTART|SA_SIGINFO
SIGFPE: [libjvm.so+0xe170c0], sa_mask[0]=11111111011111111101111111111110, sa_flags=SA_RESTART|SA_SIGINFO
SIGPIPE: [libjvm.so+0xb6c750], sa_mask[0]=11111111011111111101111111111110, sa_flags=SA_RESTART|SA_SIGINFO
SIGXFSZ: [libjvm.so+0xb6c750], sa_mask[0]=11111111011111111101111111111110, sa_flags=SA_RESTART|SA_SIGINFO
SIGILL: [libjvm.so+0xe170c0], sa_mask[0]=11111111011111111101111111111110, sa_flags=SA_RESTART|SA_SIGINFO
SIGUSR2: [libjvm.so+0xb6c5e0], sa_mask[0]=00000000000000000000000000000000, sa_flags=SA_RESTART|SA_SIGINFO
SIGHUP: [libjvm.so+0xb6ca90], sa_mask[0]=11111111011111111101111111111110, sa_flags=SA_RESTART|SA_SIGINFO
SIGINT: [libjvm.so+0xb6ca90], sa_mask[0]=11111111011111111101111111111110, sa_flags=SA_RESTART|SA_SIGINFO
SIGTERM: [libjvm.so+0xb6ca90], sa_mask[0]=11111111011111111101111111111110, sa_flags=SA_RESTART|SA_SIGINFO
SIGQUIT: [libjvm.so+0xb6ca90], sa_mask[0]=11111111011111111101111111111110, sa_flags=SA_RESTART|SA_SIGINFO


---------------  S Y S T E M  ---------------

OS:PRETTY_NAME="Debian GNU/Linux 10 (buster)"
NAME="Debian GNU/Linux"
VERSION_ID="10"
VERSION="10 (buster)"
VERSION_CODENAME=buster
ID=debian
HOME_URL="https://www.debian.org/"
SUPPORT_URL="https://www.debian.org/support"
BUG_REPORT_URL="https://bugs.debian.org/"
uname:Linux 4.19.0-16-amd64 #1 SMP Debian 4.19.181-1 (2021-03-19) x86_64
OS uptime: 2 days 1:10 hours
libc:glibc 2.28 NPTL 2.28 
rlimit (soft/hard): STACK 8192k/infinity , CORE 0k/infinity , NPROC 63525/63525 , NOFILE 1048576/1048576 , AS infinity/infinity , CPU infinity/infinity , DATA infinity/infinity , FSIZE infinity/infinity , MEMLOCK 65536k/65536k
load average:2,93 2,32 1,87

/proc/meminfo:
MemTotal:       16317872 kB
MemFree:         2067460 kB
MemAvailable:    6891556 kB
Buffers:          615404 kB
Cached:          4629108 kB
SwapCached:            0 kB
Active:         10456696 kB
Inactive:        3020520 kB
Active(anon):    8261028 kB
Inactive(anon):   394272 kB
Active(file):    2195668 kB
Inactive(file):  2626248 kB
Unevictable:         288 kB
Mlocked:             288 kB
SwapTotal:      10239996 kB
SwapFree:       10239996 kB
Dirty:              4444 kB
Writeback:             0 kB
AnonPages:       8015984 kB
Mapped:          1223000 kB
Shmem:            424492 kB
Slab:             481304 kB
SReclaimable:     334996 kB
SUnreclaim:       146308 kB
KernelStack:       27952 kB
PageTables:        69168 kB
NFS_Unstable:          0 kB
Bounce:                0 kB
WritebackTmp:          0 kB
CommitLimit:    18398932 kB
Committed_AS:   18951728 kB
VmallocTotal:   34359738367 kB
VmallocUsed:           0 kB
VmallocChunk:          0 kB
Percpu:             3552 kB
HardwareCorrupted:     0 kB
AnonHugePages:   2658304 kB
ShmemHugePages:        0 kB
ShmemPmdMapped:        0 kB
HugePages_Total:       0
HugePages_Free:        0
HugePages_Rsvd:        0
HugePages_Surp:        0
Hugepagesize:       2048 kB
Hugetlb:               0 kB
DirectMap4k:      505448 kB
DirectMap2M:    11970560 kB
DirectMap1G:     4194304 kB

/sys/kernel/mm/transparent_hugepage/enabled:
[always] madvise never
/sys/kernel/mm/transparent_hugepage/defrag (defrag/compaction efforts parameter):
always defer defer+madvise [madvise] never

/proc/sys/kernel/threads-max (system-wide limit on the number of threads):
127051
/proc/sys/vm/max_map_count (maximum number of memory map areas a process may have):
65530
/proc/sys/kernel/pid_max (system-wide limit on number of process identifiers):
32768

container (cgroup) information:
container_type: cgroupv1
cpu_cpuset_cpus: 0-7
cpu_memory_nodes: 0
active_processor_count: 8
cpu_quota: -1
cpu_period: 100000
cpu_shares: -1
memory_limit_in_bytes: -1
memory_and_swap_limit_in_bytes: -2
memory_soft_limit_in_bytes: -1
memory_usage_in_bytes: 4019081216
memory_max_usage_in_bytes: 4126281728

Steal ticks since vm start: 0
Steal ticks percentage since vm start:  0,000

CPU:total 8 (initial active 8) (4 cores per cpu, 2 threads per core) family 6 model 158 stepping 9, cmov, cx8, fxsr, mmx, sse, sse2, sse3, ssse3, sse4.1, sse4.2, popcnt, avx, avx2, aes, clmul, erms, rtm, 3dnowpref, lzcnt, ht, tsc, tscinvbit, bmi1, bmi2, adx, fma
CPU Model and flags from /proc/cpuinfo:
model name	: Intel(R) Core(TM) i7-7700 CPU @ 3.60GHz
flags		: fpu vme de pse tsc msr pae mce cx8 apic sep mtrr pge mca cmov pat pse36 clflush dts acpi mmx fxsr sse sse2 ss ht tm pbe syscall nx pdpe1gb rdtscp lm constant_tsc art arch_perfmon pebs bts rep_good nopl xtopology nonstop_tsc cpuid aperfmperf tsc_known_freq pni pclmulqdq dtes64 monitor ds_cpl vmx smx est tm2 ssse3 sdbg fma cx16 xtpr pdcm pcid sse4_1 sse4_2 x2apic movbe popcnt tsc_deadline_timer aes xsave avx f16c rdrand lahf_lm abm 3dnowprefetch cpuid_fault epb invpcid_single pti ssbd ibrs ibpb stibp tpr_shadow vnmi flexpriority ept vpid ept_ad fsgsbase tsc_adjust bmi1 hle avx2 smep bmi2 erms invpcid rtm mpx rdseed adx smap clflushopt intel_pt xsaveopt xsavec xgetbv1 xsaves dtherm ida arat pln pts hwp hwp_notify hwp_act_window hwp_epp md_clear flush_l1d
Online cpus:
0-7
Offline cpus:

BIOS frequency limitation:
<Not Available>
Frequency switch latency (ns):
0
Available cpu frequencies:
<Not Available>
Current governor:
powersave
Core performance/turbo boost:
<Not Available>

Memory: 4k page, physical 16317872k(2067208k free), swap 10239996k(10239996k free)

vm_info: OpenJDK 64-Bit Server VM (11.0.9.1+1-post-Debian-1deb10u2) for linux-amd64 JRE (11.0.9.1+1-post-Debian-1deb10u2), built on Nov 28 2020 17:42:37 by "unknown" with gcc 8.3.0

END.
