#
# A fatal error has been detected by the Java Runtime Environment:
#
#  SIGBUS (0x7) at pc=0x00007feb7c006fda, pid=11999, tid=12046
#
# JRE version: OpenJDK Runtime Environment (11.0.11+9) (build 11.0.11+9-post-Debian-1deb10u1)
# Java VM: OpenJDK 64-Bit Server VM (11.0.11+9-post-Debian-1deb10u1, mixed mode, sharing, tiered, compressed oops, g1 gc, linux-amd64)
# Problematic frame:
# 
[error occurred during error reporting (printing problematic frame), id 0xb, SIGSEGV (0xb) at pc=0x00007feb9b9add87]

# No core dump will be written. Core dumps have been disabled. To enable core dumping, try "ulimit -c unlimited" before starting Java again
#
# If you would like to submit a bug report, please visit:
#   https://bugs.debian.org/openjdk-11
# The crash happened outside the Java Virtual Machine in native code.
# See problematic frame for where to report the bug.
#

---------------  S U M M A R Y ------------

Command Line: -Dclassworlds.conf=/usr/share/maven/bin/m2.conf -Dmaven.home=/usr/share/maven -Dlibrary.jansi.path=/usr/share/maven/lib/jansi-native -Dmaven.multiModuleProjectDirectory=/home/dramos/TFM/git/hdt-jni/hdt-java-cli org.codehaus.plexus.classworlds.launcher.Launcher exec:java -Dexec.mainClass=org.rdfhdt.hdt.tools.RDF2HDT -Dexec.args=../hdt-java-core/data/test.nt ../hdt-java-core/data/test.hdt

Host: Intel(R) Core(TM) i7-7700 CPU @ 3.60GHz, 8 cores, 15G, Debian GNU/Linux 10 (buster)
Time: Thu Apr 29 12:00:00 2021 CEST elapsed time: 33.270428 seconds (0d 0h 0m 33s)

---------------  T H R E A D  ---------------

Current thread (0x00007feb94d46000):  JavaThread "org.rdfhdt.hdt.tools.RDF2HDT.main()" [_thread_in_native, id=12046, stack(0x00007feb176ff000,0x00007feb17800000)]

Stack: [0x00007feb176ff000,0x00007feb17800000],  sp=0x00007feb177fe050,  free space=1020k
Native frames: (J=compiled Java code, A=aot compiled Java code, j=interpreted, Vv=VM code, C=native code)

[error occurred during error reporting (printing native stack), id 0xb, SIGSEGV (0xb) at pc=0x00007feb9b9add87]

Java frames: (J=compiled Java code, j=interpreted, Vv=VM code)
j  org.rdfhdt.hdt.dictionary.impl.section.JNIDictionarySection._createJNIDictionary([BI)V+0
j  org.rdfhdt.hdt.dictionary.impl.section.JNIDictionarySection.load(Ljava/util/Iterator;JLorg/rdfhdt/hdt/listener/ProgressListener;)V+138
j  org.rdfhdt.hdt.dictionary.impl.section.JNIDictionarySection.load(Lorg/rdfhdt/hdt/dictionary/TempDictionarySection;Lorg/rdfhdt/hdt/listener/ProgressListener;)V+49
j  org.rdfhdt.hdt.dictionary.impl.JNIDictionary.load(Lorg/rdfhdt/hdt/dictionary/TempDictionary;Lorg/rdfhdt/hdt/listener/ProgressListener;)V+40
j  org.rdfhdt.hdt.hdt.impl.HDTImpl.loadFromModifiableHDT(Lorg/rdfhdt/hdt/hdt/TempHDT;Lorg/rdfhdt/hdt/listener/ProgressListener;)V+104
j  org.rdfhdt.hdt.hdt.HDTManagerImpl.doGenerateHDT(Ljava/lang/String;Ljava/lang/String;Lorg/rdfhdt/hdt/enums/RDFNotation;Lorg/rdfhdt/hdt/options/HDTOptions;Lorg/rdfhdt/hdt/listener/ProgressListener;)Lorg/rdfhdt/hdt/hdt/HDT;+99
j  org.rdfhdt.hdt.hdt.HDTManager.generateHDT(Ljava/lang/String;Ljava/lang/String;Lorg/rdfhdt/hdt/enums/RDFNotation;Lorg/rdfhdt/hdt/options/HDTOptions;Lorg/rdfhdt/hdt/listener/ProgressListener;)Lorg/rdfhdt/hdt/hdt/HDT;+9
j  org.rdfhdt.hdt.tools.RDF2HDT.execute()V+187
j  org.rdfhdt.hdt.tools.RDF2HDT.main([Ljava/lang/String;)V+184
j  java.lang.invoke.LambdaForm$DMH.invokeStaticInit(Ljava/lang/Object;Ljava/lang/Object;)V+10 java.base@11.0.11
j  java.lang.invoke.LambdaForm$MH.invoke_MT(Ljava/lang/Object;Ljava/lang/Object;Ljava/lang/Object;)V+18 java.base@11.0.11
j  org.codehaus.mojo.exec.ExecJavaMojo$1.run()V+85
j  java.lang.Thread.run()V+11 java.base@11.0.11
v  ~StubRoutines::call_stub

siginfo: si_signo: 7 (SIGBUS), si_code: 2 (BUS_ADRERR), si_addr: 0x00007feb7c006fda

Register to memory mapping:

RAX=0x0 is NULL
RBX=0x0 is NULL
RCX=0x00007feb100008d0 points into unknown readable memory: 0x0002010100000001 | 01 00 00 00 01 01 02 00
RDX=0x0 is NULL
RSP=0x00007feb177fe050 is pointing into the stack for thread: 0x00007feb94d46000
RBP=0x0 is NULL
RSI=0x0000000000000001 is an unknown value
RDI=0x0 is NULL
R8 =0x000000000000000f is an unknown value
R9 =0x00007feb10173b50 points into unknown readable memory: 0x0000000000000000 | 00 00 00 00 00 00 00 00
R10=0x0 is NULL
R11=0x00007feb9a545290: _ZdaPv+0x0000000000000000 in /lib/x86_64-linux-gnu/libstdc++.so.6 at 0x00007feb9a4b4000
R12=0x00007feb10173ad0 points into unknown readable memory: 0x00007feb7c00acd8 | d8 ac 00 7c eb 7f 00 00
R13=0x0 is NULL
R14=0x00007feb10173b50 points into unknown readable memory: 0x0000000000000000 | 00 00 00 00 00 00 00 00
R15=0x00007feb10173b90 points into unknown readable memory: 0x0000000000000000 | 00 00 00 00 00 00 00 00


Registers:
RAX=0x0000000000000000, RBX=0x0000000000000000, RCX=0x00007feb100008d0, RDX=0x0000000000000000
RSP=0x00007feb177fe050, RBP=0x0000000000000000, RSI=0x0000000000000001, RDI=0x0000000000000000
R8 =0x000000000000000f, R9 =0x00007feb10173b50, R10=0x0000000000000000, R11=0x00007feb9a545290
R12=0x00007feb10173ad0, R13=0x0000000000000000, R14=0x00007feb10173b50, R15=0x00007feb10173b90
RIP=0x00007feb7c006fda, EFLAGS=0x0000000000010206, CSGSFS=0x002b000000000033, ERR=0x0000000000000014
  TRAPNO=0x000000000000000e

Top of Stack: (sp=0x00007feb177fe050)
0x00007feb177fe050:   0000003100000005 00007feb10173a50
0x00007feb177fe060:   0000000000000000 00007feb10173a90
0x00007feb177fe070:   000000000000007c 00007feb177fe09c
0x00007feb177fe080:   00007feb177fe0a0 00007feb10173af8 

Instructions: (pc=0x00007feb7c006fda)
0x00007feb7c006eda:   24 24 48 89 07 48 c7 47 10 00 00 00 00 c7 47 18
0x00007feb7c006eea:   00 00 00 00 83 fa 01 0f 86 fd 02 00 00 41 89 54
0x00007feb7c006efa:   24 20 8b 5c 24 24 c7 44 24 4c 00 00 00 00 41 c7
0x00007feb7c006f0a:   44 24 1c 00 00 00 00 49 c7 44 24 28 00 00 00 00
0x00007feb7c006f1a:   c1 e3 0f 48 89 df e8 0b e1 ff ff 66 0f ef c0 49
0x00007feb7c006f2a:   8d 54 24 28 31 f6 49 89 44 24 30 48 8d 44 24 50
0x00007feb7c006f3a:   48 89 c7 0f 29 44 24 50 48 c7 44 24 60 00 00 00
0x00007feb7c006f4a:   00 48 89 54 24 38 48 89 44 24 30 e8 86 e3 ff ff
0x00007feb7c006f5a:   48 8d 44 24 4c 45 31 ed 48 c7 44 24 10 00 00 00
0x00007feb7c006f6a:   00 48 89 44 24 28 4c 8b 74 24 18 49 8b 06 4c 89
0x00007feb7c006f7a:   f7 ff 10 4c 89 f7 49 8b 16 84 c0 0f 84 bd 01 00
0x00007feb7c006f8a:   00 48 8b 74 24 28 ff 52 08 48 89 44 24 08 8b 44
0x00007feb7c006f9a:   24 4c 41 39 44 24 18 77 08 8d 50 01 41 89 54 24
0x00007feb7c006faa:   18 49 8b 4c 24 28 01 c0 48 01 c8 48 39 c3 0f 83
0x00007feb7c006fba:   12 02 00 00 66 90 48 8d 2c 1b 48 89 ef e8 64 e0
0x00007feb7c006fca:   ff ff 4d 8b 74 24 30 48 89 da 48 89 c7 49 89 c7
0x00007feb7c006fda:   4c 89 f6 e8 4e e1 ff ff 4c 89 f7 e8 26 e2 ff ff
0x00007feb7c006fea:   89 d8 48 39 eb 73 17 0f 1f 80 00 00 00 00 41 c6
0x00007feb7c006ffa:   04 1f 00 8d 58 01 48 89 d8 48 39 dd 77 f0 8b 44
0x00007feb7c00700a:   24 4c 49 8b 4c 24 28 4d 89 7c 24 30 48 89 eb 01
0x00007feb7c00701a:   c0 48 01 c8 48 39 e8 77 9d 8b 74 24 24 49 8b 44
0x00007feb7c00702a:   24 10 31 d2 48 f7 f6 48 85 d2 75 7a 48 8b 74 24
0x00007feb7c00703a:   58 48 3b 74 24 60 0f 84 9a 01 00 00 48 89 0e 48
0x00007feb7c00704a:   83 c6 08 48 89 74 24 58 41 83 44 24 1c 01 48 8b
0x00007feb7c00705a:   74 24 08 49 8b 7c 24 28 49 03 7c 24 30 e8 f4 e0
0x00007feb7c00706a:   ff ff 8b 44 24 4c 49 03 44 24 28 49 89 44 24 28
0x00007feb7c00707a:   49 8b 54 24 30 48 89 eb c6 04 02 00 48 8b 44 24
0x00007feb7c00708a:   08 49 83 44 24 28 01 44 8b 6c 24 4c 49 83 44 24
0x00007feb7c00709a:   10 01 48 89 44 24 10 e9 ca fe ff ff 66 2e 0f 1f
0x00007feb7c0070aa:   84 00 00 00 00 00 45 85 ed 74 42 4c 8b 44 24 08
0x00007feb7c0070ba:   48 8b 7c 24 10 41 0f b6 00 38 07 0f 85 bc 01 00
0x00007feb7c0070ca:   00 41 8d 75 ff b8 01 00 00 00 48 83 c6 01 eb 15 


Stack slot to memory mapping:
stack at sp + 0 slots: 0x0000003100000005 is an unknown value
stack at sp + 1 slots: 0x00007feb10173a50 points into unknown readable memory: 0x652f2f3a70747468 | 68 74 74 70 3a 2f 2f 65
stack at sp + 2 slots: 0x0 is NULL
stack at sp + 3 slots: 0x00007feb10173a90 points into unknown readable memory: 0x00007feb7c00abe8 | e8 ab 00 7c eb 7f 00 00
stack at sp + 4 slots: 0x000000000000007c is an unknown value
stack at sp + 5 slots: 0x00007feb177fe09c is pointing into the stack for thread: 0x00007feb94d46000
stack at sp + 6 slots: 0x00007feb177fe0a0 is pointing into the stack for thread: 0x00007feb94d46000
stack at sp + 7 slots: 0x00007feb10173af8 points into unknown readable memory: 0x0000000000000000 | 00 00 00 00 00 00 00 00


---------------  P R O C E S S  ---------------

Threads class SMR info:
_java_thread_list=0x00007feb342d0560, length=10, elements={
0x00007feb94016800, 0x00007feb941cf000, 0x00007feb941d1000, 0x00007feb941d7000,
0x00007feb941d9000, 0x00007feb941db000, 0x00007feb941dd000, 0x00007feb941df000,
0x00007feb94232800, 0x00007feb94d46000
}

Java Threads: ( => current thread )
  0x00007feb94016800 JavaThread "main" [_thread_blocked, id=12023, stack(0x00007feb9a216000,0x00007feb9a317000)]
  0x00007feb941cf000 JavaThread "Reference Handler" daemon [_thread_blocked, id=12030, stack(0x00007feb69277000,0x00007feb69378000)]
  0x00007feb941d1000 JavaThread "Finalizer" daemon [_thread_blocked, id=12031, stack(0x00007feb69176000,0x00007feb69277000)]
  0x00007feb941d7000 JavaThread "Signal Dispatcher" daemon [_thread_blocked, id=12032, stack(0x00007feb68d90000,0x00007feb68e91000)]
  0x00007feb941d9000 JavaThread "Service Thread" daemon [_thread_blocked, id=12033, stack(0x00007feb68c8f000,0x00007feb68d90000)]
  0x00007feb941db000 JavaThread "C2 CompilerThread0" daemon [_thread_blocked, id=12034, stack(0x00007feb68b8e000,0x00007feb68c8f000)]
  0x00007feb941dd000 JavaThread "C1 CompilerThread0" daemon [_thread_blocked, id=12035, stack(0x00007feb68a8d000,0x00007feb68b8e000)]
  0x00007feb941df000 JavaThread "Sweeper thread" daemon [_thread_blocked, id=12036, stack(0x00007feb6898c000,0x00007feb68a8d000)]
  0x00007feb94232800 JavaThread "Common-Cleaner" daemon [_thread_blocked, id=12038, stack(0x00007feb68789000,0x00007feb6888a000)]
=>0x00007feb94d46000 JavaThread "org.rdfhdt.hdt.tools.RDF2HDT.main()" [_thread_in_native, id=12046, stack(0x00007feb176ff000,0x00007feb17800000)]

Other Threads:
  0x00007feb941cc800 VMThread "VM Thread" [stack: 0x00007feb6937a000,0x00007feb6947a000] [id=12029]
  0x00007feb9422f800 WatcherThread [stack: 0x00007feb6888c000,0x00007feb6898c000] [id=12037]
  0x00007feb9402e800 GCTaskThread "GC Thread#0" [stack: 0x00007feb99ecb000,0x00007feb99fcb000] [id=12024]
  0x00007feb5c001000 GCTaskThread "GC Thread#1" [stack: 0x00007feb68487000,0x00007feb68587000] [id=12041]
  0x00007feb5c002800 GCTaskThread "GC Thread#2" [stack: 0x00007feb68385000,0x00007feb68485000] [id=12042]
  0x00007feb5c004000 GCTaskThread "GC Thread#3" [stack: 0x00007feb68283000,0x00007feb68383000] [id=12043]
  0x00007feb5c006000 GCTaskThread "GC Thread#4" [stack: 0x00007feb68181000,0x00007feb68281000] [id=12044]
  0x00007feb5c007800 GCTaskThread "GC Thread#5" [stack: 0x00007feb6807f000,0x00007feb6817f000] [id=12045]
  0x00007feb9408d000 ConcurrentGCThread "G1 Main Marker" [stack: 0x00007feb98530000,0x00007feb98630000] [id=12025]
  0x00007feb9408f000 ConcurrentGCThread "G1 Conc#0" [stack: 0x00007feb9842e000,0x00007feb9852e000] [id=12026]
  0x00007feb9418e800 ConcurrentGCThread "G1 Refine#0" [stack: 0x00007feb69dff000,0x00007feb69eff000] [id=12027]
  0x00007feb94190800 ConcurrentGCThread "G1 Young RemSet Sampling" [stack: 0x00007feb69cfd000,0x00007feb69dfd000] [id=12028]

Threads with active compile tasks:

VM state:not at safepoint (normal execution)

VM Mutex/Monitor currently owned by a thread: None

Heap address: 0x0000000707000000, size: 3984 MB, Compressed Oops mode: Zero based, Oop shift amount: 3
Narrow klass base: 0x0000000800000000, Narrow klass shift: 3
Compressed class space size: 1073741824 Address: 0x0000000840000000

Heap:
 garbage-first heap   total 258048K, used 21787K [0x0000000707000000, 0x0000000800000000)
  region size 1024K, 22 young (22528K), 11 survivors (11264K)
 Metaspace       used 16775K, capacity 18075K, committed 18304K, reserved 1064960K
  class space    used 1925K, capacity 2163K, committed 2176K, reserved 1048576K
Heap Regions: E=young(eden), S=young(survivor), O=old, HS=humongous(starts), HC=humongous(continues), CS=collection set, F=free, A=archive, TAMS=top-at-mark-start (previous, next)
|   0|0x0000000707000000, 0x0000000707000000, 0x0000000707100000|  0%| F|  |TAMS 0x0000000707000000, 0x0000000707000000| Untracked 
|   1|0x0000000707100000, 0x0000000707100000, 0x0000000707200000|  0%| F|  |TAMS 0x0000000707100000, 0x0000000707100000| Untracked 
|   2|0x0000000707200000, 0x0000000707200000, 0x0000000707300000|  0%| F|  |TAMS 0x0000000707200000, 0x0000000707200000| Untracked 
|   3|0x0000000707300000, 0x0000000707300000, 0x0000000707400000|  0%| F|  |TAMS 0x0000000707300000, 0x0000000707300000| Untracked 
|   4|0x0000000707400000, 0x0000000707400000, 0x0000000707500000|  0%| F|  |TAMS 0x0000000707400000, 0x0000000707400000| Untracked 
|   5|0x0000000707500000, 0x0000000707500000, 0x0000000707600000|  0%| F|  |TAMS 0x0000000707500000, 0x0000000707500000| Untracked 
|   6|0x0000000707600000, 0x0000000707600000, 0x0000000707700000|  0%| F|  |TAMS 0x0000000707600000, 0x0000000707600000| Untracked 
|   7|0x0000000707700000, 0x0000000707700000, 0x0000000707800000|  0%| F|  |TAMS 0x0000000707700000, 0x0000000707700000| Untracked 
|   8|0x0000000707800000, 0x0000000707800000, 0x0000000707900000|  0%| F|  |TAMS 0x0000000707800000, 0x0000000707800000| Untracked 
|   9|0x0000000707900000, 0x0000000707900000, 0x0000000707a00000|  0%| F|  |TAMS 0x0000000707900000, 0x0000000707900000| Untracked 
|  10|0x0000000707a00000, 0x0000000707a00000, 0x0000000707b00000|  0%| F|  |TAMS 0x0000000707a00000, 0x0000000707a00000| Untracked 
|  11|0x0000000707b00000, 0x0000000707b00000, 0x0000000707c00000|  0%| F|  |TAMS 0x0000000707b00000, 0x0000000707b00000| Untracked 
|  12|0x0000000707c00000, 0x0000000707c00000, 0x0000000707d00000|  0%| F|  |TAMS 0x0000000707c00000, 0x0000000707c00000| Untracked 
|  13|0x0000000707d00000, 0x0000000707d00000, 0x0000000707e00000|  0%| F|  |TAMS 0x0000000707d00000, 0x0000000707d00000| Untracked 
|  14|0x0000000707e00000, 0x0000000707e00000, 0x0000000707f00000|  0%| F|  |TAMS 0x0000000707e00000, 0x0000000707e00000| Untracked 
|  15|0x0000000707f00000, 0x0000000707f00000, 0x0000000708000000|  0%| F|  |TAMS 0x0000000707f00000, 0x0000000707f00000| Untracked 
|  16|0x0000000708000000, 0x0000000708000000, 0x0000000708100000|  0%| F|  |TAMS 0x0000000708000000, 0x0000000708000000| Untracked 
|  17|0x0000000708100000, 0x0000000708100000, 0x0000000708200000|  0%| F|  |TAMS 0x0000000708100000, 0x0000000708100000| Untracked 
|  18|0x0000000708200000, 0x0000000708200000, 0x0000000708300000|  0%| F|  |TAMS 0x0000000708200000, 0x0000000708200000| Untracked 
|  19|0x0000000708300000, 0x0000000708300000, 0x0000000708400000|  0%| F|  |TAMS 0x0000000708300000, 0x0000000708300000| Untracked 
|  20|0x0000000708400000, 0x0000000708400000, 0x0000000708500000|  0%| F|  |TAMS 0x0000000708400000, 0x0000000708400000| Untracked 
|  21|0x0000000708500000, 0x0000000708500000, 0x0000000708600000|  0%| F|  |TAMS 0x0000000708500000, 0x0000000708500000| Untracked 
|  22|0x0000000708600000, 0x0000000708600000, 0x0000000708700000|  0%| F|  |TAMS 0x0000000708600000, 0x0000000708600000| Untracked 
|  23|0x0000000708700000, 0x0000000708700000, 0x0000000708800000|  0%| F|  |TAMS 0x0000000708700000, 0x0000000708700000| Untracked 
|  24|0x0000000708800000, 0x0000000708800000, 0x0000000708900000|  0%| F|  |TAMS 0x0000000708800000, 0x0000000708800000| Untracked 
|  25|0x0000000708900000, 0x0000000708900000, 0x0000000708a00000|  0%| F|  |TAMS 0x0000000708900000, 0x0000000708900000| Untracked 
|  26|0x0000000708a00000, 0x0000000708a00000, 0x0000000708b00000|  0%| F|  |TAMS 0x0000000708a00000, 0x0000000708a00000| Untracked 
|  27|0x0000000708b00000, 0x0000000708b00000, 0x0000000708c00000|  0%| F|  |TAMS 0x0000000708b00000, 0x0000000708b00000| Untracked 
|  28|0x0000000708c00000, 0x0000000708c00000, 0x0000000708d00000|  0%| F|  |TAMS 0x0000000708c00000, 0x0000000708c00000| Untracked 
|  29|0x0000000708d00000, 0x0000000708d00000, 0x0000000708e00000|  0%| F|  |TAMS 0x0000000708d00000, 0x0000000708d00000| Untracked 
|  30|0x0000000708e00000, 0x0000000708e00000, 0x0000000708f00000|  0%| F|  |TAMS 0x0000000708e00000, 0x0000000708e00000| Untracked 
|  31|0x0000000708f00000, 0x0000000708f00000, 0x0000000709000000|  0%| F|  |TAMS 0x0000000708f00000, 0x0000000708f00000| Untracked 
|  32|0x0000000709000000, 0x0000000709000000, 0x0000000709100000|  0%| F|  |TAMS 0x0000000709000000, 0x0000000709000000| Untracked 
|  33|0x0000000709100000, 0x0000000709100000, 0x0000000709200000|  0%| F|  |TAMS 0x0000000709100000, 0x0000000709100000| Untracked 
|  34|0x0000000709200000, 0x0000000709200000, 0x0000000709300000|  0%| F|  |TAMS 0x0000000709200000, 0x0000000709200000| Untracked 
|  35|0x0000000709300000, 0x0000000709300000, 0x0000000709400000|  0%| F|  |TAMS 0x0000000709300000, 0x0000000709300000| Untracked 
|  36|0x0000000709400000, 0x0000000709400000, 0x0000000709500000|  0%| F|  |TAMS 0x0000000709400000, 0x0000000709400000| Untracked 
|  37|0x0000000709500000, 0x0000000709500000, 0x0000000709600000|  0%| F|  |TAMS 0x0000000709500000, 0x0000000709500000| Untracked 
|  38|0x0000000709600000, 0x0000000709600000, 0x0000000709700000|  0%| F|  |TAMS 0x0000000709600000, 0x0000000709600000| Untracked 
|  39|0x0000000709700000, 0x0000000709700000, 0x0000000709800000|  0%| F|  |TAMS 0x0000000709700000, 0x0000000709700000| Untracked 
|  40|0x0000000709800000, 0x0000000709800000, 0x0000000709900000|  0%| F|  |TAMS 0x0000000709800000, 0x0000000709800000| Untracked 
|  41|0x0000000709900000, 0x0000000709900000, 0x0000000709a00000|  0%| F|  |TAMS 0x0000000709900000, 0x0000000709900000| Untracked 
|  42|0x0000000709a00000, 0x0000000709a00000, 0x0000000709b00000|  0%| F|  |TAMS 0x0000000709a00000, 0x0000000709a00000| Untracked 
|  43|0x0000000709b00000, 0x0000000709b00000, 0x0000000709c00000|  0%| F|  |TAMS 0x0000000709b00000, 0x0000000709b00000| Untracked 
|  44|0x0000000709c00000, 0x0000000709c00000, 0x0000000709d00000|  0%| F|  |TAMS 0x0000000709c00000, 0x0000000709c00000| Untracked 
|  45|0x0000000709d00000, 0x0000000709d00000, 0x0000000709e00000|  0%| F|  |TAMS 0x0000000709d00000, 0x0000000709d00000| Untracked 
|  46|0x0000000709e00000, 0x0000000709e00000, 0x0000000709f00000|  0%| F|  |TAMS 0x0000000709e00000, 0x0000000709e00000| Untracked 
|  47|0x0000000709f00000, 0x0000000709f00000, 0x000000070a000000|  0%| F|  |TAMS 0x0000000709f00000, 0x0000000709f00000| Untracked 
|  48|0x000000070a000000, 0x000000070a000000, 0x000000070a100000|  0%| F|  |TAMS 0x000000070a000000, 0x000000070a000000| Untracked 
|  49|0x000000070a100000, 0x000000070a100000, 0x000000070a200000|  0%| F|  |TAMS 0x000000070a100000, 0x000000070a100000| Untracked 
|  50|0x000000070a200000, 0x000000070a200000, 0x000000070a300000|  0%| F|  |TAMS 0x000000070a200000, 0x000000070a200000| Untracked 
|  51|0x000000070a300000, 0x000000070a300000, 0x000000070a400000|  0%| F|  |TAMS 0x000000070a300000, 0x000000070a300000| Untracked 
|  52|0x000000070a400000, 0x000000070a400000, 0x000000070a500000|  0%| F|  |TAMS 0x000000070a400000, 0x000000070a400000| Untracked 
|  53|0x000000070a500000, 0x000000070a500000, 0x000000070a600000|  0%| F|  |TAMS 0x000000070a500000, 0x000000070a500000| Untracked 
|  54|0x000000070a600000, 0x000000070a600000, 0x000000070a700000|  0%| F|  |TAMS 0x000000070a600000, 0x000000070a600000| Untracked 
|  55|0x000000070a700000, 0x000000070a700000, 0x000000070a800000|  0%| F|  |TAMS 0x000000070a700000, 0x000000070a700000| Untracked 
|  56|0x000000070a800000, 0x000000070a800000, 0x000000070a900000|  0%| F|  |TAMS 0x000000070a800000, 0x000000070a800000| Untracked 
|  57|0x000000070a900000, 0x000000070a900000, 0x000000070aa00000|  0%| F|  |TAMS 0x000000070a900000, 0x000000070a900000| Untracked 
|  58|0x000000070aa00000, 0x000000070aa00000, 0x000000070ab00000|  0%| F|  |TAMS 0x000000070aa00000, 0x000000070aa00000| Untracked 
|  59|0x000000070ab00000, 0x000000070ab00000, 0x000000070ac00000|  0%| F|  |TAMS 0x000000070ab00000, 0x000000070ab00000| Untracked 
|  60|0x000000070ac00000, 0x000000070ac00000, 0x000000070ad00000|  0%| F|  |TAMS 0x000000070ac00000, 0x000000070ac00000| Untracked 
|  61|0x000000070ad00000, 0x000000070ad00000, 0x000000070ae00000|  0%| F|  |TAMS 0x000000070ad00000, 0x000000070ad00000| Untracked 
|  62|0x000000070ae00000, 0x000000070ae00000, 0x000000070af00000|  0%| F|  |TAMS 0x000000070ae00000, 0x000000070ae00000| Untracked 
|  63|0x000000070af00000, 0x000000070af00000, 0x000000070b000000|  0%| F|  |TAMS 0x000000070af00000, 0x000000070af00000| Untracked 
|  64|0x000000070b000000, 0x000000070b000000, 0x000000070b100000|  0%| F|  |TAMS 0x000000070b000000, 0x000000070b000000| Untracked 
|  65|0x000000070b100000, 0x000000070b100000, 0x000000070b200000|  0%| F|  |TAMS 0x000000070b100000, 0x000000070b100000| Untracked 
|  66|0x000000070b200000, 0x000000070b200000, 0x000000070b300000|  0%| F|  |TAMS 0x000000070b200000, 0x000000070b200000| Untracked 
|  67|0x000000070b300000, 0x000000070b300000, 0x000000070b400000|  0%| F|  |TAMS 0x000000070b300000, 0x000000070b300000| Untracked 
|  68|0x000000070b400000, 0x000000070b400000, 0x000000070b500000|  0%| F|  |TAMS 0x000000070b400000, 0x000000070b400000| Untracked 
|  69|0x000000070b500000, 0x000000070b500000, 0x000000070b600000|  0%| F|  |TAMS 0x000000070b500000, 0x000000070b500000| Untracked 
|  70|0x000000070b600000, 0x000000070b600000, 0x000000070b700000|  0%| F|  |TAMS 0x000000070b600000, 0x000000070b600000| Untracked 
|  71|0x000000070b700000, 0x000000070b700000, 0x000000070b800000|  0%| F|  |TAMS 0x000000070b700000, 0x000000070b700000| Untracked 
|  72|0x000000070b800000, 0x000000070b800000, 0x000000070b900000|  0%| F|  |TAMS 0x000000070b800000, 0x000000070b800000| Untracked 
|  73|0x000000070b900000, 0x000000070b900000, 0x000000070ba00000|  0%| F|  |TAMS 0x000000070b900000, 0x000000070b900000| Untracked 
|  74|0x000000070ba00000, 0x000000070ba00000, 0x000000070bb00000|  0%| F|  |TAMS 0x000000070ba00000, 0x000000070ba00000| Untracked 
|  75|0x000000070bb00000, 0x000000070bb00000, 0x000000070bc00000|  0%| F|  |TAMS 0x000000070bb00000, 0x000000070bb00000| Untracked 
|  76|0x000000070bc00000, 0x000000070bc00000, 0x000000070bd00000|  0%| F|  |TAMS 0x000000070bc00000, 0x000000070bc00000| Untracked 
|  77|0x000000070bd00000, 0x000000070bd00000, 0x000000070be00000|  0%| F|  |TAMS 0x000000070bd00000, 0x000000070bd00000| Untracked 
|  78|0x000000070be00000, 0x000000070be00000, 0x000000070bf00000|  0%| F|  |TAMS 0x000000070be00000, 0x000000070be00000| Untracked 
|  79|0x000000070bf00000, 0x000000070bf00000, 0x000000070c000000|  0%| F|  |TAMS 0x000000070bf00000, 0x000000070bf00000| Untracked 
|  80|0x000000070c000000, 0x000000070c000000, 0x000000070c100000|  0%| F|  |TAMS 0x000000070c000000, 0x000000070c000000| Untracked 
|  81|0x000000070c100000, 0x000000070c100000, 0x000000070c200000|  0%| F|  |TAMS 0x000000070c100000, 0x000000070c100000| Untracked 
|  82|0x000000070c200000, 0x000000070c200000, 0x000000070c300000|  0%| F|  |TAMS 0x000000070c200000, 0x000000070c200000| Untracked 
|  83|0x000000070c300000, 0x000000070c300000, 0x000000070c400000|  0%| F|  |TAMS 0x000000070c300000, 0x000000070c300000| Untracked 
|  84|0x000000070c400000, 0x000000070c400000, 0x000000070c500000|  0%| F|  |TAMS 0x000000070c400000, 0x000000070c400000| Untracked 
|  85|0x000000070c500000, 0x000000070c500000, 0x000000070c600000|  0%| F|  |TAMS 0x000000070c500000, 0x000000070c500000| Untracked 
|  86|0x000000070c600000, 0x000000070c600000, 0x000000070c700000|  0%| F|  |TAMS 0x000000070c600000, 0x000000070c600000| Untracked 
|  87|0x000000070c700000, 0x000000070c700000, 0x000000070c800000|  0%| F|  |TAMS 0x000000070c700000, 0x000000070c700000| Untracked 
|  88|0x000000070c800000, 0x000000070c800000, 0x000000070c900000|  0%| F|  |TAMS 0x000000070c800000, 0x000000070c800000| Untracked 
|  89|0x000000070c900000, 0x000000070c994d40, 0x000000070ca00000| 58%| S|CS|TAMS 0x000000070c900000, 0x000000070c900000| Complete 
|  90|0x000000070ca00000, 0x000000070cb00000, 0x000000070cb00000|100%| S|CS|TAMS 0x000000070ca00000, 0x000000070ca00000| Complete 
|  91|0x000000070cb00000, 0x000000070cc00000, 0x000000070cc00000|100%| S|CS|TAMS 0x000000070cb00000, 0x000000070cb00000| Complete 
|  92|0x000000070cc00000, 0x000000070cd00000, 0x000000070cd00000|100%| S|CS|TAMS 0x000000070cc00000, 0x000000070cc00000| Complete 
|  93|0x000000070cd00000, 0x000000070ce00000, 0x000000070ce00000|100%| S|CS|TAMS 0x000000070cd00000, 0x000000070cd00000| Complete 
|  94|0x000000070ce00000, 0x000000070cf00000, 0x000000070cf00000|100%| S|CS|TAMS 0x000000070ce00000, 0x000000070ce00000| Complete 
|  95|0x000000070cf00000, 0x000000070d000000, 0x000000070d000000|100%| S|CS|TAMS 0x000000070cf00000, 0x000000070cf00000| Complete 
|  96|0x000000070d000000, 0x000000070d100000, 0x000000070d100000|100%| S|CS|TAMS 0x000000070d000000, 0x000000070d000000| Complete 
|  97|0x000000070d100000, 0x000000070d200000, 0x000000070d200000|100%| S|CS|TAMS 0x000000070d100000, 0x000000070d100000| Complete 
|  98|0x000000070d200000, 0x000000070d300000, 0x000000070d300000|100%| S|CS|TAMS 0x000000070d200000, 0x000000070d200000| Complete 
|  99|0x000000070d300000, 0x000000070d400000, 0x000000070d400000|100%| S|CS|TAMS 0x000000070d300000, 0x000000070d300000| Complete 
| 100|0x000000070d400000, 0x000000070d400000, 0x000000070d500000|  0%| F|  |TAMS 0x000000070d400000, 0x000000070d400000| Untracked 
| 101|0x000000070d500000, 0x000000070d500000, 0x000000070d600000|  0%| F|  |TAMS 0x000000070d500000, 0x000000070d500000| Untracked 
| 102|0x000000070d600000, 0x000000070d600000, 0x000000070d700000|  0%| F|  |TAMS 0x000000070d600000, 0x000000070d600000| Untracked 
| 103|0x000000070d700000, 0x000000070d700000, 0x000000070d800000|  0%| F|  |TAMS 0x000000070d700000, 0x000000070d700000| Untracked 
| 104|0x000000070d800000, 0x000000070d800000, 0x000000070d900000|  0%| F|  |TAMS 0x000000070d800000, 0x000000070d800000| Untracked 
| 105|0x000000070d900000, 0x000000070d900000, 0x000000070da00000|  0%| F|  |TAMS 0x000000070d900000, 0x000000070d900000| Untracked 
| 106|0x000000070da00000, 0x000000070da00000, 0x000000070db00000|  0%| F|  |TAMS 0x000000070da00000, 0x000000070da00000| Untracked 
| 107|0x000000070db00000, 0x000000070db00000, 0x000000070dc00000|  0%| F|  |TAMS 0x000000070db00000, 0x000000070db00000| Untracked 
| 108|0x000000070dc00000, 0x000000070dc00000, 0x000000070dd00000|  0%| F|  |TAMS 0x000000070dc00000, 0x000000070dc00000| Untracked 
| 109|0x000000070dd00000, 0x000000070dd00000, 0x000000070de00000|  0%| F|  |TAMS 0x000000070dd00000, 0x000000070dd00000| Untracked 
| 110|0x000000070de00000, 0x000000070de00000, 0x000000070df00000|  0%| F|  |TAMS 0x000000070de00000, 0x000000070de00000| Untracked 
| 111|0x000000070df00000, 0x000000070df00000, 0x000000070e000000|  0%| F|  |TAMS 0x000000070df00000, 0x000000070df00000| Untracked 
| 112|0x000000070e000000, 0x000000070e000000, 0x000000070e100000|  0%| F|  |TAMS 0x000000070e000000, 0x000000070e000000| Untracked 
| 113|0x000000070e100000, 0x000000070e100000, 0x000000070e200000|  0%| F|  |TAMS 0x000000070e100000, 0x000000070e100000| Untracked 
| 114|0x000000070e200000, 0x000000070e200000, 0x000000070e300000|  0%| F|  |TAMS 0x000000070e200000, 0x000000070e200000| Untracked 
| 115|0x000000070e300000, 0x000000070e300000, 0x000000070e400000|  0%| F|  |TAMS 0x000000070e300000, 0x000000070e300000| Untracked 
| 116|0x000000070e400000, 0x000000070e400000, 0x000000070e500000|  0%| F|  |TAMS 0x000000070e400000, 0x000000070e400000| Untracked 
| 117|0x000000070e500000, 0x000000070e500000, 0x000000070e600000|  0%| F|  |TAMS 0x000000070e500000, 0x000000070e500000| Untracked 
| 118|0x000000070e600000, 0x000000070e600000, 0x000000070e700000|  0%| F|  |TAMS 0x000000070e600000, 0x000000070e600000| Untracked 
| 119|0x000000070e700000, 0x000000070e700000, 0x000000070e800000|  0%| F|  |TAMS 0x000000070e700000, 0x000000070e700000| Untracked 
| 120|0x000000070e800000, 0x000000070e800000, 0x000000070e900000|  0%| F|  |TAMS 0x000000070e800000, 0x000000070e800000| Untracked 
| 121|0x000000070e900000, 0x000000070e900000, 0x000000070ea00000|  0%| F|  |TAMS 0x000000070e900000, 0x000000070e900000| Untracked 
| 122|0x000000070ea00000, 0x000000070ea00000, 0x000000070eb00000|  0%| F|  |TAMS 0x000000070ea00000, 0x000000070ea00000| Untracked 
| 123|0x000000070eb00000, 0x000000070eb00000, 0x000000070ec00000|  0%| F|  |TAMS 0x000000070eb00000, 0x000000070eb00000| Untracked 
| 124|0x000000070ec00000, 0x000000070ec00000, 0x000000070ed00000|  0%| F|  |TAMS 0x000000070ec00000, 0x000000070ec00000| Untracked 
| 125|0x000000070ed00000, 0x000000070ed00000, 0x000000070ee00000|  0%| F|  |TAMS 0x000000070ed00000, 0x000000070ed00000| Untracked 
| 126|0x000000070ee00000, 0x000000070ee00000, 0x000000070ef00000|  0%| F|  |TAMS 0x000000070ee00000, 0x000000070ee00000| Untracked 
| 127|0x000000070ef00000, 0x000000070ef00000, 0x000000070f000000|  0%| F|  |TAMS 0x000000070ef00000, 0x000000070ef00000| Untracked 
| 128|0x000000070f000000, 0x000000070f000000, 0x000000070f100000|  0%| F|  |TAMS 0x000000070f000000, 0x000000070f000000| Untracked 
| 129|0x000000070f100000, 0x000000070f100000, 0x000000070f200000|  0%| F|  |TAMS 0x000000070f100000, 0x000000070f100000| Untracked 
| 130|0x000000070f200000, 0x000000070f200000, 0x000000070f300000|  0%| F|  |TAMS 0x000000070f200000, 0x000000070f200000| Untracked 
| 131|0x000000070f300000, 0x000000070f300000, 0x000000070f400000|  0%| F|  |TAMS 0x000000070f300000, 0x000000070f300000| Untracked 
| 132|0x000000070f400000, 0x000000070f400000, 0x000000070f500000|  0%| F|  |TAMS 0x000000070f400000, 0x000000070f400000| Untracked 
| 133|0x000000070f500000, 0x000000070f500000, 0x000000070f600000|  0%| F|  |TAMS 0x000000070f500000, 0x000000070f500000| Untracked 
| 134|0x000000070f600000, 0x000000070f600000, 0x000000070f700000|  0%| F|  |TAMS 0x000000070f600000, 0x000000070f600000| Untracked 
| 135|0x000000070f700000, 0x000000070f700000, 0x000000070f800000|  0%| F|  |TAMS 0x000000070f700000, 0x000000070f700000| Untracked 
| 136|0x000000070f800000, 0x000000070f800000, 0x000000070f900000|  0%| F|  |TAMS 0x000000070f800000, 0x000000070f800000| Untracked 
| 137|0x000000070f900000, 0x000000070f900000, 0x000000070fa00000|  0%| F|  |TAMS 0x000000070f900000, 0x000000070f900000| Untracked 
| 138|0x000000070fa00000, 0x000000070fa00000, 0x000000070fb00000|  0%| F|  |TAMS 0x000000070fa00000, 0x000000070fa00000| Untracked 
| 139|0x000000070fb00000, 0x000000070fb00000, 0x000000070fc00000|  0%| F|  |TAMS 0x000000070fb00000, 0x000000070fb00000| Untracked 
| 140|0x000000070fc00000, 0x000000070fc00000, 0x000000070fd00000|  0%| F|  |TAMS 0x000000070fc00000, 0x000000070fc00000| Untracked 
| 141|0x000000070fd00000, 0x000000070fd00000, 0x000000070fe00000|  0%| F|  |TAMS 0x000000070fd00000, 0x000000070fd00000| Untracked 
| 142|0x000000070fe00000, 0x000000070fe00000, 0x000000070ff00000|  0%| F|  |TAMS 0x000000070fe00000, 0x000000070fe00000| Untracked 
| 143|0x000000070ff00000, 0x000000070ff00000, 0x0000000710000000|  0%| F|  |TAMS 0x000000070ff00000, 0x000000070ff00000| Untracked 
| 144|0x0000000710000000, 0x0000000710000000, 0x0000000710100000|  0%| F|  |TAMS 0x0000000710000000, 0x0000000710000000| Untracked 
| 145|0x0000000710100000, 0x0000000710100000, 0x0000000710200000|  0%| F|  |TAMS 0x0000000710100000, 0x0000000710100000| Untracked 
| 146|0x0000000710200000, 0x0000000710200000, 0x0000000710300000|  0%| F|  |TAMS 0x0000000710200000, 0x0000000710200000| Untracked 
| 147|0x0000000710300000, 0x0000000710300000, 0x0000000710400000|  0%| F|  |TAMS 0x0000000710300000, 0x0000000710300000| Untracked 
| 148|0x0000000710400000, 0x0000000710400000, 0x0000000710500000|  0%| F|  |TAMS 0x0000000710400000, 0x0000000710400000| Untracked 
| 149|0x0000000710500000, 0x0000000710500000, 0x0000000710600000|  0%| F|  |TAMS 0x0000000710500000, 0x0000000710500000| Untracked 
| 150|0x0000000710600000, 0x0000000710600000, 0x0000000710700000|  0%| F|  |TAMS 0x0000000710600000, 0x0000000710600000| Untracked 
| 151|0x0000000710700000, 0x0000000710700000, 0x0000000710800000|  0%| F|  |TAMS 0x0000000710700000, 0x0000000710700000| Untracked 
| 152|0x0000000710800000, 0x0000000710800000, 0x0000000710900000|  0%| F|  |TAMS 0x0000000710800000, 0x0000000710800000| Untracked 
| 153|0x0000000710900000, 0x0000000710900000, 0x0000000710a00000|  0%| F|  |TAMS 0x0000000710900000, 0x0000000710900000| Untracked 
| 154|0x0000000710a00000, 0x0000000710a00000, 0x0000000710b00000|  0%| F|  |TAMS 0x0000000710a00000, 0x0000000710a00000| Untracked 
| 155|0x0000000710b00000, 0x0000000710b00000, 0x0000000710c00000|  0%| F|  |TAMS 0x0000000710b00000, 0x0000000710b00000| Untracked 
| 156|0x0000000710c00000, 0x0000000710c00000, 0x0000000710d00000|  0%| F|  |TAMS 0x0000000710c00000, 0x0000000710c00000| Untracked 
| 157|0x0000000710d00000, 0x0000000710d00000, 0x0000000710e00000|  0%| F|  |TAMS 0x0000000710d00000, 0x0000000710d00000| Untracked 
| 158|0x0000000710e00000, 0x0000000710e00000, 0x0000000710f00000|  0%| F|  |TAMS 0x0000000710e00000, 0x0000000710e00000| Untracked 
| 159|0x0000000710f00000, 0x0000000710f00000, 0x0000000711000000|  0%| F|  |TAMS 0x0000000710f00000, 0x0000000710f00000| Untracked 
| 160|0x0000000711000000, 0x0000000711000000, 0x0000000711100000|  0%| F|  |TAMS 0x0000000711000000, 0x0000000711000000| Untracked 
| 161|0x0000000711100000, 0x0000000711100000, 0x0000000711200000|  0%| F|  |TAMS 0x0000000711100000, 0x0000000711100000| Untracked 
| 162|0x0000000711200000, 0x0000000711200000, 0x0000000711300000|  0%| F|  |TAMS 0x0000000711200000, 0x0000000711200000| Untracked 
| 163|0x0000000711300000, 0x0000000711300000, 0x0000000711400000|  0%| F|  |TAMS 0x0000000711300000, 0x0000000711300000| Untracked 
| 164|0x0000000711400000, 0x0000000711400000, 0x0000000711500000|  0%| F|  |TAMS 0x0000000711400000, 0x0000000711400000| Untracked 
| 165|0x0000000711500000, 0x0000000711500000, 0x0000000711600000|  0%| F|  |TAMS 0x0000000711500000, 0x0000000711500000| Untracked 
| 166|0x0000000711600000, 0x0000000711600000, 0x0000000711700000|  0%| F|  |TAMS 0x0000000711600000, 0x0000000711600000| Untracked 
| 167|0x0000000711700000, 0x0000000711700000, 0x0000000711800000|  0%| F|  |TAMS 0x0000000711700000, 0x0000000711700000| Untracked 
| 168|0x0000000711800000, 0x0000000711800000, 0x0000000711900000|  0%| F|  |TAMS 0x0000000711800000, 0x0000000711800000| Untracked 
| 169|0x0000000711900000, 0x0000000711900000, 0x0000000711a00000|  0%| F|  |TAMS 0x0000000711900000, 0x0000000711900000| Untracked 
| 170|0x0000000711a00000, 0x0000000711a00000, 0x0000000711b00000|  0%| F|  |TAMS 0x0000000711a00000, 0x0000000711a00000| Untracked 
| 171|0x0000000711b00000, 0x0000000711b00000, 0x0000000711c00000|  0%| F|  |TAMS 0x0000000711b00000, 0x0000000711b00000| Untracked 
| 172|0x0000000711c00000, 0x0000000711c00000, 0x0000000711d00000|  0%| F|  |TAMS 0x0000000711c00000, 0x0000000711c00000| Untracked 
| 173|0x0000000711d00000, 0x0000000711d00000, 0x0000000711e00000|  0%| F|  |TAMS 0x0000000711d00000, 0x0000000711d00000| Untracked 
| 174|0x0000000711e00000, 0x0000000711e00000, 0x0000000711f00000|  0%| F|  |TAMS 0x0000000711e00000, 0x0000000711e00000| Untracked 
| 175|0x0000000711f00000, 0x0000000711f00000, 0x0000000712000000|  0%| F|  |TAMS 0x0000000711f00000, 0x0000000711f00000| Untracked 
| 176|0x0000000712000000, 0x0000000712000000, 0x0000000712100000|  0%| F|  |TAMS 0x0000000712000000, 0x0000000712000000| Untracked 
| 177|0x0000000712100000, 0x0000000712100000, 0x0000000712200000|  0%| F|  |TAMS 0x0000000712100000, 0x0000000712100000| Untracked 
| 178|0x0000000712200000, 0x0000000712200000, 0x0000000712300000|  0%| F|  |TAMS 0x0000000712200000, 0x0000000712200000| Untracked 
| 179|0x0000000712300000, 0x0000000712300000, 0x0000000712400000|  0%| F|  |TAMS 0x0000000712300000, 0x0000000712300000| Untracked 
| 180|0x0000000712400000, 0x0000000712400000, 0x0000000712500000|  0%| F|  |TAMS 0x0000000712400000, 0x0000000712400000| Untracked 
| 181|0x0000000712500000, 0x0000000712500000, 0x0000000712600000|  0%| F|  |TAMS 0x0000000712500000, 0x0000000712500000| Untracked 
| 182|0x0000000712600000, 0x0000000712600000, 0x0000000712700000|  0%| F|  |TAMS 0x0000000712600000, 0x0000000712600000| Untracked 
| 183|0x0000000712700000, 0x0000000712700000, 0x0000000712800000|  0%| F|  |TAMS 0x0000000712700000, 0x0000000712700000| Untracked 
| 184|0x0000000712800000, 0x0000000712800000, 0x0000000712900000|  0%| F|  |TAMS 0x0000000712800000, 0x0000000712800000| Untracked 
| 185|0x0000000712900000, 0x0000000712900000, 0x0000000712a00000|  0%| F|  |TAMS 0x0000000712900000, 0x0000000712900000| Untracked 
| 186|0x0000000712a00000, 0x0000000712a00000, 0x0000000712b00000|  0%| F|  |TAMS 0x0000000712a00000, 0x0000000712a00000| Untracked 
| 187|0x0000000712b00000, 0x0000000712b00000, 0x0000000712c00000|  0%| F|  |TAMS 0x0000000712b00000, 0x0000000712b00000| Untracked 
| 188|0x0000000712c00000, 0x0000000712c00000, 0x0000000712d00000|  0%| F|  |TAMS 0x0000000712c00000, 0x0000000712c00000| Untracked 
| 189|0x0000000712d00000, 0x0000000712d00000, 0x0000000712e00000|  0%| F|  |TAMS 0x0000000712d00000, 0x0000000712d00000| Untracked 
| 190|0x0000000712e00000, 0x0000000712e00000, 0x0000000712f00000|  0%| F|  |TAMS 0x0000000712e00000, 0x0000000712e00000| Untracked 
| 191|0x0000000712f00000, 0x0000000712f00000, 0x0000000713000000|  0%| F|  |TAMS 0x0000000712f00000, 0x0000000712f00000| Untracked 
| 192|0x0000000713000000, 0x0000000713000000, 0x0000000713100000|  0%| F|  |TAMS 0x0000000713000000, 0x0000000713000000| Untracked 
| 193|0x0000000713100000, 0x0000000713100000, 0x0000000713200000|  0%| F|  |TAMS 0x0000000713100000, 0x0000000713100000| Untracked 
| 194|0x0000000713200000, 0x0000000713200000, 0x0000000713300000|  0%| F|  |TAMS 0x0000000713200000, 0x0000000713200000| Untracked 
| 195|0x0000000713300000, 0x0000000713300000, 0x0000000713400000|  0%| F|  |TAMS 0x0000000713300000, 0x0000000713300000| Untracked 
| 196|0x0000000713400000, 0x0000000713400000, 0x0000000713500000|  0%| F|  |TAMS 0x0000000713400000, 0x0000000713400000| Untracked 
| 197|0x0000000713500000, 0x0000000713500000, 0x0000000713600000|  0%| F|  |TAMS 0x0000000713500000, 0x0000000713500000| Untracked 
| 198|0x0000000713600000, 0x0000000713600000, 0x0000000713700000|  0%| F|  |TAMS 0x0000000713600000, 0x0000000713600000| Untracked 
| 199|0x0000000713700000, 0x0000000713700000, 0x0000000713800000|  0%| F|  |TAMS 0x0000000713700000, 0x0000000713700000| Untracked 
| 200|0x0000000713800000, 0x0000000713800000, 0x0000000713900000|  0%| F|  |TAMS 0x0000000713800000, 0x0000000713800000| Untracked 
| 201|0x0000000713900000, 0x0000000713900000, 0x0000000713a00000|  0%| F|  |TAMS 0x0000000713900000, 0x0000000713900000| Untracked 
| 202|0x0000000713a00000, 0x0000000713a00000, 0x0000000713b00000|  0%| F|  |TAMS 0x0000000713a00000, 0x0000000713a00000| Untracked 
| 203|0x0000000713b00000, 0x0000000713b00000, 0x0000000713c00000|  0%| F|  |TAMS 0x0000000713b00000, 0x0000000713b00000| Untracked 
| 204|0x0000000713c00000, 0x0000000713c00000, 0x0000000713d00000|  0%| F|  |TAMS 0x0000000713c00000, 0x0000000713c00000| Untracked 
| 205|0x0000000713d00000, 0x0000000713d00000, 0x0000000713e00000|  0%| F|  |TAMS 0x0000000713d00000, 0x0000000713d00000| Untracked 
| 206|0x0000000713e00000, 0x0000000713e00000, 0x0000000713f00000|  0%| F|  |TAMS 0x0000000713e00000, 0x0000000713e00000| Untracked 
| 207|0x0000000713f00000, 0x0000000713f00000, 0x0000000714000000|  0%| F|  |TAMS 0x0000000713f00000, 0x0000000713f00000| Untracked 
| 208|0x0000000714000000, 0x0000000714000000, 0x0000000714100000|  0%| F|  |TAMS 0x0000000714000000, 0x0000000714000000| Untracked 
| 209|0x0000000714100000, 0x0000000714100000, 0x0000000714200000|  0%| F|  |TAMS 0x0000000714100000, 0x0000000714100000| Untracked 
| 210|0x0000000714200000, 0x0000000714200000, 0x0000000714300000|  0%| F|  |TAMS 0x0000000714200000, 0x0000000714200000| Untracked 
| 211|0x0000000714300000, 0x0000000714300000, 0x0000000714400000|  0%| F|  |TAMS 0x0000000714300000, 0x0000000714300000| Untracked 
| 212|0x0000000714400000, 0x0000000714400000, 0x0000000714500000|  0%| F|  |TAMS 0x0000000714400000, 0x0000000714400000| Untracked 
| 213|0x0000000714500000, 0x0000000714500000, 0x0000000714600000|  0%| F|  |TAMS 0x0000000714500000, 0x0000000714500000| Untracked 
| 214|0x0000000714600000, 0x0000000714600000, 0x0000000714700000|  0%| F|  |TAMS 0x0000000714600000, 0x0000000714600000| Untracked 
| 215|0x0000000714700000, 0x0000000714700000, 0x0000000714800000|  0%| F|  |TAMS 0x0000000714700000, 0x0000000714700000| Untracked 
| 216|0x0000000714800000, 0x0000000714800000, 0x0000000714900000|  0%| F|  |TAMS 0x0000000714800000, 0x0000000714800000| Untracked 
| 217|0x0000000714900000, 0x0000000714900000, 0x0000000714a00000|  0%| F|  |TAMS 0x0000000714900000, 0x0000000714900000| Untracked 
| 218|0x0000000714a00000, 0x0000000714a00000, 0x0000000714b00000|  0%| F|  |TAMS 0x0000000714a00000, 0x0000000714a00000| Untracked 
| 219|0x0000000714b00000, 0x0000000714b00000, 0x0000000714c00000|  0%| F|  |TAMS 0x0000000714b00000, 0x0000000714b00000| Untracked 
| 220|0x0000000714c00000, 0x0000000714c00000, 0x0000000714d00000|  0%| F|  |TAMS 0x0000000714c00000, 0x0000000714c00000| Untracked 
| 221|0x0000000714d00000, 0x0000000714d00000, 0x0000000714e00000|  0%| F|  |TAMS 0x0000000714d00000, 0x0000000714d00000| Untracked 
| 222|0x0000000714e00000, 0x0000000714e00000, 0x0000000714f00000|  0%| F|  |TAMS 0x0000000714e00000, 0x0000000714e00000| Untracked 
| 223|0x0000000714f00000, 0x0000000714f00000, 0x0000000715000000|  0%| F|  |TAMS 0x0000000714f00000, 0x0000000714f00000| Untracked 
| 224|0x0000000715000000, 0x0000000715000000, 0x0000000715100000|  0%| F|  |TAMS 0x0000000715000000, 0x0000000715000000| Untracked 
| 225|0x0000000715100000, 0x0000000715100000, 0x0000000715200000|  0%| F|  |TAMS 0x0000000715100000, 0x0000000715100000| Untracked 
| 226|0x0000000715200000, 0x0000000715200000, 0x0000000715300000|  0%| F|  |TAMS 0x0000000715200000, 0x0000000715200000| Untracked 
| 227|0x0000000715300000, 0x0000000715300000, 0x0000000715400000|  0%| F|  |TAMS 0x0000000715300000, 0x0000000715300000| Untracked 
| 228|0x0000000715400000, 0x0000000715400000, 0x0000000715500000|  0%| F|  |TAMS 0x0000000715400000, 0x0000000715400000| Untracked 
| 229|0x0000000715500000, 0x0000000715500000, 0x0000000715600000|  0%| F|  |TAMS 0x0000000715500000, 0x0000000715500000| Untracked 
| 230|0x0000000715600000, 0x0000000715600000, 0x0000000715700000|  0%| F|  |TAMS 0x0000000715600000, 0x0000000715600000| Untracked 
| 231|0x0000000715700000, 0x0000000715700000, 0x0000000715800000|  0%| F|  |TAMS 0x0000000715700000, 0x0000000715700000| Untracked 
| 232|0x0000000715800000, 0x0000000715800000, 0x0000000715900000|  0%| F|  |TAMS 0x0000000715800000, 0x0000000715800000| Untracked 
| 233|0x0000000715900000, 0x0000000715900000, 0x0000000715a00000|  0%| F|  |TAMS 0x0000000715900000, 0x0000000715900000| Untracked 
| 234|0x0000000715a00000, 0x0000000715a00000, 0x0000000715b00000|  0%| F|  |TAMS 0x0000000715a00000, 0x0000000715a00000| Untracked 
| 235|0x0000000715b00000, 0x0000000715b00000, 0x0000000715c00000|  0%| F|  |TAMS 0x0000000715b00000, 0x0000000715b00000| Untracked 
| 236|0x0000000715c00000, 0x0000000715c00000, 0x0000000715d00000|  0%| F|  |TAMS 0x0000000715c00000, 0x0000000715c00000| Untracked 
| 237|0x0000000715d00000, 0x0000000715d00000, 0x0000000715e00000|  0%| F|  |TAMS 0x0000000715d00000, 0x0000000715d00000| Untracked 
| 238|0x0000000715e00000, 0x0000000715e00000, 0x0000000715f00000|  0%| F|  |TAMS 0x0000000715e00000, 0x0000000715e00000| Untracked 
| 239|0x0000000715f00000, 0x0000000715f80800, 0x0000000716000000| 50%| E|  |TAMS 0x0000000715f00000, 0x0000000715f00000| Complete 
| 240|0x0000000716000000, 0x0000000716100000, 0x0000000716100000|100%| E|CS|TAMS 0x0000000716000000, 0x0000000716000000| Complete 
| 241|0x0000000716100000, 0x0000000716200000, 0x0000000716200000|100%| E|CS|TAMS 0x0000000716100000, 0x0000000716100000| Complete 
| 242|0x0000000716200000, 0x0000000716300000, 0x0000000716300000|100%| E|CS|TAMS 0x0000000716200000, 0x0000000716200000| Complete 
| 243|0x0000000716300000, 0x0000000716400000, 0x0000000716400000|100%| E|CS|TAMS 0x0000000716300000, 0x0000000716300000| Complete 
| 244|0x0000000716400000, 0x0000000716500000, 0x0000000716500000|100%| E|CS|TAMS 0x0000000716400000, 0x0000000716400000| Complete 
| 245|0x0000000716500000, 0x0000000716600000, 0x0000000716600000|100%| E|CS|TAMS 0x0000000716500000, 0x0000000716500000| Complete 
| 246|0x0000000716600000, 0x0000000716700000, 0x0000000716700000|100%| E|CS|TAMS 0x0000000716600000, 0x0000000716600000| Complete 
| 247|0x0000000716700000, 0x0000000716800000, 0x0000000716800000|100%| E|CS|TAMS 0x0000000716700000, 0x0000000716700000| Complete 
| 248|0x0000000716800000, 0x0000000716900000, 0x0000000716900000|100%| E|CS|TAMS 0x0000000716800000, 0x0000000716800000| Complete 
| 249|0x0000000716900000, 0x0000000716a00000, 0x0000000716a00000|100%| E|CS|TAMS 0x0000000716900000, 0x0000000716900000| Complete 
|2958|0x00000007bfe00000, 0x00000007bfe47000, 0x00000007bff00000| 27%|OA|  |TAMS 0x00000007bfe00000, 0x00000007bfe00000| Untracked 
|2959|0x00000007bff00000, 0x00000007bff6b000, 0x00000007c0000000| 41%|CA|  |TAMS 0x00000007bff00000, 0x00000007bff00000| Untracked 

Card table byte_map: [0x00007feb98731000,0x00007feb98ef9000] _byte_map_base: 0x00007feb94ef9000

Marking Bits (Prev, Next): (CMBitMap*) 0x00007feb9407c6f8, (CMBitMap*) 0x00007feb9407c730
 Prev Bits: [0x00007feb741c0000, 0x00007feb78000000)
 Next Bits: [0x00007feb70380000, 0x00007feb741c0000)

Polling page: 0x00007feb9a1dd000

Metaspace:

Usage:
  Non-class:     15,54 MB capacity,    14,50 MB ( 93%) used,     1,02 MB (  7%) free+waste,    20,62 KB ( <1%) overhead. 
      Class:      2,11 MB capacity,     1,88 MB ( 89%) used,   228,30 KB ( 11%) free+waste,     9,00 KB ( <1%) overhead. 
       Both:     17,65 MB capacity,    16,38 MB ( 93%) used,     1,24 MB (  7%) free+waste,    29,62 KB ( <1%) overhead. 

Virtual space:
  Non-class space:       16,00 MB reserved,      15,75 MB ( 98%) committed 
      Class space:        1,00 GB reserved,       2,12 MB ( <1%) committed 
             Both:        1,02 GB reserved,      17,88 MB (  2%) committed 

Chunk freelists:
   Non-Class:  24,00 KB
       Class:  13,00 KB
        Both:  37,00 KB

MaxMetaspaceSize: unlimited
CompressedClassSpaceSize: 1,00 GB

CodeHeap 'non-profiled nmethods': size=120032Kb used=1825Kb max_used=1825Kb free=118207Kb
 bounds [0x00007feb84340000, 0x00007feb845b0000, 0x00007feb8b878000]
CodeHeap 'profiled nmethods': size=120028Kb used=6972Kb max_used=6972Kb free=113055Kb
 bounds [0x00007feb7ce09000, 0x00007feb7d4d9000, 0x00007feb84340000]
CodeHeap 'non-nmethods': size=5700Kb used=1113Kb max_used=1150Kb free=4586Kb
 bounds [0x00007feb7c878000, 0x00007feb7cae8000, 0x00007feb7ce09000]
 total_blobs=4031 nmethods=3595 adapters=348
 compilation: enabled
              stopped_count=0, restarted_count=0
 full_count=0

Compilation events (20 events):
Event: 1,433 Thread 0x00007feb941dd000 nmethod 3589 0x00007feb7d4d2990 code [0x00007feb7d4d2b60, 0x00007feb7d4d2ed0]
Event: 1,438 Thread 0x00007feb941dd000 3591       3       sun.nio.cs.StreamEncoder::writeBytes (132 bytes)
Event: 1,438 Thread 0x00007feb941dd000 nmethod 3591 0x00007feb7d4d3010 code [0x00007feb7d4d3280, 0x00007feb7d4d3cf0]
Event: 1,438 Thread 0x00007feb941dd000 3592   !   3       java.io.PrintStream::write (69 bytes)
Event: 1,439 Thread 0x00007feb941dd000 nmethod 3592 0x00007feb7d4d4090 code [0x00007feb7d4d42c0, 0x00007feb7d4d4a90]
Event: 1,439 Thread 0x00007feb941dd000 3593  s    3       java.io.BufferedOutputStream::write (67 bytes)
Event: 1,439 Thread 0x00007feb941dd000 nmethod 3593 0x00007feb7d4d4e10 code [0x00007feb7d4d5020, 0x00007feb7d4d5890]
Event: 1,439 Thread 0x00007feb941dd000 3594       3       java.io.FileOutputStream::write (20 bytes)
Event: 1,439 Thread 0x00007feb941dd000 nmethod 3594 0x00007feb7d4d5a90 code [0x00007feb7d4d5c60, 0x00007feb7d4d5e20]
Event: 1,439 Thread 0x00007feb941dd000 3598   !   3       java.io.PrintStream::write (83 bytes)
Event: 1,440 Thread 0x00007feb941dd000 nmethod 3598 0x00007feb7d4d5f10 code [0x00007feb7d4d61c0, 0x00007feb7d4d6f30]
Event: 1,440 Thread 0x00007feb941dd000 3599       3       java.io.PrintStream::print (9 bytes)
Event: 1,440 Thread 0x00007feb941dd000 nmethod 3599 0x00007feb7d4d7590 code [0x00007feb7d4d7760, 0x00007feb7d4d78d0]
Event: 1,440 Thread 0x00007feb941dd000 3596       3       java.nio.ByteBuffer::clear (7 bytes)
Event: 1,440 Thread 0x00007feb941dd000 nmethod 3596 0x00007feb7d4d7990 code [0x00007feb7d4d7b40, 0x00007feb7d4d7cd0]
Event: 1,440 Thread 0x00007feb941dd000 3597       3       java.nio.Buffer::clear (20 bytes)
Event: 1,440 Thread 0x00007feb941dd000 nmethod 3597 0x00007feb7d4d7d90 code [0x00007feb7d4d7f40, 0x00007feb7d4d8070]
Event: 1,452 Thread 0x00007feb44303800 nmethod 3588 0x00007feb844f1610 code [0x00007feb844f18c0, 0x00007feb844f4020]
Event: 1,478 Thread 0x00007feb44211800 nmethod 3361 0x00007feb844f5390 code [0x00007feb844f5780, 0x00007feb844fb580]
Event: 1,580 Thread 0x00007feb941db000 nmethod 3541 0x00007feb844fe010 code [0x00007feb844fe4a0, 0x00007feb84504c28]

GC Heap History (4 events):
Event: 0,336 GC heap before
{Heap before GC invocations=0 (full 0):
 garbage-first heap   total 258048K, used 25288K [0x0000000707000000, 0x0000000800000000)
  region size 1024K, 24 young (24576K), 0 survivors (0K)
 Metaspace       used 5181K, capacity 7741K, committed 7936K, reserved 1056768K
  class space    used 642K, capacity 924K, committed 1024K, reserved 1048576K
}
Event: 0,345 GC heap after
{Heap after GC invocations=1 (full 0):
 garbage-first heap   total 258048K, used 3727K [0x0000000707000000, 0x0000000800000000)
  region size 1024K, 3 young (3072K), 3 survivors (3072K)
 Metaspace       used 5181K, capacity 7741K, committed 7936K, reserved 1056768K
  class space    used 642K, capacity 924K, committed 1024K, reserved 1048576K
}
Event: 1,341 GC heap before
{Heap before GC invocations=1 (full 0):
 garbage-first heap   total 258048K, used 154255K [0x0000000707000000, 0x0000000800000000)
  region size 1024K, 150 young (153600K), 3 survivors (3072K)
 Metaspace       used 15532K, capacity 16883K, committed 17152K, reserved 1064960K
  class space    used 1751K, capacity 1957K, committed 2048K, reserved 1048576K
}
Event: 1,350 GC heap after
{Heap after GC invocations=2 (full 0):
 garbage-first heap   total 258048K, used 11547K [0x0000000707000000, 0x0000000800000000)
  region size 1024K, 11 young (11264K), 11 survivors (11264K)
 Metaspace       used 15532K, capacity 16883K, committed 17152K, reserved 1064960K
  class space    used 1751K, capacity 1957K, committed 2048K, reserved 1048576K
}

Deoptimization events (20 events):
Event: 1,337 Thread 0x00007feb94016800 Uncommon trap: trap_request=0xffffff4d fr.pc=0x00007feb843aa174 relative=0x0000000000000134
Event: 1,337 Thread 0x00007feb94016800 Uncommon trap: reason=unstable_if action=reinterpret pc=0x00007feb843aa174 method=java.io.Reader.read()I @ 12 c2
Event: 1,337 Thread 0x00007feb94016800 DEOPT PACKING pc=0x00007feb843aa174 sp=0x00007feb9a3137c0
Event: 1,337 Thread 0x00007feb94016800 DEOPT UNPACKING pc=0x00007feb7c89d9a5 sp=0x00007feb9a313768 mode 2
Event: 1,340 Thread 0x00007feb94016800 DEOPT PACKING pc=0x00007feb7d26c420 sp=0x00007feb9a3136a0
Event: 1,340 Thread 0x00007feb94016800 DEOPT UNPACKING pc=0x00007feb7c89e14a sp=0x00007feb9a312bd8 mode 0
Event: 1,356 Thread 0x00007feb94016800 DEOPT PACKING pc=0x00007feb7d26c420 sp=0x00007feb9a3134f0
Event: 1,356 Thread 0x00007feb94016800 DEOPT UNPACKING pc=0x00007feb7c89e14a sp=0x00007feb9a312a28 mode 0
Event: 1,388 Thread 0x00007feb94016800 DEOPT PACKING pc=0x00007feb7cee2a4c sp=0x00007feb9a311530
Event: 1,388 Thread 0x00007feb94016800 DEOPT UNPACKING pc=0x00007feb7c89e14a sp=0x00007feb9a310950 mode 0
Event: 1,390 Thread 0x00007feb94016800 Uncommon trap: trap_request=0xffffff4d fr.pc=0x00007feb8441acec relative=0x000000000000082c
Event: 1,390 Thread 0x00007feb94016800 Uncommon trap: reason=unstable_if action=reinterpret pc=0x00007feb8441acec method=com.google.inject.internal.MoreTypes.canonicalize(Ljava/lang/reflect/Type;)Ljava/lang/reflect/Type; @ 16 c2
Event: 1,390 Thread 0x00007feb94016800 DEOPT PACKING pc=0x00007feb8441acec sp=0x00007feb9a3143f0
Event: 1,390 Thread 0x00007feb94016800 DEOPT UNPACKING pc=0x00007feb7c89d9a5 sp=0x00007feb9a3143f0 mode 2
Event: 1,396 Thread 0x00007feb94d46000 Uncommon trap: trap_request=0xffffffde fr.pc=0x00007feb84370730 relative=0x0000000000001370
Event: 1,396 Thread 0x00007feb94d46000 Uncommon trap: reason=class_check action=maybe_recompile pc=0x00007feb84370730 method=jdk.internal.loader.URLClassPath.getLoader(I)Ljdk/internal/loader/URLClassPath$Loader; @ 88 c2
Event: 1,396 Thread 0x00007feb94d46000 DEOPT PACKING pc=0x00007feb84370730 sp=0x00007feb177fcf60
Event: 1,396 Thread 0x00007feb94d46000 DEOPT UNPACKING pc=0x00007feb7c89d9a5 sp=0x00007feb177fcf60 mode 2
Event: 1,398 Thread 0x00007feb94d46000 DEOPT PACKING pc=0x00007feb7d26c420 sp=0x00007feb177f6ec0
Event: 1,398 Thread 0x00007feb94d46000 DEOPT UNPACKING pc=0x00007feb7c89e14a sp=0x00007feb177f63f8 mode 0

Classes redefined (0 events):
No events

Internal exceptions (20 events):
Event: 0,103 Thread 0x00007feb94016800 Exception <a 'java/lang/NoClassDefFoundError'{0x0000000716649ef8}: org/fusesource/jansi/internal/CLibrary> (0x0000000716649ef8) thrown at [src/hotspot/share/classfile/systemDictionary.cpp, line 220]
Event: 0,103 Thread 0x00007feb94016800 Exception <a 'java/lang/NoClassDefFoundError'{0x000000071664a460}: org/fusesource/jansi/internal/CLibrary> (0x000000071664a460) thrown at [src/hotspot/share/oops/constantPool.cpp, line 775]
Event: 0,103 Thread 0x00007feb94016800 Exception <a 'java/lang/NoClassDefFoundError'{0x00000007166563f8}: org/fusesource/jansi/internal/CLibrary> (0x00000007166563f8) thrown at [src/hotspot/share/oops/constantPool.cpp, line 775]
Event: 0,103 Thread 0x00007feb94016800 Exception <a 'java/lang/NoClassDefFoundError'{0x0000000716656718}: org/fusesource/jansi/internal/CLibrary> (0x0000000716656718) thrown at [src/hotspot/share/oops/constantPool.cpp, line 775]
Event: 0,726 Thread 0x00007feb94016800 Exception <a 'java/lang/NoClassDefFoundError'{0x0000000713db7468}: com/google/inject/servlet/ServletModuleTargetVisitor> (0x0000000713db7468) thrown at [src/hotspot/share/classfile/systemDictionary.cpp, line 220]
Event: 0,726 Thread 0x00007feb94016800 Exception <a 'java/lang/NoClassDefFoundError'{0x0000000713db7468}> (0x0000000713db7468) thrown at [src/hotspot/share/prims/jvm.cpp, line 1310]
Event: 0,863 Thread 0x00007feb94016800 Implicit null exception at 0x00007feb84361b84 to 0x00007feb84362084
Event: 0,863 Thread 0x00007feb94016800 Implicit null exception at 0x00007feb84374304 to 0x00007feb84374828
Event: 1,092 Thread 0x00007feb94016800 Implicit null exception at 0x00007feb843d4505 to 0x00007feb843d46f0
Event: 1,092 Thread 0x00007feb94016800 Implicit null exception at 0x00007feb843b342f to 0x00007feb843b34ad
Event: 1,092 Thread 0x00007feb94016800 Implicit null exception at 0x00007feb844508cb to 0x00007feb84450fca
Event: 1,364 Thread 0x00007feb94016800 Exception <a 'java/lang/NoClassDefFoundError'{0x00000007167641b8}: org/sonatype/aether/deployment/DeploymentException> (0x00000007167641b8) thrown at [src/hotspot/share/classfile/systemDictionary.cpp, line 220]
Event: 1,364 Thread 0x00007feb94016800 Exception <a 'java/lang/NoClassDefFoundError'{0x0000000716771498}: org/sonatype/aether/resolution/ArtifactDescriptorException> (0x0000000716771498) thrown at [src/hotspot/share/classfile/systemDictionary.cpp, line 220]
Event: 1,365 Thread 0x00007feb94016800 Exception <a 'java/lang/NoClassDefFoundError'{0x0000000716788110}: org/sonatype/aether/artifact/Artifact> (0x0000000716788110) thrown at [src/hotspot/share/classfile/systemDictionary.cpp, line 220]
Event: 1,367 Thread 0x00007feb94016800 Exception <a 'java/lang/NoClassDefFoundError'{0x00000007167d8f90}: org/sonatype/aether/installation/InstallationException> (0x00000007167d8f90) thrown at [src/hotspot/share/classfile/systemDictionary.cpp, line 220]
Event: 1,370 Thread 0x00007feb94016800 Exception <a 'java/lang/NoClassDefFoundError'{0x00000007166468a0}: org/sonatype/aether/resolution/ArtifactResolutionException> (0x00000007166468a0) thrown at [src/hotspot/share/classfile/systemDictionary.cpp, line 220]
Event: 1,370 Thread 0x00007feb94016800 Exception <a 'java/lang/NoClassDefFoundError'{0x0000000716656a90}: org/sonatype/aether/collection/DependencyCollectionException> (0x0000000716656a90) thrown at [src/hotspot/share/classfile/systemDictionary.cpp, line 220]
Event: 1,373 Thread 0x00007feb94016800 Exception <a 'java/lang/NoClassDefFoundError'{0x00000007166c2708}: org/sonatype/aether/artifact/Artifact> (0x00000007166c2708) thrown at [src/hotspot/share/classfile/systemDictionary.cpp, line 220]
Event: 1,405 Thread 0x00007feb94d46000 Exception <a 'java/lang/NoSuchMethodError'{0x00000007162fb680}: 'void java.lang.invoke.DirectMethodHandle$Holder.invokeStaticInit(java.lang.Object, java.lang.Object)'> (0x00000007162fb680) thrown at [src/hotspot/share/interpreter/linkResolver.cpp, line 773]
Event: 1,406 Thread 0x00007feb94d46000 Exception <a 'java/lang/NoSuchMethodError'{0x00000007162fe8d8}: 'void java.lang.invoke.Invokers$Holder.invoke_MT(java.lang.Object, java.lang.Object, java.lang.Object)'> (0x00000007162fe8d8) thrown at [src/hotspot/share/interpreter/linkResolver.cpp, line 773]

Events (20 events):
Event: 1,436 loading class java/io/DeleteOnExitHook
Event: 1,436 loading class java/io/DeleteOnExitHook done
Event: 1,436 loading class java/io/DeleteOnExitHook$1
Event: 1,436 loading class java/io/DeleteOnExitHook$1 done
Event: 1,436 Executing VM operation: RevokeBias
Event: 1,436 Executing VM operation: RevokeBias done
Event: 1,436 loading class org/rdfhdt/hdt/util/listener/IntermediateListener
Event: 1,436 loading class org/rdfhdt/hdt/util/listener/IntermediateListener done
Event: 1,436 loading class org/rdfhdt/hdt/compact/sequence/SequenceLog64
Event: 1,436 loading class org/rdfhdt/hdt/compact/sequence/SequenceLog64 done
Event: 1,437 loading class org/rdfhdt/hdt/compact/sequence/DynamicSequence
Event: 1,437 loading class org/rdfhdt/hdt/compact/sequence/DynamicSequence done
Event: 1,437 loading class org/rdfhdt/hdt/compact/sequence/Sequence
Event: 1,437 loading class org/rdfhdt/hdt/compact/sequence/Sequence done
Event: 1,437 loading class org/rdfhdt/hdt/util/crc/CRCOutputStream
Event: 1,437 loading class org/rdfhdt/hdt/util/crc/CRCOutputStream done
Event: 1,437 loading class org/rdfhdt/hdt/util/BitUtil
Event: 1,437 loading class org/rdfhdt/hdt/util/BitUtil done
Event: 6,478 Thread 0x00007feb44211800 Thread exited: 0x00007feb44211800
Event: 11,452 Thread 0x00007feb44303800 Thread exited: 0x00007feb44303800


Dynamic libraries:
707000000-716a00000 rw-p 00000000 00:00 0 
716a00000-7bfe00000 ---p 00000000 00:00 0 
7bfe00000-7bfe47000 rw-p 01111000 08:03 13371161                         /usr/lib/jvm/java-11-openjdk-amd64/lib/server/classes.jsa
7bfe47000-7bff00000 rw-p 00000000 00:00 0 
7bff00000-7bff6b000 rw-p 010a6000 08:03 13371161                         /usr/lib/jvm/java-11-openjdk-amd64/lib/server/classes.jsa
7bff6b000-7c0000000 rw-p 00000000 00:00 0 
7c0000000-800000000 ---p 00000000 00:00 0 
800000000-800002000 rwxp 00001000 08:03 13371161                         /usr/lib/jvm/java-11-openjdk-amd64/lib/server/classes.jsa
800002000-8003b9000 rw-p 00003000 08:03 13371161                         /usr/lib/jvm/java-11-openjdk-amd64/lib/server/classes.jsa
8003b9000-800a96000 r--p 003ba000 08:03 13371161                         /usr/lib/jvm/java-11-openjdk-amd64/lib/server/classes.jsa
800a96000-800a97000 rw-p 00a97000 08:03 13371161                         /usr/lib/jvm/java-11-openjdk-amd64/lib/server/classes.jsa
800a97000-8010a5000 r--p 00a98000 08:03 13371161                         /usr/lib/jvm/java-11-openjdk-amd64/lib/server/classes.jsa
840000000-840220000 rw-p 00000000 00:00 0 
840220000-880000000 ---p 00000000 00:00 0 
55952435a000-55952435b000 r--p 00000000 08:03 12594377                   /usr/lib/jvm/java-11-openjdk-amd64/bin/java
55952435b000-55952435c000 r-xp 00001000 08:03 12594377                   /usr/lib/jvm/java-11-openjdk-amd64/bin/java
55952435c000-55952435d000 r--p 00002000 08:03 12594377                   /usr/lib/jvm/java-11-openjdk-amd64/bin/java
55952435d000-55952435e000 r--p 00002000 08:03 12594377                   /usr/lib/jvm/java-11-openjdk-amd64/bin/java
55952435e000-55952435f000 rw-p 00003000 08:03 12594377                   /usr/lib/jvm/java-11-openjdk-amd64/bin/java
5595244da000-5595244fb000 rw-p 00000000 00:00 0                          [heap]
7feb0f807000-7feb10000000 rw-p 00000000 00:00 0 
7feb10000000-7feb1069d000 rw-p 00000000 00:00 0 
7feb1069d000-7feb14000000 ---p 00000000 00:00 0 
7feb14125000-7feb176ff000 rw-p 00000000 00:00 0 
7feb176ff000-7feb17703000 ---p 00000000 00:00 0 
7feb17703000-7feb179c0000 rw-p 00000000 00:00 0 
7feb179c0000-7feb17a00000 ---p 00000000 00:00 0 
7feb17a00000-7feb17c00000 rw-p 00000000 00:00 0 
7feb17c00000-7feb17e00000 rw-p 00000000 00:00 0 
7feb17e00000-7feb18000000 rw-p 00000000 00:00 0 
7feb18000000-7feb18021000 rw-p 00000000 00:00 0 
7feb18021000-7feb1c000000 ---p 00000000 00:00 0 
7feb1c000000-7feb1c021000 rw-p 00000000 00:00 0 
7feb1c021000-7feb20000000 ---p 00000000 00:00 0 
7feb20000000-7feb20021000 rw-p 00000000 00:00 0 
7feb20021000-7feb24000000 ---p 00000000 00:00 0 
7feb24000000-7feb24021000 rw-p 00000000 00:00 0 
7feb24021000-7feb28000000 ---p 00000000 00:00 0 
7feb28000000-7feb288f5000 rw-p 00000000 00:00 0 
7feb288f5000-7feb2c000000 ---p 00000000 00:00 0 
7feb2c000000-7feb2c021000 rw-p 00000000 00:00 0 
7feb2c021000-7feb30000000 ---p 00000000 00:00 0 
7feb30000000-7feb30021000 rw-p 00000000 00:00 0 
7feb30021000-7feb34000000 ---p 00000000 00:00 0 
7feb34000000-7feb346c3000 rw-p 00000000 00:00 0 
7feb346c3000-7feb38000000 ---p 00000000 00:00 0 
7feb38000000-7feb38021000 rw-p 00000000 00:00 0 
7feb38021000-7feb3c000000 ---p 00000000 00:00 0 
7feb3c000000-7feb3c021000 rw-p 00000000 00:00 0 
7feb3c021000-7feb40000000 ---p 00000000 00:00 0 
7feb40000000-7feb40f4d000 rw-p 00000000 00:00 0 
7feb40f4d000-7feb44000000 ---p 00000000 00:00 0 
7feb44000000-7feb447f5000 rw-p 00000000 00:00 0 
7feb447f5000-7feb48000000 ---p 00000000 00:00 0 
7feb48000000-7feb48021000 rw-p 00000000 00:00 0 
7feb48021000-7feb4c000000 ---p 00000000 00:00 0 
7feb4c000000-7feb4c021000 rw-p 00000000 00:00 0 
7feb4c021000-7feb50000000 ---p 00000000 00:00 0 
7feb50000000-7feb50021000 rw-p 00000000 00:00 0 
7feb50021000-7feb54000000 ---p 00000000 00:00 0 
7feb54000000-7feb54021000 rw-p 00000000 00:00 0 
7feb54021000-7feb58000000 ---p 00000000 00:00 0 
7feb58000000-7feb58021000 rw-p 00000000 00:00 0 
7feb58021000-7feb5c000000 ---p 00000000 00:00 0 
7feb5c000000-7feb5c021000 rw-p 00000000 00:00 0 
7feb5c021000-7feb60000000 ---p 00000000 00:00 0 
7feb60000000-7feb60021000 rw-p 00000000 00:00 0 
7feb60021000-7feb64000000 ---p 00000000 00:00 0 
7feb64000000-7feb64021000 rw-p 00000000 00:00 0 
7feb64021000-7feb68000000 ---p 00000000 00:00 0 
7feb6804c000-7feb68052000 r--p 00000000 08:03 12616458                   /usr/lib/libk2triples.so
7feb68052000-7feb68077000 r-xp 00006000 08:03 12616458                   /usr/lib/libk2triples.so
7feb68077000-7feb6807a000 r--p 0002b000 08:03 12616458                   /usr/lib/libk2triples.so
7feb6807a000-7feb6807b000 ---p 0002e000 08:03 12616458                   /usr/lib/libk2triples.so
7feb6807b000-7feb6807c000 r--p 0002e000 08:03 12616458                   /usr/lib/libk2triples.so
7feb6807c000-7feb6807d000 rw-p 0002f000 08:03 12616458                   /usr/lib/libk2triples.so
7feb6807d000-7feb6807e000 ---p 00000000 00:00 0 
7feb6807e000-7feb6817f000 rw-p 00000000 00:00 0 
7feb6817f000-7feb68180000 ---p 00000000 00:00 0 
7feb68180000-7feb68281000 rw-p 00000000 00:00 0 
7feb68281000-7feb68282000 ---p 00000000 00:00 0 
7feb68282000-7feb68383000 rw-p 00000000 00:00 0 
7feb68383000-7feb68384000 ---p 00000000 00:00 0 
7feb68384000-7feb68485000 rw-p 00000000 00:00 0 
7feb68485000-7feb68486000 ---p 00000000 00:00 0 
7feb68486000-7feb68587000 rw-p 00000000 00:00 0 
7feb68587000-7feb6858b000 ---p 00000000 00:00 0 
7feb6858b000-7feb68688000 rw-p 00000000 00:00 0 
7feb68688000-7feb6868c000 ---p 00000000 00:00 0 
7feb6868c000-7feb68789000 rw-p 00000000 00:00 0 
7feb68789000-7feb6878d000 ---p 00000000 00:00 0 
7feb6878d000-7feb6888a000 rw-p 00000000 00:00 0 
7feb6888a000-7feb6888b000 ---p 00000000 00:00 0 
7feb6888b000-7feb6898c000 rw-p 00000000 00:00 0 
7feb6898c000-7feb68990000 ---p 00000000 00:00 0 
7feb68990000-7feb68a8d000 rw-p 00000000 00:00 0 
7feb68a8d000-7feb68a91000 ---p 00000000 00:00 0 
7feb68a91000-7feb68b8e000 rw-p 00000000 00:00 0 
7feb68b8e000-7feb68b92000 ---p 00000000 00:00 0 
7feb68b92000-7feb68c8f000 rw-p 00000000 00:00 0 
7feb68c8f000-7feb68c93000 ---p 00000000 00:00 0 
7feb68c93000-7feb68d90000 rw-p 00000000 00:00 0 
7feb68d90000-7feb68d94000 ---p 00000000 00:00 0 
7feb68d94000-7feb68e91000 rw-p 00000000 00:00 0 
7feb68e91000-7feb69176000 r--p 00000000 08:03 12583282                   /usr/lib/locale/locale-archive
7feb69176000-7feb6917a000 ---p 00000000 00:00 0 
7feb6917a000-7feb69277000 rw-p 00000000 00:00 0 
7feb69277000-7feb6927b000 ---p 00000000 00:00 0 
7feb6927b000-7feb69378000 rw-p 00000000 00:00 0 
7feb69378000-7feb69379000 ---p 00000000 00:00 0 
7feb69379000-7feb69cfb000 rw-p 00000000 00:00 0 
7feb69cfb000-7feb69cfc000 ---p 00000000 00:00 0 
7feb69cfc000-7feb69dfd000 rw-p 00000000 00:00 0 
7feb69dfd000-7feb69dfe000 ---p 00000000 00:00 0 
7feb69dfe000-7feb6c000000 rw-p 00000000 00:00 0 
7feb6c000000-7feb6c021000 rw-p 00000000 00:00 0 
7feb6c021000-7feb70000000 ---p 00000000 00:00 0 
7feb70020000-7feb70051000 rw-p 00000000 00:00 0 
7feb70051000-7feb70055000 r--p 00000000 08:03 12725097                   /usr/lib/jvm/java-11-openjdk-amd64/lib/libnet.so
7feb70055000-7feb70064000 r-xp 00004000 08:03 12725097                   /usr/lib/jvm/java-11-openjdk-amd64/lib/libnet.so
7feb70064000-7feb70068000 r--p 00013000 08:03 12725097                   /usr/lib/jvm/java-11-openjdk-amd64/lib/libnet.so
7feb70068000-7feb70069000 r--p 00016000 08:03 12725097                   /usr/lib/jvm/java-11-openjdk-amd64/lib/libnet.so
7feb70069000-7feb7006a000 rw-p 00017000 08:03 12725097                   /usr/lib/jvm/java-11-openjdk-amd64/lib/libnet.so
7feb7006a000-7feb70071000 r--p 00000000 08:03 12725098                   /usr/lib/jvm/java-11-openjdk-amd64/lib/libnio.so
7feb70071000-7feb70078000 r-xp 00007000 08:03 12725098                   /usr/lib/jvm/java-11-openjdk-amd64/lib/libnio.so
7feb70078000-7feb7007b000 r--p 0000e000 08:03 12725098                   /usr/lib/jvm/java-11-openjdk-amd64/lib/libnio.so
7feb7007b000-7feb7007c000 r--p 00010000 08:03 12725098                   /usr/lib/jvm/java-11-openjdk-amd64/lib/libnio.so
7feb7007c000-7feb7007d000 rw-p 00011000 08:03 12725098                   /usr/lib/jvm/java-11-openjdk-amd64/lib/libnio.so
7feb7007d000-7feb70768000 rw-p 00000000 00:00 0 
7feb70768000-7feb731b8000 ---p 00000000 00:00 0 
7feb731b8000-7feb731c0000 rw-p 00000000 00:00 0 
7feb731c0000-7feb741c0000 ---p 00000000 00:00 0 
7feb741c0000-7feb745a8000 rw-p 00000000 00:00 0 
7feb745a8000-7feb76ff8000 ---p 00000000 00:00 0 
7feb76ff8000-7feb77000000 rw-p 00000000 00:00 0 
7feb77000000-7feb78000000 ---p 00000000 00:00 0 
7feb78000000-7feb78021000 rw-p 00000000 00:00 0 
7feb78021000-7feb7c000000 ---p 00000000 00:00 0 
7feb7c001000-7feb7c005000 r--p 00000000 08:03 12587494                   /usr/lib/libjnidictionary.so
7feb7c005000-7feb7c008000 r-xp 00004000 08:03 12587494                   /usr/lib/libjnidictionary.so
7feb7c008000-7feb7c009000 r--p 00007000 08:03 12587494                   /usr/lib/libjnidictionary.so
7feb7c009000-7feb7c00a000 ---p 00008000 08:03 12587494                   /usr/lib/libjnidictionary.so
7feb7c00a000-7feb7c00b000 r--p 00008000 08:03 12587494                   /usr/lib/libjnidictionary.so
7feb7c00b000-7feb7c00c000 rw-p 00009000 08:03 12587494                   /usr/lib/libjnidictionary.so
7feb7c00c000-7feb7c12d000 rw-p 00000000 00:00 0 
7feb7c12d000-7feb7c677000 ---p 00000000 00:00 0 
7feb7c677000-7feb7c678000 rw-p 00000000 00:00 0 
7feb7c678000-7feb7c878000 ---p 00000000 00:00 0 
7feb7c878000-7feb7cae8000 rwxp 00000000 00:00 0 
7feb7cae8000-7feb7ce09000 ---p 00000000 00:00 0 
7feb7ce09000-7feb7d4d9000 rwxp 00000000 00:00 0 
7feb7d4d9000-7feb84340000 ---p 00000000 00:00 0 
7feb84340000-7feb845b0000 rwxp 00000000 00:00 0 
7feb845b0000-7feb8b878000 ---p 00000000 00:00 0 
7feb8b878000-7feb94000000 r--s 00000000 08:03 12725110                   /usr/lib/jvm/java-11-openjdk-amd64/lib/modules
7feb94000000-7feb94d56000 rw-p 00000000 00:00 0 
7feb94d56000-7feb98000000 ---p 00000000 00:00 0 
7feb98007000-7feb9842c000 rw-p 00000000 00:00 0 
7feb9842c000-7feb9842d000 ---p 00000000 00:00 0 
7feb9842d000-7feb9852e000 rw-p 00000000 00:00 0 
7feb9852e000-7feb9852f000 ---p 00000000 00:00 0 
7feb9852f000-7feb987ae000 rw-p 00000000 00:00 0 
7feb987ae000-7feb98cf8000 ---p 00000000 00:00 0 
7feb98cf8000-7feb98cf9000 rw-p 00000000 00:00 0 
7feb98cf9000-7feb98ef9000 ---p 00000000 00:00 0 
7feb98ef9000-7feb98f76000 rw-p 00000000 00:00 0 
7feb98f76000-7feb994c0000 ---p 00000000 00:00 0 
7feb994c0000-7feb994c1000 rw-p 00000000 00:00 0 
7feb994c1000-7feb996c1000 ---p 00000000 00:00 0 
7feb996c1000-7feb99ec9000 rw-p 00000000 00:00 0 
7feb99ec9000-7feb99eca000 ---p 00000000 00:00 0 
7feb99eca000-7feb99fd0000 rw-p 00000000 00:00 0 
7feb99fd0000-7feb9a0b6000 ---p 00000000 00:00 0 
7feb9a0b6000-7feb9a0c4000 rw-p 00000000 00:00 0 
7feb9a0c4000-7feb9a1a1000 ---p 00000000 00:00 0 
7feb9a1a1000-7feb9a1a6000 rw-p 00000000 00:00 0 
7feb9a1a6000-7feb9a1ad000 ---p 00000000 00:00 0 
7feb9a1ad000-7feb9a1b0000 r--p 00000000 08:03 12583561                   /usr/lib/x86_64-linux-gnu/libnss_files-2.28.so
7feb9a1b0000-7feb9a1b7000 r-xp 00003000 08:03 12583561                   /usr/lib/x86_64-linux-gnu/libnss_files-2.28.so
7feb9a1b7000-7feb9a1b9000 r--p 0000a000 08:03 12583561                   /usr/lib/x86_64-linux-gnu/libnss_files-2.28.so
7feb9a1b9000-7feb9a1ba000 ---p 0000c000 08:03 12583561                   /usr/lib/x86_64-linux-gnu/libnss_files-2.28.so
7feb9a1ba000-7feb9a1bb000 r--p 0000c000 08:03 12583561                   /usr/lib/x86_64-linux-gnu/libnss_files-2.28.so
7feb9a1bb000-7feb9a1bc000 rw-p 0000d000 08:03 12583561                   /usr/lib/x86_64-linux-gnu/libnss_files-2.28.so
7feb9a1bc000-7feb9a1c2000 rw-p 00000000 00:00 0 
7feb9a1c9000-7feb9a1cb000 r--s 00007000 08:03 13112440                   /usr/share/java/java-atk-wrapper.jar
7feb9a1cb000-7feb9a1cd000 r--p 00000000 08:03 12725109                   /usr/lib/jvm/java-11-openjdk-amd64/lib/libzip.so
7feb9a1cd000-7feb9a1d1000 r-xp 00002000 08:03 12725109                   /usr/lib/jvm/java-11-openjdk-amd64/lib/libzip.so
7feb9a1d1000-7feb9a1d3000 r--p 00006000 08:03 12725109                   /usr/lib/jvm/java-11-openjdk-amd64/lib/libzip.so
7feb9a1d3000-7feb9a1d4000 r--p 00007000 08:03 12725109                   /usr/lib/jvm/java-11-openjdk-amd64/lib/libzip.so
7feb9a1d4000-7feb9a1d5000 rw-p 00008000 08:03 12725109                   /usr/lib/jvm/java-11-openjdk-amd64/lib/libzip.so
7feb9a1d5000-7feb9a1dd000 rw-s 00000000 08:03 1838445                    /tmp/hsperfdata_dramos/11999
7feb9a1dd000-7feb9a1de000 ---p 00000000 00:00 0 
7feb9a1de000-7feb9a1df000 r--p 00000000 00:00 0 
7feb9a1df000-7feb9a1ed000 r--p 00000000 08:03 12725082                   /usr/lib/jvm/java-11-openjdk-amd64/lib/libjava.so
7feb9a1ed000-7feb9a202000 r-xp 0000e000 08:03 12725082                   /usr/lib/jvm/java-11-openjdk-amd64/lib/libjava.so
7feb9a202000-7feb9a209000 r--p 00023000 08:03 12725082                   /usr/lib/jvm/java-11-openjdk-amd64/lib/libjava.so
7feb9a209000-7feb9a20a000 r--p 00029000 08:03 12725082                   /usr/lib/jvm/java-11-openjdk-amd64/lib/libjava.so
7feb9a20a000-7feb9a20b000 rw-p 0002a000 08:03 12725082                   /usr/lib/jvm/java-11-openjdk-amd64/lib/libjava.so
7feb9a20b000-7feb9a20c000 rw-p 00000000 00:00 0 
7feb9a20c000-7feb9a20e000 r--p 00000000 08:03 12583569                   /usr/lib/x86_64-linux-gnu/librt-2.28.so
7feb9a20e000-7feb9a212000 r-xp 00002000 08:03 12583569                   /usr/lib/x86_64-linux-gnu/librt-2.28.so
7feb9a212000-7feb9a214000 r--p 00006000 08:03 12583569                   /usr/lib/x86_64-linux-gnu/librt-2.28.so
7feb9a214000-7feb9a215000 r--p 00007000 08:03 12583569                   /usr/lib/x86_64-linux-gnu/librt-2.28.so
7feb9a215000-7feb9a216000 rw-p 00008000 08:03 12583569                   /usr/lib/x86_64-linux-gnu/librt-2.28.so
7feb9a216000-7feb9a21a000 ---p 00000000 00:00 0 
7feb9a21a000-7feb9a317000 rw-p 00000000 00:00 0 
7feb9a317000-7feb9a31a000 r--p 00000000 08:03 12582933                   /usr/lib/x86_64-linux-gnu/libgcc_s.so.1
7feb9a31a000-7feb9a32b000 r-xp 00003000 08:03 12582933                   /usr/lib/x86_64-linux-gnu/libgcc_s.so.1
7feb9a32b000-7feb9a32e000 r--p 00014000 08:03 12582933                   /usr/lib/x86_64-linux-gnu/libgcc_s.so.1
7feb9a32e000-7feb9a32f000 ---p 00017000 08:03 12582933                   /usr/lib/x86_64-linux-gnu/libgcc_s.so.1
7feb9a32f000-7feb9a330000 r--p 00017000 08:03 12582933                   /usr/lib/x86_64-linux-gnu/libgcc_s.so.1
7feb9a330000-7feb9a331000 rw-p 00018000 08:03 12582933                   /usr/lib/x86_64-linux-gnu/libgcc_s.so.1
7feb9a331000-7feb9a33e000 r--p 00000000 08:03 12583552                   /usr/lib/x86_64-linux-gnu/libm-2.28.so
7feb9a33e000-7feb9a3dd000 r-xp 0000d000 08:03 12583552                   /usr/lib/x86_64-linux-gnu/libm-2.28.so
7feb9a3dd000-7feb9a4b2000 r--p 000ac000 08:03 12583552                   /usr/lib/x86_64-linux-gnu/libm-2.28.so
7feb9a4b2000-7feb9a4b3000 r--p 00180000 08:03 12583552                   /usr/lib/x86_64-linux-gnu/libm-2.28.so
7feb9a4b3000-7feb9a4b4000 rw-p 00181000 08:03 12583552                   /usr/lib/x86_64-linux-gnu/libm-2.28.so
7feb9a4b4000-7feb9a53d000 r--p 00000000 08:03 12583199                   /usr/lib/x86_64-linux-gnu/libstdc++.so.6.0.25
7feb9a53d000-7feb9a5e9000 r-xp 00089000 08:03 12583199                   /usr/lib/x86_64-linux-gnu/libstdc++.so.6.0.25
7feb9a5e9000-7feb9a627000 r--p 00135000 08:03 12583199                   /usr/lib/x86_64-linux-gnu/libstdc++.so.6.0.25
7feb9a627000-7feb9a628000 ---p 00173000 08:03 12583199                   /usr/lib/x86_64-linux-gnu/libstdc++.so.6.0.25
7feb9a628000-7feb9a632000 r--p 00173000 08:03 12583199                   /usr/lib/x86_64-linux-gnu/libstdc++.so.6.0.25
7feb9a632000-7feb9a634000 rw-p 0017d000 08:03 12583199                   /usr/lib/x86_64-linux-gnu/libstdc++.so.6.0.25
7feb9a634000-7feb9a638000 rw-p 00000000 00:00 0 
7feb9a638000-7feb9a8b2000 r--p 00000000 08:03 13372845                   /usr/lib/jvm/java-11-openjdk-amd64/lib/server/libjvm.so
7feb9a8b2000-7feb9b4cd000 r-xp 0027a000 08:03 13372845                   /usr/lib/jvm/java-11-openjdk-amd64/lib/server/libjvm.so
7feb9b4cd000-7feb9b725000 r--p 00e95000 08:03 13372845                   /usr/lib/jvm/java-11-openjdk-amd64/lib/server/libjvm.so
7feb9b725000-7feb9b7e6000 r--p 010ec000 08:03 13372845                   /usr/lib/jvm/java-11-openjdk-amd64/lib/server/libjvm.so
7feb9b7e6000-7feb9b821000 rw-p 011ad000 08:03 13372845                   /usr/lib/jvm/java-11-openjdk-amd64/lib/server/libjvm.so
7feb9b821000-7feb9b87a000 rw-p 00000000 00:00 0 
7feb9b87a000-7feb9b89c000 r--p 00000000 08:03 12583549                   /usr/lib/x86_64-linux-gnu/libc-2.28.so
7feb9b89c000-7feb9b9e4000 r-xp 00022000 08:03 12583549                   /usr/lib/x86_64-linux-gnu/libc-2.28.so
7feb9b9e4000-7feb9ba30000 r--p 0016a000 08:03 12583549                   /usr/lib/x86_64-linux-gnu/libc-2.28.so
7feb9ba30000-7feb9ba31000 ---p 001b6000 08:03 12583549                   /usr/lib/x86_64-linux-gnu/libc-2.28.so
7feb9ba31000-7feb9ba35000 r--p 001b6000 08:03 12583549                   /usr/lib/x86_64-linux-gnu/libc-2.28.so
7feb9ba35000-7feb9ba37000 rw-p 001ba000 08:03 12583549                   /usr/lib/x86_64-linux-gnu/libc-2.28.so
7feb9ba37000-7feb9ba3b000 rw-p 00000000 00:00 0 
7feb9ba3b000-7feb9ba3c000 r--p 00000000 08:03 12583551                   /usr/lib/x86_64-linux-gnu/libdl-2.28.so
7feb9ba3c000-7feb9ba3d000 r-xp 00001000 08:03 12583551                   /usr/lib/x86_64-linux-gnu/libdl-2.28.so
7feb9ba3d000-7feb9ba3e000 r--p 00002000 08:03 12583551                   /usr/lib/x86_64-linux-gnu/libdl-2.28.so
7feb9ba3e000-7feb9ba3f000 r--p 00002000 08:03 12583551                   /usr/lib/x86_64-linux-gnu/libdl-2.28.so
7feb9ba3f000-7feb9ba40000 rw-p 00003000 08:03 12583551                   /usr/lib/x86_64-linux-gnu/libdl-2.28.so
7feb9ba40000-7feb9ba43000 r--p 00000000 08:03 13372842                   /usr/lib/jvm/java-11-openjdk-amd64/lib/jli/libjli.so
7feb9ba43000-7feb9ba4d000 r-xp 00003000 08:03 13372842                   /usr/lib/jvm/java-11-openjdk-amd64/lib/jli/libjli.so
7feb9ba4d000-7feb9ba50000 r--p 0000d000 08:03 13372842                   /usr/lib/jvm/java-11-openjdk-amd64/lib/jli/libjli.so
7feb9ba50000-7feb9ba51000 ---p 00010000 08:03 13372842                   /usr/lib/jvm/java-11-openjdk-amd64/lib/jli/libjli.so
7feb9ba51000-7feb9ba52000 r--p 00010000 08:03 13372842                   /usr/lib/jvm/java-11-openjdk-amd64/lib/jli/libjli.so
7feb9ba52000-7feb9ba53000 rw-p 00011000 08:03 13372842                   /usr/lib/jvm/java-11-openjdk-amd64/lib/jli/libjli.so
7feb9ba53000-7feb9ba59000 r--p 00000000 08:03 12583567                   /usr/lib/x86_64-linux-gnu/libpthread-2.28.so
7feb9ba59000-7feb9ba68000 r-xp 00006000 08:03 12583567                   /usr/lib/x86_64-linux-gnu/libpthread-2.28.so
7feb9ba68000-7feb9ba6e000 r--p 00015000 08:03 12583567                   /usr/lib/x86_64-linux-gnu/libpthread-2.28.so
7feb9ba6e000-7feb9ba6f000 r--p 0001a000 08:03 12583567                   /usr/lib/x86_64-linux-gnu/libpthread-2.28.so
7feb9ba6f000-7feb9ba70000 rw-p 0001b000 08:03 12583567                   /usr/lib/x86_64-linux-gnu/libpthread-2.28.so
7feb9ba70000-7feb9ba74000 rw-p 00000000 00:00 0 
7feb9ba74000-7feb9ba90000 r-xp 00000000 08:03 12585259                   /usr/lib/x86_64-linux-gnu/libz.so.1.2.11
7feb9ba90000-7feb9bc90000 ---p 0001c000 08:03 12585259                   /usr/lib/x86_64-linux-gnu/libz.so.1.2.11
7feb9bc90000-7feb9bc91000 r--p 0001c000 08:03 12585259                   /usr/lib/x86_64-linux-gnu/libz.so.1.2.11
7feb9bc91000-7feb9bc92000 rw-p 0001d000 08:03 12585259                   /usr/lib/x86_64-linux-gnu/libz.so.1.2.11
7feb9bc92000-7feb9bc94000 rw-p 00000000 00:00 0 
7feb9bc95000-7feb9bc97000 r--p 00000000 08:03 12725086                   /usr/lib/jvm/java-11-openjdk-amd64/lib/libjimage.so
7feb9bc97000-7feb9bc9a000 r-xp 00002000 08:03 12725086                   /usr/lib/jvm/java-11-openjdk-amd64/lib/libjimage.so
7feb9bc9a000-7feb9bc9c000 r--p 00005000 08:03 12725086                   /usr/lib/jvm/java-11-openjdk-amd64/lib/libjimage.so
7feb9bc9c000-7feb9bc9d000 r--p 00006000 08:03 12725086                   /usr/lib/jvm/java-11-openjdk-amd64/lib/libjimage.so
7feb9bc9d000-7feb9bc9e000 rw-p 00007000 08:03 12725086                   /usr/lib/jvm/java-11-openjdk-amd64/lib/libjimage.so
7feb9bc9e000-7feb9bca3000 r--p 00000000 08:03 12725108                   /usr/lib/jvm/java-11-openjdk-amd64/lib/libverify.so
7feb9bca3000-7feb9bcaa000 r-xp 00005000 08:03 12725108                   /usr/lib/jvm/java-11-openjdk-amd64/lib/libverify.so
7feb9bcaa000-7feb9bcac000 r--p 0000c000 08:03 12725108                   /usr/lib/jvm/java-11-openjdk-amd64/lib/libverify.so
7feb9bcac000-7feb9bcae000 r--p 0000d000 08:03 12725108                   /usr/lib/jvm/java-11-openjdk-amd64/lib/libverify.so
7feb9bcae000-7feb9bcaf000 rw-p 0000f000 08:03 12725108                   /usr/lib/jvm/java-11-openjdk-amd64/lib/libverify.so
7feb9bcaf000-7feb9bcb0000 r--p 00000000 08:03 12582935                   /usr/lib/x86_64-linux-gnu/ld-2.28.so
7feb9bcb0000-7feb9bcce000 r-xp 00001000 08:03 12582935                   /usr/lib/x86_64-linux-gnu/ld-2.28.so
7feb9bcce000-7feb9bcd6000 r--p 0001f000 08:03 12582935                   /usr/lib/x86_64-linux-gnu/ld-2.28.so
7feb9bcd6000-7feb9bcd7000 r--p 00026000 08:03 12582935                   /usr/lib/x86_64-linux-gnu/ld-2.28.so
7feb9bcd7000-7feb9bcd8000 rw-p 00027000 08:03 12582935                   /usr/lib/x86_64-linux-gnu/ld-2.28.so
7feb9bcd8000-7feb9bcd9000 rw-p 00000000 00:00 0 
7ffeaffad000-7ffeaffce000 rw-p 00000000 00:00 0                          [stack]
7ffeaffcf000-7ffeaffd2000 r--p 00000000 00:00 0                          [vvar]
7ffeaffd2000-7ffeaffd4000 r-xp 00000000 00:00 0                          [vdso]


VM Arguments:
jvm_args: -Dclassworlds.conf=/usr/share/maven/bin/m2.conf -Dmaven.home=/usr/share/maven -Dlibrary.jansi.path=/usr/share/maven/lib/jansi-native -Dmaven.multiModuleProjectDirectory=/home/dramos/TFM/git/hdt-jni/hdt-java-cli 
java_command: org.codehaus.plexus.classworlds.launcher.Launcher exec:java -Dexec.mainClass=org.rdfhdt.hdt.tools.RDF2HDT -Dexec.args=../hdt-java-core/data/test.nt ../hdt-java-core/data/test.hdt
java_class_path (initial): /usr/share/maven/boot/plexus-classworlds-2.x.jar
Launcher Type: SUN_STANDARD

[Global flags]
     intx CICompilerCount                          = 4                                         {product} {ergonomic}
     uint ConcGCThreads                            = 2                                         {product} {ergonomic}
     uint G1ConcRefinementThreads                  = 8                                         {product} {ergonomic}
   size_t G1HeapRegionSize                         = 1048576                                   {product} {ergonomic}
    uintx GCDrainStackTargetSize                   = 64                                        {product} {ergonomic}
   size_t InitialHeapSize                          = 262144000                                 {product} {ergonomic}
   size_t MarkStackSize                            = 4194304                                   {product} {ergonomic}
   size_t MaxHeapSize                              = 4177526784                                {product} {ergonomic}
   size_t MaxNewSize                               = 2506096640                                {product} {ergonomic}
   size_t MinHeapDeltaBytes                        = 1048576                                   {product} {ergonomic}
    uintx NonNMethodCodeHeapSize                   = 5836300                                {pd product} {ergonomic}
    uintx NonProfiledCodeHeapSize                  = 122910970                              {pd product} {ergonomic}
    uintx ProfiledCodeHeapSize                     = 122910970                              {pd product} {ergonomic}
    uintx ReservedCodeCacheSize                    = 251658240                              {pd product} {ergonomic}
     bool SegmentedCodeCache                       = true                                      {product} {ergonomic}
     bool UseCompressedClassPointers               = true                                 {lp64_product} {ergonomic}
     bool UseCompressedOops                        = true                                 {lp64_product} {ergonomic}
     bool UseG1GC                                  = true                                      {product} {ergonomic}

Logging:
Log output configuration:
 #0: stdout all=warning uptime,level,tags
 #1: stderr all=off uptime,level,tags

Environment Variables:
JAVA_HOME=/usr/lib/jvm/java-1.11.0-openjdk-amd64
PATH=/snap/bin:/usr/lib/jvm/java-1.11.0-openjdk-amd64/bin:/usr/local/bin:/usr/bin:/bin:/usr/local/games:/usr/games
SHELL=/bin/bash
DISPLAY=:0
LANG=es_ES.UTF-8

Signal Handlers:
SIGSEGV: [libjvm.so+0xe21ec0], sa_mask[0]=11111111011111111101111111111110, sa_flags=SA_RESTART|SA_SIGINFO
SIGBUS: [libjvm.so+0xe21ec0], sa_mask[0]=11111111011111111101111111111110, sa_flags=SA_RESTART|SA_SIGINFO
SIGFPE: [libjvm.so+0xe21ec0], sa_mask[0]=11111111011111111101111111111110, sa_flags=SA_RESTART|SA_SIGINFO
SIGPIPE: [libjvm.so+0xb75cf0], sa_mask[0]=11111111011111111101111111111110, sa_flags=SA_RESTART|SA_SIGINFO
SIGXFSZ: [libjvm.so+0xb75cf0], sa_mask[0]=11111111011111111101111111111110, sa_flags=SA_RESTART|SA_SIGINFO
SIGILL: [libjvm.so+0xe21ec0], sa_mask[0]=11111111011111111101111111111110, sa_flags=SA_RESTART|SA_SIGINFO
SIGUSR2: [libjvm.so+0xb75b80], sa_mask[0]=00000000000000000000000000000000, sa_flags=SA_RESTART|SA_SIGINFO
SIGHUP: [libjvm.so+0xb76030], sa_mask[0]=11111111011111111101111111111110, sa_flags=SA_RESTART|SA_SIGINFO
SIGINT: [libjvm.so+0xb76030], sa_mask[0]=11111111011111111101111111111110, sa_flags=SA_RESTART|SA_SIGINFO
SIGTERM: [libjvm.so+0xb76030], sa_mask[0]=11111111011111111101111111111110, sa_flags=SA_RESTART|SA_SIGINFO
SIGQUIT: [libjvm.so+0xb76030], sa_mask[0]=11111111011111111101111111111110, sa_flags=SA_RESTART|SA_SIGINFO


---------------  S Y S T E M  ---------------

OS:PRETTY_NAME="Debian GNU/Linux 10 (buster)"
NAME="Debian GNU/Linux"
VERSION_ID="10"
VERSION="10 (buster)"
VERSION_CODENAME=buster
ID=debian
HOME_URL="https://www.debian.org/"
SUPPORT_URL="https://www.debian.org/support"
BUG_REPORT_URL="https://bugs.debian.org/"
uname:Linux 4.19.0-16-amd64 #1 SMP Debian 4.19.181-1 (2021-03-19) x86_64
OS uptime: 0 days 2:31 hours
libc:glibc 2.28 NPTL 2.28 
rlimit (soft/hard): STACK 8192k/infinity , CORE 0k/infinity , NPROC 63525/63525 , NOFILE 1048576/1048576 , AS infinity/infinity , CPU infinity/infinity , DATA infinity/infinity , FSIZE infinity/infinity , MEMLOCK 65536k/65536k
load average:1,46 0,78 0,54

/proc/meminfo:
MemTotal:       16317872 kB
MemFree:         7401900 kB
MemAvailable:    9752608 kB
Buffers:          270628 kB
Cached:          2487232 kB
SwapCached:            0 kB
Active:          6680792 kB
Inactive:        1625556 kB
Active(anon):    5565128 kB
Inactive(anon):   287828 kB
Active(file):    1115664 kB
Inactive(file):  1337728 kB
Unevictable:         112 kB
Mlocked:             112 kB
SwapTotal:      10239996 kB
SwapFree:       10239996 kB
Dirty:              5960 kB
Writeback:             0 kB
AnonPages:       5427820 kB
Mapped:          1074372 kB
Shmem:            306116 kB
Slab:             362264 kB
SReclaimable:     233172 kB
SUnreclaim:       129092 kB
KernelStack:       21776 kB
PageTables:        51764 kB
NFS_Unstable:          0 kB
Bounce:                0 kB
WritebackTmp:          0 kB
CommitLimit:    18398932 kB
Committed_AS:   13143496 kB
VmallocTotal:   34359738367 kB
VmallocUsed:           0 kB
VmallocChunk:          0 kB
Percpu:             3168 kB
HardwareCorrupted:     0 kB
AnonHugePages:   1980416 kB
ShmemHugePages:        0 kB
ShmemPmdMapped:        0 kB
HugePages_Total:       0
HugePages_Free:        0
HugePages_Rsvd:        0
HugePages_Surp:        0
Hugepagesize:       2048 kB
Hugetlb:               0 kB
DirectMap4k:      294504 kB
DirectMap2M:     7987200 kB
DirectMap1G:     8388608 kB

/sys/kernel/mm/transparent_hugepage/enabled:
[always] madvise never
/sys/kernel/mm/transparent_hugepage/defrag (defrag/compaction efforts parameter):
always defer defer+madvise [madvise] never

Process Memory:
Virtual Size: 7442568K (peak: 15597000K)
Resident Set Size: 268520K (peak: 279272K) (anon: 240764K, file: 27756K, shmem: 0K)
Swapped out: 0K
C-Heap outstanding allocations: 19672K

/proc/sys/kernel/threads-max (system-wide limit on the number of threads):
127051
/proc/sys/vm/max_map_count (maximum number of memory map areas a process may have):
65530
/proc/sys/kernel/pid_max (system-wide limit on number of process identifiers):
32768

container (cgroup) information:
container_type: cgroupv1
cpu_cpuset_cpus: 0-7
cpu_memory_nodes: 0
active_processor_count: 8
cpu_quota: -1
cpu_period: 100000
cpu_shares: -1
memory_limit_in_bytes: -1
memory_and_swap_limit_in_bytes: -2
memory_soft_limit_in_bytes: -1
memory_usage_in_bytes: 660922368
memory_max_usage_in_bytes: 1064206336

Steal ticks since vm start: 0
Steal ticks percentage since vm start:  0,000

CPU:total 8 (initial active 8) (4 cores per cpu, 2 threads per core) family 6 model 158 stepping 9 microcode 0xde, cmov, cx8, fxsr, mmx, sse, sse2, sse3, ssse3, sse4.1, sse4.2, popcnt, avx, avx2, aes, clmul, erms, rtm, 3dnowpref, lzcnt, ht, tsc, tscinvbit, bmi1, bmi2, adx, fma
CPU Model and flags from /proc/cpuinfo:
model name	: Intel(R) Core(TM) i7-7700 CPU @ 3.60GHz
flags		: fpu vme de pse tsc msr pae mce cx8 apic sep mtrr pge mca cmov pat pse36 clflush dts acpi mmx fxsr sse sse2 ss ht tm pbe syscall nx pdpe1gb rdtscp lm constant_tsc art arch_perfmon pebs bts rep_good nopl xtopology nonstop_tsc cpuid aperfmperf tsc_known_freq pni pclmulqdq dtes64 monitor ds_cpl vmx smx est tm2 ssse3 sdbg fma cx16 xtpr pdcm pcid sse4_1 sse4_2 x2apic movbe popcnt tsc_deadline_timer aes xsave avx f16c rdrand lahf_lm abm 3dnowprefetch cpuid_fault epb invpcid_single pti ssbd ibrs ibpb stibp tpr_shadow vnmi flexpriority ept vpid ept_ad fsgsbase tsc_adjust bmi1 hle avx2 smep bmi2 erms invpcid rtm mpx rdseed adx smap clflushopt intel_pt xsaveopt xsavec xgetbv1 xsaves dtherm ida arat pln pts hwp hwp_notify hwp_act_window hwp_epp md_clear flush_l1d
Online cpus:
0-7
Offline cpus:

BIOS frequency limitation:
<Not Available>
Frequency switch latency (ns):
0
Available cpu frequencies:
<Not Available>
Current governor:
powersave
Core performance/turbo boost:
<Not Available>

Memory: 4k page, physical 16317872k(7401900k free), swap 10239996k(10239996k free)

vm_info: OpenJDK 64-Bit Server VM (11.0.11+9-post-Debian-1deb10u1) for linux-amd64 JRE (11.0.11+9-post-Debian-1deb10u1), built on Apr 21 2021 15:55:49 by "unknown" with gcc 8.3.0

END.
