#
# A fatal error has been detected by the Java Runtime Environment:
#
#  SIGSEGV (0xb) at pc=0x00007fbdb3a04181, pid=9287, tid=9334
#
# JRE version: OpenJDK Runtime Environment (11.0.11+9) (build 11.0.11+9-post-Debian-1deb10u1)
# Java VM: OpenJDK 64-Bit Server VM (11.0.11+9-post-Debian-1deb10u1, mixed mode, sharing, tiered, compressed oops, g1 gc, linux-amd64)
# Problematic frame:
# C  [libc.so.6+0x15c181]
#
# No core dump will be written. Core dumps have been disabled. To enable core dumping, try "ulimit -c unlimited" before starting Java again
#
# If you would like to submit a bug report, please visit:
#   https://bugs.debian.org/openjdk-11
# The crash happened outside the Java Virtual Machine in native code.
# See problematic frame for where to report the bug.
#

---------------  S U M M A R Y ------------

Command Line: -Dclassworlds.conf=/usr/share/maven/bin/m2.conf -Dmaven.home=/usr/share/maven -Dlibrary.jansi.path=/usr/share/maven/lib/jansi-native -Dmaven.multiModuleProjectDirectory=/home/dramos/TFM/git/hdt-jni/hdt-java-cli org.codehaus.plexus.classworlds.launcher.Launcher exec:java -Dexec.mainClass=org.rdfhdt.hdt.tools.RDF2HDT -Dexec.args=../hdt-java-core/data/test.nt ../hdt-java-core/data/test.hdt

Host: Intel(R) Core(TM) i7-7700 CPU @ 3.60GHz, 8 cores, 15G, Debian GNU/Linux 10 (buster)
Time: Thu May  6 10:45:58 2021 CEST elapsed time: 1.495529 seconds (0d 0h 0m 1s)

---------------  T H R E A D  ---------------

Current thread (0x00007fbdacd92800):  JavaThread "org.rdfhdt.hdt.tools.RDF2HDT.main()" [_thread_in_native, id=9334, stack(0x00007fbd2f6ff000,0x00007fbd2f800000)]

Stack: [0x00007fbd2f6ff000,0x00007fbd2f800000],  sp=0x00007fbd2f7fe048,  free space=1020k
Native frames: (J=compiled Java code, A=aot compiled Java code, j=interpreted, Vv=VM code, C=native code)
C  [libc.so.6+0x15c181]

Java frames: (J=compiled Java code, j=interpreted, Vv=VM code)
j  org.rdfhdt.hdt.dictionary.impl.section.JNIDictionarySection._createJNIDictionary([BI)V+0
j  org.rdfhdt.hdt.dictionary.impl.section.JNIDictionarySection.load(Ljava/util/Iterator;JLorg/rdfhdt/hdt/listener/ProgressListener;)V+225
j  org.rdfhdt.hdt.dictionary.impl.section.JNIDictionarySection.load(Lorg/rdfhdt/hdt/dictionary/TempDictionarySection;Lorg/rdfhdt/hdt/listener/ProgressListener;)V+49
j  org.rdfhdt.hdt.dictionary.impl.JNIDictionary.load(Lorg/rdfhdt/hdt/dictionary/TempDictionary;Lorg/rdfhdt/hdt/listener/ProgressListener;)V+40
j  org.rdfhdt.hdt.hdt.impl.HDTImpl.loadFromModifiableHDT(Lorg/rdfhdt/hdt/hdt/TempHDT;Lorg/rdfhdt/hdt/listener/ProgressListener;)V+104
j  org.rdfhdt.hdt.hdt.HDTManagerImpl.doGenerateHDT(Ljava/lang/String;Ljava/lang/String;Lorg/rdfhdt/hdt/enums/RDFNotation;Lorg/rdfhdt/hdt/options/HDTOptions;Lorg/rdfhdt/hdt/listener/ProgressListener;)Lorg/rdfhdt/hdt/hdt/HDT;+99
j  org.rdfhdt.hdt.hdt.HDTManager.generateHDT(Ljava/lang/String;Ljava/lang/String;Lorg/rdfhdt/hdt/enums/RDFNotation;Lorg/rdfhdt/hdt/options/HDTOptions;Lorg/rdfhdt/hdt/listener/ProgressListener;)Lorg/rdfhdt/hdt/hdt/HDT;+9
j  org.rdfhdt.hdt.tools.RDF2HDT.execute()V+187
j  org.rdfhdt.hdt.tools.RDF2HDT.main([Ljava/lang/String;)V+184
j  java.lang.invoke.LambdaForm$DMH.invokeStaticInit(Ljava/lang/Object;Ljava/lang/Object;)V+10 java.base@11.0.11
j  java.lang.invoke.LambdaForm$MH.invoke_MT(Ljava/lang/Object;Ljava/lang/Object;Ljava/lang/Object;)V+18 java.base@11.0.11
j  org.codehaus.mojo.exec.ExecJavaMojo$1.run()V+85
j  java.lang.Thread.run()V+11 java.base@11.0.11
v  ~StubRoutines::call_stub

siginfo: si_signo: 11 (SIGSEGV), si_code: 1 (SEGV_MAPERR), si_addr: 0x0000000000000000

Register to memory mapping:

RAX=0x0000000000000001 is an unknown value
RBX=0x00007fbd28173f30 points into unknown readable memory: 0x00007fbd94012be8 | e8 2b 01 94 bd 7f 00 00
RCX=0x0 is NULL
RDX=0x0 is NULL
RSP=0x00007fbd2f7fe048 is pointing into the stack for thread: 0x00007fbdacd92800
RBP=0x0 is NULL
RSI=0x00007fbd2f7fe0cc is pointing into the stack for thread: 0x00007fbdacd92800
RDI=0x0 is NULL
R8 =0x0000000000000003 is an unknown value
R9 =0x00007fbd2871a808 points into unknown readable memory: 0x0000000000000000 | 00 00 00 00 00 00 00 00
R10=0x00007fbd280008d0 points into unknown readable memory: 0x0001000100000000 | 00 00 00 00 01 00 01 00
R11=0x0000000000000020 is an unknown value
R12=0x0 is NULL
R13=0x00007fbd2f7fe0cc is pointing into the stack for thread: 0x00007fbdacd92800
R14=0x00007fbd28173f30 points into unknown readable memory: 0x00007fbd94012be8 | e8 2b 01 94 bd 7f 00 00
R15=0x00007fbd2f7fe420 is pointing into the stack for thread: 0x00007fbdacd92800


Registers:
RAX=0x0000000000000001, RBX=0x00007fbd28173f30, RCX=0x0000000000000000, RDX=0x0000000000000000
RSP=0x00007fbd2f7fe048, RBP=0x0000000000000000, RSI=0x00007fbd2f7fe0cc, RDI=0x0000000000000000
R8 =0x0000000000000003, R9 =0x00007fbd2871a808, R10=0x00007fbd280008d0, R11=0x0000000000000020
R12=0x0000000000000000, R13=0x00007fbd2f7fe0cc, R14=0x00007fbd28173f30, R15=0x00007fbd2f7fe420
RIP=0x00007fbdb3a04181, EFLAGS=0x0000000000010283, CSGSFS=0x002b000000000033, ERR=0x0000000000000004
  TRAPNO=0x000000000000000e

Top of Stack: (sp=0x00007fbd2f7fe048)
0x00007fbd2f7fe048:   00007fbd9400dac8 00007fbdb2662e40
0x00007fbd2f7fe058:   0000000000080000 00007fbdb2662e40
0x00007fbd2f7fe068:   00007fbd28173f70 0000000000000000
0x00007fbd2f7fe078:   00007fbd9400ef23 0000003100000005 

Instructions: (pc=0x00007fbdb3a04181)
0x00007fbdb3a04081:   fd 74 d1 48 83 c7 20 c5 dd 74 d9 c5 fd d7 ca c5
0x00007fbdb3a04091:   fd d7 c3 09 c1 75 38 c5 fd 6f 0f c5 fd 74 d1 48
0x00007fbdb3a040a1:   83 c7 20 c5 dd 74 d9 c5 fd d7 ca c5 fd d7 c3 09
0x00007fbdb3a040b1:   c1 75 1c c5 fd 6f 0f c5 fd 74 d1 48 83 c7 20 c5
0x00007fbdb3a040c1:   dd 74 d9 c5 fd d7 ca c5 fd d7 c3 09 c1 74 90 85
0x00007fbdb3a040d1:   c0 75 1c 85 d2 0f 84 84 00 00 00 89 d0 48 89 f7
0x00007fbdb3a040e1:   0f bd c0 48 8d 44 07 e0 c5 f8 77 c3 0f 1f 00 c5
0x00007fbdb3a040f1:   fd d7 ca 85 c9 75 18 89 c2 48 89 fe e9 5e ff ff
0x00007fbdb3a04101:   ff 66 66 2e 0f 1f 84 00 00 00 00 00 0f 1f 00 41
0x00007fbdb3a04111:   89 c8 41 83 e8 01 41 31 c8 44 21 c0 85 c0 74 b3
0x00007fbdb3a04121:   0f bd c0 48 8d 44 07 e0 c5 f8 77 c3 0f 1f 00 48
0x00007fbdb3a04131:   01 cf 89 d1 41 89 c8 41 83 e8 01 41 31 c8 44 21
0x00007fbdb3a04141:   c0 85 c0 74 1a 0f bd c0 48 8d 44 07 e0 c5 f8 77
0x00007fbdb3a04151:   c3 66 66 2e 0f 1f 84 00 00 00 00 00 0f 1f 00 31
0x00007fbdb3a04161:   c0 c5 f8 77 c3 66 2e 0f 1f 84 00 00 00 00 00 89
0x00007fbdb3a04171:   f9 48 89 fa c5 f9 ef c0 83 e1 3f 83 f9 20 77 1f
0x00007fbdb3a04181:   c5 fd 74 0f c5 fd d7 c1 85 c0 0f 85 df 00 00 00
0x00007fbdb3a04191:   48 83 c7 20 83 e1 1f 48 83 e7 e0 eb 36 66 90 83
0x00007fbdb3a041a1:   e1 1f 48 83 e7 e0 c5 fd 74 0f c5 fd d7 c1 d3 f8
0x00007fbdb3a041b1:   85 c0 74 1b f3 0f bc c0 48 01 f8 48 01 c8 48 29
0x00007fbdb3a041c1:   d0 c5 f8 77 c3 66 2e 0f 1f 84 00 00 00 00 00 48
0x00007fbdb3a041d1:   83 c7 20 c5 fd 74 0f c5 fd d7 c1 85 c0 0f 85 8c
0x00007fbdb3a041e1:   00 00 00 c5 fd 74 4f 20 c5 fd d7 c1 85 c0 0f 85
0x00007fbdb3a041f1:   8b 00 00 00 c5 fd 74 4f 40 c5 fd d7 c1 85 c0 0f
0x00007fbdb3a04201:   85 9a 00 00 00 c5 fd 74 4f 60 c5 fd d7 c1 85 c0
0x00007fbdb3a04211:   0f 85 d5 00 00 00 48 81 c7 80 00 00 00 48 89 f9
0x00007fbdb3a04221:   83 e1 7f 48 83 e7 80 0f 1f 84 00 00 00 00 00 c5
0x00007fbdb3a04231:   fd 6f 0f c5 fd 6f 57 20 c5 fd 6f 5f 40 c5 fd 6f
0x00007fbdb3a04241:   67 60 c5 ed da e9 c5 dd da f3 c5 cd da ed c5 fd
0x00007fbdb3a04251:   74 ed c5 fd d7 c5 85 c0 75 65 48 81 c7 80 00 00
0x00007fbdb3a04261:   00 eb cc 66 66 2e 0f 1f 84 00 00 00 00 00 90 f3
0x00007fbdb3a04271:   0f bc c0 48 01 f8 48 29 d0 c5 f8 77 c3 66 90 f3 


Stack slot to memory mapping:
stack at sp + 0 slots: 0x00007fbd9400dac8: _ZN23IteratorDictStringPlain4nextEPj+0x0000000000000028 in /usr/lib/libjnidictionary.so at 0x00007fbd94009000
stack at sp + 1 slots: 0x00007fbdb2662e40: _ZSt4cout+0x0000000000000000 in /lib/x86_64-linux-gnu/libstdc++.so.6 at 0x00007fbdb24e2000
stack at sp + 2 slots: 0x0000000000080000 is an unknown value
stack at sp + 3 slots: 0x00007fbdb2662e40: _ZSt4cout+0x0000000000000000 in /lib/x86_64-linux-gnu/libstdc++.so.6 at 0x00007fbdb24e2000
stack at sp + 4 slots: 0x00007fbd28173f70 points into unknown readable memory: 0x00007fbd94012cd8 | d8 2c 01 94 bd 7f 00 00
stack at sp + 5 slots: 0x0 is NULL
stack at sp + 6 slots: 0x00007fbd9400ef23: _ZN19StringDictionaryPFCC2EP18IteratorDictStringj+0x00000000000000e3 in /usr/lib/libjnidictionary.so at 0x00007fbd94009000
stack at sp + 7 slots: 0x0000003100000005 is an unknown value


---------------  P R O C E S S  ---------------

Threads class SMR info:
_java_thread_list=0x00007fbdace78f80, length=12, elements={
0x00007fbdac016800, 0x00007fbdac1cf000, 0x00007fbdac1d1000, 0x00007fbdac1d7000,
0x00007fbdac1d9000, 0x00007fbdac1db000, 0x00007fbdac1dd000, 0x00007fbdac1df000,
0x00007fbdac232000, 0x00007fbd5c30b000, 0x00007fbd5c219800, 0x00007fbdacd92800
}

Java Threads: ( => current thread )
  0x00007fbdac016800 JavaThread "main" [_thread_blocked, id=9311, stack(0x00007fbdb2244000,0x00007fbdb2345000)]
  0x00007fbdac1cf000 JavaThread "Reference Handler" daemon [_thread_blocked, id=9318, stack(0x00007fbd81277000,0x00007fbd81378000)]
  0x00007fbdac1d1000 JavaThread "Finalizer" daemon [_thread_blocked, id=9319, stack(0x00007fbd81176000,0x00007fbd81277000)]
  0x00007fbdac1d7000 JavaThread "Signal Dispatcher" daemon [_thread_blocked, id=9320, stack(0x00007fbd80d90000,0x00007fbd80e91000)]
  0x00007fbdac1d9000 JavaThread "Service Thread" daemon [_thread_blocked, id=9321, stack(0x00007fbd80c8f000,0x00007fbd80d90000)]
  0x00007fbdac1db000 JavaThread "C2 CompilerThread0" daemon [_thread_blocked, id=9322, stack(0x00007fbd80b8e000,0x00007fbd80c8f000)]
  0x00007fbdac1dd000 JavaThread "C1 CompilerThread0" daemon [_thread_blocked, id=9323, stack(0x00007fbd80a8d000,0x00007fbd80b8e000)]
  0x00007fbdac1df000 JavaThread "Sweeper thread" daemon [_thread_blocked, id=9324, stack(0x00007fbd8098c000,0x00007fbd80a8d000)]
  0x00007fbdac232000 JavaThread "Common-Cleaner" daemon [_thread_blocked, id=9326, stack(0x00007fbd80789000,0x00007fbd8088a000)]
  0x00007fbd5c30b000 JavaThread "C2 CompilerThread1" daemon [_thread_blocked, id=9327, stack(0x00007fbd80688000,0x00007fbd80789000)]
  0x00007fbd5c219800 JavaThread "C2 CompilerThread2" daemon [_thread_in_native, id=9328, stack(0x00007fbd80587000,0x00007fbd80688000)]
=>0x00007fbdacd92800 JavaThread "org.rdfhdt.hdt.tools.RDF2HDT.main()" [_thread_in_native, id=9334, stack(0x00007fbd2f6ff000,0x00007fbd2f800000)]

Other Threads:
  0x00007fbdac1cc800 VMThread "VM Thread" [stack: 0x00007fbd8137a000,0x00007fbd8147a000] [id=9317]
  0x00007fbdac22f800 WatcherThread [stack: 0x00007fbd8088c000,0x00007fbd8098c000] [id=9325]
  0x00007fbdac02e800 GCTaskThread "GC Thread#0" [stack: 0x00007fbdb1ef9000,0x00007fbdb1ff9000] [id=9312]
  0x00007fbd74001000 GCTaskThread "GC Thread#1" [stack: 0x00007fbd80412000,0x00007fbd80512000] [id=9329]
  0x00007fbd74002800 GCTaskThread "GC Thread#2" [stack: 0x00007fbd80310000,0x00007fbd80410000] [id=9330]
  0x00007fbd74004000 GCTaskThread "GC Thread#3" [stack: 0x00007fbd8020e000,0x00007fbd8030e000] [id=9331]
  0x00007fbd74006000 GCTaskThread "GC Thread#4" [stack: 0x00007fbd8010c000,0x00007fbd8020c000] [id=9332]
  0x00007fbd74007800 GCTaskThread "GC Thread#5" [stack: 0x00007fbd8000a000,0x00007fbd8010a000] [id=9333]
  0x00007fbdac08d000 ConcurrentGCThread "G1 Main Marker" [stack: 0x00007fbdb055e000,0x00007fbdb065e000] [id=9313]
  0x00007fbdac08f000 ConcurrentGCThread "G1 Conc#0" [stack: 0x00007fbdb045c000,0x00007fbdb055c000] [id=9314]
  0x00007fbdac18e800 ConcurrentGCThread "G1 Refine#0" [stack: 0x00007fbd81dff000,0x00007fbd81eff000] [id=9315]
  0x00007fbdac190800 ConcurrentGCThread "G1 Young RemSet Sampling" [stack: 0x00007fbd81cfd000,0x00007fbd81dfd000] [id=9316]

Threads with active compile tasks:
C2 CompilerThread2   1500 3338   !   4       org.codehaus.plexus.interpolation.StringSearchInterpolator::interpolate (650 bytes)

VM state:not at safepoint (normal execution)

VM Mutex/Monitor currently owned by a thread: None

Heap address: 0x0000000707000000, size: 3984 MB, Compressed Oops mode: Zero based, Oop shift amount: 3
Narrow klass base: 0x0000000800000000, Narrow klass shift: 3
Compressed class space size: 1073741824 Address: 0x0000000840000000

Heap:
 garbage-first heap   total 258048K, used 21665K [0x0000000707000000, 0x0000000800000000)
  region size 1024K, 22 young (22528K), 11 survivors (11264K)
 Metaspace       used 16780K, capacity 18075K, committed 18304K, reserved 1064960K
  class space    used 1926K, capacity 2163K, committed 2176K, reserved 1048576K
Heap Regions: E=young(eden), S=young(survivor), O=old, HS=humongous(starts), HC=humongous(continues), CS=collection set, F=free, A=archive, TAMS=top-at-mark-start (previous, next)
|   0|0x0000000707000000, 0x0000000707000000, 0x0000000707100000|  0%| F|  |TAMS 0x0000000707000000, 0x0000000707000000| Untracked 
|   1|0x0000000707100000, 0x0000000707100000, 0x0000000707200000|  0%| F|  |TAMS 0x0000000707100000, 0x0000000707100000| Untracked 
|   2|0x0000000707200000, 0x0000000707200000, 0x0000000707300000|  0%| F|  |TAMS 0x0000000707200000, 0x0000000707200000| Untracked 
|   3|0x0000000707300000, 0x0000000707300000, 0x0000000707400000|  0%| F|  |TAMS 0x0000000707300000, 0x0000000707300000| Untracked 
|   4|0x0000000707400000, 0x0000000707400000, 0x0000000707500000|  0%| F|  |TAMS 0x0000000707400000, 0x0000000707400000| Untracked 
|   5|0x0000000707500000, 0x0000000707500000, 0x0000000707600000|  0%| F|  |TAMS 0x0000000707500000, 0x0000000707500000| Untracked 
|   6|0x0000000707600000, 0x0000000707600000, 0x0000000707700000|  0%| F|  |TAMS 0x0000000707600000, 0x0000000707600000| Untracked 
|   7|0x0000000707700000, 0x0000000707700000, 0x0000000707800000|  0%| F|  |TAMS 0x0000000707700000, 0x0000000707700000| Untracked 
|   8|0x0000000707800000, 0x0000000707800000, 0x0000000707900000|  0%| F|  |TAMS 0x0000000707800000, 0x0000000707800000| Untracked 
|   9|0x0000000707900000, 0x0000000707900000, 0x0000000707a00000|  0%| F|  |TAMS 0x0000000707900000, 0x0000000707900000| Untracked 
|  10|0x0000000707a00000, 0x0000000707a00000, 0x0000000707b00000|  0%| F|  |TAMS 0x0000000707a00000, 0x0000000707a00000| Untracked 
|  11|0x0000000707b00000, 0x0000000707b00000, 0x0000000707c00000|  0%| F|  |TAMS 0x0000000707b00000, 0x0000000707b00000| Untracked 
|  12|0x0000000707c00000, 0x0000000707c00000, 0x0000000707d00000|  0%| F|  |TAMS 0x0000000707c00000, 0x0000000707c00000| Untracked 
|  13|0x0000000707d00000, 0x0000000707d00000, 0x0000000707e00000|  0%| F|  |TAMS 0x0000000707d00000, 0x0000000707d00000| Untracked 
|  14|0x0000000707e00000, 0x0000000707e00000, 0x0000000707f00000|  0%| F|  |TAMS 0x0000000707e00000, 0x0000000707e00000| Untracked 
|  15|0x0000000707f00000, 0x0000000707f00000, 0x0000000708000000|  0%| F|  |TAMS 0x0000000707f00000, 0x0000000707f00000| Untracked 
|  16|0x0000000708000000, 0x0000000708000000, 0x0000000708100000|  0%| F|  |TAMS 0x0000000708000000, 0x0000000708000000| Untracked 
|  17|0x0000000708100000, 0x0000000708100000, 0x0000000708200000|  0%| F|  |TAMS 0x0000000708100000, 0x0000000708100000| Untracked 
|  18|0x0000000708200000, 0x0000000708200000, 0x0000000708300000|  0%| F|  |TAMS 0x0000000708200000, 0x0000000708200000| Untracked 
|  19|0x0000000708300000, 0x0000000708300000, 0x0000000708400000|  0%| F|  |TAMS 0x0000000708300000, 0x0000000708300000| Untracked 
|  20|0x0000000708400000, 0x0000000708400000, 0x0000000708500000|  0%| F|  |TAMS 0x0000000708400000, 0x0000000708400000| Untracked 
|  21|0x0000000708500000, 0x0000000708500000, 0x0000000708600000|  0%| F|  |TAMS 0x0000000708500000, 0x0000000708500000| Untracked 
|  22|0x0000000708600000, 0x0000000708600000, 0x0000000708700000|  0%| F|  |TAMS 0x0000000708600000, 0x0000000708600000| Untracked 
|  23|0x0000000708700000, 0x0000000708700000, 0x0000000708800000|  0%| F|  |TAMS 0x0000000708700000, 0x0000000708700000| Untracked 
|  24|0x0000000708800000, 0x0000000708800000, 0x0000000708900000|  0%| F|  |TAMS 0x0000000708800000, 0x0000000708800000| Untracked 
|  25|0x0000000708900000, 0x0000000708900000, 0x0000000708a00000|  0%| F|  |TAMS 0x0000000708900000, 0x0000000708900000| Untracked 
|  26|0x0000000708a00000, 0x0000000708a00000, 0x0000000708b00000|  0%| F|  |TAMS 0x0000000708a00000, 0x0000000708a00000| Untracked 
|  27|0x0000000708b00000, 0x0000000708b00000, 0x0000000708c00000|  0%| F|  |TAMS 0x0000000708b00000, 0x0000000708b00000| Untracked 
|  28|0x0000000708c00000, 0x0000000708c00000, 0x0000000708d00000|  0%| F|  |TAMS 0x0000000708c00000, 0x0000000708c00000| Untracked 
|  29|0x0000000708d00000, 0x0000000708d00000, 0x0000000708e00000|  0%| F|  |TAMS 0x0000000708d00000, 0x0000000708d00000| Untracked 
|  30|0x0000000708e00000, 0x0000000708e00000, 0x0000000708f00000|  0%| F|  |TAMS 0x0000000708e00000, 0x0000000708e00000| Untracked 
|  31|0x0000000708f00000, 0x0000000708f00000, 0x0000000709000000|  0%| F|  |TAMS 0x0000000708f00000, 0x0000000708f00000| Untracked 
|  32|0x0000000709000000, 0x0000000709000000, 0x0000000709100000|  0%| F|  |TAMS 0x0000000709000000, 0x0000000709000000| Untracked 
|  33|0x0000000709100000, 0x0000000709100000, 0x0000000709200000|  0%| F|  |TAMS 0x0000000709100000, 0x0000000709100000| Untracked 
|  34|0x0000000709200000, 0x0000000709200000, 0x0000000709300000|  0%| F|  |TAMS 0x0000000709200000, 0x0000000709200000| Untracked 
|  35|0x0000000709300000, 0x0000000709300000, 0x0000000709400000|  0%| F|  |TAMS 0x0000000709300000, 0x0000000709300000| Untracked 
|  36|0x0000000709400000, 0x0000000709400000, 0x0000000709500000|  0%| F|  |TAMS 0x0000000709400000, 0x0000000709400000| Untracked 
|  37|0x0000000709500000, 0x0000000709500000, 0x0000000709600000|  0%| F|  |TAMS 0x0000000709500000, 0x0000000709500000| Untracked 
|  38|0x0000000709600000, 0x0000000709600000, 0x0000000709700000|  0%| F|  |TAMS 0x0000000709600000, 0x0000000709600000| Untracked 
|  39|0x0000000709700000, 0x0000000709700000, 0x0000000709800000|  0%| F|  |TAMS 0x0000000709700000, 0x0000000709700000| Untracked 
|  40|0x0000000709800000, 0x0000000709800000, 0x0000000709900000|  0%| F|  |TAMS 0x0000000709800000, 0x0000000709800000| Untracked 
|  41|0x0000000709900000, 0x0000000709900000, 0x0000000709a00000|  0%| F|  |TAMS 0x0000000709900000, 0x0000000709900000| Untracked 
|  42|0x0000000709a00000, 0x0000000709a00000, 0x0000000709b00000|  0%| F|  |TAMS 0x0000000709a00000, 0x0000000709a00000| Untracked 
|  43|0x0000000709b00000, 0x0000000709b00000, 0x0000000709c00000|  0%| F|  |TAMS 0x0000000709b00000, 0x0000000709b00000| Untracked 
|  44|0x0000000709c00000, 0x0000000709c00000, 0x0000000709d00000|  0%| F|  |TAMS 0x0000000709c00000, 0x0000000709c00000| Untracked 
|  45|0x0000000709d00000, 0x0000000709d00000, 0x0000000709e00000|  0%| F|  |TAMS 0x0000000709d00000, 0x0000000709d00000| Untracked 
|  46|0x0000000709e00000, 0x0000000709e00000, 0x0000000709f00000|  0%| F|  |TAMS 0x0000000709e00000, 0x0000000709e00000| Untracked 
|  47|0x0000000709f00000, 0x0000000709f00000, 0x000000070a000000|  0%| F|  |TAMS 0x0000000709f00000, 0x0000000709f00000| Untracked 
|  48|0x000000070a000000, 0x000000070a000000, 0x000000070a100000|  0%| F|  |TAMS 0x000000070a000000, 0x000000070a000000| Untracked 
|  49|0x000000070a100000, 0x000000070a100000, 0x000000070a200000|  0%| F|  |TAMS 0x000000070a100000, 0x000000070a100000| Untracked 
|  50|0x000000070a200000, 0x000000070a200000, 0x000000070a300000|  0%| F|  |TAMS 0x000000070a200000, 0x000000070a200000| Untracked 
|  51|0x000000070a300000, 0x000000070a300000, 0x000000070a400000|  0%| F|  |TAMS 0x000000070a300000, 0x000000070a300000| Untracked 
|  52|0x000000070a400000, 0x000000070a400000, 0x000000070a500000|  0%| F|  |TAMS 0x000000070a400000, 0x000000070a400000| Untracked 
|  53|0x000000070a500000, 0x000000070a500000, 0x000000070a600000|  0%| F|  |TAMS 0x000000070a500000, 0x000000070a500000| Untracked 
|  54|0x000000070a600000, 0x000000070a600000, 0x000000070a700000|  0%| F|  |TAMS 0x000000070a600000, 0x000000070a600000| Untracked 
|  55|0x000000070a700000, 0x000000070a700000, 0x000000070a800000|  0%| F|  |TAMS 0x000000070a700000, 0x000000070a700000| Untracked 
|  56|0x000000070a800000, 0x000000070a800000, 0x000000070a900000|  0%| F|  |TAMS 0x000000070a800000, 0x000000070a800000| Untracked 
|  57|0x000000070a900000, 0x000000070a900000, 0x000000070aa00000|  0%| F|  |TAMS 0x000000070a900000, 0x000000070a900000| Untracked 
|  58|0x000000070aa00000, 0x000000070aa00000, 0x000000070ab00000|  0%| F|  |TAMS 0x000000070aa00000, 0x000000070aa00000| Untracked 
|  59|0x000000070ab00000, 0x000000070ab00000, 0x000000070ac00000|  0%| F|  |TAMS 0x000000070ab00000, 0x000000070ab00000| Untracked 
|  60|0x000000070ac00000, 0x000000070ac00000, 0x000000070ad00000|  0%| F|  |TAMS 0x000000070ac00000, 0x000000070ac00000| Untracked 
|  61|0x000000070ad00000, 0x000000070ad00000, 0x000000070ae00000|  0%| F|  |TAMS 0x000000070ad00000, 0x000000070ad00000| Untracked 
|  62|0x000000070ae00000, 0x000000070ae00000, 0x000000070af00000|  0%| F|  |TAMS 0x000000070ae00000, 0x000000070ae00000| Untracked 
|  63|0x000000070af00000, 0x000000070af00000, 0x000000070b000000|  0%| F|  |TAMS 0x000000070af00000, 0x000000070af00000| Untracked 
|  64|0x000000070b000000, 0x000000070b000000, 0x000000070b100000|  0%| F|  |TAMS 0x000000070b000000, 0x000000070b000000| Untracked 
|  65|0x000000070b100000, 0x000000070b100000, 0x000000070b200000|  0%| F|  |TAMS 0x000000070b100000, 0x000000070b100000| Untracked 
|  66|0x000000070b200000, 0x000000070b200000, 0x000000070b300000|  0%| F|  |TAMS 0x000000070b200000, 0x000000070b200000| Untracked 
|  67|0x000000070b300000, 0x000000070b300000, 0x000000070b400000|  0%| F|  |TAMS 0x000000070b300000, 0x000000070b300000| Untracked 
|  68|0x000000070b400000, 0x000000070b400000, 0x000000070b500000|  0%| F|  |TAMS 0x000000070b400000, 0x000000070b400000| Untracked 
|  69|0x000000070b500000, 0x000000070b500000, 0x000000070b600000|  0%| F|  |TAMS 0x000000070b500000, 0x000000070b500000| Untracked 
|  70|0x000000070b600000, 0x000000070b600000, 0x000000070b700000|  0%| F|  |TAMS 0x000000070b600000, 0x000000070b600000| Untracked 
|  71|0x000000070b700000, 0x000000070b700000, 0x000000070b800000|  0%| F|  |TAMS 0x000000070b700000, 0x000000070b700000| Untracked 
|  72|0x000000070b800000, 0x000000070b800000, 0x000000070b900000|  0%| F|  |TAMS 0x000000070b800000, 0x000000070b800000| Untracked 
|  73|0x000000070b900000, 0x000000070b900000, 0x000000070ba00000|  0%| F|  |TAMS 0x000000070b900000, 0x000000070b900000| Untracked 
|  74|0x000000070ba00000, 0x000000070ba00000, 0x000000070bb00000|  0%| F|  |TAMS 0x000000070ba00000, 0x000000070ba00000| Untracked 
|  75|0x000000070bb00000, 0x000000070bb00000, 0x000000070bc00000|  0%| F|  |TAMS 0x000000070bb00000, 0x000000070bb00000| Untracked 
|  76|0x000000070bc00000, 0x000000070bc00000, 0x000000070bd00000|  0%| F|  |TAMS 0x000000070bc00000, 0x000000070bc00000| Untracked 
|  77|0x000000070bd00000, 0x000000070bd00000, 0x000000070be00000|  0%| F|  |TAMS 0x000000070bd00000, 0x000000070bd00000| Untracked 
|  78|0x000000070be00000, 0x000000070be00000, 0x000000070bf00000|  0%| F|  |TAMS 0x000000070be00000, 0x000000070be00000| Untracked 
|  79|0x000000070bf00000, 0x000000070bf00000, 0x000000070c000000|  0%| F|  |TAMS 0x000000070bf00000, 0x000000070bf00000| Untracked 
|  80|0x000000070c000000, 0x000000070c000000, 0x000000070c100000|  0%| F|  |TAMS 0x000000070c000000, 0x000000070c000000| Untracked 
|  81|0x000000070c100000, 0x000000070c100000, 0x000000070c200000|  0%| F|  |TAMS 0x000000070c100000, 0x000000070c100000| Untracked 
|  82|0x000000070c200000, 0x000000070c200000, 0x000000070c300000|  0%| F|  |TAMS 0x000000070c200000, 0x000000070c200000| Untracked 
|  83|0x000000070c300000, 0x000000070c300000, 0x000000070c400000|  0%| F|  |TAMS 0x000000070c300000, 0x000000070c300000| Untracked 
|  84|0x000000070c400000, 0x000000070c400000, 0x000000070c500000|  0%| F|  |TAMS 0x000000070c400000, 0x000000070c400000| Untracked 
|  85|0x000000070c500000, 0x000000070c500000, 0x000000070c600000|  0%| F|  |TAMS 0x000000070c500000, 0x000000070c500000| Untracked 
|  86|0x000000070c600000, 0x000000070c600000, 0x000000070c700000|  0%| F|  |TAMS 0x000000070c600000, 0x000000070c600000| Untracked 
|  87|0x000000070c700000, 0x000000070c700000, 0x000000070c800000|  0%| F|  |TAMS 0x000000070c700000, 0x000000070c700000| Untracked 
|  88|0x000000070c800000, 0x000000070c800000, 0x000000070c900000|  0%| F|  |TAMS 0x000000070c800000, 0x000000070c800000| Untracked 
|  89|0x000000070c900000, 0x000000070c976558, 0x000000070ca00000| 46%| S|CS|TAMS 0x000000070c900000, 0x000000070c900000| Complete 
|  90|0x000000070ca00000, 0x000000070cb00000, 0x000000070cb00000|100%| S|CS|TAMS 0x000000070ca00000, 0x000000070ca00000| Complete 
|  91|0x000000070cb00000, 0x000000070cc00000, 0x000000070cc00000|100%| S|CS|TAMS 0x000000070cb00000, 0x000000070cb00000| Complete 
|  92|0x000000070cc00000, 0x000000070cd00000, 0x000000070cd00000|100%| S|CS|TAMS 0x000000070cc00000, 0x000000070cc00000| Complete 
|  93|0x000000070cd00000, 0x000000070ce00000, 0x000000070ce00000|100%| S|CS|TAMS 0x000000070cd00000, 0x000000070cd00000| Complete 
|  94|0x000000070ce00000, 0x000000070cf00000, 0x000000070cf00000|100%| S|CS|TAMS 0x000000070ce00000, 0x000000070ce00000| Complete 
|  95|0x000000070cf00000, 0x000000070d000000, 0x000000070d000000|100%| S|CS|TAMS 0x000000070cf00000, 0x000000070cf00000| Complete 
|  96|0x000000070d000000, 0x000000070d100000, 0x000000070d100000|100%| S|CS|TAMS 0x000000070d000000, 0x000000070d000000| Complete 
|  97|0x000000070d100000, 0x000000070d200000, 0x000000070d200000|100%| S|CS|TAMS 0x000000070d100000, 0x000000070d100000| Complete 
|  98|0x000000070d200000, 0x000000070d300000, 0x000000070d300000|100%| S|CS|TAMS 0x000000070d200000, 0x000000070d200000| Complete 
|  99|0x000000070d300000, 0x000000070d400000, 0x000000070d400000|100%| S|CS|TAMS 0x000000070d300000, 0x000000070d300000| Complete 
| 100|0x000000070d400000, 0x000000070d400000, 0x000000070d500000|  0%| F|  |TAMS 0x000000070d400000, 0x000000070d400000| Untracked 
| 101|0x000000070d500000, 0x000000070d500000, 0x000000070d600000|  0%| F|  |TAMS 0x000000070d500000, 0x000000070d500000| Untracked 
| 102|0x000000070d600000, 0x000000070d600000, 0x000000070d700000|  0%| F|  |TAMS 0x000000070d600000, 0x000000070d600000| Untracked 
| 103|0x000000070d700000, 0x000000070d700000, 0x000000070d800000|  0%| F|  |TAMS 0x000000070d700000, 0x000000070d700000| Untracked 
| 104|0x000000070d800000, 0x000000070d800000, 0x000000070d900000|  0%| F|  |TAMS 0x000000070d800000, 0x000000070d800000| Untracked 
| 105|0x000000070d900000, 0x000000070d900000, 0x000000070da00000|  0%| F|  |TAMS 0x000000070d900000, 0x000000070d900000| Untracked 
| 106|0x000000070da00000, 0x000000070da00000, 0x000000070db00000|  0%| F|  |TAMS 0x000000070da00000, 0x000000070da00000| Untracked 
| 107|0x000000070db00000, 0x000000070db00000, 0x000000070dc00000|  0%| F|  |TAMS 0x000000070db00000, 0x000000070db00000| Untracked 
| 108|0x000000070dc00000, 0x000000070dc00000, 0x000000070dd00000|  0%| F|  |TAMS 0x000000070dc00000, 0x000000070dc00000| Untracked 
| 109|0x000000070dd00000, 0x000000070dd00000, 0x000000070de00000|  0%| F|  |TAMS 0x000000070dd00000, 0x000000070dd00000| Untracked 
| 110|0x000000070de00000, 0x000000070de00000, 0x000000070df00000|  0%| F|  |TAMS 0x000000070de00000, 0x000000070de00000| Untracked 
| 111|0x000000070df00000, 0x000000070df00000, 0x000000070e000000|  0%| F|  |TAMS 0x000000070df00000, 0x000000070df00000| Untracked 
| 112|0x000000070e000000, 0x000000070e000000, 0x000000070e100000|  0%| F|  |TAMS 0x000000070e000000, 0x000000070e000000| Untracked 
| 113|0x000000070e100000, 0x000000070e100000, 0x000000070e200000|  0%| F|  |TAMS 0x000000070e100000, 0x000000070e100000| Untracked 
| 114|0x000000070e200000, 0x000000070e200000, 0x000000070e300000|  0%| F|  |TAMS 0x000000070e200000, 0x000000070e200000| Untracked 
| 115|0x000000070e300000, 0x000000070e300000, 0x000000070e400000|  0%| F|  |TAMS 0x000000070e300000, 0x000000070e300000| Untracked 
| 116|0x000000070e400000, 0x000000070e400000, 0x000000070e500000|  0%| F|  |TAMS 0x000000070e400000, 0x000000070e400000| Untracked 
| 117|0x000000070e500000, 0x000000070e500000, 0x000000070e600000|  0%| F|  |TAMS 0x000000070e500000, 0x000000070e500000| Untracked 
| 118|0x000000070e600000, 0x000000070e600000, 0x000000070e700000|  0%| F|  |TAMS 0x000000070e600000, 0x000000070e600000| Untracked 
| 119|0x000000070e700000, 0x000000070e700000, 0x000000070e800000|  0%| F|  |TAMS 0x000000070e700000, 0x000000070e700000| Untracked 
| 120|0x000000070e800000, 0x000000070e800000, 0x000000070e900000|  0%| F|  |TAMS 0x000000070e800000, 0x000000070e800000| Untracked 
| 121|0x000000070e900000, 0x000000070e900000, 0x000000070ea00000|  0%| F|  |TAMS 0x000000070e900000, 0x000000070e900000| Untracked 
| 122|0x000000070ea00000, 0x000000070ea00000, 0x000000070eb00000|  0%| F|  |TAMS 0x000000070ea00000, 0x000000070ea00000| Untracked 
| 123|0x000000070eb00000, 0x000000070eb00000, 0x000000070ec00000|  0%| F|  |TAMS 0x000000070eb00000, 0x000000070eb00000| Untracked 
| 124|0x000000070ec00000, 0x000000070ec00000, 0x000000070ed00000|  0%| F|  |TAMS 0x000000070ec00000, 0x000000070ec00000| Untracked 
| 125|0x000000070ed00000, 0x000000070ed00000, 0x000000070ee00000|  0%| F|  |TAMS 0x000000070ed00000, 0x000000070ed00000| Untracked 
| 126|0x000000070ee00000, 0x000000070ee00000, 0x000000070ef00000|  0%| F|  |TAMS 0x000000070ee00000, 0x000000070ee00000| Untracked 
| 127|0x000000070ef00000, 0x000000070ef00000, 0x000000070f000000|  0%| F|  |TAMS 0x000000070ef00000, 0x000000070ef00000| Untracked 
| 128|0x000000070f000000, 0x000000070f000000, 0x000000070f100000|  0%| F|  |TAMS 0x000000070f000000, 0x000000070f000000| Untracked 
| 129|0x000000070f100000, 0x000000070f100000, 0x000000070f200000|  0%| F|  |TAMS 0x000000070f100000, 0x000000070f100000| Untracked 
| 130|0x000000070f200000, 0x000000070f200000, 0x000000070f300000|  0%| F|  |TAMS 0x000000070f200000, 0x000000070f200000| Untracked 
| 131|0x000000070f300000, 0x000000070f300000, 0x000000070f400000|  0%| F|  |TAMS 0x000000070f300000, 0x000000070f300000| Untracked 
| 132|0x000000070f400000, 0x000000070f400000, 0x000000070f500000|  0%| F|  |TAMS 0x000000070f400000, 0x000000070f400000| Untracked 
| 133|0x000000070f500000, 0x000000070f500000, 0x000000070f600000|  0%| F|  |TAMS 0x000000070f500000, 0x000000070f500000| Untracked 
| 134|0x000000070f600000, 0x000000070f600000, 0x000000070f700000|  0%| F|  |TAMS 0x000000070f600000, 0x000000070f600000| Untracked 
| 135|0x000000070f700000, 0x000000070f700000, 0x000000070f800000|  0%| F|  |TAMS 0x000000070f700000, 0x000000070f700000| Untracked 
| 136|0x000000070f800000, 0x000000070f800000, 0x000000070f900000|  0%| F|  |TAMS 0x000000070f800000, 0x000000070f800000| Untracked 
| 137|0x000000070f900000, 0x000000070f900000, 0x000000070fa00000|  0%| F|  |TAMS 0x000000070f900000, 0x000000070f900000| Untracked 
| 138|0x000000070fa00000, 0x000000070fa00000, 0x000000070fb00000|  0%| F|  |TAMS 0x000000070fa00000, 0x000000070fa00000| Untracked 
| 139|0x000000070fb00000, 0x000000070fb00000, 0x000000070fc00000|  0%| F|  |TAMS 0x000000070fb00000, 0x000000070fb00000| Untracked 
| 140|0x000000070fc00000, 0x000000070fc00000, 0x000000070fd00000|  0%| F|  |TAMS 0x000000070fc00000, 0x000000070fc00000| Untracked 
| 141|0x000000070fd00000, 0x000000070fd00000, 0x000000070fe00000|  0%| F|  |TAMS 0x000000070fd00000, 0x000000070fd00000| Untracked 
| 142|0x000000070fe00000, 0x000000070fe00000, 0x000000070ff00000|  0%| F|  |TAMS 0x000000070fe00000, 0x000000070fe00000| Untracked 
| 143|0x000000070ff00000, 0x000000070ff00000, 0x0000000710000000|  0%| F|  |TAMS 0x000000070ff00000, 0x000000070ff00000| Untracked 
| 144|0x0000000710000000, 0x0000000710000000, 0x0000000710100000|  0%| F|  |TAMS 0x0000000710000000, 0x0000000710000000| Untracked 
| 145|0x0000000710100000, 0x0000000710100000, 0x0000000710200000|  0%| F|  |TAMS 0x0000000710100000, 0x0000000710100000| Untracked 
| 146|0x0000000710200000, 0x0000000710200000, 0x0000000710300000|  0%| F|  |TAMS 0x0000000710200000, 0x0000000710200000| Untracked 
| 147|0x0000000710300000, 0x0000000710300000, 0x0000000710400000|  0%| F|  |TAMS 0x0000000710300000, 0x0000000710300000| Untracked 
| 148|0x0000000710400000, 0x0000000710400000, 0x0000000710500000|  0%| F|  |TAMS 0x0000000710400000, 0x0000000710400000| Untracked 
| 149|0x0000000710500000, 0x0000000710500000, 0x0000000710600000|  0%| F|  |TAMS 0x0000000710500000, 0x0000000710500000| Untracked 
| 150|0x0000000710600000, 0x0000000710600000, 0x0000000710700000|  0%| F|  |TAMS 0x0000000710600000, 0x0000000710600000| Untracked 
| 151|0x0000000710700000, 0x0000000710700000, 0x0000000710800000|  0%| F|  |TAMS 0x0000000710700000, 0x0000000710700000| Untracked 
| 152|0x0000000710800000, 0x0000000710800000, 0x0000000710900000|  0%| F|  |TAMS 0x0000000710800000, 0x0000000710800000| Untracked 
| 153|0x0000000710900000, 0x0000000710900000, 0x0000000710a00000|  0%| F|  |TAMS 0x0000000710900000, 0x0000000710900000| Untracked 
| 154|0x0000000710a00000, 0x0000000710a00000, 0x0000000710b00000|  0%| F|  |TAMS 0x0000000710a00000, 0x0000000710a00000| Untracked 
| 155|0x0000000710b00000, 0x0000000710b00000, 0x0000000710c00000|  0%| F|  |TAMS 0x0000000710b00000, 0x0000000710b00000| Untracked 
| 156|0x0000000710c00000, 0x0000000710c00000, 0x0000000710d00000|  0%| F|  |TAMS 0x0000000710c00000, 0x0000000710c00000| Untracked 
| 157|0x0000000710d00000, 0x0000000710d00000, 0x0000000710e00000|  0%| F|  |TAMS 0x0000000710d00000, 0x0000000710d00000| Untracked 
| 158|0x0000000710e00000, 0x0000000710e00000, 0x0000000710f00000|  0%| F|  |TAMS 0x0000000710e00000, 0x0000000710e00000| Untracked 
| 159|0x0000000710f00000, 0x0000000710f00000, 0x0000000711000000|  0%| F|  |TAMS 0x0000000710f00000, 0x0000000710f00000| Untracked 
| 160|0x0000000711000000, 0x0000000711000000, 0x0000000711100000|  0%| F|  |TAMS 0x0000000711000000, 0x0000000711000000| Untracked 
| 161|0x0000000711100000, 0x0000000711100000, 0x0000000711200000|  0%| F|  |TAMS 0x0000000711100000, 0x0000000711100000| Untracked 
| 162|0x0000000711200000, 0x0000000711200000, 0x0000000711300000|  0%| F|  |TAMS 0x0000000711200000, 0x0000000711200000| Untracked 
| 163|0x0000000711300000, 0x0000000711300000, 0x0000000711400000|  0%| F|  |TAMS 0x0000000711300000, 0x0000000711300000| Untracked 
| 164|0x0000000711400000, 0x0000000711400000, 0x0000000711500000|  0%| F|  |TAMS 0x0000000711400000, 0x0000000711400000| Untracked 
| 165|0x0000000711500000, 0x0000000711500000, 0x0000000711600000|  0%| F|  |TAMS 0x0000000711500000, 0x0000000711500000| Untracked 
| 166|0x0000000711600000, 0x0000000711600000, 0x0000000711700000|  0%| F|  |TAMS 0x0000000711600000, 0x0000000711600000| Untracked 
| 167|0x0000000711700000, 0x0000000711700000, 0x0000000711800000|  0%| F|  |TAMS 0x0000000711700000, 0x0000000711700000| Untracked 
| 168|0x0000000711800000, 0x0000000711800000, 0x0000000711900000|  0%| F|  |TAMS 0x0000000711800000, 0x0000000711800000| Untracked 
| 169|0x0000000711900000, 0x0000000711900000, 0x0000000711a00000|  0%| F|  |TAMS 0x0000000711900000, 0x0000000711900000| Untracked 
| 170|0x0000000711a00000, 0x0000000711a00000, 0x0000000711b00000|  0%| F|  |TAMS 0x0000000711a00000, 0x0000000711a00000| Untracked 
| 171|0x0000000711b00000, 0x0000000711b00000, 0x0000000711c00000|  0%| F|  |TAMS 0x0000000711b00000, 0x0000000711b00000| Untracked 
| 172|0x0000000711c00000, 0x0000000711c00000, 0x0000000711d00000|  0%| F|  |TAMS 0x0000000711c00000, 0x0000000711c00000| Untracked 
| 173|0x0000000711d00000, 0x0000000711d00000, 0x0000000711e00000|  0%| F|  |TAMS 0x0000000711d00000, 0x0000000711d00000| Untracked 
| 174|0x0000000711e00000, 0x0000000711e00000, 0x0000000711f00000|  0%| F|  |TAMS 0x0000000711e00000, 0x0000000711e00000| Untracked 
| 175|0x0000000711f00000, 0x0000000711f00000, 0x0000000712000000|  0%| F|  |TAMS 0x0000000711f00000, 0x0000000711f00000| Untracked 
| 176|0x0000000712000000, 0x0000000712000000, 0x0000000712100000|  0%| F|  |TAMS 0x0000000712000000, 0x0000000712000000| Untracked 
| 177|0x0000000712100000, 0x0000000712100000, 0x0000000712200000|  0%| F|  |TAMS 0x0000000712100000, 0x0000000712100000| Untracked 
| 178|0x0000000712200000, 0x0000000712200000, 0x0000000712300000|  0%| F|  |TAMS 0x0000000712200000, 0x0000000712200000| Untracked 
| 179|0x0000000712300000, 0x0000000712300000, 0x0000000712400000|  0%| F|  |TAMS 0x0000000712300000, 0x0000000712300000| Untracked 
| 180|0x0000000712400000, 0x0000000712400000, 0x0000000712500000|  0%| F|  |TAMS 0x0000000712400000, 0x0000000712400000| Untracked 
| 181|0x0000000712500000, 0x0000000712500000, 0x0000000712600000|  0%| F|  |TAMS 0x0000000712500000, 0x0000000712500000| Untracked 
| 182|0x0000000712600000, 0x0000000712600000, 0x0000000712700000|  0%| F|  |TAMS 0x0000000712600000, 0x0000000712600000| Untracked 
| 183|0x0000000712700000, 0x0000000712700000, 0x0000000712800000|  0%| F|  |TAMS 0x0000000712700000, 0x0000000712700000| Untracked 
| 184|0x0000000712800000, 0x0000000712800000, 0x0000000712900000|  0%| F|  |TAMS 0x0000000712800000, 0x0000000712800000| Untracked 
| 185|0x0000000712900000, 0x0000000712900000, 0x0000000712a00000|  0%| F|  |TAMS 0x0000000712900000, 0x0000000712900000| Untracked 
| 186|0x0000000712a00000, 0x0000000712a00000, 0x0000000712b00000|  0%| F|  |TAMS 0x0000000712a00000, 0x0000000712a00000| Untracked 
| 187|0x0000000712b00000, 0x0000000712b00000, 0x0000000712c00000|  0%| F|  |TAMS 0x0000000712b00000, 0x0000000712b00000| Untracked 
| 188|0x0000000712c00000, 0x0000000712c00000, 0x0000000712d00000|  0%| F|  |TAMS 0x0000000712c00000, 0x0000000712c00000| Untracked 
| 189|0x0000000712d00000, 0x0000000712d00000, 0x0000000712e00000|  0%| F|  |TAMS 0x0000000712d00000, 0x0000000712d00000| Untracked 
| 190|0x0000000712e00000, 0x0000000712e00000, 0x0000000712f00000|  0%| F|  |TAMS 0x0000000712e00000, 0x0000000712e00000| Untracked 
| 191|0x0000000712f00000, 0x0000000712f00000, 0x0000000713000000|  0%| F|  |TAMS 0x0000000712f00000, 0x0000000712f00000| Untracked 
| 192|0x0000000713000000, 0x0000000713000000, 0x0000000713100000|  0%| F|  |TAMS 0x0000000713000000, 0x0000000713000000| Untracked 
| 193|0x0000000713100000, 0x0000000713100000, 0x0000000713200000|  0%| F|  |TAMS 0x0000000713100000, 0x0000000713100000| Untracked 
| 194|0x0000000713200000, 0x0000000713200000, 0x0000000713300000|  0%| F|  |TAMS 0x0000000713200000, 0x0000000713200000| Untracked 
| 195|0x0000000713300000, 0x0000000713300000, 0x0000000713400000|  0%| F|  |TAMS 0x0000000713300000, 0x0000000713300000| Untracked 
| 196|0x0000000713400000, 0x0000000713400000, 0x0000000713500000|  0%| F|  |TAMS 0x0000000713400000, 0x0000000713400000| Untracked 
| 197|0x0000000713500000, 0x0000000713500000, 0x0000000713600000|  0%| F|  |TAMS 0x0000000713500000, 0x0000000713500000| Untracked 
| 198|0x0000000713600000, 0x0000000713600000, 0x0000000713700000|  0%| F|  |TAMS 0x0000000713600000, 0x0000000713600000| Untracked 
| 199|0x0000000713700000, 0x0000000713700000, 0x0000000713800000|  0%| F|  |TAMS 0x0000000713700000, 0x0000000713700000| Untracked 
| 200|0x0000000713800000, 0x0000000713800000, 0x0000000713900000|  0%| F|  |TAMS 0x0000000713800000, 0x0000000713800000| Untracked 
| 201|0x0000000713900000, 0x0000000713900000, 0x0000000713a00000|  0%| F|  |TAMS 0x0000000713900000, 0x0000000713900000| Untracked 
| 202|0x0000000713a00000, 0x0000000713a00000, 0x0000000713b00000|  0%| F|  |TAMS 0x0000000713a00000, 0x0000000713a00000| Untracked 
| 203|0x0000000713b00000, 0x0000000713b00000, 0x0000000713c00000|  0%| F|  |TAMS 0x0000000713b00000, 0x0000000713b00000| Untracked 
| 204|0x0000000713c00000, 0x0000000713c00000, 0x0000000713d00000|  0%| F|  |TAMS 0x0000000713c00000, 0x0000000713c00000| Untracked 
| 205|0x0000000713d00000, 0x0000000713d00000, 0x0000000713e00000|  0%| F|  |TAMS 0x0000000713d00000, 0x0000000713d00000| Untracked 
| 206|0x0000000713e00000, 0x0000000713e00000, 0x0000000713f00000|  0%| F|  |TAMS 0x0000000713e00000, 0x0000000713e00000| Untracked 
| 207|0x0000000713f00000, 0x0000000713f00000, 0x0000000714000000|  0%| F|  |TAMS 0x0000000713f00000, 0x0000000713f00000| Untracked 
| 208|0x0000000714000000, 0x0000000714000000, 0x0000000714100000|  0%| F|  |TAMS 0x0000000714000000, 0x0000000714000000| Untracked 
| 209|0x0000000714100000, 0x0000000714100000, 0x0000000714200000|  0%| F|  |TAMS 0x0000000714100000, 0x0000000714100000| Untracked 
| 210|0x0000000714200000, 0x0000000714200000, 0x0000000714300000|  0%| F|  |TAMS 0x0000000714200000, 0x0000000714200000| Untracked 
| 211|0x0000000714300000, 0x0000000714300000, 0x0000000714400000|  0%| F|  |TAMS 0x0000000714300000, 0x0000000714300000| Untracked 
| 212|0x0000000714400000, 0x0000000714400000, 0x0000000714500000|  0%| F|  |TAMS 0x0000000714400000, 0x0000000714400000| Untracked 
| 213|0x0000000714500000, 0x0000000714500000, 0x0000000714600000|  0%| F|  |TAMS 0x0000000714500000, 0x0000000714500000| Untracked 
| 214|0x0000000714600000, 0x0000000714600000, 0x0000000714700000|  0%| F|  |TAMS 0x0000000714600000, 0x0000000714600000| Untracked 
| 215|0x0000000714700000, 0x0000000714700000, 0x0000000714800000|  0%| F|  |TAMS 0x0000000714700000, 0x0000000714700000| Untracked 
| 216|0x0000000714800000, 0x0000000714800000, 0x0000000714900000|  0%| F|  |TAMS 0x0000000714800000, 0x0000000714800000| Untracked 
| 217|0x0000000714900000, 0x0000000714900000, 0x0000000714a00000|  0%| F|  |TAMS 0x0000000714900000, 0x0000000714900000| Untracked 
| 218|0x0000000714a00000, 0x0000000714a00000, 0x0000000714b00000|  0%| F|  |TAMS 0x0000000714a00000, 0x0000000714a00000| Untracked 
| 219|0x0000000714b00000, 0x0000000714b00000, 0x0000000714c00000|  0%| F|  |TAMS 0x0000000714b00000, 0x0000000714b00000| Untracked 
| 220|0x0000000714c00000, 0x0000000714c00000, 0x0000000714d00000|  0%| F|  |TAMS 0x0000000714c00000, 0x0000000714c00000| Untracked 
| 221|0x0000000714d00000, 0x0000000714d00000, 0x0000000714e00000|  0%| F|  |TAMS 0x0000000714d00000, 0x0000000714d00000| Untracked 
| 222|0x0000000714e00000, 0x0000000714e00000, 0x0000000714f00000|  0%| F|  |TAMS 0x0000000714e00000, 0x0000000714e00000| Untracked 
| 223|0x0000000714f00000, 0x0000000714f00000, 0x0000000715000000|  0%| F|  |TAMS 0x0000000714f00000, 0x0000000714f00000| Untracked 
| 224|0x0000000715000000, 0x0000000715000000, 0x0000000715100000|  0%| F|  |TAMS 0x0000000715000000, 0x0000000715000000| Untracked 
| 225|0x0000000715100000, 0x0000000715100000, 0x0000000715200000|  0%| F|  |TAMS 0x0000000715100000, 0x0000000715100000| Untracked 
| 226|0x0000000715200000, 0x0000000715200000, 0x0000000715300000|  0%| F|  |TAMS 0x0000000715200000, 0x0000000715200000| Untracked 
| 227|0x0000000715300000, 0x0000000715300000, 0x0000000715400000|  0%| F|  |TAMS 0x0000000715300000, 0x0000000715300000| Untracked 
| 228|0x0000000715400000, 0x0000000715400000, 0x0000000715500000|  0%| F|  |TAMS 0x0000000715400000, 0x0000000715400000| Untracked 
| 229|0x0000000715500000, 0x0000000715500000, 0x0000000715600000|  0%| F|  |TAMS 0x0000000715500000, 0x0000000715500000| Untracked 
| 230|0x0000000715600000, 0x0000000715600000, 0x0000000715700000|  0%| F|  |TAMS 0x0000000715600000, 0x0000000715600000| Untracked 
| 231|0x0000000715700000, 0x0000000715700000, 0x0000000715800000|  0%| F|  |TAMS 0x0000000715700000, 0x0000000715700000| Untracked 
| 232|0x0000000715800000, 0x0000000715800000, 0x0000000715900000|  0%| F|  |TAMS 0x0000000715800000, 0x0000000715800000| Untracked 
| 233|0x0000000715900000, 0x0000000715900000, 0x0000000715a00000|  0%| F|  |TAMS 0x0000000715900000, 0x0000000715900000| Untracked 
| 234|0x0000000715a00000, 0x0000000715a00000, 0x0000000715b00000|  0%| F|  |TAMS 0x0000000715a00000, 0x0000000715a00000| Untracked 
| 235|0x0000000715b00000, 0x0000000715b00000, 0x0000000715c00000|  0%| F|  |TAMS 0x0000000715b00000, 0x0000000715b00000| Untracked 
| 236|0x0000000715c00000, 0x0000000715c00000, 0x0000000715d00000|  0%| F|  |TAMS 0x0000000715c00000, 0x0000000715c00000| Untracked 
| 237|0x0000000715d00000, 0x0000000715d00000, 0x0000000715e00000|  0%| F|  |TAMS 0x0000000715d00000, 0x0000000715d00000| Untracked 
| 238|0x0000000715e00000, 0x0000000715e00000, 0x0000000715f00000|  0%| F|  |TAMS 0x0000000715e00000, 0x0000000715e00000| Untracked 
| 239|0x0000000715f00000, 0x0000000715f80800, 0x0000000716000000| 50%| E|  |TAMS 0x0000000715f00000, 0x0000000715f00000| Complete 
| 240|0x0000000716000000, 0x0000000716100000, 0x0000000716100000|100%| E|CS|TAMS 0x0000000716000000, 0x0000000716000000| Complete 
| 241|0x0000000716100000, 0x0000000716200000, 0x0000000716200000|100%| E|CS|TAMS 0x0000000716100000, 0x0000000716100000| Complete 
| 242|0x0000000716200000, 0x0000000716300000, 0x0000000716300000|100%| E|CS|TAMS 0x0000000716200000, 0x0000000716200000| Complete 
| 243|0x0000000716300000, 0x0000000716400000, 0x0000000716400000|100%| E|CS|TAMS 0x0000000716300000, 0x0000000716300000| Complete 
| 244|0x0000000716400000, 0x0000000716500000, 0x0000000716500000|100%| E|CS|TAMS 0x0000000716400000, 0x0000000716400000| Complete 
| 245|0x0000000716500000, 0x0000000716600000, 0x0000000716600000|100%| E|CS|TAMS 0x0000000716500000, 0x0000000716500000| Complete 
| 246|0x0000000716600000, 0x0000000716700000, 0x0000000716700000|100%| E|CS|TAMS 0x0000000716600000, 0x0000000716600000| Complete 
| 247|0x0000000716700000, 0x0000000716800000, 0x0000000716800000|100%| E|CS|TAMS 0x0000000716700000, 0x0000000716700000| Complete 
| 248|0x0000000716800000, 0x0000000716900000, 0x0000000716900000|100%| E|CS|TAMS 0x0000000716800000, 0x0000000716800000| Complete 
| 249|0x0000000716900000, 0x0000000716a00000, 0x0000000716a00000|100%| E|CS|TAMS 0x0000000716900000, 0x0000000716900000| Complete 
|2958|0x00000007bfe00000, 0x00000007bfe47000, 0x00000007bff00000| 27%|OA|  |TAMS 0x00000007bfe00000, 0x00000007bfe00000| Untracked 
|2959|0x00000007bff00000, 0x00000007bff6b000, 0x00000007c0000000| 41%|CA|  |TAMS 0x00000007bff00000, 0x00000007bff00000| Untracked 

Card table byte_map: [0x00007fbdb075f000,0x00007fbdb0f27000] _byte_map_base: 0x00007fbdacf27000

Marking Bits (Prev, Next): (CMBitMap*) 0x00007fbdac07c6f8, (CMBitMap*) 0x00007fbdac07c730
 Prev Bits: [0x00007fbd8c1c0000, 0x00007fbd90000000)
 Next Bits: [0x00007fbd88380000, 0x00007fbd8c1c0000)

Polling page: 0x00007fbdb220b000

Metaspace:

Usage:
  Non-class:     15,54 MB capacity,    14,51 MB ( 93%) used,     1,01 MB (  7%) free+waste,    20,62 KB ( <1%) overhead. 
      Class:      2,11 MB capacity,     1,88 MB ( 89%) used,   227,20 KB ( 11%) free+waste,     9,00 KB ( <1%) overhead. 
       Both:     17,65 MB capacity,    16,39 MB ( 93%) used,     1,24 MB (  7%) free+waste,    29,62 KB ( <1%) overhead. 

Virtual space:
  Non-class space:       16,00 MB reserved,      15,75 MB ( 98%) committed 
      Class space:        1,00 GB reserved,       2,12 MB ( <1%) committed 
             Both:        1,02 GB reserved,      17,88 MB (  2%) committed 

Chunk freelists:
   Non-Class:  24,00 KB
       Class:  13,00 KB
        Both:  37,00 KB

MaxMetaspaceSize: unlimited
CompressedClassSpaceSize: 1,00 GB

CodeHeap 'non-profiled nmethods': size=120032Kb used=1749Kb max_used=1749Kb free=118282Kb
 bounds [0x00007fbd9c340000, 0x00007fbd9c5b0000, 0x00007fbda3878000]
CodeHeap 'profiled nmethods': size=120028Kb used=7189Kb max_used=7189Kb free=112838Kb
 bounds [0x00007fbd94e09000, 0x00007fbd95519000, 0x00007fbd9c340000]
CodeHeap 'non-nmethods': size=5700Kb used=1113Kb max_used=1165Kb free=4587Kb
 bounds [0x00007fbd94878000, 0x00007fbd94ae8000, 0x00007fbd94e09000]
 total_blobs=4035 nmethods=3599 adapters=348
 compilation: enabled
              stopped_count=0, restarted_count=0
 full_count=0

Compilation events (20 events):
Event: 1,451 Thread 0x00007fbd5c30b000 nmethod 3592 0x00007fbd9c4ef210 code [0x00007fbd9c4ef3c0, 0x00007fbd9c4ef5b8]
Event: 1,451 Thread 0x00007fbd5c30b000 3004       4       jdk.internal.misc.SharedSecrets::getJavaLangAccess (4 bytes)
Event: 1,452 Thread 0x00007fbd5c30b000 nmethod 3004 0x00007fbd9c4ef790 code [0x00007fbd9c4ef920, 0x00007fbd9c4ef978]
Event: 1,452 Thread 0x00007fbd5c30b000 2963       4       java.util.LinkedHashMap$LinkedValues::size (8 bytes)
Event: 1,452 Thread 0x00007fbd5c30b000 nmethod 2963 0x00007fbd9c4efa10 code [0x00007fbd9c4efba0, 0x00007fbd9c4efc18]
Event: 1,452 Thread 0x00007fbd5c30b000 3403       4       java.util.Collections$UnmodifiableMap::size (10 bytes)
Event: 1,452 Thread 0x00007fbd5c30b000 nmethod 3403 0x00007fbd9c4efc90 code [0x00007fbd9c4efe20, 0x00007fbd9c4efeb8]
Event: 1,452 Thread 0x00007fbdac1db000 nmethod 3222 0x00007fbd9c4eff90 code [0x00007fbd9c4f0140, 0x00007fbd9c4f0368]
Event: 1,454 Thread 0x00007fbd5c30b000 3593   !   4       java.util.zip.InflaterInputStream::read (138 bytes)
Event: 1,462 Thread 0x00007fbdac1db000 3594       4       java.lang.String::substring (68 bytes)
Event: 1,463 Thread 0x00007fbdac1dd000 3595       3       java.io.FilterOutputStream::<init> (21 bytes)
Event: 1,463 Thread 0x00007fbdac1dd000 nmethod 3595 0x00007fbd95508b90 code [0x00007fbd95508d60, 0x00007fbd955090d0]
Event: 1,463 Thread 0x00007fbdac1dd000 3596       3       java.io.FileDescriptor$1::getAppend (5 bytes)
Event: 1,463 Thread 0x00007fbdac1dd000 nmethod 3596 0x00007fbd95509210 code [0x00007fbd955093c0, 0x00007fbd955094f0]
Event: 1,466 Thread 0x00007fbdac1db000 nmethod 3594 0x00007fbd9c4f0690 code [0x00007fbd9c4f0840, 0x00007fbd9c4f0cf8]
Event: 1,470 Thread 0x00007fbdac1dd000 3597       3       sun.nio.cs.StreamEncoder::writeBytes (132 bytes)
Event: 1,471 Thread 0x00007fbdac1dd000 nmethod 3597 0x00007fbd95509590 code [0x00007fbd95509800, 0x00007fbd9550a270]
Event: 1,471 Thread 0x00007fbdac1dd000 3598   !   3       java.io.PrintStream::write (69 bytes)
Event: 1,471 Thread 0x00007fbdac1dd000 nmethod 3598 0x00007fbd9550a610 code [0x00007fbd9550a840, 0x00007fbd9550b010]
Event: 1,471 Thread 0x00007fbdac1dd000 3599  s    3       java.io.BufferedOutputStream::write (67 bytes)

GC Heap History (4 events):
Event: 0,298 GC heap before
{Heap before GC invocations=0 (full 0):
 garbage-first heap   total 258048K, used 25288K [0x0000000707000000, 0x0000000800000000)
  region size 1024K, 24 young (24576K), 0 survivors (0K)
 Metaspace       used 5182K, capacity 7741K, committed 7936K, reserved 1056768K
  class space    used 642K, capacity 924K, committed 1024K, reserved 1048576K
}
Event: 0,304 GC heap after
{Heap after GC invocations=1 (full 0):
 garbage-first heap   total 258048K, used 3660K [0x0000000707000000, 0x0000000800000000)
  region size 1024K, 3 young (3072K), 3 survivors (3072K)
 Metaspace       used 5182K, capacity 7741K, committed 7936K, reserved 1056768K
  class space    used 642K, capacity 924K, committed 1024K, reserved 1048576K
}
Event: 1,349 GC heap before
{Heap before GC invocations=1 (full 0):
 garbage-first heap   total 258048K, used 154188K [0x0000000707000000, 0x0000000800000000)
  region size 1024K, 150 young (153600K), 3 survivors (3072K)
 Metaspace       used 15520K, capacity 16883K, committed 17152K, reserved 1064960K
  class space    used 1752K, capacity 1957K, committed 2048K, reserved 1048576K
}
Event: 1,360 GC heap after
{Heap after GC invocations=2 (full 0):
 garbage-first heap   total 258048K, used 11425K [0x0000000707000000, 0x0000000800000000)
  region size 1024K, 11 young (11264K), 11 survivors (11264K)
 Metaspace       used 15520K, capacity 16883K, committed 17152K, reserved 1064960K
  class space    used 1752K, capacity 1957K, committed 2048K, reserved 1048576K
}

Deoptimization events (20 events):
Event: 1,346 Thread 0x00007fbdac016800 DEOPT PACKING pc=0x00007fbd9c39d8c4 sp=0x00007fbdb23418d0
Event: 1,346 Thread 0x00007fbdac016800 DEOPT UNPACKING pc=0x00007fbd9489d9a5 sp=0x00007fbdb2341888 mode 2
Event: 1,348 Thread 0x00007fbdac016800 Uncommon trap: trap_request=0xffffff4d fr.pc=0x00007fbd9c3a13d8 relative=0x0000000000000118
Event: 1,348 Thread 0x00007fbdac016800 Uncommon trap: reason=unstable_if action=reinterpret pc=0x00007fbd9c3a13d8 method=java.io.Reader.read()I @ 12 c2
Event: 1,348 Thread 0x00007fbdac016800 DEOPT PACKING pc=0x00007fbd9c3a13d8 sp=0x00007fbdb23418d0
Event: 1,348 Thread 0x00007fbdac016800 DEOPT UNPACKING pc=0x00007fbd9489d9a5 sp=0x00007fbdb2341880 mode 2
Event: 1,348 Thread 0x00007fbdac016800 DEOPT PACKING pc=0x00007fbd95271ba0 sp=0x00007fbdb233fa60
Event: 1,348 Thread 0x00007fbdac016800 DEOPT UNPACKING pc=0x00007fbd9489e14a sp=0x00007fbdb233ef98 mode 0
Event: 1,370 Thread 0x00007fbdac016800 DEOPT PACKING pc=0x00007fbd95271ba0 sp=0x00007fbdb2341400
Event: 1,370 Thread 0x00007fbdac016800 DEOPT UNPACKING pc=0x00007fbd9489e14a sp=0x00007fbdb2340938 mode 0
Event: 1,411 Thread 0x00007fbdac016800 DEOPT PACKING pc=0x00007fbd94ee414c sp=0x00007fbdb233f530
Event: 1,411 Thread 0x00007fbdac016800 DEOPT UNPACKING pc=0x00007fbd9489e14a sp=0x00007fbdb233e950 mode 0
Event: 1,418 Thread 0x00007fbdacd92800 Uncommon trap: trap_request=0xffffffde fr.pc=0x00007fbd9c36f9a4 relative=0x0000000000001364
Event: 1,419 Thread 0x00007fbdacd92800 Uncommon trap: reason=class_check action=maybe_recompile pc=0x00007fbd9c36f9a4 method=jdk.internal.loader.URLClassPath.getLoader(I)Ljdk/internal/loader/URLClassPath$Loader; @ 88 c2
Event: 1,419 Thread 0x00007fbdacd92800 DEOPT PACKING pc=0x00007fbd9c36f9a4 sp=0x00007fbd2f7fcf60
Event: 1,419 Thread 0x00007fbdacd92800 DEOPT UNPACKING pc=0x00007fbd9489d9a5 sp=0x00007fbd2f7fcf60 mode 2
Event: 1,419 Thread 0x00007fbdacd92800 DEOPT PACKING pc=0x00007fbd95271ba0 sp=0x00007fbd2f7f6f20
Event: 1,419 Thread 0x00007fbdacd92800 DEOPT UNPACKING pc=0x00007fbd9489e14a sp=0x00007fbd2f7f6458 mode 0
Event: 1,449 Thread 0x00007fbdacd92800 DEOPT PACKING pc=0x00007fbd95271ba0 sp=0x00007fbd2f7fad30
Event: 1,449 Thread 0x00007fbdacd92800 DEOPT UNPACKING pc=0x00007fbd9489e14a sp=0x00007fbd2f7fa268 mode 0

Classes redefined (0 events):
No events

Internal exceptions (20 events):
Event: 0,083 Thread 0x00007fbdac016800 Exception <a 'java/lang/NoClassDefFoundError'{0x0000000716649ef8}: org/fusesource/jansi/internal/CLibrary> (0x0000000716649ef8) thrown at [src/hotspot/share/classfile/systemDictionary.cpp, line 220]
Event: 0,083 Thread 0x00007fbdac016800 Exception <a 'java/lang/NoClassDefFoundError'{0x000000071664a460}: org/fusesource/jansi/internal/CLibrary> (0x000000071664a460) thrown at [src/hotspot/share/oops/constantPool.cpp, line 775]
Event: 0,084 Thread 0x00007fbdac016800 Exception <a 'java/lang/NoClassDefFoundError'{0x00000007166563f8}: org/fusesource/jansi/internal/CLibrary> (0x00000007166563f8) thrown at [src/hotspot/share/oops/constantPool.cpp, line 775]
Event: 0,084 Thread 0x00007fbdac016800 Exception <a 'java/lang/NoClassDefFoundError'{0x0000000716656718}: org/fusesource/jansi/internal/CLibrary> (0x0000000716656718) thrown at [src/hotspot/share/oops/constantPool.cpp, line 775]
Event: 0,727 Thread 0x00007fbdac016800 Exception <a 'java/lang/NoClassDefFoundError'{0x0000000713db7468}: com/google/inject/servlet/ServletModuleTargetVisitor> (0x0000000713db7468) thrown at [src/hotspot/share/classfile/systemDictionary.cpp, line 220]
Event: 0,727 Thread 0x00007fbdac016800 Exception <a 'java/lang/NoClassDefFoundError'{0x0000000713db7468}> (0x0000000713db7468) thrown at [src/hotspot/share/prims/jvm.cpp, line 1310]
Event: 0,881 Thread 0x00007fbdac016800 Implicit null exception at 0x00007fbd9c361d84 to 0x00007fbd9c362284
Event: 0,881 Thread 0x00007fbdac016800 Implicit null exception at 0x00007fbd9c372b04 to 0x00007fbd9c373028
Event: 1,094 Thread 0x00007fbdac016800 Implicit null exception at 0x00007fbd9c3ca685 to 0x00007fbd9c3ca870
Event: 1,094 Thread 0x00007fbdac016800 Implicit null exception at 0x00007fbd9c3a172f to 0x00007fbd9c3a17ad
Event: 1,094 Thread 0x00007fbdac016800 Implicit null exception at 0x00007fbd9c431a4b to 0x00007fbd9c43214a
Event: 1,380 Thread 0x00007fbdac016800 Exception <a 'java/lang/NoClassDefFoundError'{0x0000000716745298}: org/sonatype/aether/deployment/DeploymentException> (0x0000000716745298) thrown at [src/hotspot/share/classfile/systemDictionary.cpp, line 220]
Event: 1,380 Thread 0x00007fbdac016800 Exception <a 'java/lang/NoClassDefFoundError'{0x00000007167525a8}: org/sonatype/aether/resolution/ArtifactDescriptorException> (0x00000007167525a8) thrown at [src/hotspot/share/classfile/systemDictionary.cpp, line 220]
Event: 1,381 Thread 0x00007fbdac016800 Exception <a 'java/lang/NoClassDefFoundError'{0x0000000716767f88}: org/sonatype/aether/artifact/Artifact> (0x0000000716767f88) thrown at [src/hotspot/share/classfile/systemDictionary.cpp, line 220]
Event: 1,384 Thread 0x00007fbdac016800 Exception <a 'java/lang/NoClassDefFoundError'{0x00000007167b92f8}: org/sonatype/aether/installation/InstallationException> (0x00000007167b92f8) thrown at [src/hotspot/share/classfile/systemDictionary.cpp, line 220]
Event: 1,389 Thread 0x00007fbdac016800 Exception <a 'java/lang/NoClassDefFoundError'{0x0000000716626a90}: org/sonatype/aether/resolution/ArtifactResolutionException> (0x0000000716626a90) thrown at [src/hotspot/share/classfile/systemDictionary.cpp, line 220]
Event: 1,389 Thread 0x00007fbdac016800 Exception <a 'java/lang/NoClassDefFoundError'{0x0000000716636cb0}: org/sonatype/aether/collection/DependencyCollectionException> (0x0000000716636cb0) thrown at [src/hotspot/share/classfile/systemDictionary.cpp, line 220]
Event: 1,394 Thread 0x00007fbdac016800 Exception <a 'java/lang/NoClassDefFoundError'{0x00000007166a29f0}: org/sonatype/aether/artifact/Artifact> (0x00000007166a29f0) thrown at [src/hotspot/share/classfile/systemDictionary.cpp, line 220]
Event: 1,431 Thread 0x00007fbdacd92800 Exception <a 'java/lang/NoSuchMethodError'{0x00000007162fb680}: 'void java.lang.invoke.DirectMethodHandle$Holder.invokeStaticInit(java.lang.Object, java.lang.Object)'> (0x00000007162fb680) thrown at [src/hotspot/share/interpreter/linkResolver.cpp, line 773]
Event: 1,431 Thread 0x00007fbdacd92800 Exception <a 'java/lang/NoSuchMethodError'{0x00000007162fe8d8}: 'void java.lang.invoke.Invokers$Holder.invoke_MT(java.lang.Object, java.lang.Object, java.lang.Object)'> (0x00000007162fe8d8) thrown at [src/hotspot/share/interpreter/linkResolver.cpp, line 773]

Events (20 events):
Event: 1,464 loading class java/io/FileOutputStream$1
Event: 1,464 loading class java/io/FileOutputStream$1 done
Event: 1,468 loading class java/io/DeleteOnExitHook
Event: 1,469 loading class java/io/DeleteOnExitHook done
Event: 1,469 loading class java/io/DeleteOnExitHook$1
Event: 1,469 loading class java/io/DeleteOnExitHook$1 done
Event: 1,469 Executing VM operation: RevokeBias
Event: 1,469 Executing VM operation: RevokeBias done
Event: 1,469 loading class org/rdfhdt/hdt/util/listener/IntermediateListener
Event: 1,469 loading class org/rdfhdt/hdt/util/listener/IntermediateListener done
Event: 1,469 loading class org/rdfhdt/hdt/compact/sequence/SequenceLog64
Event: 1,469 loading class org/rdfhdt/hdt/compact/sequence/SequenceLog64 done
Event: 1,470 loading class org/rdfhdt/hdt/compact/sequence/DynamicSequence
Event: 1,470 loading class org/rdfhdt/hdt/compact/sequence/DynamicSequence done
Event: 1,470 loading class org/rdfhdt/hdt/compact/sequence/Sequence
Event: 1,470 loading class org/rdfhdt/hdt/compact/sequence/Sequence done
Event: 1,470 loading class org/rdfhdt/hdt/util/crc/CRCOutputStream
Event: 1,470 loading class org/rdfhdt/hdt/util/crc/CRCOutputStream done
Event: 1,470 loading class org/rdfhdt/hdt/util/BitUtil
Event: 1,470 loading class org/rdfhdt/hdt/util/BitUtil done


Dynamic libraries:
707000000-716a00000 rw-p 00000000 00:00 0 
716a00000-7bfe00000 ---p 00000000 00:00 0 
7bfe00000-7bfe47000 rw-p 01111000 08:03 13371161                         /usr/lib/jvm/java-11-openjdk-amd64/lib/server/classes.jsa
7bfe47000-7bff00000 rw-p 00000000 00:00 0 
7bff00000-7bff6b000 rw-p 010a6000 08:03 13371161                         /usr/lib/jvm/java-11-openjdk-amd64/lib/server/classes.jsa
7bff6b000-7c0000000 rw-p 00000000 00:00 0 
7c0000000-800000000 ---p 00000000 00:00 0 
800000000-800002000 rwxp 00001000 08:03 13371161                         /usr/lib/jvm/java-11-openjdk-amd64/lib/server/classes.jsa
800002000-8003b9000 rw-p 00003000 08:03 13371161                         /usr/lib/jvm/java-11-openjdk-amd64/lib/server/classes.jsa
8003b9000-800a96000 r--p 003ba000 08:03 13371161                         /usr/lib/jvm/java-11-openjdk-amd64/lib/server/classes.jsa
800a96000-800a97000 rw-p 00a97000 08:03 13371161                         /usr/lib/jvm/java-11-openjdk-amd64/lib/server/classes.jsa
800a97000-8010a5000 r--p 00a98000 08:03 13371161                         /usr/lib/jvm/java-11-openjdk-amd64/lib/server/classes.jsa
840000000-840220000 rw-p 00000000 00:00 0 
840220000-880000000 ---p 00000000 00:00 0 
561bd7ba0000-561bd7ba1000 r--p 00000000 08:03 12594377                   /usr/lib/jvm/java-11-openjdk-amd64/bin/java
561bd7ba1000-561bd7ba2000 r-xp 00001000 08:03 12594377                   /usr/lib/jvm/java-11-openjdk-amd64/bin/java
561bd7ba2000-561bd7ba3000 r--p 00002000 08:03 12594377                   /usr/lib/jvm/java-11-openjdk-amd64/bin/java
561bd7ba3000-561bd7ba4000 r--p 00002000 08:03 12594377                   /usr/lib/jvm/java-11-openjdk-amd64/bin/java
561bd7ba4000-561bd7ba5000 rw-p 00003000 08:03 12594377                   /usr/lib/jvm/java-11-openjdk-amd64/bin/java
561bd8e2b000-561bd8e4c000 rw-p 00000000 00:00 0                          [heap]
7fbd27807000-7fbd28000000 rw-p 00000000 00:00 0 
7fbd28000000-7fbd28731000 rw-p 00000000 00:00 0 
7fbd28731000-7fbd2c000000 ---p 00000000 00:00 0 
7fbd2c125000-7fbd2f6ff000 rw-p 00000000 00:00 0 
7fbd2f6ff000-7fbd2f703000 ---p 00000000 00:00 0 
7fbd2f703000-7fbd2f9c0000 rw-p 00000000 00:00 0 
7fbd2f9c0000-7fbd2fa00000 ---p 00000000 00:00 0 
7fbd2fa00000-7fbd2fc00000 rw-p 00000000 00:00 0 
7fbd2fc00000-7fbd2fe00000 rw-p 00000000 00:00 0 
7fbd2fe00000-7fbd30000000 rw-p 00000000 00:00 0 
7fbd30000000-7fbd30021000 rw-p 00000000 00:00 0 
7fbd30021000-7fbd34000000 ---p 00000000 00:00 0 
7fbd34000000-7fbd34021000 rw-p 00000000 00:00 0 
7fbd34021000-7fbd38000000 ---p 00000000 00:00 0 
7fbd38000000-7fbd38021000 rw-p 00000000 00:00 0 
7fbd38021000-7fbd3c000000 ---p 00000000 00:00 0 
7fbd3c000000-7fbd3c021000 rw-p 00000000 00:00 0 
7fbd3c021000-7fbd40000000 ---p 00000000 00:00 0 
7fbd40000000-7fbd40f5b000 rw-p 00000000 00:00 0 
7fbd40f5b000-7fbd44000000 ---p 00000000 00:00 0 
7fbd44000000-7fbd44021000 rw-p 00000000 00:00 0 
7fbd44021000-7fbd48000000 ---p 00000000 00:00 0 
7fbd48000000-7fbd48021000 rw-p 00000000 00:00 0 
7fbd48021000-7fbd4c000000 ---p 00000000 00:00 0 
7fbd4c000000-7fbd4ca1d000 rw-p 00000000 00:00 0 
7fbd4ca1d000-7fbd50000000 ---p 00000000 00:00 0 
7fbd50000000-7fbd50021000 rw-p 00000000 00:00 0 
7fbd50021000-7fbd54000000 ---p 00000000 00:00 0 
7fbd54000000-7fbd54021000 rw-p 00000000 00:00 0 
7fbd54021000-7fbd58000000 ---p 00000000 00:00 0 
7fbd58000000-7fbd58e71000 rw-p 00000000 00:00 0 
7fbd58e71000-7fbd5c000000 ---p 00000000 00:00 0 
7fbd5c000000-7fbd5ca5f000 rw-p 00000000 00:00 0 
7fbd5ca5f000-7fbd60000000 ---p 00000000 00:00 0 
7fbd60000000-7fbd60021000 rw-p 00000000 00:00 0 
7fbd60021000-7fbd64000000 ---p 00000000 00:00 0 
7fbd64000000-7fbd64021000 rw-p 00000000 00:00 0 
7fbd64021000-7fbd68000000 ---p 00000000 00:00 0 
7fbd68000000-7fbd68021000 rw-p 00000000 00:00 0 
7fbd68021000-7fbd6c000000 ---p 00000000 00:00 0 
7fbd6c000000-7fbd6c021000 rw-p 00000000 00:00 0 
7fbd6c021000-7fbd70000000 ---p 00000000 00:00 0 
7fbd70000000-7fbd70021000 rw-p 00000000 00:00 0 
7fbd70021000-7fbd74000000 ---p 00000000 00:00 0 
7fbd74000000-7fbd74049000 rw-p 00000000 00:00 0 
7fbd74049000-7fbd78000000 ---p 00000000 00:00 0 
7fbd78000000-7fbd78021000 rw-p 00000000 00:00 0 
7fbd78021000-7fbd7c000000 ---p 00000000 00:00 0 
7fbd7c000000-7fbd7c021000 rw-p 00000000 00:00 0 
7fbd7c021000-7fbd80000000 ---p 00000000 00:00 0 
7fbd80008000-7fbd80009000 ---p 00000000 00:00 0 
7fbd80009000-7fbd8010a000 rw-p 00000000 00:00 0 
7fbd8010a000-7fbd8010b000 ---p 00000000 00:00 0 
7fbd8010b000-7fbd8020c000 rw-p 00000000 00:00 0 
7fbd8020c000-7fbd8020d000 ---p 00000000 00:00 0 
7fbd8020d000-7fbd8030e000 rw-p 00000000 00:00 0 
7fbd8030e000-7fbd8030f000 ---p 00000000 00:00 0 
7fbd8030f000-7fbd80410000 rw-p 00000000 00:00 0 
7fbd80410000-7fbd80411000 ---p 00000000 00:00 0 
7fbd80411000-7fbd80512000 rw-p 00000000 00:00 0 
7fbd80587000-7fbd8058b000 ---p 00000000 00:00 0 
7fbd8058b000-7fbd80688000 rw-p 00000000 00:00 0 
7fbd80688000-7fbd8068c000 ---p 00000000 00:00 0 
7fbd8068c000-7fbd80789000 rw-p 00000000 00:00 0 
7fbd80789000-7fbd8078d000 ---p 00000000 00:00 0 
7fbd8078d000-7fbd8088a000 rw-p 00000000 00:00 0 
7fbd8088a000-7fbd8088b000 ---p 00000000 00:00 0 
7fbd8088b000-7fbd8098c000 rw-p 00000000 00:00 0 
7fbd8098c000-7fbd80990000 ---p 00000000 00:00 0 
7fbd80990000-7fbd80a8d000 rw-p 00000000 00:00 0 
7fbd80a8d000-7fbd80a91000 ---p 00000000 00:00 0 
7fbd80a91000-7fbd80b8e000 rw-p 00000000 00:00 0 
7fbd80b8e000-7fbd80b92000 ---p 00000000 00:00 0 
7fbd80b92000-7fbd80c8f000 rw-p 00000000 00:00 0 
7fbd80c8f000-7fbd80c93000 ---p 00000000 00:00 0 
7fbd80c93000-7fbd80d90000 rw-p 00000000 00:00 0 
7fbd80d90000-7fbd80d94000 ---p 00000000 00:00 0 
7fbd80d94000-7fbd80e91000 rw-p 00000000 00:00 0 
7fbd80e91000-7fbd81176000 r--p 00000000 08:03 12583282                   /usr/lib/locale/locale-archive
7fbd81176000-7fbd8117a000 ---p 00000000 00:00 0 
7fbd8117a000-7fbd81277000 rw-p 00000000 00:00 0 
7fbd81277000-7fbd8127b000 ---p 00000000 00:00 0 
7fbd8127b000-7fbd81378000 rw-p 00000000 00:00 0 
7fbd81378000-7fbd81379000 ---p 00000000 00:00 0 
7fbd81379000-7fbd81cfb000 rw-p 00000000 00:00 0 
7fbd81cfb000-7fbd81cfc000 ---p 00000000 00:00 0 
7fbd81cfc000-7fbd81dfd000 rw-p 00000000 00:00 0 
7fbd81dfd000-7fbd81dfe000 ---p 00000000 00:00 0 
7fbd81dfe000-7fbd84000000 rw-p 00000000 00:00 0 
7fbd84000000-7fbd84021000 rw-p 00000000 00:00 0 
7fbd84021000-7fbd88000000 ---p 00000000 00:00 0 
7fbd8801b000-7fbd88021000 r--p 00000000 08:03 12616458                   /usr/lib/libk2triples.so
7fbd88021000-7fbd88046000 r-xp 00006000 08:03 12616458                   /usr/lib/libk2triples.so
7fbd88046000-7fbd88049000 r--p 0002b000 08:03 12616458                   /usr/lib/libk2triples.so
7fbd88049000-7fbd8804a000 ---p 0002e000 08:03 12616458                   /usr/lib/libk2triples.so
7fbd8804a000-7fbd8804b000 r--p 0002e000 08:03 12616458                   /usr/lib/libk2triples.so
7fbd8804b000-7fbd8804c000 rw-p 0002f000 08:03 12616458                   /usr/lib/libk2triples.so
7fbd8804c000-7fbd88768000 rw-p 00000000 00:00 0 
7fbd88768000-7fbd8b1b8000 ---p 00000000 00:00 0 
7fbd8b1b8000-7fbd8b1c0000 rw-p 00000000 00:00 0 
7fbd8b1c0000-7fbd8c1c0000 ---p 00000000 00:00 0 
7fbd8c1c0000-7fbd8c5a8000 rw-p 00000000 00:00 0 
7fbd8c5a8000-7fbd8eff8000 ---p 00000000 00:00 0 
7fbd8eff8000-7fbd8f000000 rw-p 00000000 00:00 0 
7fbd8f000000-7fbd90000000 ---p 00000000 00:00 0 
7fbd90000000-7fbd90021000 rw-p 00000000 00:00 0 
7fbd90021000-7fbd94000000 ---p 00000000 00:00 0 
7fbd94009000-7fbd9400d000 r--p 00000000 08:03 12587494                   /usr/lib/libjnidictionary.so
7fbd9400d000-7fbd94010000 r-xp 00004000 08:03 12587494                   /usr/lib/libjnidictionary.so
7fbd94010000-7fbd94011000 r--p 00007000 08:03 12587494                   /usr/lib/libjnidictionary.so
7fbd94011000-7fbd94012000 ---p 00008000 08:03 12587494                   /usr/lib/libjnidictionary.so
7fbd94012000-7fbd94013000 r--p 00008000 08:03 12587494                   /usr/lib/libjnidictionary.so
7fbd94013000-7fbd94014000 rw-p 00009000 08:03 12587494                   /usr/lib/libjnidictionary.so
7fbd94014000-7fbd94018000 r--p 00000000 08:03 12725097                   /usr/lib/jvm/java-11-openjdk-amd64/lib/libnet.so
7fbd94018000-7fbd94027000 r-xp 00004000 08:03 12725097                   /usr/lib/jvm/java-11-openjdk-amd64/lib/libnet.so
7fbd94027000-7fbd9402b000 r--p 00013000 08:03 12725097                   /usr/lib/jvm/java-11-openjdk-amd64/lib/libnet.so
7fbd9402b000-7fbd9402c000 r--p 00016000 08:03 12725097                   /usr/lib/jvm/java-11-openjdk-amd64/lib/libnet.so
7fbd9402c000-7fbd9402d000 rw-p 00017000 08:03 12725097                   /usr/lib/jvm/java-11-openjdk-amd64/lib/libnet.so
7fbd9402d000-7fbd9412d000 rw-p 00000000 00:00 0 
7fbd9412d000-7fbd94677000 ---p 00000000 00:00 0 
7fbd94677000-7fbd94678000 rw-p 00000000 00:00 0 
7fbd94678000-7fbd94878000 ---p 00000000 00:00 0 
7fbd94878000-7fbd94ae8000 rwxp 00000000 00:00 0 
7fbd94ae8000-7fbd94e09000 ---p 00000000 00:00 0 
7fbd94e09000-7fbd95519000 rwxp 00000000 00:00 0 
7fbd95519000-7fbd9c340000 ---p 00000000 00:00 0 
7fbd9c340000-7fbd9c5b0000 rwxp 00000000 00:00 0 
7fbd9c5b0000-7fbda3878000 ---p 00000000 00:00 0 
7fbda3878000-7fbdac000000 r--s 00000000 08:03 12725110                   /usr/lib/jvm/java-11-openjdk-amd64/lib/modules
7fbdac000000-7fbdace7d000 rw-p 00000000 00:00 0 
7fbdace7d000-7fbdb0000000 ---p 00000000 00:00 0 
7fbdb0001000-7fbdb0008000 r--p 00000000 08:03 12725098                   /usr/lib/jvm/java-11-openjdk-amd64/lib/libnio.so
7fbdb0008000-7fbdb000f000 r-xp 00007000 08:03 12725098                   /usr/lib/jvm/java-11-openjdk-amd64/lib/libnio.so
7fbdb000f000-7fbdb0012000 r--p 0000e000 08:03 12725098                   /usr/lib/jvm/java-11-openjdk-amd64/lib/libnio.so
7fbdb0012000-7fbdb0013000 r--p 00010000 08:03 12725098                   /usr/lib/jvm/java-11-openjdk-amd64/lib/libnio.so
7fbdb0013000-7fbdb0014000 rw-p 00011000 08:03 12725098                   /usr/lib/jvm/java-11-openjdk-amd64/lib/libnio.so
7fbdb0014000-7fbdb045a000 rw-p 00000000 00:00 0 
7fbdb045a000-7fbdb045b000 ---p 00000000 00:00 0 
7fbdb045b000-7fbdb055c000 rw-p 00000000 00:00 0 
7fbdb055c000-7fbdb055d000 ---p 00000000 00:00 0 
7fbdb055d000-7fbdb07dc000 rw-p 00000000 00:00 0 
7fbdb07dc000-7fbdb0d26000 ---p 00000000 00:00 0 
7fbdb0d26000-7fbdb0d27000 rw-p 00000000 00:00 0 
7fbdb0d27000-7fbdb0f27000 ---p 00000000 00:00 0 
7fbdb0f27000-7fbdb0fa4000 rw-p 00000000 00:00 0 
7fbdb0fa4000-7fbdb14ee000 ---p 00000000 00:00 0 
7fbdb14ee000-7fbdb14ef000 rw-p 00000000 00:00 0 
7fbdb14ef000-7fbdb16ef000 ---p 00000000 00:00 0 
7fbdb16ef000-7fbdb1ef7000 rw-p 00000000 00:00 0 
7fbdb1ef7000-7fbdb1ef8000 ---p 00000000 00:00 0 
7fbdb1ef8000-7fbdb1ffe000 rw-p 00000000 00:00 0 
7fbdb1ffe000-7fbdb20e4000 ---p 00000000 00:00 0 
7fbdb20e4000-7fbdb20f3000 rw-p 00000000 00:00 0 
7fbdb20f3000-7fbdb21cf000 ---p 00000000 00:00 0 
7fbdb21cf000-7fbdb21d4000 rw-p 00000000 00:00 0 
7fbdb21d4000-7fbdb21db000 ---p 00000000 00:00 0 
7fbdb21db000-7fbdb21de000 r--p 00000000 08:03 12583561                   /usr/lib/x86_64-linux-gnu/libnss_files-2.28.so
7fbdb21de000-7fbdb21e5000 r-xp 00003000 08:03 12583561                   /usr/lib/x86_64-linux-gnu/libnss_files-2.28.so
7fbdb21e5000-7fbdb21e7000 r--p 0000a000 08:03 12583561                   /usr/lib/x86_64-linux-gnu/libnss_files-2.28.so
7fbdb21e7000-7fbdb21e8000 ---p 0000c000 08:03 12583561                   /usr/lib/x86_64-linux-gnu/libnss_files-2.28.so
7fbdb21e8000-7fbdb21e9000 r--p 0000c000 08:03 12583561                   /usr/lib/x86_64-linux-gnu/libnss_files-2.28.so
7fbdb21e9000-7fbdb21ea000 rw-p 0000d000 08:03 12583561                   /usr/lib/x86_64-linux-gnu/libnss_files-2.28.so
7fbdb21ea000-7fbdb21f0000 rw-p 00000000 00:00 0 
7fbdb21f7000-7fbdb21f9000 r--s 00007000 08:03 13112440                   /usr/share/java/java-atk-wrapper.jar
7fbdb21f9000-7fbdb21fb000 r--p 00000000 08:03 12725109                   /usr/lib/jvm/java-11-openjdk-amd64/lib/libzip.so
7fbdb21fb000-7fbdb21ff000 r-xp 00002000 08:03 12725109                   /usr/lib/jvm/java-11-openjdk-amd64/lib/libzip.so
7fbdb21ff000-7fbdb2201000 r--p 00006000 08:03 12725109                   /usr/lib/jvm/java-11-openjdk-amd64/lib/libzip.so
7fbdb2201000-7fbdb2202000 r--p 00007000 08:03 12725109                   /usr/lib/jvm/java-11-openjdk-amd64/lib/libzip.so
7fbdb2202000-7fbdb2203000 rw-p 00008000 08:03 12725109                   /usr/lib/jvm/java-11-openjdk-amd64/lib/libzip.so
7fbdb2203000-7fbdb220b000 rw-s 00000000 08:03 1838467                    /tmp/hsperfdata_dramos/9287
7fbdb220b000-7fbdb220c000 ---p 00000000 00:00 0 
7fbdb220c000-7fbdb220d000 r--p 00000000 00:00 0 
7fbdb220d000-7fbdb221b000 r--p 00000000 08:03 12725082                   /usr/lib/jvm/java-11-openjdk-amd64/lib/libjava.so
7fbdb221b000-7fbdb2230000 r-xp 0000e000 08:03 12725082                   /usr/lib/jvm/java-11-openjdk-amd64/lib/libjava.so
7fbdb2230000-7fbdb2237000 r--p 00023000 08:03 12725082                   /usr/lib/jvm/java-11-openjdk-amd64/lib/libjava.so
7fbdb2237000-7fbdb2238000 r--p 00029000 08:03 12725082                   /usr/lib/jvm/java-11-openjdk-amd64/lib/libjava.so
7fbdb2238000-7fbdb2239000 rw-p 0002a000 08:03 12725082                   /usr/lib/jvm/java-11-openjdk-amd64/lib/libjava.so
7fbdb2239000-7fbdb223a000 rw-p 00000000 00:00 0 
7fbdb223a000-7fbdb223c000 r--p 00000000 08:03 12583569                   /usr/lib/x86_64-linux-gnu/librt-2.28.so
7fbdb223c000-7fbdb2240000 r-xp 00002000 08:03 12583569                   /usr/lib/x86_64-linux-gnu/librt-2.28.so
7fbdb2240000-7fbdb2242000 r--p 00006000 08:03 12583569                   /usr/lib/x86_64-linux-gnu/librt-2.28.so
7fbdb2242000-7fbdb2243000 r--p 00007000 08:03 12583569                   /usr/lib/x86_64-linux-gnu/librt-2.28.so
7fbdb2243000-7fbdb2244000 rw-p 00008000 08:03 12583569                   /usr/lib/x86_64-linux-gnu/librt-2.28.so
7fbdb2244000-7fbdb2248000 ---p 00000000 00:00 0 
7fbdb2248000-7fbdb2345000 rw-p 00000000 00:00 0 
7fbdb2345000-7fbdb2348000 r--p 00000000 08:03 12582933                   /usr/lib/x86_64-linux-gnu/libgcc_s.so.1
7fbdb2348000-7fbdb2359000 r-xp 00003000 08:03 12582933                   /usr/lib/x86_64-linux-gnu/libgcc_s.so.1
7fbdb2359000-7fbdb235c000 r--p 00014000 08:03 12582933                   /usr/lib/x86_64-linux-gnu/libgcc_s.so.1
7fbdb235c000-7fbdb235d000 ---p 00017000 08:03 12582933                   /usr/lib/x86_64-linux-gnu/libgcc_s.so.1
7fbdb235d000-7fbdb235e000 r--p 00017000 08:03 12582933                   /usr/lib/x86_64-linux-gnu/libgcc_s.so.1
7fbdb235e000-7fbdb235f000 rw-p 00018000 08:03 12582933                   /usr/lib/x86_64-linux-gnu/libgcc_s.so.1
7fbdb235f000-7fbdb236c000 r--p 00000000 08:03 12583552                   /usr/lib/x86_64-linux-gnu/libm-2.28.so
7fbdb236c000-7fbdb240b000 r-xp 0000d000 08:03 12583552                   /usr/lib/x86_64-linux-gnu/libm-2.28.so
7fbdb240b000-7fbdb24e0000 r--p 000ac000 08:03 12583552                   /usr/lib/x86_64-linux-gnu/libm-2.28.so
7fbdb24e0000-7fbdb24e1000 r--p 00180000 08:03 12583552                   /usr/lib/x86_64-linux-gnu/libm-2.28.so
7fbdb24e1000-7fbdb24e2000 rw-p 00181000 08:03 12583552                   /usr/lib/x86_64-linux-gnu/libm-2.28.so
7fbdb24e2000-7fbdb256b000 r--p 00000000 08:03 12583199                   /usr/lib/x86_64-linux-gnu/libstdc++.so.6.0.25
7fbdb256b000-7fbdb2617000 r-xp 00089000 08:03 12583199                   /usr/lib/x86_64-linux-gnu/libstdc++.so.6.0.25
7fbdb2617000-7fbdb2655000 r--p 00135000 08:03 12583199                   /usr/lib/x86_64-linux-gnu/libstdc++.so.6.0.25
7fbdb2655000-7fbdb2656000 ---p 00173000 08:03 12583199                   /usr/lib/x86_64-linux-gnu/libstdc++.so.6.0.25
7fbdb2656000-7fbdb2660000 r--p 00173000 08:03 12583199                   /usr/lib/x86_64-linux-gnu/libstdc++.so.6.0.25
7fbdb2660000-7fbdb2662000 rw-p 0017d000 08:03 12583199                   /usr/lib/x86_64-linux-gnu/libstdc++.so.6.0.25
7fbdb2662000-7fbdb2666000 rw-p 00000000 00:00 0 
7fbdb2666000-7fbdb28e0000 r--p 00000000 08:03 13372845                   /usr/lib/jvm/java-11-openjdk-amd64/lib/server/libjvm.so
7fbdb28e0000-7fbdb34fb000 r-xp 0027a000 08:03 13372845                   /usr/lib/jvm/java-11-openjdk-amd64/lib/server/libjvm.so
7fbdb34fb000-7fbdb3753000 r--p 00e95000 08:03 13372845                   /usr/lib/jvm/java-11-openjdk-amd64/lib/server/libjvm.so
7fbdb3753000-7fbdb3814000 r--p 010ec000 08:03 13372845                   /usr/lib/jvm/java-11-openjdk-amd64/lib/server/libjvm.so
7fbdb3814000-7fbdb384f000 rw-p 011ad000 08:03 13372845                   /usr/lib/jvm/java-11-openjdk-amd64/lib/server/libjvm.so
7fbdb384f000-7fbdb38a8000 rw-p 00000000 00:00 0 
7fbdb38a8000-7fbdb38ca000 r--p 00000000 08:03 12583549                   /usr/lib/x86_64-linux-gnu/libc-2.28.so
7fbdb38ca000-7fbdb3a12000 r-xp 00022000 08:03 12583549                   /usr/lib/x86_64-linux-gnu/libc-2.28.so
7fbdb3a12000-7fbdb3a5e000 r--p 0016a000 08:03 12583549                   /usr/lib/x86_64-linux-gnu/libc-2.28.so
7fbdb3a5e000-7fbdb3a5f000 ---p 001b6000 08:03 12583549                   /usr/lib/x86_64-linux-gnu/libc-2.28.so
7fbdb3a5f000-7fbdb3a63000 r--p 001b6000 08:03 12583549                   /usr/lib/x86_64-linux-gnu/libc-2.28.so
7fbdb3a63000-7fbdb3a65000 rw-p 001ba000 08:03 12583549                   /usr/lib/x86_64-linux-gnu/libc-2.28.so
7fbdb3a65000-7fbdb3a69000 rw-p 00000000 00:00 0 
7fbdb3a69000-7fbdb3a6a000 r--p 00000000 08:03 12583551                   /usr/lib/x86_64-linux-gnu/libdl-2.28.so
7fbdb3a6a000-7fbdb3a6b000 r-xp 00001000 08:03 12583551                   /usr/lib/x86_64-linux-gnu/libdl-2.28.so
7fbdb3a6b000-7fbdb3a6c000 r--p 00002000 08:03 12583551                   /usr/lib/x86_64-linux-gnu/libdl-2.28.so
7fbdb3a6c000-7fbdb3a6d000 r--p 00002000 08:03 12583551                   /usr/lib/x86_64-linux-gnu/libdl-2.28.so
7fbdb3a6d000-7fbdb3a6e000 rw-p 00003000 08:03 12583551                   /usr/lib/x86_64-linux-gnu/libdl-2.28.so
7fbdb3a6e000-7fbdb3a71000 r--p 00000000 08:03 13372842                   /usr/lib/jvm/java-11-openjdk-amd64/lib/jli/libjli.so
7fbdb3a71000-7fbdb3a7b000 r-xp 00003000 08:03 13372842                   /usr/lib/jvm/java-11-openjdk-amd64/lib/jli/libjli.so
7fbdb3a7b000-7fbdb3a7e000 r--p 0000d000 08:03 13372842                   /usr/lib/jvm/java-11-openjdk-amd64/lib/jli/libjli.so
7fbdb3a7e000-7fbdb3a7f000 ---p 00010000 08:03 13372842                   /usr/lib/jvm/java-11-openjdk-amd64/lib/jli/libjli.so
7fbdb3a7f000-7fbdb3a80000 r--p 00010000 08:03 13372842                   /usr/lib/jvm/java-11-openjdk-amd64/lib/jli/libjli.so
7fbdb3a80000-7fbdb3a81000 rw-p 00011000 08:03 13372842                   /usr/lib/jvm/java-11-openjdk-amd64/lib/jli/libjli.so
7fbdb3a81000-7fbdb3a87000 r--p 00000000 08:03 12583567                   /usr/lib/x86_64-linux-gnu/libpthread-2.28.so
7fbdb3a87000-7fbdb3a96000 r-xp 00006000 08:03 12583567                   /usr/lib/x86_64-linux-gnu/libpthread-2.28.so
7fbdb3a96000-7fbdb3a9c000 r--p 00015000 08:03 12583567                   /usr/lib/x86_64-linux-gnu/libpthread-2.28.so
7fbdb3a9c000-7fbdb3a9d000 r--p 0001a000 08:03 12583567                   /usr/lib/x86_64-linux-gnu/libpthread-2.28.so
7fbdb3a9d000-7fbdb3a9e000 rw-p 0001b000 08:03 12583567                   /usr/lib/x86_64-linux-gnu/libpthread-2.28.so
7fbdb3a9e000-7fbdb3aa2000 rw-p 00000000 00:00 0 
7fbdb3aa2000-7fbdb3abe000 r-xp 00000000 08:03 12585259                   /usr/lib/x86_64-linux-gnu/libz.so.1.2.11
7fbdb3abe000-7fbdb3cbe000 ---p 0001c000 08:03 12585259                   /usr/lib/x86_64-linux-gnu/libz.so.1.2.11
7fbdb3cbe000-7fbdb3cbf000 r--p 0001c000 08:03 12585259                   /usr/lib/x86_64-linux-gnu/libz.so.1.2.11
7fbdb3cbf000-7fbdb3cc0000 rw-p 0001d000 08:03 12585259                   /usr/lib/x86_64-linux-gnu/libz.so.1.2.11
7fbdb3cc0000-7fbdb3cc2000 rw-p 00000000 00:00 0 
7fbdb3cc3000-7fbdb3cc5000 r--p 00000000 08:03 12725086                   /usr/lib/jvm/java-11-openjdk-amd64/lib/libjimage.so
7fbdb3cc5000-7fbdb3cc8000 r-xp 00002000 08:03 12725086                   /usr/lib/jvm/java-11-openjdk-amd64/lib/libjimage.so
7fbdb3cc8000-7fbdb3cca000 r--p 00005000 08:03 12725086                   /usr/lib/jvm/java-11-openjdk-amd64/lib/libjimage.so
7fbdb3cca000-7fbdb3ccb000 r--p 00006000 08:03 12725086                   /usr/lib/jvm/java-11-openjdk-amd64/lib/libjimage.so
7fbdb3ccb000-7fbdb3ccc000 rw-p 00007000 08:03 12725086                   /usr/lib/jvm/java-11-openjdk-amd64/lib/libjimage.so
7fbdb3ccc000-7fbdb3cd1000 r--p 00000000 08:03 12725108                   /usr/lib/jvm/java-11-openjdk-amd64/lib/libverify.so
7fbdb3cd1000-7fbdb3cd8000 r-xp 00005000 08:03 12725108                   /usr/lib/jvm/java-11-openjdk-amd64/lib/libverify.so
7fbdb3cd8000-7fbdb3cda000 r--p 0000c000 08:03 12725108                   /usr/lib/jvm/java-11-openjdk-amd64/lib/libverify.so
7fbdb3cda000-7fbdb3cdc000 r--p 0000d000 08:03 12725108                   /usr/lib/jvm/java-11-openjdk-amd64/lib/libverify.so
7fbdb3cdc000-7fbdb3cdd000 rw-p 0000f000 08:03 12725108                   /usr/lib/jvm/java-11-openjdk-amd64/lib/libverify.so
7fbdb3cdd000-7fbdb3cde000 r--p 00000000 08:03 12582935                   /usr/lib/x86_64-linux-gnu/ld-2.28.so
7fbdb3cde000-7fbdb3cfc000 r-xp 00001000 08:03 12582935                   /usr/lib/x86_64-linux-gnu/ld-2.28.so
7fbdb3cfc000-7fbdb3d04000 r--p 0001f000 08:03 12582935                   /usr/lib/x86_64-linux-gnu/ld-2.28.so
7fbdb3d04000-7fbdb3d05000 r--p 00026000 08:03 12582935                   /usr/lib/x86_64-linux-gnu/ld-2.28.so
7fbdb3d05000-7fbdb3d06000 rw-p 00027000 08:03 12582935                   /usr/lib/x86_64-linux-gnu/ld-2.28.so
7fbdb3d06000-7fbdb3d07000 rw-p 00000000 00:00 0 
7fff66d28000-7fff66d49000 rw-p 00000000 00:00 0                          [stack]
7fff66ddf000-7fff66de2000 r--p 00000000 00:00 0                          [vvar]
7fff66de2000-7fff66de4000 r-xp 00000000 00:00 0                          [vdso]


VM Arguments:
jvm_args: -Dclassworlds.conf=/usr/share/maven/bin/m2.conf -Dmaven.home=/usr/share/maven -Dlibrary.jansi.path=/usr/share/maven/lib/jansi-native -Dmaven.multiModuleProjectDirectory=/home/dramos/TFM/git/hdt-jni/hdt-java-cli 
java_command: org.codehaus.plexus.classworlds.launcher.Launcher exec:java -Dexec.mainClass=org.rdfhdt.hdt.tools.RDF2HDT -Dexec.args=../hdt-java-core/data/test.nt ../hdt-java-core/data/test.hdt
java_class_path (initial): /usr/share/maven/boot/plexus-classworlds-2.x.jar
Launcher Type: SUN_STANDARD

[Global flags]
     intx CICompilerCount                          = 4                                         {product} {ergonomic}
     uint ConcGCThreads                            = 2                                         {product} {ergonomic}
     uint G1ConcRefinementThreads                  = 8                                         {product} {ergonomic}
   size_t G1HeapRegionSize                         = 1048576                                   {product} {ergonomic}
    uintx GCDrainStackTargetSize                   = 64                                        {product} {ergonomic}
   size_t InitialHeapSize                          = 262144000                                 {product} {ergonomic}
   size_t MarkStackSize                            = 4194304                                   {product} {ergonomic}
   size_t MaxHeapSize                              = 4177526784                                {product} {ergonomic}
   size_t MaxNewSize                               = 2506096640                                {product} {ergonomic}
   size_t MinHeapDeltaBytes                        = 1048576                                   {product} {ergonomic}
    uintx NonNMethodCodeHeapSize                   = 5836300                                {pd product} {ergonomic}
    uintx NonProfiledCodeHeapSize                  = 122910970                              {pd product} {ergonomic}
    uintx ProfiledCodeHeapSize                     = 122910970                              {pd product} {ergonomic}
    uintx ReservedCodeCacheSize                    = 251658240                              {pd product} {ergonomic}
     bool SegmentedCodeCache                       = true                                      {product} {ergonomic}
     bool UseCompressedClassPointers               = true                                 {lp64_product} {ergonomic}
     bool UseCompressedOops                        = true                                 {lp64_product} {ergonomic}
     bool UseG1GC                                  = true                                      {product} {ergonomic}

Logging:
Log output configuration:
 #0: stdout all=warning uptime,level,tags
 #1: stderr all=off uptime,level,tags

Environment Variables:
JAVA_HOME=/usr/lib/jvm/java-1.11.0-openjdk-amd64
PATH=/snap/bin:/usr/lib/jvm/java-1.11.0-openjdk-amd64/bin:/usr/local/bin:/usr/bin:/bin:/usr/local/games:/usr/games
SHELL=/bin/bash
DISPLAY=:0
LANG=es_ES.UTF-8

Signal Handlers:
SIGSEGV: [libjvm.so+0xe21ec0], sa_mask[0]=11111111011111111101111111111110, sa_flags=SA_RESTART|SA_SIGINFO
SIGBUS: [libjvm.so+0xe21ec0], sa_mask[0]=11111111011111111101111111111110, sa_flags=SA_RESTART|SA_SIGINFO
SIGFPE: [libjvm.so+0xe21ec0], sa_mask[0]=11111111011111111101111111111110, sa_flags=SA_RESTART|SA_SIGINFO
SIGPIPE: [libjvm.so+0xb75cf0], sa_mask[0]=11111111011111111101111111111110, sa_flags=SA_RESTART|SA_SIGINFO
SIGXFSZ: [libjvm.so+0xb75cf0], sa_mask[0]=11111111011111111101111111111110, sa_flags=SA_RESTART|SA_SIGINFO
SIGILL: [libjvm.so+0xe21ec0], sa_mask[0]=11111111011111111101111111111110, sa_flags=SA_RESTART|SA_SIGINFO
SIGUSR2: [libjvm.so+0xb75b80], sa_mask[0]=00000000000000000000000000000000, sa_flags=SA_RESTART|SA_SIGINFO
SIGHUP: [libjvm.so+0xb76030], sa_mask[0]=11111111011111111101111111111110, sa_flags=SA_RESTART|SA_SIGINFO
SIGINT: [libjvm.so+0xb76030], sa_mask[0]=11111111011111111101111111111110, sa_flags=SA_RESTART|SA_SIGINFO
SIGTERM: [libjvm.so+0xb76030], sa_mask[0]=11111111011111111101111111111110, sa_flags=SA_RESTART|SA_SIGINFO
SIGQUIT: [libjvm.so+0xb76030], sa_mask[0]=11111111011111111101111111111110, sa_flags=SA_RESTART|SA_SIGINFO


---------------  S Y S T E M  ---------------

OS:PRETTY_NAME="Debian GNU/Linux 10 (buster)"
NAME="Debian GNU/Linux"
VERSION_ID="10"
VERSION="10 (buster)"
VERSION_CODENAME=buster
ID=debian
HOME_URL="https://www.debian.org/"
SUPPORT_URL="https://www.debian.org/support"
BUG_REPORT_URL="https://bugs.debian.org/"
uname:Linux 4.19.0-16-amd64 #1 SMP Debian 4.19.181-1 (2021-03-19) x86_64
OS uptime: 0 days 1:26 hours
libc:glibc 2.28 NPTL 2.28 
rlimit (soft/hard): STACK 8192k/infinity , CORE 0k/infinity , NPROC 63525/63525 , NOFILE 1048576/1048576 , AS infinity/infinity , CPU infinity/infinity , DATA infinity/infinity , FSIZE infinity/infinity , MEMLOCK 65536k/65536k
load average:0,80 0,79 0,66

/proc/meminfo:
MemTotal:       16317872 kB
MemFree:         7174732 kB
MemAvailable:    9445752 kB
Buffers:          256252 kB
Cached:          2432800 kB
SwapCached:            0 kB
Active:          6934744 kB
Inactive:        1586804 kB
Active(anon):    5855336 kB
Inactive(anon):   285884 kB
Active(file):    1079408 kB
Inactive(file):  1300920 kB
Unevictable:         112 kB
Mlocked:             112 kB
SwapTotal:      10239996 kB
SwapFree:       10239996 kB
Dirty:              5960 kB
Writeback:             0 kB
AnonPages:       5711352 kB
Mapped:           956084 kB
Shmem:            311112 kB
Slab:             357012 kB
SReclaimable:     226864 kB
SUnreclaim:       130148 kB
KernelStack:       24176 kB
PageTables:        55224 kB
NFS_Unstable:          0 kB
Bounce:                0 kB
WritebackTmp:          0 kB
CommitLimit:    18398932 kB
Committed_AS:   14651560 kB
VmallocTotal:   34359738367 kB
VmallocUsed:           0 kB
VmallocChunk:          0 kB
Percpu:             3168 kB
HardwareCorrupted:     0 kB
AnonHugePages:   2099200 kB
ShmemHugePages:        0 kB
ShmemPmdMapped:        0 kB
HugePages_Total:       0
HugePages_Free:        0
HugePages_Rsvd:        0
HugePages_Surp:        0
Hugepagesize:       2048 kB
Hugetlb:               0 kB
DirectMap4k:      274024 kB
DirectMap2M:     8007680 kB
DirectMap1G:     8388608 kB

/sys/kernel/mm/transparent_hugepage/enabled:
[always] madvise never
/sys/kernel/mm/transparent_hugepage/defrag (defrag/compaction efforts parameter):
always defer defer+madvise [madvise] never

Process Memory:
Virtual Size: 7442568K (peak: 15597000K)
Resident Set Size: 289360K (peak: 289652K) (anon: 261432K, file: 27928K, shmem: 0K)
Swapped out: 0K
C-Heap outstanding allocations: 59004K

/proc/sys/kernel/threads-max (system-wide limit on the number of threads):
127051
/proc/sys/vm/max_map_count (maximum number of memory map areas a process may have):
65530
/proc/sys/kernel/pid_max (system-wide limit on number of process identifiers):
32768

container (cgroup) information:
container_type: cgroupv1
cpu_cpuset_cpus: 0-7
cpu_memory_nodes: 0
active_processor_count: 8
cpu_quota: -1
cpu_period: 100000
cpu_shares: -1
memory_limit_in_bytes: -1
memory_and_swap_limit_in_bytes: -2
memory_soft_limit_in_bytes: -1
memory_usage_in_bytes: 704442368
memory_max_usage_in_bytes: 1030537216

Steal ticks since vm start: 0
Steal ticks percentage since vm start:  0,000

CPU:total 8 (initial active 8) (4 cores per cpu, 2 threads per core) family 6 model 158 stepping 9 microcode 0xde, cmov, cx8, fxsr, mmx, sse, sse2, sse3, ssse3, sse4.1, sse4.2, popcnt, avx, avx2, aes, clmul, erms, rtm, 3dnowpref, lzcnt, ht, tsc, tscinvbit, bmi1, bmi2, adx, fma
CPU Model and flags from /proc/cpuinfo:
model name	: Intel(R) Core(TM) i7-7700 CPU @ 3.60GHz
flags		: fpu vme de pse tsc msr pae mce cx8 apic sep mtrr pge mca cmov pat pse36 clflush dts acpi mmx fxsr sse sse2 ss ht tm pbe syscall nx pdpe1gb rdtscp lm constant_tsc art arch_perfmon pebs bts rep_good nopl xtopology nonstop_tsc cpuid aperfmperf tsc_known_freq pni pclmulqdq dtes64 monitor ds_cpl vmx smx est tm2 ssse3 sdbg fma cx16 xtpr pdcm pcid sse4_1 sse4_2 x2apic movbe popcnt tsc_deadline_timer aes xsave avx f16c rdrand lahf_lm abm 3dnowprefetch cpuid_fault epb invpcid_single pti ssbd ibrs ibpb stibp tpr_shadow vnmi flexpriority ept vpid ept_ad fsgsbase tsc_adjust bmi1 hle avx2 smep bmi2 erms invpcid rtm mpx rdseed adx smap clflushopt intel_pt xsaveopt xsavec xgetbv1 xsaves dtherm ida arat pln pts hwp hwp_notify hwp_act_window hwp_epp md_clear flush_l1d
Online cpus:
0-7
Offline cpus:

BIOS frequency limitation:
<Not Available>
Frequency switch latency (ns):
0
Available cpu frequencies:
<Not Available>
Current governor:
powersave
Core performance/turbo boost:
<Not Available>

Memory: 4k page, physical 16317872k(7175504k free), swap 10239996k(10239996k free)

vm_info: OpenJDK 64-Bit Server VM (11.0.11+9-post-Debian-1deb10u1) for linux-amd64 JRE (11.0.11+9-post-Debian-1deb10u1), built on Apr 21 2021 15:55:49 by "unknown" with gcc 8.3.0

END.
