#
# A fatal error has been detected by the Java Runtime Environment:
#
#  SIGSEGV (0xb) at pc=0x0000000000003036, pid=7548, tid=7595
#
# JRE version: OpenJDK Runtime Environment (11.0.9.1+1) (build 11.0.9.1+1-post-Debian-1deb10u2)
# Java VM: OpenJDK 64-Bit Server VM (11.0.9.1+1-post-Debian-1deb10u2, mixed mode, sharing, tiered, compressed oops, g1 gc, linux-amd64)
# Problematic frame:
# C  0x0000000000003036
#
# No core dump will be written. Core dumps have been disabled. To enable core dumping, try "ulimit -c unlimited" before starting Java again
#
# If you would like to submit a bug report, please visit:
#   https://bugs.debian.org/openjdk-11
# The crash happened outside the Java Virtual Machine in native code.
# See problematic frame for where to report the bug.
#

---------------  S U M M A R Y ------------

Command Line: -Dclassworlds.conf=/usr/share/maven/bin/m2.conf -Dmaven.home=/usr/share/maven -Dlibrary.jansi.path=/usr/share/maven/lib/jansi-native -Dmaven.multiModuleProjectDirectory=/home/dramos/TFM/git/hdt-jni/hdt-java-cli org.codehaus.plexus.classworlds.launcher.Launcher exec:java -Dexec.mainClass=org.rdfhdt.hdt.tools.RDF2HDT -Dexec.args=../hdt-java-core/data/test.nt ../hdt-java-core/data/test.hdt

Host: Intel(R) Core(TM) i7-7700 CPU @ 3.60GHz, 8 cores, 15G, Debian GNU/Linux 10 (buster)
Time: Tue Apr 20 13:35:22 2021 CEST elapsed time: 13253.446911 seconds (0d 3h 40m 53s)

---------------  T H R E A D  ---------------

Current thread (0x00007fd1bcdae000):  JavaThread "org.rdfhdt.hdt.tools.RDF2HDT.main()" [_thread_in_native, id=7595, stack(0x00007fd190cef000,0x00007fd190df0000)]

Stack: [0x00007fd190cef000,0x00007fd190df0000],  sp=0x00007fd190dee268,  free space=1020k
Native frames: (J=compiled Java code, A=aot compiled Java code, j=interpreted, Vv=VM code, C=native code)
C  0x0000000000003036

Java frames: (J=compiled Java code, j=interpreted, Vv=VM code)
j  org.rdfhdt.hdt.dictionary.impl.section.JNIDictionarySection._createJNIDictionary([BI)V+0
j  org.rdfhdt.hdt.dictionary.impl.section.JNIDictionarySection.load(Ljava/util/Iterator;JLorg/rdfhdt/hdt/listener/ProgressListener;)V+272
j  org.rdfhdt.hdt.dictionary.impl.section.JNIDictionarySection.load(Lorg/rdfhdt/hdt/dictionary/TempDictionarySection;Lorg/rdfhdt/hdt/listener/ProgressListener;)V+49
j  org.rdfhdt.hdt.dictionary.impl.JNIDictionary.load(Lorg/rdfhdt/hdt/dictionary/TempDictionary;Lorg/rdfhdt/hdt/listener/ProgressListener;)V+40
j  org.rdfhdt.hdt.hdt.impl.HDTImpl.loadFromModifiableHDT(Lorg/rdfhdt/hdt/hdt/TempHDT;Lorg/rdfhdt/hdt/listener/ProgressListener;)V+104
j  org.rdfhdt.hdt.hdt.HDTManagerImpl.doGenerateHDT(Ljava/lang/String;Ljava/lang/String;Lorg/rdfhdt/hdt/enums/RDFNotation;Lorg/rdfhdt/hdt/options/HDTOptions;Lorg/rdfhdt/hdt/listener/ProgressListener;)Lorg/rdfhdt/hdt/hdt/HDT;+99
j  org.rdfhdt.hdt.hdt.HDTManager.generateHDT(Ljava/lang/String;Ljava/lang/String;Lorg/rdfhdt/hdt/enums/RDFNotation;Lorg/rdfhdt/hdt/options/HDTOptions;Lorg/rdfhdt/hdt/listener/ProgressListener;)Lorg/rdfhdt/hdt/hdt/HDT;+9
j  org.rdfhdt.hdt.tools.RDF2HDT.execute()V+187
j  org.rdfhdt.hdt.tools.RDF2HDT.main([Ljava/lang/String;)V+184
j  java.lang.invoke.LambdaForm$DMH.invokeStaticInit(Ljava/lang/Object;Ljava/lang/Object;)V+10 java.base@11.0.9.1
j  java.lang.invoke.LambdaForm$MH.invoke_MT(Ljava/lang/Object;Ljava/lang/Object;Ljava/lang/Object;)V+18 java.base@11.0.9.1
j  org.codehaus.mojo.exec.ExecJavaMojo$1.run()V+85
j  java.lang.Thread.run()V+11 java.base@11.0.9.1
v  ~StubRoutines::call_stub

siginfo: si_signo: 11 (SIGSEGV), si_code: 1 (SEGV_MAPERR), si_addr: 0x0000000000003036

Register to memory mapping:

RAX=0x000000000000002e is an unknown value
RBX=0x0 is NULL
RCX=0x0 is NULL
RDX=0x00007fd1381730b0 points into unknown readable memory: 00 00 00 00 00 00 00 00
RSP=0x00007fd190dee268 is pointing into the stack for thread: 0x00007fd1bcdae000
RBP=0x0 is NULL
RSI=0x0 is NULL
RDI=0x0 is NULL
R8 =0x000000000000000f is an unknown value
R9 =0x00007fd1381730b0 points into unknown readable memory: 00 00 00 00 00 00 00 00
R10=0x0 is NULL
R11=0x00007fd1c3b4b290: _ZdaPv+0x0000000000000000 in /lib/x86_64-linux-gnu/libstdc++.so.6 at 0x00007fd1c3aba000
R12=0x00007fd190dee320 is pointing into the stack for thread: 0x00007fd1bcdae000
R13=0x0 is NULL
R14=0x00007fd1381730b0 points into unknown readable memory: 00 00 00 00 00 00 00 00
R15=0x00007fd1381730f0 points into unknown readable memory: 00 00 00 00 00 00 00 00


Registers:
RAX=0x000000000000002e, RBX=0x0000000000000000, RCX=0x0000000000000000, RDX=0x00007fd1381730b0
RSP=0x00007fd190dee268, RBP=0x0000000000000000, RSI=0x0000000000000000, RDI=0x0000000000000000
R8 =0x000000000000000f, R9 =0x00007fd1381730b0, R10=0x0000000000000000, R11=0x00007fd1c3b4b290
R12=0x00007fd190dee320, R13=0x0000000000000000, R14=0x00007fd1381730b0, R15=0x00007fd1381730f0
RIP=0x0000000000003036, EFLAGS=0x0000000000010206, CSGSFS=0x002b000000000033, ERR=0x0000000000000014
  TRAPNO=0x000000000000000e

Top of Stack: (sp=0x00007fd190dee268)
0x00007fd190dee268:   00007fd1a405ba9c 0000003100000004
0x00007fd190dee278:   00007fd138173000 0000000000000000
0x00007fd190dee288:   00007fd138173040 000000000000007c
0x00007fd190dee298:   00007fd190dee2bc 00007fd190dee2c0 

Instructions: (pc=0x0000000000003036)
0x0000000000002f36:   ?? ?? ?? ?? ?? ?? ?? ?? ?? ?? ?? ?? ?? ?? ?? ??
0x0000000000002f46:   ?? ?? ?? ?? ?? ?? ?? ?? ?? ?? ?? ?? ?? ?? ?? ??
0x0000000000002f56:   ?? ?? ?? ?? ?? ?? ?? ?? ?? ?? ?? ?? ?? ?? ?? ??
0x0000000000002f66:   ?? ?? ?? ?? ?? ?? ?? ?? ?? ?? ?? ?? ?? ?? ?? ??
0x0000000000002f76:   ?? ?? ?? ?? ?? ?? ?? ?? ?? ?? ?? ?? ?? ?? ?? ??
0x0000000000002f86:   ?? ?? ?? ?? ?? ?? ?? ?? ?? ?? ?? ?? ?? ?? ?? ??
0x0000000000002f96:   ?? ?? ?? ?? ?? ?? ?? ?? ?? ?? ?? ?? ?? ?? ?? ??
0x0000000000002fa6:   ?? ?? ?? ?? ?? ?? ?? ?? ?? ?? ?? ?? ?? ?? ?? ??
0x0000000000002fb6:   ?? ?? ?? ?? ?? ?? ?? ?? ?? ?? ?? ?? ?? ?? ?? ??
0x0000000000002fc6:   ?? ?? ?? ?? ?? ?? ?? ?? ?? ?? ?? ?? ?? ?? ?? ??
0x0000000000002fd6:   ?? ?? ?? ?? ?? ?? ?? ?? ?? ?? ?? ?? ?? ?? ?? ??
0x0000000000002fe6:   ?? ?? ?? ?? ?? ?? ?? ?? ?? ?? ?? ?? ?? ?? ?? ??
0x0000000000002ff6:   ?? ?? ?? ?? ?? ?? ?? ?? ?? ?? ?? ?? ?? ?? ?? ??
0x0000000000003006:   ?? ?? ?? ?? ?? ?? ?? ?? ?? ?? ?? ?? ?? ?? ?? ??
0x0000000000003016:   ?? ?? ?? ?? ?? ?? ?? ?? ?? ?? ?? ?? ?? ?? ?? ??
0x0000000000003026:   ?? ?? ?? ?? ?? ?? ?? ?? ?? ?? ?? ?? ?? ?? ?? ??
0x0000000000003036:   ?? ?? ?? ?? ?? ?? ?? ?? ?? ?? ?? ?? ?? ?? ?? ??
0x0000000000003046:   ?? ?? ?? ?? ?? ?? ?? ?? ?? ?? ?? ?? ?? ?? ?? ??
0x0000000000003056:   ?? ?? ?? ?? ?? ?? ?? ?? ?? ?? ?? ?? ?? ?? ?? ??
0x0000000000003066:   ?? ?? ?? ?? ?? ?? ?? ?? ?? ?? ?? ?? ?? ?? ?? ??
0x0000000000003076:   ?? ?? ?? ?? ?? ?? ?? ?? ?? ?? ?? ?? ?? ?? ?? ??
0x0000000000003086:   ?? ?? ?? ?? ?? ?? ?? ?? ?? ?? ?? ?? ?? ?? ?? ??
0x0000000000003096:   ?? ?? ?? ?? ?? ?? ?? ?? ?? ?? ?? ?? ?? ?? ?? ??
0x00000000000030a6:   ?? ?? ?? ?? ?? ?? ?? ?? ?? ?? ?? ?? ?? ?? ?? ??
0x00000000000030b6:   ?? ?? ?? ?? ?? ?? ?? ?? ?? ?? ?? ?? ?? ?? ?? ??
0x00000000000030c6:   ?? ?? ?? ?? ?? ?? ?? ?? ?? ?? ?? ?? ?? ?? ?? ??
0x00000000000030d6:   ?? ?? ?? ?? ?? ?? ?? ?? ?? ?? ?? ?? ?? ?? ?? ??
0x00000000000030e6:   ?? ?? ?? ?? ?? ?? ?? ?? ?? ?? ?? ?? ?? ?? ?? ??
0x00000000000030f6:   ?? ?? ?? ?? ?? ?? ?? ?? ?? ?? ?? ?? ?? ?? ?? ??
0x0000000000003106:   ?? ?? ?? ?? ?? ?? ?? ?? ?? ?? ?? ?? ?? ?? ?? ??
0x0000000000003116:   ?? ?? ?? ?? ?? ?? ?? ?? ?? ?? ?? ?? ?? ?? ?? ??
0x0000000000003126:   ?? ?? ?? ?? ?? ?? ?? ?? ?? ?? ?? ?? ?? ?? ?? ?? 


Stack slot to memory mapping:
stack at sp + 0 slots: 
[error occurred during error reporting (inspecting top of stack), id 0xb, SIGSEGV (0xb) at pc=0x00007fd1c4fa7d87]


---------------  P R O C E S S  ---------------

Threads class SMR info:
_java_thread_list=0x00007fd1500c1d80, length=11, elements={
0x00007fd1bc016800, 0x00007fd1bc1cf000, 0x00007fd1bc1d1000, 0x00007fd1bc1d6800,
0x00007fd1bc1d9000, 0x00007fd1bc1db000, 0x00007fd1bc1dd000, 0x00007fd1bc22c800,
0x00007fd1bc232000, 0x00007fd1bcdae000, 0x00007fd170001000
}

Java Threads: ( => current thread )
  0x00007fd1bc016800 JavaThread "main" [_thread_blocked, id=7572, stack(0x00007fd1c381c000,0x00007fd1c391d000)]
  0x00007fd1bc1cf000 JavaThread "Reference Handler" daemon [_thread_blocked, id=7579, stack(0x00007fd1a4592000,0x00007fd1a4693000)]
  0x00007fd1bc1d1000 JavaThread "Finalizer" daemon [_thread_blocked, id=7580, stack(0x00007fd1a4491000,0x00007fd1a4592000)]
  0x00007fd1bc1d6800 JavaThread "Signal Dispatcher" daemon [_thread_blocked, id=7581, stack(0x00007fd1a40ab000,0x00007fd1a41ac000)]
  0x00007fd1bc1d9000 JavaThread "C2 CompilerThread0" daemon [_thread_blocked, id=7582, stack(0x00007fd19827f000,0x00007fd198380000)]
  0x00007fd1bc1db000 JavaThread "C1 CompilerThread0" daemon [_thread_blocked, id=7583, stack(0x00007fd19817e000,0x00007fd19827f000)]
  0x00007fd1bc1dd000 JavaThread "Sweeper thread" daemon [_thread_blocked, id=7584, stack(0x00007fd19807d000,0x00007fd19817e000)]
  0x00007fd1bc22c800 JavaThread "Service Thread" daemon [_thread_blocked, id=7585, stack(0x00007fd191eff000,0x00007fd192000000)]
  0x00007fd1bc232000 JavaThread "Common-Cleaner" daemon [_thread_blocked, id=7587, stack(0x00007fd191cfc000,0x00007fd191dfd000)]
=>0x00007fd1bcdae000 JavaThread "org.rdfhdt.hdt.tools.RDF2HDT.main()" [_thread_in_native, id=7595, stack(0x00007fd190cef000,0x00007fd190df0000)]
  0x00007fd170001000 JavaThread "SIGHUP handler" daemon [_thread_blocked, id=18918, stack(0x00007fd191bfb000,0x00007fd191cfc000)]

Other Threads:
  0x00007fd1bc1cc800 VMThread "VM Thread" [stack: 0x00007fd1a4695000,0x00007fd1a4795000] [id=7578]
  0x00007fd1bc22f000 WatcherThread [stack: 0x00007fd191dff000,0x00007fd191eff000] [id=7586]
  0x00007fd1bc02e800 GCTaskThread "GC Thread#0" [stack: 0x00007fd1c34d1000,0x00007fd1c35d1000] [id=7573]
  0x00007fd184001000 GCTaskThread "GC Thread#1" [stack: 0x00007fd1919fa000,0x00007fd191afa000] [id=7590]
  0x00007fd184002800 GCTaskThread "GC Thread#2" [stack: 0x00007fd1918f8000,0x00007fd1919f8000] [id=7591]
  0x00007fd184004000 GCTaskThread "GC Thread#3" [stack: 0x00007fd1917f6000,0x00007fd1918f6000] [id=7592]
  0x00007fd184005800 GCTaskThread "GC Thread#4" [stack: 0x00007fd1916f4000,0x00007fd1917f4000] [id=7593]
  0x00007fd184007000 GCTaskThread "GC Thread#5" [stack: 0x00007fd1915f2000,0x00007fd1916f2000] [id=7594]
  0x00007fd1bc08d000 ConcurrentGCThread "G1 Main Marker" [stack: 0x00007fd1c136e000,0x00007fd1c146e000] [id=7574]
  0x00007fd1bc08e800 ConcurrentGCThread "G1 Conc#0" [stack: 0x00007fd1c126c000,0x00007fd1c136c000] [id=7575]
  0x00007fd1bc18e800 ConcurrentGCThread "G1 Refine#0" [stack: 0x00007fd1c0962000,0x00007fd1c0a62000] [id=7576]
  0x00007fd1bc190800 ConcurrentGCThread "G1 Young RemSet Sampling" [stack: 0x00007fd1c0860000,0x00007fd1c0960000] [id=7577]

Threads with active compile tasks:

VM state:not at safepoint (normal execution)

VM Mutex/Monitor currently owned by a thread: None

Heap address: 0x0000000707000000, size: 3984 MB, Compressed Oops mode: Zero based, Oop shift amount: 3
Narrow klass base: 0x0000000800000000, Narrow klass shift: 3
Compressed class space size: 1073741824 Address: 0x0000000840000000

Heap:
 garbage-first heap   total 258048K, used 21820K [0x0000000707000000, 0x0000000800000000)
  region size 1024K, 22 young (22528K), 11 survivors (11264K)
 Metaspace       used 16776K, capacity 18011K, committed 18048K, reserved 1064960K
  class space    used 1926K, capacity 2163K, committed 2176K, reserved 1048576K
Heap Regions: E=young(eden), S=young(survivor), O=old, HS=humongous(starts), HC=humongous(continues), CS=collection set, F=free, A=archive, TAMS=top-at-mark-start (previous, next)
|   0|0x0000000707000000, 0x0000000707000000, 0x0000000707100000|  0%| F|  |TAMS 0x0000000707000000, 0x0000000707000000| Untracked 
|   1|0x0000000707100000, 0x0000000707100000, 0x0000000707200000|  0%| F|  |TAMS 0x0000000707100000, 0x0000000707100000| Untracked 
|   2|0x0000000707200000, 0x0000000707200000, 0x0000000707300000|  0%| F|  |TAMS 0x0000000707200000, 0x0000000707200000| Untracked 
|   3|0x0000000707300000, 0x0000000707300000, 0x0000000707400000|  0%| F|  |TAMS 0x0000000707300000, 0x0000000707300000| Untracked 
|   4|0x0000000707400000, 0x0000000707400000, 0x0000000707500000|  0%| F|  |TAMS 0x0000000707400000, 0x0000000707400000| Untracked 
|   5|0x0000000707500000, 0x0000000707500000, 0x0000000707600000|  0%| F|  |TAMS 0x0000000707500000, 0x0000000707500000| Untracked 
|   6|0x0000000707600000, 0x0000000707600000, 0x0000000707700000|  0%| F|  |TAMS 0x0000000707600000, 0x0000000707600000| Untracked 
|   7|0x0000000707700000, 0x0000000707700000, 0x0000000707800000|  0%| F|  |TAMS 0x0000000707700000, 0x0000000707700000| Untracked 
|   8|0x0000000707800000, 0x0000000707800000, 0x0000000707900000|  0%| F|  |TAMS 0x0000000707800000, 0x0000000707800000| Untracked 
|   9|0x0000000707900000, 0x0000000707900000, 0x0000000707a00000|  0%| F|  |TAMS 0x0000000707900000, 0x0000000707900000| Untracked 
|  10|0x0000000707a00000, 0x0000000707a00000, 0x0000000707b00000|  0%| F|  |TAMS 0x0000000707a00000, 0x0000000707a00000| Untracked 
|  11|0x0000000707b00000, 0x0000000707b00000, 0x0000000707c00000|  0%| F|  |TAMS 0x0000000707b00000, 0x0000000707b00000| Untracked 
|  12|0x0000000707c00000, 0x0000000707c00000, 0x0000000707d00000|  0%| F|  |TAMS 0x0000000707c00000, 0x0000000707c00000| Untracked 
|  13|0x0000000707d00000, 0x0000000707d00000, 0x0000000707e00000|  0%| F|  |TAMS 0x0000000707d00000, 0x0000000707d00000| Untracked 
|  14|0x0000000707e00000, 0x0000000707e00000, 0x0000000707f00000|  0%| F|  |TAMS 0x0000000707e00000, 0x0000000707e00000| Untracked 
|  15|0x0000000707f00000, 0x0000000707f00000, 0x0000000708000000|  0%| F|  |TAMS 0x0000000707f00000, 0x0000000707f00000| Untracked 
|  16|0x0000000708000000, 0x0000000708000000, 0x0000000708100000|  0%| F|  |TAMS 0x0000000708000000, 0x0000000708000000| Untracked 
|  17|0x0000000708100000, 0x0000000708100000, 0x0000000708200000|  0%| F|  |TAMS 0x0000000708100000, 0x0000000708100000| Untracked 
|  18|0x0000000708200000, 0x0000000708200000, 0x0000000708300000|  0%| F|  |TAMS 0x0000000708200000, 0x0000000708200000| Untracked 
|  19|0x0000000708300000, 0x0000000708300000, 0x0000000708400000|  0%| F|  |TAMS 0x0000000708300000, 0x0000000708300000| Untracked 
|  20|0x0000000708400000, 0x0000000708400000, 0x0000000708500000|  0%| F|  |TAMS 0x0000000708400000, 0x0000000708400000| Untracked 
|  21|0x0000000708500000, 0x0000000708500000, 0x0000000708600000|  0%| F|  |TAMS 0x0000000708500000, 0x0000000708500000| Untracked 
|  22|0x0000000708600000, 0x0000000708600000, 0x0000000708700000|  0%| F|  |TAMS 0x0000000708600000, 0x0000000708600000| Untracked 
|  23|0x0000000708700000, 0x0000000708700000, 0x0000000708800000|  0%| F|  |TAMS 0x0000000708700000, 0x0000000708700000| Untracked 
|  24|0x0000000708800000, 0x0000000708800000, 0x0000000708900000|  0%| F|  |TAMS 0x0000000708800000, 0x0000000708800000| Untracked 
|  25|0x0000000708900000, 0x0000000708900000, 0x0000000708a00000|  0%| F|  |TAMS 0x0000000708900000, 0x0000000708900000| Untracked 
|  26|0x0000000708a00000, 0x0000000708a00000, 0x0000000708b00000|  0%| F|  |TAMS 0x0000000708a00000, 0x0000000708a00000| Untracked 
|  27|0x0000000708b00000, 0x0000000708b00000, 0x0000000708c00000|  0%| F|  |TAMS 0x0000000708b00000, 0x0000000708b00000| Untracked 
|  28|0x0000000708c00000, 0x0000000708c00000, 0x0000000708d00000|  0%| F|  |TAMS 0x0000000708c00000, 0x0000000708c00000| Untracked 
|  29|0x0000000708d00000, 0x0000000708d00000, 0x0000000708e00000|  0%| F|  |TAMS 0x0000000708d00000, 0x0000000708d00000| Untracked 
|  30|0x0000000708e00000, 0x0000000708e00000, 0x0000000708f00000|  0%| F|  |TAMS 0x0000000708e00000, 0x0000000708e00000| Untracked 
|  31|0x0000000708f00000, 0x0000000708f00000, 0x0000000709000000|  0%| F|  |TAMS 0x0000000708f00000, 0x0000000708f00000| Untracked 
|  32|0x0000000709000000, 0x0000000709000000, 0x0000000709100000|  0%| F|  |TAMS 0x0000000709000000, 0x0000000709000000| Untracked 
|  33|0x0000000709100000, 0x0000000709100000, 0x0000000709200000|  0%| F|  |TAMS 0x0000000709100000, 0x0000000709100000| Untracked 
|  34|0x0000000709200000, 0x0000000709200000, 0x0000000709300000|  0%| F|  |TAMS 0x0000000709200000, 0x0000000709200000| Untracked 
|  35|0x0000000709300000, 0x0000000709300000, 0x0000000709400000|  0%| F|  |TAMS 0x0000000709300000, 0x0000000709300000| Untracked 
|  36|0x0000000709400000, 0x0000000709400000, 0x0000000709500000|  0%| F|  |TAMS 0x0000000709400000, 0x0000000709400000| Untracked 
|  37|0x0000000709500000, 0x0000000709500000, 0x0000000709600000|  0%| F|  |TAMS 0x0000000709500000, 0x0000000709500000| Untracked 
|  38|0x0000000709600000, 0x0000000709600000, 0x0000000709700000|  0%| F|  |TAMS 0x0000000709600000, 0x0000000709600000| Untracked 
|  39|0x0000000709700000, 0x0000000709700000, 0x0000000709800000|  0%| F|  |TAMS 0x0000000709700000, 0x0000000709700000| Untracked 
|  40|0x0000000709800000, 0x0000000709800000, 0x0000000709900000|  0%| F|  |TAMS 0x0000000709800000, 0x0000000709800000| Untracked 
|  41|0x0000000709900000, 0x0000000709900000, 0x0000000709a00000|  0%| F|  |TAMS 0x0000000709900000, 0x0000000709900000| Untracked 
|  42|0x0000000709a00000, 0x0000000709a00000, 0x0000000709b00000|  0%| F|  |TAMS 0x0000000709a00000, 0x0000000709a00000| Untracked 
|  43|0x0000000709b00000, 0x0000000709b00000, 0x0000000709c00000|  0%| F|  |TAMS 0x0000000709b00000, 0x0000000709b00000| Untracked 
|  44|0x0000000709c00000, 0x0000000709c00000, 0x0000000709d00000|  0%| F|  |TAMS 0x0000000709c00000, 0x0000000709c00000| Untracked 
|  45|0x0000000709d00000, 0x0000000709d00000, 0x0000000709e00000|  0%| F|  |TAMS 0x0000000709d00000, 0x0000000709d00000| Untracked 
|  46|0x0000000709e00000, 0x0000000709e00000, 0x0000000709f00000|  0%| F|  |TAMS 0x0000000709e00000, 0x0000000709e00000| Untracked 
|  47|0x0000000709f00000, 0x0000000709f00000, 0x000000070a000000|  0%| F|  |TAMS 0x0000000709f00000, 0x0000000709f00000| Untracked 
|  48|0x000000070a000000, 0x000000070a000000, 0x000000070a100000|  0%| F|  |TAMS 0x000000070a000000, 0x000000070a000000| Untracked 
|  49|0x000000070a100000, 0x000000070a100000, 0x000000070a200000|  0%| F|  |TAMS 0x000000070a100000, 0x000000070a100000| Untracked 
|  50|0x000000070a200000, 0x000000070a200000, 0x000000070a300000|  0%| F|  |TAMS 0x000000070a200000, 0x000000070a200000| Untracked 
|  51|0x000000070a300000, 0x000000070a300000, 0x000000070a400000|  0%| F|  |TAMS 0x000000070a300000, 0x000000070a300000| Untracked 
|  52|0x000000070a400000, 0x000000070a400000, 0x000000070a500000|  0%| F|  |TAMS 0x000000070a400000, 0x000000070a400000| Untracked 
|  53|0x000000070a500000, 0x000000070a500000, 0x000000070a600000|  0%| F|  |TAMS 0x000000070a500000, 0x000000070a500000| Untracked 
|  54|0x000000070a600000, 0x000000070a600000, 0x000000070a700000|  0%| F|  |TAMS 0x000000070a600000, 0x000000070a600000| Untracked 
|  55|0x000000070a700000, 0x000000070a700000, 0x000000070a800000|  0%| F|  |TAMS 0x000000070a700000, 0x000000070a700000| Untracked 
|  56|0x000000070a800000, 0x000000070a800000, 0x000000070a900000|  0%| F|  |TAMS 0x000000070a800000, 0x000000070a800000| Untracked 
|  57|0x000000070a900000, 0x000000070a900000, 0x000000070aa00000|  0%| F|  |TAMS 0x000000070a900000, 0x000000070a900000| Untracked 
|  58|0x000000070aa00000, 0x000000070aa00000, 0x000000070ab00000|  0%| F|  |TAMS 0x000000070aa00000, 0x000000070aa00000| Untracked 
|  59|0x000000070ab00000, 0x000000070ab00000, 0x000000070ac00000|  0%| F|  |TAMS 0x000000070ab00000, 0x000000070ab00000| Untracked 
|  60|0x000000070ac00000, 0x000000070ac00000, 0x000000070ad00000|  0%| F|  |TAMS 0x000000070ac00000, 0x000000070ac00000| Untracked 
|  61|0x000000070ad00000, 0x000000070ad00000, 0x000000070ae00000|  0%| F|  |TAMS 0x000000070ad00000, 0x000000070ad00000| Untracked 
|  62|0x000000070ae00000, 0x000000070ae00000, 0x000000070af00000|  0%| F|  |TAMS 0x000000070ae00000, 0x000000070ae00000| Untracked 
|  63|0x000000070af00000, 0x000000070af00000, 0x000000070b000000|  0%| F|  |TAMS 0x000000070af00000, 0x000000070af00000| Untracked 
|  64|0x000000070b000000, 0x000000070b000000, 0x000000070b100000|  0%| F|  |TAMS 0x000000070b000000, 0x000000070b000000| Untracked 
|  65|0x000000070b100000, 0x000000070b100000, 0x000000070b200000|  0%| F|  |TAMS 0x000000070b100000, 0x000000070b100000| Untracked 
|  66|0x000000070b200000, 0x000000070b200000, 0x000000070b300000|  0%| F|  |TAMS 0x000000070b200000, 0x000000070b200000| Untracked 
|  67|0x000000070b300000, 0x000000070b300000, 0x000000070b400000|  0%| F|  |TAMS 0x000000070b300000, 0x000000070b300000| Untracked 
|  68|0x000000070b400000, 0x000000070b400000, 0x000000070b500000|  0%| F|  |TAMS 0x000000070b400000, 0x000000070b400000| Untracked 
|  69|0x000000070b500000, 0x000000070b500000, 0x000000070b600000|  0%| F|  |TAMS 0x000000070b500000, 0x000000070b500000| Untracked 
|  70|0x000000070b600000, 0x000000070b600000, 0x000000070b700000|  0%| F|  |TAMS 0x000000070b600000, 0x000000070b600000| Untracked 
|  71|0x000000070b700000, 0x000000070b700000, 0x000000070b800000|  0%| F|  |TAMS 0x000000070b700000, 0x000000070b700000| Untracked 
|  72|0x000000070b800000, 0x000000070b800000, 0x000000070b900000|  0%| F|  |TAMS 0x000000070b800000, 0x000000070b800000| Untracked 
|  73|0x000000070b900000, 0x000000070b900000, 0x000000070ba00000|  0%| F|  |TAMS 0x000000070b900000, 0x000000070b900000| Untracked 
|  74|0x000000070ba00000, 0x000000070ba00000, 0x000000070bb00000|  0%| F|  |TAMS 0x000000070ba00000, 0x000000070ba00000| Untracked 
|  75|0x000000070bb00000, 0x000000070bb00000, 0x000000070bc00000|  0%| F|  |TAMS 0x000000070bb00000, 0x000000070bb00000| Untracked 
|  76|0x000000070bc00000, 0x000000070bc00000, 0x000000070bd00000|  0%| F|  |TAMS 0x000000070bc00000, 0x000000070bc00000| Untracked 
|  77|0x000000070bd00000, 0x000000070bd00000, 0x000000070be00000|  0%| F|  |TAMS 0x000000070bd00000, 0x000000070bd00000| Untracked 
|  78|0x000000070be00000, 0x000000070be00000, 0x000000070bf00000|  0%| F|  |TAMS 0x000000070be00000, 0x000000070be00000| Untracked 
|  79|0x000000070bf00000, 0x000000070bf00000, 0x000000070c000000|  0%| F|  |TAMS 0x000000070bf00000, 0x000000070bf00000| Untracked 
|  80|0x000000070c000000, 0x000000070c000000, 0x000000070c100000|  0%| F|  |TAMS 0x000000070c000000, 0x000000070c000000| Untracked 
|  81|0x000000070c100000, 0x000000070c100000, 0x000000070c200000|  0%| F|  |TAMS 0x000000070c100000, 0x000000070c100000| Untracked 
|  82|0x000000070c200000, 0x000000070c200000, 0x000000070c300000|  0%| F|  |TAMS 0x000000070c200000, 0x000000070c200000| Untracked 
|  83|0x000000070c300000, 0x000000070c300000, 0x000000070c400000|  0%| F|  |TAMS 0x000000070c300000, 0x000000070c300000| Untracked 
|  84|0x000000070c400000, 0x000000070c400000, 0x000000070c500000|  0%| F|  |TAMS 0x000000070c400000, 0x000000070c400000| Untracked 
|  85|0x000000070c500000, 0x000000070c500000, 0x000000070c600000|  0%| F|  |TAMS 0x000000070c500000, 0x000000070c500000| Untracked 
|  86|0x000000070c600000, 0x000000070c600000, 0x000000070c700000|  0%| F|  |TAMS 0x000000070c600000, 0x000000070c600000| Untracked 
|  87|0x000000070c700000, 0x000000070c700000, 0x000000070c800000|  0%| F|  |TAMS 0x000000070c700000, 0x000000070c700000| Untracked 
|  88|0x000000070c800000, 0x000000070c800000, 0x000000070c900000|  0%| F|  |TAMS 0x000000070c800000, 0x000000070c800000| Untracked 
|  89|0x000000070c900000, 0x000000070c99d3f0, 0x000000070ca00000| 61%| S|CS|TAMS 0x000000070c900000, 0x000000070c900000| Complete 
|  90|0x000000070ca00000, 0x000000070cb00000, 0x000000070cb00000|100%| S|CS|TAMS 0x000000070ca00000, 0x000000070ca00000| Complete 
|  91|0x000000070cb00000, 0x000000070cc00000, 0x000000070cc00000|100%| S|CS|TAMS 0x000000070cb00000, 0x000000070cb00000| Complete 
|  92|0x000000070cc00000, 0x000000070cd00000, 0x000000070cd00000|100%| S|CS|TAMS 0x000000070cc00000, 0x000000070cc00000| Complete 
|  93|0x000000070cd00000, 0x000000070ce00000, 0x000000070ce00000|100%| S|CS|TAMS 0x000000070cd00000, 0x000000070cd00000| Complete 
|  94|0x000000070ce00000, 0x000000070cf00000, 0x000000070cf00000|100%| S|CS|TAMS 0x000000070ce00000, 0x000000070ce00000| Complete 
|  95|0x000000070cf00000, 0x000000070d000000, 0x000000070d000000|100%| S|CS|TAMS 0x000000070cf00000, 0x000000070cf00000| Complete 
|  96|0x000000070d000000, 0x000000070d100000, 0x000000070d100000|100%| S|CS|TAMS 0x000000070d000000, 0x000000070d000000| Complete 
|  97|0x000000070d100000, 0x000000070d200000, 0x000000070d200000|100%| S|CS|TAMS 0x000000070d100000, 0x000000070d100000| Complete 
|  98|0x000000070d200000, 0x000000070d300000, 0x000000070d300000|100%| S|CS|TAMS 0x000000070d200000, 0x000000070d200000| Complete 
|  99|0x000000070d300000, 0x000000070d400000, 0x000000070d400000|100%| S|CS|TAMS 0x000000070d300000, 0x000000070d300000| Complete 
| 100|0x000000070d400000, 0x000000070d400000, 0x000000070d500000|  0%| F|  |TAMS 0x000000070d400000, 0x000000070d400000| Untracked 
| 101|0x000000070d500000, 0x000000070d500000, 0x000000070d600000|  0%| F|  |TAMS 0x000000070d500000, 0x000000070d500000| Untracked 
| 102|0x000000070d600000, 0x000000070d600000, 0x000000070d700000|  0%| F|  |TAMS 0x000000070d600000, 0x000000070d600000| Untracked 
| 103|0x000000070d700000, 0x000000070d700000, 0x000000070d800000|  0%| F|  |TAMS 0x000000070d700000, 0x000000070d700000| Untracked 
| 104|0x000000070d800000, 0x000000070d800000, 0x000000070d900000|  0%| F|  |TAMS 0x000000070d800000, 0x000000070d800000| Untracked 
| 105|0x000000070d900000, 0x000000070d900000, 0x000000070da00000|  0%| F|  |TAMS 0x000000070d900000, 0x000000070d900000| Untracked 
| 106|0x000000070da00000, 0x000000070da00000, 0x000000070db00000|  0%| F|  |TAMS 0x000000070da00000, 0x000000070da00000| Untracked 
| 107|0x000000070db00000, 0x000000070db00000, 0x000000070dc00000|  0%| F|  |TAMS 0x000000070db00000, 0x000000070db00000| Untracked 
| 108|0x000000070dc00000, 0x000000070dc00000, 0x000000070dd00000|  0%| F|  |TAMS 0x000000070dc00000, 0x000000070dc00000| Untracked 
| 109|0x000000070dd00000, 0x000000070dd00000, 0x000000070de00000|  0%| F|  |TAMS 0x000000070dd00000, 0x000000070dd00000| Untracked 
| 110|0x000000070de00000, 0x000000070de00000, 0x000000070df00000|  0%| F|  |TAMS 0x000000070de00000, 0x000000070de00000| Untracked 
| 111|0x000000070df00000, 0x000000070df00000, 0x000000070e000000|  0%| F|  |TAMS 0x000000070df00000, 0x000000070df00000| Untracked 
| 112|0x000000070e000000, 0x000000070e000000, 0x000000070e100000|  0%| F|  |TAMS 0x000000070e000000, 0x000000070e000000| Untracked 
| 113|0x000000070e100000, 0x000000070e100000, 0x000000070e200000|  0%| F|  |TAMS 0x000000070e100000, 0x000000070e100000| Untracked 
| 114|0x000000070e200000, 0x000000070e200000, 0x000000070e300000|  0%| F|  |TAMS 0x000000070e200000, 0x000000070e200000| Untracked 
| 115|0x000000070e300000, 0x000000070e300000, 0x000000070e400000|  0%| F|  |TAMS 0x000000070e300000, 0x000000070e300000| Untracked 
| 116|0x000000070e400000, 0x000000070e400000, 0x000000070e500000|  0%| F|  |TAMS 0x000000070e400000, 0x000000070e400000| Untracked 
| 117|0x000000070e500000, 0x000000070e500000, 0x000000070e600000|  0%| F|  |TAMS 0x000000070e500000, 0x000000070e500000| Untracked 
| 118|0x000000070e600000, 0x000000070e600000, 0x000000070e700000|  0%| F|  |TAMS 0x000000070e600000, 0x000000070e600000| Untracked 
| 119|0x000000070e700000, 0x000000070e700000, 0x000000070e800000|  0%| F|  |TAMS 0x000000070e700000, 0x000000070e700000| Untracked 
| 120|0x000000070e800000, 0x000000070e800000, 0x000000070e900000|  0%| F|  |TAMS 0x000000070e800000, 0x000000070e800000| Untracked 
| 121|0x000000070e900000, 0x000000070e900000, 0x000000070ea00000|  0%| F|  |TAMS 0x000000070e900000, 0x000000070e900000| Untracked 
| 122|0x000000070ea00000, 0x000000070ea00000, 0x000000070eb00000|  0%| F|  |TAMS 0x000000070ea00000, 0x000000070ea00000| Untracked 
| 123|0x000000070eb00000, 0x000000070eb00000, 0x000000070ec00000|  0%| F|  |TAMS 0x000000070eb00000, 0x000000070eb00000| Untracked 
| 124|0x000000070ec00000, 0x000000070ec00000, 0x000000070ed00000|  0%| F|  |TAMS 0x000000070ec00000, 0x000000070ec00000| Untracked 
| 125|0x000000070ed00000, 0x000000070ed00000, 0x000000070ee00000|  0%| F|  |TAMS 0x000000070ed00000, 0x000000070ed00000| Untracked 
| 126|0x000000070ee00000, 0x000000070ee00000, 0x000000070ef00000|  0%| F|  |TAMS 0x000000070ee00000, 0x000000070ee00000| Untracked 
| 127|0x000000070ef00000, 0x000000070ef00000, 0x000000070f000000|  0%| F|  |TAMS 0x000000070ef00000, 0x000000070ef00000| Untracked 
| 128|0x000000070f000000, 0x000000070f000000, 0x000000070f100000|  0%| F|  |TAMS 0x000000070f000000, 0x000000070f000000| Untracked 
| 129|0x000000070f100000, 0x000000070f100000, 0x000000070f200000|  0%| F|  |TAMS 0x000000070f100000, 0x000000070f100000| Untracked 
| 130|0x000000070f200000, 0x000000070f200000, 0x000000070f300000|  0%| F|  |TAMS 0x000000070f200000, 0x000000070f200000| Untracked 
| 131|0x000000070f300000, 0x000000070f300000, 0x000000070f400000|  0%| F|  |TAMS 0x000000070f300000, 0x000000070f300000| Untracked 
| 132|0x000000070f400000, 0x000000070f400000, 0x000000070f500000|  0%| F|  |TAMS 0x000000070f400000, 0x000000070f400000| Untracked 
| 133|0x000000070f500000, 0x000000070f500000, 0x000000070f600000|  0%| F|  |TAMS 0x000000070f500000, 0x000000070f500000| Untracked 
| 134|0x000000070f600000, 0x000000070f600000, 0x000000070f700000|  0%| F|  |TAMS 0x000000070f600000, 0x000000070f600000| Untracked 
| 135|0x000000070f700000, 0x000000070f700000, 0x000000070f800000|  0%| F|  |TAMS 0x000000070f700000, 0x000000070f700000| Untracked 
| 136|0x000000070f800000, 0x000000070f800000, 0x000000070f900000|  0%| F|  |TAMS 0x000000070f800000, 0x000000070f800000| Untracked 
| 137|0x000000070f900000, 0x000000070f900000, 0x000000070fa00000|  0%| F|  |TAMS 0x000000070f900000, 0x000000070f900000| Untracked 
| 138|0x000000070fa00000, 0x000000070fa00000, 0x000000070fb00000|  0%| F|  |TAMS 0x000000070fa00000, 0x000000070fa00000| Untracked 
| 139|0x000000070fb00000, 0x000000070fb00000, 0x000000070fc00000|  0%| F|  |TAMS 0x000000070fb00000, 0x000000070fb00000| Untracked 
| 140|0x000000070fc00000, 0x000000070fc00000, 0x000000070fd00000|  0%| F|  |TAMS 0x000000070fc00000, 0x000000070fc00000| Untracked 
| 141|0x000000070fd00000, 0x000000070fd00000, 0x000000070fe00000|  0%| F|  |TAMS 0x000000070fd00000, 0x000000070fd00000| Untracked 
| 142|0x000000070fe00000, 0x000000070fe00000, 0x000000070ff00000|  0%| F|  |TAMS 0x000000070fe00000, 0x000000070fe00000| Untracked 
| 143|0x000000070ff00000, 0x000000070ff00000, 0x0000000710000000|  0%| F|  |TAMS 0x000000070ff00000, 0x000000070ff00000| Untracked 
| 144|0x0000000710000000, 0x0000000710000000, 0x0000000710100000|  0%| F|  |TAMS 0x0000000710000000, 0x0000000710000000| Untracked 
| 145|0x0000000710100000, 0x0000000710100000, 0x0000000710200000|  0%| F|  |TAMS 0x0000000710100000, 0x0000000710100000| Untracked 
| 146|0x0000000710200000, 0x0000000710200000, 0x0000000710300000|  0%| F|  |TAMS 0x0000000710200000, 0x0000000710200000| Untracked 
| 147|0x0000000710300000, 0x0000000710300000, 0x0000000710400000|  0%| F|  |TAMS 0x0000000710300000, 0x0000000710300000| Untracked 
| 148|0x0000000710400000, 0x0000000710400000, 0x0000000710500000|  0%| F|  |TAMS 0x0000000710400000, 0x0000000710400000| Untracked 
| 149|0x0000000710500000, 0x0000000710500000, 0x0000000710600000|  0%| F|  |TAMS 0x0000000710500000, 0x0000000710500000| Untracked 
| 150|0x0000000710600000, 0x0000000710600000, 0x0000000710700000|  0%| F|  |TAMS 0x0000000710600000, 0x0000000710600000| Untracked 
| 151|0x0000000710700000, 0x0000000710700000, 0x0000000710800000|  0%| F|  |TAMS 0x0000000710700000, 0x0000000710700000| Untracked 
| 152|0x0000000710800000, 0x0000000710800000, 0x0000000710900000|  0%| F|  |TAMS 0x0000000710800000, 0x0000000710800000| Untracked 
| 153|0x0000000710900000, 0x0000000710900000, 0x0000000710a00000|  0%| F|  |TAMS 0x0000000710900000, 0x0000000710900000| Untracked 
| 154|0x0000000710a00000, 0x0000000710a00000, 0x0000000710b00000|  0%| F|  |TAMS 0x0000000710a00000, 0x0000000710a00000| Untracked 
| 155|0x0000000710b00000, 0x0000000710b00000, 0x0000000710c00000|  0%| F|  |TAMS 0x0000000710b00000, 0x0000000710b00000| Untracked 
| 156|0x0000000710c00000, 0x0000000710c00000, 0x0000000710d00000|  0%| F|  |TAMS 0x0000000710c00000, 0x0000000710c00000| Untracked 
| 157|0x0000000710d00000, 0x0000000710d00000, 0x0000000710e00000|  0%| F|  |TAMS 0x0000000710d00000, 0x0000000710d00000| Untracked 
| 158|0x0000000710e00000, 0x0000000710e00000, 0x0000000710f00000|  0%| F|  |TAMS 0x0000000710e00000, 0x0000000710e00000| Untracked 
| 159|0x0000000710f00000, 0x0000000710f00000, 0x0000000711000000|  0%| F|  |TAMS 0x0000000710f00000, 0x0000000710f00000| Untracked 
| 160|0x0000000711000000, 0x0000000711000000, 0x0000000711100000|  0%| F|  |TAMS 0x0000000711000000, 0x0000000711000000| Untracked 
| 161|0x0000000711100000, 0x0000000711100000, 0x0000000711200000|  0%| F|  |TAMS 0x0000000711100000, 0x0000000711100000| Untracked 
| 162|0x0000000711200000, 0x0000000711200000, 0x0000000711300000|  0%| F|  |TAMS 0x0000000711200000, 0x0000000711200000| Untracked 
| 163|0x0000000711300000, 0x0000000711300000, 0x0000000711400000|  0%| F|  |TAMS 0x0000000711300000, 0x0000000711300000| Untracked 
| 164|0x0000000711400000, 0x0000000711400000, 0x0000000711500000|  0%| F|  |TAMS 0x0000000711400000, 0x0000000711400000| Untracked 
| 165|0x0000000711500000, 0x0000000711500000, 0x0000000711600000|  0%| F|  |TAMS 0x0000000711500000, 0x0000000711500000| Untracked 
| 166|0x0000000711600000, 0x0000000711600000, 0x0000000711700000|  0%| F|  |TAMS 0x0000000711600000, 0x0000000711600000| Untracked 
| 167|0x0000000711700000, 0x0000000711700000, 0x0000000711800000|  0%| F|  |TAMS 0x0000000711700000, 0x0000000711700000| Untracked 
| 168|0x0000000711800000, 0x0000000711800000, 0x0000000711900000|  0%| F|  |TAMS 0x0000000711800000, 0x0000000711800000| Untracked 
| 169|0x0000000711900000, 0x0000000711900000, 0x0000000711a00000|  0%| F|  |TAMS 0x0000000711900000, 0x0000000711900000| Untracked 
| 170|0x0000000711a00000, 0x0000000711a00000, 0x0000000711b00000|  0%| F|  |TAMS 0x0000000711a00000, 0x0000000711a00000| Untracked 
| 171|0x0000000711b00000, 0x0000000711b00000, 0x0000000711c00000|  0%| F|  |TAMS 0x0000000711b00000, 0x0000000711b00000| Untracked 
| 172|0x0000000711c00000, 0x0000000711c00000, 0x0000000711d00000|  0%| F|  |TAMS 0x0000000711c00000, 0x0000000711c00000| Untracked 
| 173|0x0000000711d00000, 0x0000000711d00000, 0x0000000711e00000|  0%| F|  |TAMS 0x0000000711d00000, 0x0000000711d00000| Untracked 
| 174|0x0000000711e00000, 0x0000000711e00000, 0x0000000711f00000|  0%| F|  |TAMS 0x0000000711e00000, 0x0000000711e00000| Untracked 
| 175|0x0000000711f00000, 0x0000000711f00000, 0x0000000712000000|  0%| F|  |TAMS 0x0000000711f00000, 0x0000000711f00000| Untracked 
| 176|0x0000000712000000, 0x0000000712000000, 0x0000000712100000|  0%| F|  |TAMS 0x0000000712000000, 0x0000000712000000| Untracked 
| 177|0x0000000712100000, 0x0000000712100000, 0x0000000712200000|  0%| F|  |TAMS 0x0000000712100000, 0x0000000712100000| Untracked 
| 178|0x0000000712200000, 0x0000000712200000, 0x0000000712300000|  0%| F|  |TAMS 0x0000000712200000, 0x0000000712200000| Untracked 
| 179|0x0000000712300000, 0x0000000712300000, 0x0000000712400000|  0%| F|  |TAMS 0x0000000712300000, 0x0000000712300000| Untracked 
| 180|0x0000000712400000, 0x0000000712400000, 0x0000000712500000|  0%| F|  |TAMS 0x0000000712400000, 0x0000000712400000| Untracked 
| 181|0x0000000712500000, 0x0000000712500000, 0x0000000712600000|  0%| F|  |TAMS 0x0000000712500000, 0x0000000712500000| Untracked 
| 182|0x0000000712600000, 0x0000000712600000, 0x0000000712700000|  0%| F|  |TAMS 0x0000000712600000, 0x0000000712600000| Untracked 
| 183|0x0000000712700000, 0x0000000712700000, 0x0000000712800000|  0%| F|  |TAMS 0x0000000712700000, 0x0000000712700000| Untracked 
| 184|0x0000000712800000, 0x0000000712800000, 0x0000000712900000|  0%| F|  |TAMS 0x0000000712800000, 0x0000000712800000| Untracked 
| 185|0x0000000712900000, 0x0000000712900000, 0x0000000712a00000|  0%| F|  |TAMS 0x0000000712900000, 0x0000000712900000| Untracked 
| 186|0x0000000712a00000, 0x0000000712a00000, 0x0000000712b00000|  0%| F|  |TAMS 0x0000000712a00000, 0x0000000712a00000| Untracked 
| 187|0x0000000712b00000, 0x0000000712b00000, 0x0000000712c00000|  0%| F|  |TAMS 0x0000000712b00000, 0x0000000712b00000| Untracked 
| 188|0x0000000712c00000, 0x0000000712c00000, 0x0000000712d00000|  0%| F|  |TAMS 0x0000000712c00000, 0x0000000712c00000| Untracked 
| 189|0x0000000712d00000, 0x0000000712d00000, 0x0000000712e00000|  0%| F|  |TAMS 0x0000000712d00000, 0x0000000712d00000| Untracked 
| 190|0x0000000712e00000, 0x0000000712e00000, 0x0000000712f00000|  0%| F|  |TAMS 0x0000000712e00000, 0x0000000712e00000| Untracked 
| 191|0x0000000712f00000, 0x0000000712f00000, 0x0000000713000000|  0%| F|  |TAMS 0x0000000712f00000, 0x0000000712f00000| Untracked 
| 192|0x0000000713000000, 0x0000000713000000, 0x0000000713100000|  0%| F|  |TAMS 0x0000000713000000, 0x0000000713000000| Untracked 
| 193|0x0000000713100000, 0x0000000713100000, 0x0000000713200000|  0%| F|  |TAMS 0x0000000713100000, 0x0000000713100000| Untracked 
| 194|0x0000000713200000, 0x0000000713200000, 0x0000000713300000|  0%| F|  |TAMS 0x0000000713200000, 0x0000000713200000| Untracked 
| 195|0x0000000713300000, 0x0000000713300000, 0x0000000713400000|  0%| F|  |TAMS 0x0000000713300000, 0x0000000713300000| Untracked 
| 196|0x0000000713400000, 0x0000000713400000, 0x0000000713500000|  0%| F|  |TAMS 0x0000000713400000, 0x0000000713400000| Untracked 
| 197|0x0000000713500000, 0x0000000713500000, 0x0000000713600000|  0%| F|  |TAMS 0x0000000713500000, 0x0000000713500000| Untracked 
| 198|0x0000000713600000, 0x0000000713600000, 0x0000000713700000|  0%| F|  |TAMS 0x0000000713600000, 0x0000000713600000| Untracked 
| 199|0x0000000713700000, 0x0000000713700000, 0x0000000713800000|  0%| F|  |TAMS 0x0000000713700000, 0x0000000713700000| Untracked 
| 200|0x0000000713800000, 0x0000000713800000, 0x0000000713900000|  0%| F|  |TAMS 0x0000000713800000, 0x0000000713800000| Untracked 
| 201|0x0000000713900000, 0x0000000713900000, 0x0000000713a00000|  0%| F|  |TAMS 0x0000000713900000, 0x0000000713900000| Untracked 
| 202|0x0000000713a00000, 0x0000000713a00000, 0x0000000713b00000|  0%| F|  |TAMS 0x0000000713a00000, 0x0000000713a00000| Untracked 
| 203|0x0000000713b00000, 0x0000000713b00000, 0x0000000713c00000|  0%| F|  |TAMS 0x0000000713b00000, 0x0000000713b00000| Untracked 
| 204|0x0000000713c00000, 0x0000000713c00000, 0x0000000713d00000|  0%| F|  |TAMS 0x0000000713c00000, 0x0000000713c00000| Untracked 
| 205|0x0000000713d00000, 0x0000000713d00000, 0x0000000713e00000|  0%| F|  |TAMS 0x0000000713d00000, 0x0000000713d00000| Untracked 
| 206|0x0000000713e00000, 0x0000000713e00000, 0x0000000713f00000|  0%| F|  |TAMS 0x0000000713e00000, 0x0000000713e00000| Untracked 
| 207|0x0000000713f00000, 0x0000000713f00000, 0x0000000714000000|  0%| F|  |TAMS 0x0000000713f00000, 0x0000000713f00000| Untracked 
| 208|0x0000000714000000, 0x0000000714000000, 0x0000000714100000|  0%| F|  |TAMS 0x0000000714000000, 0x0000000714000000| Untracked 
| 209|0x0000000714100000, 0x0000000714100000, 0x0000000714200000|  0%| F|  |TAMS 0x0000000714100000, 0x0000000714100000| Untracked 
| 210|0x0000000714200000, 0x0000000714200000, 0x0000000714300000|  0%| F|  |TAMS 0x0000000714200000, 0x0000000714200000| Untracked 
| 211|0x0000000714300000, 0x0000000714300000, 0x0000000714400000|  0%| F|  |TAMS 0x0000000714300000, 0x0000000714300000| Untracked 
| 212|0x0000000714400000, 0x0000000714400000, 0x0000000714500000|  0%| F|  |TAMS 0x0000000714400000, 0x0000000714400000| Untracked 
| 213|0x0000000714500000, 0x0000000714500000, 0x0000000714600000|  0%| F|  |TAMS 0x0000000714500000, 0x0000000714500000| Untracked 
| 214|0x0000000714600000, 0x0000000714600000, 0x0000000714700000|  0%| F|  |TAMS 0x0000000714600000, 0x0000000714600000| Untracked 
| 215|0x0000000714700000, 0x0000000714700000, 0x0000000714800000|  0%| F|  |TAMS 0x0000000714700000, 0x0000000714700000| Untracked 
| 216|0x0000000714800000, 0x0000000714800000, 0x0000000714900000|  0%| F|  |TAMS 0x0000000714800000, 0x0000000714800000| Untracked 
| 217|0x0000000714900000, 0x0000000714900000, 0x0000000714a00000|  0%| F|  |TAMS 0x0000000714900000, 0x0000000714900000| Untracked 
| 218|0x0000000714a00000, 0x0000000714a00000, 0x0000000714b00000|  0%| F|  |TAMS 0x0000000714a00000, 0x0000000714a00000| Untracked 
| 219|0x0000000714b00000, 0x0000000714b00000, 0x0000000714c00000|  0%| F|  |TAMS 0x0000000714b00000, 0x0000000714b00000| Untracked 
| 220|0x0000000714c00000, 0x0000000714c00000, 0x0000000714d00000|  0%| F|  |TAMS 0x0000000714c00000, 0x0000000714c00000| Untracked 
| 221|0x0000000714d00000, 0x0000000714d00000, 0x0000000714e00000|  0%| F|  |TAMS 0x0000000714d00000, 0x0000000714d00000| Untracked 
| 222|0x0000000714e00000, 0x0000000714e00000, 0x0000000714f00000|  0%| F|  |TAMS 0x0000000714e00000, 0x0000000714e00000| Untracked 
| 223|0x0000000714f00000, 0x0000000714f00000, 0x0000000715000000|  0%| F|  |TAMS 0x0000000714f00000, 0x0000000714f00000| Untracked 
| 224|0x0000000715000000, 0x0000000715000000, 0x0000000715100000|  0%| F|  |TAMS 0x0000000715000000, 0x0000000715000000| Untracked 
| 225|0x0000000715100000, 0x0000000715100000, 0x0000000715200000|  0%| F|  |TAMS 0x0000000715100000, 0x0000000715100000| Untracked 
| 226|0x0000000715200000, 0x0000000715200000, 0x0000000715300000|  0%| F|  |TAMS 0x0000000715200000, 0x0000000715200000| Untracked 
| 227|0x0000000715300000, 0x0000000715300000, 0x0000000715400000|  0%| F|  |TAMS 0x0000000715300000, 0x0000000715300000| Untracked 
| 228|0x0000000715400000, 0x0000000715400000, 0x0000000715500000|  0%| F|  |TAMS 0x0000000715400000, 0x0000000715400000| Untracked 
| 229|0x0000000715500000, 0x0000000715500000, 0x0000000715600000|  0%| F|  |TAMS 0x0000000715500000, 0x0000000715500000| Untracked 
| 230|0x0000000715600000, 0x0000000715600000, 0x0000000715700000|  0%| F|  |TAMS 0x0000000715600000, 0x0000000715600000| Untracked 
| 231|0x0000000715700000, 0x0000000715700000, 0x0000000715800000|  0%| F|  |TAMS 0x0000000715700000, 0x0000000715700000| Untracked 
| 232|0x0000000715800000, 0x0000000715800000, 0x0000000715900000|  0%| F|  |TAMS 0x0000000715800000, 0x0000000715800000| Untracked 
| 233|0x0000000715900000, 0x0000000715900000, 0x0000000715a00000|  0%| F|  |TAMS 0x0000000715900000, 0x0000000715900000| Untracked 
| 234|0x0000000715a00000, 0x0000000715a00000, 0x0000000715b00000|  0%| F|  |TAMS 0x0000000715a00000, 0x0000000715a00000| Untracked 
| 235|0x0000000715b00000, 0x0000000715b00000, 0x0000000715c00000|  0%| F|  |TAMS 0x0000000715b00000, 0x0000000715b00000| Untracked 
| 236|0x0000000715c00000, 0x0000000715c00000, 0x0000000715d00000|  0%| F|  |TAMS 0x0000000715c00000, 0x0000000715c00000| Untracked 
| 237|0x0000000715d00000, 0x0000000715d00000, 0x0000000715e00000|  0%| F|  |TAMS 0x0000000715d00000, 0x0000000715d00000| Untracked 
| 238|0x0000000715e00000, 0x0000000715e00000, 0x0000000715f00000|  0%| F|  |TAMS 0x0000000715e00000, 0x0000000715e00000| Untracked 
| 239|0x0000000715f00000, 0x0000000715f80800, 0x0000000716000000| 50%| E|  |TAMS 0x0000000715f00000, 0x0000000715f00000| Complete 
| 240|0x0000000716000000, 0x0000000716100000, 0x0000000716100000|100%| E|CS|TAMS 0x0000000716000000, 0x0000000716000000| Complete 
| 241|0x0000000716100000, 0x0000000716200000, 0x0000000716200000|100%| E|CS|TAMS 0x0000000716100000, 0x0000000716100000| Complete 
| 242|0x0000000716200000, 0x0000000716300000, 0x0000000716300000|100%| E|CS|TAMS 0x0000000716200000, 0x0000000716200000| Complete 
| 243|0x0000000716300000, 0x0000000716400000, 0x0000000716400000|100%| E|CS|TAMS 0x0000000716300000, 0x0000000716300000| Complete 
| 244|0x0000000716400000, 0x0000000716500000, 0x0000000716500000|100%| E|CS|TAMS 0x0000000716400000, 0x0000000716400000| Complete 
| 245|0x0000000716500000, 0x0000000716600000, 0x0000000716600000|100%| E|CS|TAMS 0x0000000716500000, 0x0000000716500000| Complete 
| 246|0x0000000716600000, 0x0000000716700000, 0x0000000716700000|100%| E|CS|TAMS 0x0000000716600000, 0x0000000716600000| Complete 
| 247|0x0000000716700000, 0x0000000716800000, 0x0000000716800000|100%| E|CS|TAMS 0x0000000716700000, 0x0000000716700000| Complete 
| 248|0x0000000716800000, 0x0000000716900000, 0x0000000716900000|100%| E|CS|TAMS 0x0000000716800000, 0x0000000716800000| Complete 
| 249|0x0000000716900000, 0x0000000716a00000, 0x0000000716a00000|100%| E|CS|TAMS 0x0000000716900000, 0x0000000716900000| Complete 
|2958|0x00000007bfe00000, 0x00000007bfe47000, 0x00000007bff00000| 27%|OA|  |TAMS 0x00000007bfe00000, 0x00000007bfe00000| Untracked 
|2959|0x00000007bff00000, 0x00000007bff6b000, 0x00000007c0000000| 41%|CA|  |TAMS 0x00000007bff00000, 0x00000007bff00000| Untracked 

Card table byte_map: [0x00007fd1c1d37000,0x00007fd1c24ff000] _byte_map_base: 0x00007fd1be4ff000

Marking Bits (Prev, Next): (CMBitMap*) 0x00007fd1bc07c668, (CMBitMap*) 0x00007fd1bc07c6a0
 Prev Bits: [0x00007fd19c1c0000, 0x00007fd1a0000000)
 Next Bits: [0x00007fd198380000, 0x00007fd19c1c0000)

Polling page: 0x00007fd1c37e3000

Metaspace:

Usage:
  Non-class:     15,48 MB capacity,    14,50 MB ( 94%) used,   976,87 KB (  6%) free+waste,    20,56 KB ( <1%) overhead. 
      Class:      2,11 MB capacity,     1,88 MB ( 89%) used,   227,78 KB ( 11%) free+waste,     9,00 KB ( <1%) overhead. 
       Both:     17,59 MB capacity,    16,38 MB ( 93%) used,     1,18 MB (  7%) free+waste,    29,56 KB ( <1%) overhead. 

Virtual space:
  Non-class space:       16,00 MB reserved,      15,50 MB ( 97%) committed 
      Class space:        1,00 GB reserved,       2,12 MB ( <1%) committed 
             Both:        1,02 GB reserved,      17,62 MB (  2%) committed 

Chunk freelists:
   Non-Class:  24,00 KB
       Class:  13,00 KB
        Both:  37,00 KB

MaxMetaspaceSize: unlimited
CompressedClassSpaceSize: 1,00 GB

CodeHeap 'non-profiled nmethods': size=120032Kb used=1962Kb max_used=1962Kb free=118069Kb
 bounds [0x00007fd1ac361000, 0x00007fd1ac5d1000, 0x00007fd1b3899000]
CodeHeap 'profiled nmethods': size=120028Kb used=7487Kb max_used=7487Kb free=112540Kb
 bounds [0x00007fd1a4e2a000, 0x00007fd1a557a000, 0x00007fd1ac361000]
CodeHeap 'non-nmethods': size=5700Kb used=1110Kb max_used=1156Kb free=4589Kb
 bounds [0x00007fd1a4899000, 0x00007fd1a4b09000, 0x00007fd1a4e2a000]
 total_blobs=4089 nmethods=3653 adapters=348
 compilation: enabled
              stopped_count=0, restarted_count=0
 full_count=0

Compilation events (20 events):
Event: 1,530 Thread 0x00007fd1bc1db000 3650       3       java.io.FileDescriptor$1::getAppend (5 bytes)
Event: 1,530 Thread 0x00007fd1bc1db000 nmethod 3650 0x00007fd1a4e2bb10 code [0x00007fd1a4e2bcc0, 0x00007fd1a4e2bdf0]
Event: 1,537 Thread 0x00007fd1bc1db000 3651       3       sun.nio.cs.StreamEncoder::writeBytes (132 bytes)
Event: 1,537 Thread 0x00007fd1bc1db000 nmethod 3651 0x00007fd1a5574990 code [0x00007fd1a5574c00, 0x00007fd1a5575670]
Event: 1,537 Thread 0x00007fd1bc1db000 3652   !   3       java.io.PrintStream::write (69 bytes)
Event: 1,538 Thread 0x00007fd1bc1db000 nmethod 3652 0x00007fd1a5575a10 code [0x00007fd1a5575c40, 0x00007fd1a5576410]
Event: 1,538 Thread 0x00007fd1bc1db000 3653  s    3       java.io.BufferedOutputStream::write (67 bytes)
Event: 1,538 Thread 0x00007fd1bc1db000 nmethod 3653 0x00007fd1a5576790 code [0x00007fd1a55769a0, 0x00007fd1a5577210]
Event: 1,538 Thread 0x00007fd1bc1db000 3654       3       java.io.FileOutputStream::write (20 bytes)
Event: 1,538 Thread 0x00007fd1bc1db000 nmethod 3654 0x00007fd1a5577410 code [0x00007fd1a55775e0, 0x00007fd1a55777a0]
Event: 1,538 Thread 0x00007fd1bc1db000 3658   !   3       java.io.PrintStream::write (83 bytes)
Event: 1,538 Thread 0x00007fd1bc1db000 nmethod 3658 0x00007fd1a5577890 code [0x00007fd1a5577b40, 0x00007fd1a55788b0]
Event: 1,538 Thread 0x00007fd1bc1db000 3659       3       java.io.PrintStream::print (9 bytes)
Event: 1,538 Thread 0x00007fd1bc1db000 nmethod 3659 0x00007fd1a5578f10 code [0x00007fd1a55790e0, 0x00007fd1a5579250]
Event: 1,538 Thread 0x00007fd1bc1db000 3656       3       java.nio.ByteBuffer::clear (7 bytes)
Event: 1,538 Thread 0x00007fd1bc1db000 nmethod 3656 0x00007fd1a5579310 code [0x00007fd1a55794c0, 0x00007fd1a5579650]
Event: 1,538 Thread 0x00007fd1bc1db000 3657       3       java.nio.Buffer::clear (20 bytes)
Event: 1,538 Thread 0x00007fd1bc1db000 nmethod 3657 0x00007fd1a4e36390 code [0x00007fd1a4e36540, 0x00007fd1a4e36670]
Event: 1,548 Thread 0x00007fd168367800 nmethod 3367 0x00007fd1ac53b110 code [0x00007fd1ac53b820, 0x00007fd1ac543be0]
Event: 1,557 Thread 0x00007fd1bc1d9000 nmethod 3647 0x00007fd1ac547810 code [0x00007fd1ac547ac0, 0x00007fd1ac54a720]

GC Heap History (4 events):
Event: 0,305 GC heap before
{Heap before GC invocations=0 (full 0):
 garbage-first heap   total 258048K, used 25288K [0x0000000707000000, 0x0000000800000000)
  region size 1024K, 24 young (24576K), 0 survivors (0K)
 Metaspace       used 5188K, capacity 7741K, committed 7936K, reserved 1056768K
  class space    used 642K, capacity 924K, committed 1024K, reserved 1048576K
}
Event: 0,312 GC heap after
{Heap after GC invocations=1 (full 0):
 garbage-first heap   total 258048K, used 3650K [0x0000000707000000, 0x0000000800000000)
  region size 1024K, 3 young (3072K), 3 survivors (3072K)
 Metaspace       used 5188K, capacity 7741K, committed 7936K, reserved 1056768K
  class space    used 642K, capacity 924K, committed 1024K, reserved 1048576K
}
Event: 1,422 GC heap before
{Heap before GC invocations=1 (full 0):
 garbage-first heap   total 258048K, used 154178K [0x0000000707000000, 0x0000000800000000)
  region size 1024K, 150 young (153600K), 3 survivors (3072K)
 Metaspace       used 15543K, capacity 16917K, committed 17152K, reserved 1064960K
  class space    used 1755K, capacity 1991K, committed 2048K, reserved 1048576K
}
Event: 1,432 GC heap after
{Heap after GC invocations=2 (full 0):
 garbage-first heap   total 258048K, used 11580K [0x0000000707000000, 0x0000000800000000)
  region size 1024K, 11 young (11264K), 11 survivors (11264K)
 Metaspace       used 15543K, capacity 16917K, committed 17152K, reserved 1064960K
  class space    used 1755K, capacity 1991K, committed 2048K, reserved 1048576K
}

Deoptimization events (20 events):
Event: 1,418 Thread 0x00007fd1bc016800 DEOPT PACKING pc=0x00007fd1a52bf8a0 sp=0x00007fd1c3917a40
Event: 1,418 Thread 0x00007fd1bc016800 DEOPT UNPACKING pc=0x00007fd1a48bf6ba sp=0x00007fd1c3916f78 mode 0
Event: 1,439 Thread 0x00007fd1bc016800 DEOPT PACKING pc=0x00007fd1a52bf8a0 sp=0x00007fd1c39194e0
Event: 1,439 Thread 0x00007fd1bc016800 DEOPT UNPACKING pc=0x00007fd1a48bf6ba sp=0x00007fd1c3918a18 mode 0
Event: 1,486 Thread 0x00007fd1bc016800 DEOPT PACKING pc=0x00007fd1a4f0d34c sp=0x00007fd1c3917520
Event: 1,486 Thread 0x00007fd1bc016800 DEOPT UNPACKING pc=0x00007fd1a48bf6ba sp=0x00007fd1c3916940 mode 0
Event: 1,488 Thread 0x00007fd1bc016800 Uncommon trap: trap_request=0xffffff4d fr.pc=0x00007fd1ac4386f4 relative=0x0000000000000834
Event: 1,488 Thread 0x00007fd1bc016800 Uncommon trap: reason=unstable_if action=reinterpret pc=0x00007fd1ac4386f4 method=com.google.inject.internal.MoreTypes.canonicalize(Ljava/lang/reflect/Type;)Ljava/lang/reflect/Type; @ 16 c2
Event: 1,488 Thread 0x00007fd1bc016800 DEOPT PACKING pc=0x00007fd1ac4386f4 sp=0x00007fd1c391a3e0
Event: 1,488 Thread 0x00007fd1bc016800 DEOPT UNPACKING pc=0x00007fd1a48bf8a5 sp=0x00007fd1c391a3e0 mode 2
Event: 1,488 Thread 0x00007fd1bc016800 Uncommon trap: trap_request=0xffffffde fr.pc=0x00007fd1ac531b40 relative=0x0000000000000080
Event: 1,488 Thread 0x00007fd1bc016800 Uncommon trap: reason=class_check action=maybe_recompile pc=0x00007fd1ac531b40 method=com.google.inject.internal.MoreTypes.getRawType(Ljava/lang/reflect/Type;)Ljava/lang/Class; @ 13 c2
Event: 1,488 Thread 0x00007fd1bc016800 DEOPT PACKING pc=0x00007fd1ac531b40 sp=0x00007fd1c391a430
Event: 1,488 Thread 0x00007fd1bc016800 DEOPT UNPACKING pc=0x00007fd1a48bf8a5 sp=0x00007fd1c391a3d8 mode 2
Event: 1,494 Thread 0x00007fd1bcdae000 Uncommon trap: trap_request=0xffffffde fr.pc=0x00007fd1ac394a68 relative=0x0000000000001528
Event: 1,494 Thread 0x00007fd1bcdae000 Uncommon trap: reason=class_check action=maybe_recompile pc=0x00007fd1ac394a68 method=jdk.internal.loader.URLClassPath.getLoader(I)Ljdk/internal/loader/URLClassPath$Loader; @ 88 c2
Event: 1,494 Thread 0x00007fd1bcdae000 DEOPT PACKING pc=0x00007fd1ac394a68 sp=0x00007fd190decf60
Event: 1,494 Thread 0x00007fd1bcdae000 DEOPT UNPACKING pc=0x00007fd1a48bf8a5 sp=0x00007fd190decf60 mode 2
Event: 1,495 Thread 0x00007fd1bcdae000 DEOPT PACKING pc=0x00007fd1a52bf8a0 sp=0x00007fd190de6ec0
Event: 1,495 Thread 0x00007fd1bcdae000 DEOPT UNPACKING pc=0x00007fd1a48bf6ba sp=0x00007fd190de63f8 mode 0

Classes redefined (0 events):
No events

Internal exceptions (20 events):
Event: 0,087 Thread 0x00007fd1bc016800 Exception <a 'java/lang/NoClassDefFoundError'{0x000000071664dfd8}: org/fusesource/jansi/internal/CLibrary> (0x000000071664dfd8) thrown at [src/hotspot/share/classfile/systemDictionary.cpp, line 220]
Event: 0,087 Thread 0x00007fd1bc016800 Exception <a 'java/lang/NoClassDefFoundError'{0x000000071664e540}: org/fusesource/jansi/internal/CLibrary> (0x000000071664e540) thrown at [src/hotspot/share/oops/constantPool.cpp, line 775]
Event: 0,088 Thread 0x00007fd1bc016800 Exception <a 'java/lang/NoClassDefFoundError'{0x000000071665a4c8}: org/fusesource/jansi/internal/CLibrary> (0x000000071665a4c8) thrown at [src/hotspot/share/oops/constantPool.cpp, line 775]
Event: 0,088 Thread 0x00007fd1bc016800 Exception <a 'java/lang/NoClassDefFoundError'{0x000000071665a7e8}: org/fusesource/jansi/internal/CLibrary> (0x000000071665a7e8) thrown at [src/hotspot/share/oops/constantPool.cpp, line 775]
Event: 0,721 Thread 0x00007fd1bc016800 Exception <a 'java/lang/NoClassDefFoundError'{0x0000000713d34320}: com/google/inject/servlet/ServletModuleTargetVisitor> (0x0000000713d34320) thrown at [src/hotspot/share/classfile/systemDictionary.cpp, line 220]
Event: 0,721 Thread 0x00007fd1bc016800 Exception <a 'java/lang/NoClassDefFoundError'{0x0000000713d34320}> (0x0000000713d34320) thrown at [src/hotspot/share/prims/jvm.cpp, line 1309]
Event: 0,891 Thread 0x00007fd1bc016800 Implicit null exception at 0x00007fd1ac383884 to 0x00007fd1ac383d84
Event: 0,891 Thread 0x00007fd1bc016800 Implicit null exception at 0x00007fd1ac391e04 to 0x00007fd1ac392328
Event: 1,126 Thread 0x00007fd1bc016800 Implicit null exception at 0x00007fd1ac3ed685 to 0x00007fd1ac3ed870
Event: 1,126 Thread 0x00007fd1bc016800 Implicit null exception at 0x00007fd1ac3c50af to 0x00007fd1ac3c512d
Event: 1,127 Thread 0x00007fd1bc016800 Implicit null exception at 0x00007fd1ac4880cb to 0x00007fd1ac4887ca
Event: 1,450 Thread 0x00007fd1bc016800 Exception <a 'java/lang/NoClassDefFoundError'{0x0000000716831f18}: org/sonatype/aether/deployment/DeploymentException> (0x0000000716831f18) thrown at [src/hotspot/share/classfile/systemDictionary.cpp, line 220]
Event: 1,450 Thread 0x00007fd1bc016800 Exception <a 'java/lang/NoClassDefFoundError'{0x000000071683f1f0}: org/sonatype/aether/resolution/ArtifactDescriptorException> (0x000000071683f1f0) thrown at [src/hotspot/share/classfile/systemDictionary.cpp, line 220]
Event: 1,451 Thread 0x00007fd1bc016800 Exception <a 'java/lang/NoClassDefFoundError'{0x0000000716854b90}: org/sonatype/aether/artifact/Artifact> (0x0000000716854b90) thrown at [src/hotspot/share/classfile/systemDictionary.cpp, line 220]
Event: 1,454 Thread 0x00007fd1bc016800 Exception <a 'java/lang/NoClassDefFoundError'{0x00000007168a5c08}: org/sonatype/aether/installation/InstallationException> (0x00000007168a5c08) thrown at [src/hotspot/share/classfile/systemDictionary.cpp, line 220]
Event: 1,459 Thread 0x00007fd1bc016800 Exception <a 'java/lang/NoClassDefFoundError'{0x0000000716713418}: org/sonatype/aether/resolution/ArtifactResolutionException> (0x0000000716713418) thrown at [src/hotspot/share/classfile/systemDictionary.cpp, line 220]
Event: 1,459 Thread 0x00007fd1bc016800 Exception <a 'java/lang/NoClassDefFoundError'{0x0000000716723600}: org/sonatype/aether/collection/DependencyCollectionException> (0x0000000716723600) thrown at [src/hotspot/share/classfile/systemDictionary.cpp, line 220]
Event: 1,464 Thread 0x00007fd1bc016800 Exception <a 'java/lang/NoClassDefFoundError'{0x000000071678f1f0}: org/sonatype/aether/artifact/Artifact> (0x000000071678f1f0) thrown at [src/hotspot/share/classfile/systemDictionary.cpp, line 220]
Event: 1,503 Thread 0x00007fd1bcdae000 Exception <a 'java/lang/NoSuchMethodError'{0x00000007163fb660}: 'void java.lang.invoke.DirectMethodHandle$Holder.invokeStaticInit(java.lang.Object, java.lang.Object)'> (0x00000007163fb660) thrown at [src/hotspot/share/interpreter/linkResolver.cpp, line 773]
Event: 1,503 Thread 0x00007fd1bcdae000 Exception <a 'java/lang/NoSuchMethodError'{0x00000007163fe8b8}: 'void java.lang.invoke.Invokers$Holder.invoke_MT(java.lang.Object, java.lang.Object, java.lang.Object)'> (0x00000007163fe8b8) thrown at [src/hotspot/share/interpreter/linkResolver.cpp, line 773]

Events (20 events):
Event: 1,535 loading class java/io/DeleteOnExitHook
Event: 1,535 loading class java/io/DeleteOnExitHook done
Event: 1,535 loading class java/io/DeleteOnExitHook$1
Event: 1,535 loading class java/io/DeleteOnExitHook$1 done
Event: 1,535 Executing VM operation: RevokeBias
Event: 1,535 Executing VM operation: RevokeBias done
Event: 1,535 loading class org/rdfhdt/hdt/util/listener/IntermediateListener
Event: 1,535 loading class org/rdfhdt/hdt/util/listener/IntermediateListener done
Event: 1,536 loading class org/rdfhdt/hdt/compact/sequence/SequenceLog64
Event: 1,536 loading class org/rdfhdt/hdt/compact/sequence/SequenceLog64 done
Event: 1,536 loading class org/rdfhdt/hdt/compact/sequence/DynamicSequence
Event: 1,536 loading class org/rdfhdt/hdt/compact/sequence/DynamicSequence done
Event: 1,536 loading class org/rdfhdt/hdt/compact/sequence/Sequence
Event: 1,536 loading class org/rdfhdt/hdt/compact/sequence/Sequence done
Event: 1,536 loading class org/rdfhdt/hdt/util/crc/CRCOutputStream
Event: 1,536 loading class org/rdfhdt/hdt/util/crc/CRCOutputStream done
Event: 1,536 loading class org/rdfhdt/hdt/util/BitUtil
Event: 1,536 loading class org/rdfhdt/hdt/util/BitUtil done
Event: 6,537 Thread 0x00007fd168212000 Thread exited: 0x00007fd168212000
Event: 6,548 Thread 0x00007fd168367800 Thread exited: 0x00007fd168367800


Dynamic libraries:
707000000-716a00000 rw-p 00000000 00:00 0 
716a00000-7bfe00000 ---p 00000000 00:00 0 
7bfe00000-7bfe47000 rw-p 01111000 08:03 13372920                         /usr/lib/jvm/java-11-openjdk-amd64/lib/server/classes.jsa
7bfe47000-7bff00000 rw-p 00000000 00:00 0 
7bff00000-7bff6b000 rw-p 010a6000 08:03 13372920                         /usr/lib/jvm/java-11-openjdk-amd64/lib/server/classes.jsa
7bff6b000-7c0000000 rw-p 00000000 00:00 0 
7c0000000-800000000 ---p 00000000 00:00 0 
800000000-800002000 rwxp 00001000 08:03 13372920                         /usr/lib/jvm/java-11-openjdk-amd64/lib/server/classes.jsa
800002000-8003b9000 rw-p 00003000 08:03 13372920                         /usr/lib/jvm/java-11-openjdk-amd64/lib/server/classes.jsa
8003b9000-800a96000 r--p 003ba000 08:03 13372920                         /usr/lib/jvm/java-11-openjdk-amd64/lib/server/classes.jsa
800a96000-800a97000 rw-p 00a97000 08:03 13372920                         /usr/lib/jvm/java-11-openjdk-amd64/lib/server/classes.jsa
800a97000-8010a5000 r--p 00a98000 08:03 13372920                         /usr/lib/jvm/java-11-openjdk-amd64/lib/server/classes.jsa
840000000-840220000 rw-p 00000000 00:00 0 
840220000-880000000 ---p 00000000 00:00 0 
55ebff062000-55ebff063000 r--p 00000000 08:03 12589641                   /usr/lib/jvm/java-11-openjdk-amd64/bin/java
55ebff063000-55ebff064000 r-xp 00001000 08:03 12589641                   /usr/lib/jvm/java-11-openjdk-amd64/bin/java
55ebff064000-55ebff065000 r--p 00002000 08:03 12589641                   /usr/lib/jvm/java-11-openjdk-amd64/bin/java
55ebff065000-55ebff066000 r--p 00002000 08:03 12589641                   /usr/lib/jvm/java-11-openjdk-amd64/bin/java
55ebff066000-55ebff067000 rw-p 00003000 08:03 12589641                   /usr/lib/jvm/java-11-openjdk-amd64/bin/java
55ec00e3a000-55ec00e5b000 rw-p 00000000 00:00 0                          [heap]
7fd134000000-7fd134021000 rw-p 00000000 00:00 0 
7fd134021000-7fd138000000 ---p 00000000 00:00 0 
7fd138000000-7fd13948f000 rw-p 00000000 00:00 0 
7fd13948f000-7fd13c000000 ---p 00000000 00:00 0 
7fd13db1c000-7fd13db20000 ---p 00000000 00:00 0 
7fd13db20000-7fd140000000 rw-p 00000000 00:00 0 
7fd140000000-7fd140021000 rw-p 00000000 00:00 0 
7fd140021000-7fd144000000 ---p 00000000 00:00 0 
7fd144000000-7fd144021000 rw-p 00000000 00:00 0 
7fd144021000-7fd148000000 ---p 00000000 00:00 0 
7fd148000000-7fd148021000 rw-p 00000000 00:00 0 
7fd148021000-7fd14c000000 ---p 00000000 00:00 0 
7fd14c000000-7fd14c021000 rw-p 00000000 00:00 0 
7fd14c021000-7fd150000000 ---p 00000000 00:00 0 
7fd150000000-7fd150b24000 rw-p 00000000 00:00 0 
7fd150b24000-7fd154000000 ---p 00000000 00:00 0 
7fd154000000-7fd154021000 rw-p 00000000 00:00 0 
7fd154021000-7fd158000000 ---p 00000000 00:00 0 
7fd158000000-7fd158021000 rw-p 00000000 00:00 0 
7fd158021000-7fd15c000000 ---p 00000000 00:00 0 
7fd15c000000-7fd15cbd5000 rw-p 00000000 00:00 0 
7fd15cbd5000-7fd160000000 ---p 00000000 00:00 0 
7fd160000000-7fd160021000 rw-p 00000000 00:00 0 
7fd160021000-7fd164000000 ---p 00000000 00:00 0 
7fd164000000-7fd164021000 rw-p 00000000 00:00 0 
7fd164021000-7fd168000000 ---p 00000000 00:00 0 
7fd168000000-7fd1688fb000 rw-p 00000000 00:00 0 
7fd1688fb000-7fd16c000000 ---p 00000000 00:00 0 
7fd16c000000-7fd16c051000 rw-p 00000000 00:00 0 
7fd16c051000-7fd170000000 ---p 00000000 00:00 0 
7fd170000000-7fd170021000 rw-p 00000000 00:00 0 
7fd170021000-7fd174000000 ---p 00000000 00:00 0 
7fd174000000-7fd174c36000 rw-p 00000000 00:00 0 
7fd174c36000-7fd178000000 ---p 00000000 00:00 0 
7fd178000000-7fd178021000 rw-p 00000000 00:00 0 
7fd178021000-7fd17c000000 ---p 00000000 00:00 0 
7fd17c000000-7fd17c021000 rw-p 00000000 00:00 0 
7fd17c021000-7fd180000000 ---p 00000000 00:00 0 
7fd180000000-7fd180021000 rw-p 00000000 00:00 0 
7fd180021000-7fd184000000 ---p 00000000 00:00 0 
7fd184000000-7fd184278000 rw-p 00000000 00:00 0 
7fd184278000-7fd188000000 ---p 00000000 00:00 0 
7fd188000000-7fd188021000 rw-p 00000000 00:00 0 
7fd188021000-7fd18c000000 ---p 00000000 00:00 0 
7fd18c000000-7fd18c021000 rw-p 00000000 00:00 0 
7fd18c021000-7fd190000000 ---p 00000000 00:00 0 
7fd1900f8000-7fd190cef000 rw-p 00000000 00:00 0 
7fd190cef000-7fd190cf3000 ---p 00000000 00:00 0 
7fd190cf3000-7fd190f70000 rw-p 00000000 00:00 0 
7fd190f70000-7fd190ff0000 ---p 00000000 00:00 0 
7fd190ff0000-7fd1911f0000 rw-p 00000000 00:00 0 
7fd1911f0000-7fd1913f0000 rw-p 00000000 00:00 0 
7fd1913f0000-7fd1915f0000 rw-p 00000000 00:00 0 
7fd1915f0000-7fd1915f1000 ---p 00000000 00:00 0 
7fd1915f1000-7fd1916f2000 rw-p 00000000 00:00 0 
7fd1916f2000-7fd1916f3000 ---p 00000000 00:00 0 
7fd1916f3000-7fd1917f4000 rw-p 00000000 00:00 0 
7fd1917f4000-7fd1917f5000 ---p 00000000 00:00 0 
7fd1917f5000-7fd1918f6000 rw-p 00000000 00:00 0 
7fd1918f6000-7fd1918f7000 ---p 00000000 00:00 0 
7fd1918f7000-7fd1919f8000 rw-p 00000000 00:00 0 
7fd1919f8000-7fd1919f9000 ---p 00000000 00:00 0 
7fd1919f9000-7fd191afa000 rw-p 00000000 00:00 0 
7fd191afa000-7fd191afe000 ---p 00000000 00:00 0 
7fd191afe000-7fd191bfb000 rw-p 00000000 00:00 0 
7fd191bfb000-7fd191bff000 ---p 00000000 00:00 0 
7fd191bff000-7fd191cfc000 rw-p 00000000 00:00 0 
7fd191cfc000-7fd191d00000 ---p 00000000 00:00 0 
7fd191d00000-7fd191dfd000 rw-p 00000000 00:00 0 
7fd191dfd000-7fd191dfe000 ---p 00000000 00:00 0 
7fd191dfe000-7fd191eff000 rw-p 00000000 00:00 0 
7fd191eff000-7fd191f03000 ---p 00000000 00:00 0 
7fd191f03000-7fd194000000 rw-p 00000000 00:00 0 
7fd194000000-7fd194021000 rw-p 00000000 00:00 0 
7fd194021000-7fd198000000 ---p 00000000 00:00 0 
7fd19807d000-7fd198081000 ---p 00000000 00:00 0 
7fd198081000-7fd19817e000 rw-p 00000000 00:00 0 
7fd19817e000-7fd198182000 ---p 00000000 00:00 0 
7fd198182000-7fd19827f000 rw-p 00000000 00:00 0 
7fd19827f000-7fd198283000 ---p 00000000 00:00 0 
7fd198283000-7fd198768000 rw-p 00000000 00:00 0 
7fd198768000-7fd19b1b8000 ---p 00000000 00:00 0 
7fd19b1b8000-7fd19b1c0000 rw-p 00000000 00:00 0 
7fd19b1c0000-7fd19c1c0000 ---p 00000000 00:00 0 
7fd19c1c0000-7fd19c5a8000 rw-p 00000000 00:00 0 
7fd19c5a8000-7fd19eff8000 ---p 00000000 00:00 0 
7fd19eff8000-7fd19f000000 rw-p 00000000 00:00 0 
7fd19f000000-7fd1a0000000 ---p 00000000 00:00 0 
7fd1a0000000-7fd1a0021000 rw-p 00000000 00:00 0 
7fd1a0021000-7fd1a4000000 ---p 00000000 00:00 0 
7fd1a4026000-7fd1a402c000 r--p 00000000 08:03 12616458                   /usr/lib/libk2triples.so
7fd1a402c000-7fd1a4051000 r-xp 00006000 08:03 12616458                   /usr/lib/libk2triples.so
7fd1a4051000-7fd1a4054000 r--p 0002b000 08:03 12616458                   /usr/lib/libk2triples.so
7fd1a4054000-7fd1a4055000 ---p 0002e000 08:03 12616458                   /usr/lib/libk2triples.so
7fd1a4055000-7fd1a4056000 r--p 0002e000 08:03 12616458                   /usr/lib/libk2triples.so
7fd1a4056000-7fd1a4057000 rw-p 0002f000 08:03 12616458                   /usr/lib/libk2triples.so
7fd1a4057000-7fd1a405a000 r--p 00000000 08:03 12587494                   /usr/lib/libjnidictionary.so
7fd1a405a000-7fd1a405d000 r-xp 00003000 08:03 12587494                   /usr/lib/libjnidictionary.so
7fd1a405d000-7fd1a405e000 r--p 00006000 08:03 12587494                   /usr/lib/libjnidictionary.so
7fd1a405e000-7fd1a405f000 ---p 00007000 08:03 12587494                   /usr/lib/libjnidictionary.so
7fd1a405f000-7fd1a4060000 r--p 00007000 08:03 12587494                   /usr/lib/libjnidictionary.so
7fd1a4060000-7fd1a4061000 rw-p 00008000 08:03 12587494                   /usr/lib/libjnidictionary.so
7fd1a4061000-7fd1a4092000 rw-p 00000000 00:00 0 
7fd1a4092000-7fd1a4096000 r--p 00000000 08:03 12716365                   /usr/lib/jvm/java-11-openjdk-amd64/lib/libnet.so
7fd1a4096000-7fd1a40a5000 r-xp 00004000 08:03 12716365                   /usr/lib/jvm/java-11-openjdk-amd64/lib/libnet.so
7fd1a40a5000-7fd1a40a9000 r--p 00013000 08:03 12716365                   /usr/lib/jvm/java-11-openjdk-amd64/lib/libnet.so
7fd1a40a9000-7fd1a40aa000 r--p 00016000 08:03 12716365                   /usr/lib/jvm/java-11-openjdk-amd64/lib/libnet.so
7fd1a40aa000-7fd1a40ab000 rw-p 00017000 08:03 12716365                   /usr/lib/jvm/java-11-openjdk-amd64/lib/libnet.so
7fd1a40ab000-7fd1a40af000 ---p 00000000 00:00 0 
7fd1a40af000-7fd1a41ac000 rw-p 00000000 00:00 0 
7fd1a41ac000-7fd1a4491000 r--p 00000000 08:03 12583282                   /usr/lib/locale/locale-archive
7fd1a4491000-7fd1a4495000 ---p 00000000 00:00 0 
7fd1a4495000-7fd1a4592000 rw-p 00000000 00:00 0 
7fd1a4592000-7fd1a4596000 ---p 00000000 00:00 0 
7fd1a4596000-7fd1a4693000 rw-p 00000000 00:00 0 
7fd1a4693000-7fd1a4694000 ---p 00000000 00:00 0 
7fd1a4694000-7fd1a4899000 rw-p 00000000 00:00 0 
7fd1a4899000-7fd1a4b09000 rwxp 00000000 00:00 0 
7fd1a4b09000-7fd1a4e2a000 ---p 00000000 00:00 0 
7fd1a4e2a000-7fd1a557a000 rwxp 00000000 00:00 0 
7fd1a557a000-7fd1ac361000 ---p 00000000 00:00 0 
7fd1ac361000-7fd1ac5d1000 rwxp 00000000 00:00 0 
7fd1ac5d1000-7fd1b3899000 ---p 00000000 00:00 0 
7fd1b3899000-7fd1bc000000 r--s 00000000 08:03 12716375                   /usr/lib/jvm/java-11-openjdk-amd64/lib/modules
7fd1bc000000-7fd1bcdbd000 rw-p 00000000 00:00 0 
7fd1bcdbd000-7fd1c0000000 ---p 00000000 00:00 0 
7fd1c0009000-7fd1c0010000 r--p 00000000 08:03 12716366                   /usr/lib/jvm/java-11-openjdk-amd64/lib/libnio.so
7fd1c0010000-7fd1c0017000 r-xp 00007000 08:03 12716366                   /usr/lib/jvm/java-11-openjdk-amd64/lib/libnio.so
7fd1c0017000-7fd1c001a000 r--p 0000e000 08:03 12716366                   /usr/lib/jvm/java-11-openjdk-amd64/lib/libnio.so
7fd1c001a000-7fd1c001b000 r--p 00010000 08:03 12716366                   /usr/lib/jvm/java-11-openjdk-amd64/lib/libnio.so
7fd1c001b000-7fd1c001c000 rw-p 00011000 08:03 12716366                   /usr/lib/jvm/java-11-openjdk-amd64/lib/libnio.so
7fd1c001c000-7fd1c081c000 rw-p 00000000 00:00 0 
7fd1c081c000-7fd1c085e000 rw-p 00000000 00:00 0 
7fd1c085e000-7fd1c085f000 ---p 00000000 00:00 0 
7fd1c085f000-7fd1c0960000 rw-p 00000000 00:00 0 
7fd1c0960000-7fd1c0961000 ---p 00000000 00:00 0 
7fd1c0961000-7fd1c126a000 rw-p 00000000 00:00 0 
7fd1c126a000-7fd1c126b000 ---p 00000000 00:00 0 
7fd1c126b000-7fd1c136c000 rw-p 00000000 00:00 0 
7fd1c136c000-7fd1c136d000 ---p 00000000 00:00 0 
7fd1c136d000-7fd1c15ec000 rw-p 00000000 00:00 0 
7fd1c15ec000-7fd1c1b36000 ---p 00000000 00:00 0 
7fd1c1b36000-7fd1c1b37000 rw-p 00000000 00:00 0 
7fd1c1b37000-7fd1c1d37000 ---p 00000000 00:00 0 
7fd1c1d37000-7fd1c1db4000 rw-p 00000000 00:00 0 
7fd1c1db4000-7fd1c22fe000 ---p 00000000 00:00 0 
7fd1c22fe000-7fd1c22ff000 rw-p 00000000 00:00 0 
7fd1c22ff000-7fd1c24ff000 ---p 00000000 00:00 0 
7fd1c24ff000-7fd1c257c000 rw-p 00000000 00:00 0 
7fd1c257c000-7fd1c2ac6000 ---p 00000000 00:00 0 
7fd1c2ac6000-7fd1c2ac7000 rw-p 00000000 00:00 0 
7fd1c2ac7000-7fd1c2cc7000 ---p 00000000 00:00 0 
7fd1c2cc7000-7fd1c34cf000 rw-p 00000000 00:00 0 
7fd1c34cf000-7fd1c34d0000 ---p 00000000 00:00 0 
7fd1c34d0000-7fd1c35d6000 rw-p 00000000 00:00 0 
7fd1c35d6000-7fd1c36bc000 ---p 00000000 00:00 0 
7fd1c36bc000-7fd1c36cb000 rw-p 00000000 00:00 0 
7fd1c36cb000-7fd1c37a7000 ---p 00000000 00:00 0 
7fd1c37a7000-7fd1c37ac000 rw-p 00000000 00:00 0 
7fd1c37ac000-7fd1c37b3000 ---p 00000000 00:00 0 
7fd1c37b3000-7fd1c37b6000 r--p 00000000 08:03 12583561                   /usr/lib/x86_64-linux-gnu/libnss_files-2.28.so
7fd1c37b6000-7fd1c37bd000 r-xp 00003000 08:03 12583561                   /usr/lib/x86_64-linux-gnu/libnss_files-2.28.so
7fd1c37bd000-7fd1c37bf000 r--p 0000a000 08:03 12583561                   /usr/lib/x86_64-linux-gnu/libnss_files-2.28.so
7fd1c37bf000-7fd1c37c0000 ---p 0000c000 08:03 12583561                   /usr/lib/x86_64-linux-gnu/libnss_files-2.28.so
7fd1c37c0000-7fd1c37c1000 r--p 0000c000 08:03 12583561                   /usr/lib/x86_64-linux-gnu/libnss_files-2.28.so
7fd1c37c1000-7fd1c37c2000 rw-p 0000d000 08:03 12583561                   /usr/lib/x86_64-linux-gnu/libnss_files-2.28.so
7fd1c37c2000-7fd1c37c8000 rw-p 00000000 00:00 0 
7fd1c37cf000-7fd1c37d1000 r--s 00007000 08:03 13112440                   /usr/share/java/java-atk-wrapper.jar
7fd1c37d1000-7fd1c37d3000 r--p 00000000 08:03 12716374                   /usr/lib/jvm/java-11-openjdk-amd64/lib/libzip.so
7fd1c37d3000-7fd1c37d7000 r-xp 00002000 08:03 12716374                   /usr/lib/jvm/java-11-openjdk-amd64/lib/libzip.so
7fd1c37d7000-7fd1c37d9000 r--p 00006000 08:03 12716374                   /usr/lib/jvm/java-11-openjdk-amd64/lib/libzip.so
7fd1c37d9000-7fd1c37da000 r--p 00007000 08:03 12716374                   /usr/lib/jvm/java-11-openjdk-amd64/lib/libzip.so
7fd1c37da000-7fd1c37db000 rw-p 00008000 08:03 12716374                   /usr/lib/jvm/java-11-openjdk-amd64/lib/libzip.so
7fd1c37db000-7fd1c37e3000 rw-s 00000000 08:03 2495689                    /tmp/hsperfdata_dramos/7548
7fd1c37e3000-7fd1c37e4000 ---p 00000000 00:00 0 
7fd1c37e4000-7fd1c37e5000 r--p 00000000 00:00 0 
7fd1c37e5000-7fd1c37f3000 r--p 00000000 08:03 12716353                   /usr/lib/jvm/java-11-openjdk-amd64/lib/libjava.so
7fd1c37f3000-7fd1c3808000 r-xp 0000e000 08:03 12716353                   /usr/lib/jvm/java-11-openjdk-amd64/lib/libjava.so
7fd1c3808000-7fd1c380f000 r--p 00023000 08:03 12716353                   /usr/lib/jvm/java-11-openjdk-amd64/lib/libjava.so
7fd1c380f000-7fd1c3810000 r--p 00029000 08:03 12716353                   /usr/lib/jvm/java-11-openjdk-amd64/lib/libjava.so
7fd1c3810000-7fd1c3811000 rw-p 0002a000 08:03 12716353                   /usr/lib/jvm/java-11-openjdk-amd64/lib/libjava.so
7fd1c3811000-7fd1c3812000 rw-p 00000000 00:00 0 
7fd1c3812000-7fd1c3814000 r--p 00000000 08:03 12583569                   /usr/lib/x86_64-linux-gnu/librt-2.28.so
7fd1c3814000-7fd1c3818000 r-xp 00002000 08:03 12583569                   /usr/lib/x86_64-linux-gnu/librt-2.28.so
7fd1c3818000-7fd1c381a000 r--p 00006000 08:03 12583569                   /usr/lib/x86_64-linux-gnu/librt-2.28.so
7fd1c381a000-7fd1c381b000 r--p 00007000 08:03 12583569                   /usr/lib/x86_64-linux-gnu/librt-2.28.so
7fd1c381b000-7fd1c381c000 rw-p 00008000 08:03 12583569                   /usr/lib/x86_64-linux-gnu/librt-2.28.so
7fd1c381c000-7fd1c3820000 ---p 00000000 00:00 0 
7fd1c3820000-7fd1c391d000 rw-p 00000000 00:00 0 
7fd1c391d000-7fd1c3920000 r--p 00000000 08:03 12582933                   /usr/lib/x86_64-linux-gnu/libgcc_s.so.1
7fd1c3920000-7fd1c3931000 r-xp 00003000 08:03 12582933                   /usr/lib/x86_64-linux-gnu/libgcc_s.so.1
7fd1c3931000-7fd1c3934000 r--p 00014000 08:03 12582933                   /usr/lib/x86_64-linux-gnu/libgcc_s.so.1
7fd1c3934000-7fd1c3935000 ---p 00017000 08:03 12582933                   /usr/lib/x86_64-linux-gnu/libgcc_s.so.1
7fd1c3935000-7fd1c3936000 r--p 00017000 08:03 12582933                   /usr/lib/x86_64-linux-gnu/libgcc_s.so.1
7fd1c3936000-7fd1c3937000 rw-p 00018000 08:03 12582933                   /usr/lib/x86_64-linux-gnu/libgcc_s.so.1
7fd1c3937000-7fd1c3944000 r--p 00000000 08:03 12583552                   /usr/lib/x86_64-linux-gnu/libm-2.28.so
7fd1c3944000-7fd1c39e3000 r-xp 0000d000 08:03 12583552                   /usr/lib/x86_64-linux-gnu/libm-2.28.so
7fd1c39e3000-7fd1c3ab8000 r--p 000ac000 08:03 12583552                   /usr/lib/x86_64-linux-gnu/libm-2.28.so
7fd1c3ab8000-7fd1c3ab9000 r--p 00180000 08:03 12583552                   /usr/lib/x86_64-linux-gnu/libm-2.28.so
7fd1c3ab9000-7fd1c3aba000 rw-p 00181000 08:03 12583552                   /usr/lib/x86_64-linux-gnu/libm-2.28.so
7fd1c3aba000-7fd1c3b43000 r--p 00000000 08:03 12583199                   /usr/lib/x86_64-linux-gnu/libstdc++.so.6.0.25
7fd1c3b43000-7fd1c3bef000 r-xp 00089000 08:03 12583199                   /usr/lib/x86_64-linux-gnu/libstdc++.so.6.0.25
7fd1c3bef000-7fd1c3c2d000 r--p 00135000 08:03 12583199                   /usr/lib/x86_64-linux-gnu/libstdc++.so.6.0.25
7fd1c3c2d000-7fd1c3c2e000 ---p 00173000 08:03 12583199                   /usr/lib/x86_64-linux-gnu/libstdc++.so.6.0.25
7fd1c3c2e000-7fd1c3c38000 r--p 00173000 08:03 12583199                   /usr/lib/x86_64-linux-gnu/libstdc++.so.6.0.25
7fd1c3c38000-7fd1c3c3a000 rw-p 0017d000 08:03 12583199                   /usr/lib/x86_64-linux-gnu/libstdc++.so.6.0.25
7fd1c3c3a000-7fd1c3c3e000 rw-p 00000000 00:00 0 
7fd1c3c3e000-7fd1c3eb7000 r--p 00000000 08:03 13371065                   /usr/lib/jvm/java-11-openjdk-amd64/lib/server/libjvm.so
7fd1c3eb7000-7fd1c4ac8000 r-xp 00279000 08:03 13371065                   /usr/lib/jvm/java-11-openjdk-amd64/lib/server/libjvm.so
7fd1c4ac8000-7fd1c4d1f000 r--p 00e8a000 08:03 13371065                   /usr/lib/jvm/java-11-openjdk-amd64/lib/server/libjvm.so
7fd1c4d1f000-7fd1c4de0000 r--p 010e0000 08:03 13371065                   /usr/lib/jvm/java-11-openjdk-amd64/lib/server/libjvm.so
7fd1c4de0000-7fd1c4e1b000 rw-p 011a1000 08:03 13371065                   /usr/lib/jvm/java-11-openjdk-amd64/lib/server/libjvm.so
7fd1c4e1b000-7fd1c4e74000 rw-p 00000000 00:00 0 
7fd1c4e74000-7fd1c4e96000 r--p 00000000 08:03 12583549                   /usr/lib/x86_64-linux-gnu/libc-2.28.so
7fd1c4e96000-7fd1c4fde000 r-xp 00022000 08:03 12583549                   /usr/lib/x86_64-linux-gnu/libc-2.28.so
7fd1c4fde000-7fd1c502a000 r--p 0016a000 08:03 12583549                   /usr/lib/x86_64-linux-gnu/libc-2.28.so
7fd1c502a000-7fd1c502b000 ---p 001b6000 08:03 12583549                   /usr/lib/x86_64-linux-gnu/libc-2.28.so
7fd1c502b000-7fd1c502f000 r--p 001b6000 08:03 12583549                   /usr/lib/x86_64-linux-gnu/libc-2.28.so
7fd1c502f000-7fd1c5031000 rw-p 001ba000 08:03 12583549                   /usr/lib/x86_64-linux-gnu/libc-2.28.so
7fd1c5031000-7fd1c5035000 rw-p 00000000 00:00 0 
7fd1c5035000-7fd1c5036000 r--p 00000000 08:03 12583551                   /usr/lib/x86_64-linux-gnu/libdl-2.28.so
7fd1c5036000-7fd1c5037000 r-xp 00001000 08:03 12583551                   /usr/lib/x86_64-linux-gnu/libdl-2.28.so
7fd1c5037000-7fd1c5038000 r--p 00002000 08:03 12583551                   /usr/lib/x86_64-linux-gnu/libdl-2.28.so
7fd1c5038000-7fd1c5039000 r--p 00002000 08:03 12583551                   /usr/lib/x86_64-linux-gnu/libdl-2.28.so
7fd1c5039000-7fd1c503a000 rw-p 00003000 08:03 12583551                   /usr/lib/x86_64-linux-gnu/libdl-2.28.so
7fd1c503a000-7fd1c503d000 r--p 00000000 08:03 13371060                   /usr/lib/jvm/java-11-openjdk-amd64/lib/jli/libjli.so
7fd1c503d000-7fd1c5047000 r-xp 00003000 08:03 13371060                   /usr/lib/jvm/java-11-openjdk-amd64/lib/jli/libjli.so
7fd1c5047000-7fd1c504a000 r--p 0000d000 08:03 13371060                   /usr/lib/jvm/java-11-openjdk-amd64/lib/jli/libjli.so
7fd1c504a000-7fd1c504b000 ---p 00010000 08:03 13371060                   /usr/lib/jvm/java-11-openjdk-amd64/lib/jli/libjli.so
7fd1c504b000-7fd1c504c000 r--p 00010000 08:03 13371060                   /usr/lib/jvm/java-11-openjdk-amd64/lib/jli/libjli.so
7fd1c504c000-7fd1c504d000 rw-p 00011000 08:03 13371060                   /usr/lib/jvm/java-11-openjdk-amd64/lib/jli/libjli.so
7fd1c504d000-7fd1c5053000 r--p 00000000 08:03 12583567                   /usr/lib/x86_64-linux-gnu/libpthread-2.28.so
7fd1c5053000-7fd1c5062000 r-xp 00006000 08:03 12583567                   /usr/lib/x86_64-linux-gnu/libpthread-2.28.so
7fd1c5062000-7fd1c5068000 r--p 00015000 08:03 12583567                   /usr/lib/x86_64-linux-gnu/libpthread-2.28.so
7fd1c5068000-7fd1c5069000 r--p 0001a000 08:03 12583567                   /usr/lib/x86_64-linux-gnu/libpthread-2.28.so
7fd1c5069000-7fd1c506a000 rw-p 0001b000 08:03 12583567                   /usr/lib/x86_64-linux-gnu/libpthread-2.28.so
7fd1c506a000-7fd1c506e000 rw-p 00000000 00:00 0 
7fd1c506e000-7fd1c508a000 r-xp 00000000 08:03 12585259                   /usr/lib/x86_64-linux-gnu/libz.so.1.2.11
7fd1c508a000-7fd1c528a000 ---p 0001c000 08:03 12585259                   /usr/lib/x86_64-linux-gnu/libz.so.1.2.11
7fd1c528a000-7fd1c528b000 r--p 0001c000 08:03 12585259                   /usr/lib/x86_64-linux-gnu/libz.so.1.2.11
7fd1c528b000-7fd1c528c000 rw-p 0001d000 08:03 12585259                   /usr/lib/x86_64-linux-gnu/libz.so.1.2.11
7fd1c528c000-7fd1c528e000 rw-p 00000000 00:00 0 
7fd1c528f000-7fd1c5291000 r--p 00000000 08:03 12716357                   /usr/lib/jvm/java-11-openjdk-amd64/lib/libjimage.so
7fd1c5291000-7fd1c5294000 r-xp 00002000 08:03 12716357                   /usr/lib/jvm/java-11-openjdk-amd64/lib/libjimage.so
7fd1c5294000-7fd1c5296000 r--p 00005000 08:03 12716357                   /usr/lib/jvm/java-11-openjdk-amd64/lib/libjimage.so
7fd1c5296000-7fd1c5297000 r--p 00006000 08:03 12716357                   /usr/lib/jvm/java-11-openjdk-amd64/lib/libjimage.so
7fd1c5297000-7fd1c5298000 rw-p 00007000 08:03 12716357                   /usr/lib/jvm/java-11-openjdk-amd64/lib/libjimage.so
7fd1c5298000-7fd1c529d000 r--p 00000000 08:03 12716373                   /usr/lib/jvm/java-11-openjdk-amd64/lib/libverify.so
7fd1c529d000-7fd1c52a4000 r-xp 00005000 08:03 12716373                   /usr/lib/jvm/java-11-openjdk-amd64/lib/libverify.so
7fd1c52a4000-7fd1c52a6000 r--p 0000c000 08:03 12716373                   /usr/lib/jvm/java-11-openjdk-amd64/lib/libverify.so
7fd1c52a6000-7fd1c52a8000 r--p 0000d000 08:03 12716373                   /usr/lib/jvm/java-11-openjdk-amd64/lib/libverify.so
7fd1c52a8000-7fd1c52a9000 rw-p 0000f000 08:03 12716373                   /usr/lib/jvm/java-11-openjdk-amd64/lib/libverify.so
7fd1c52a9000-7fd1c52aa000 r--p 00000000 08:03 12582935                   /usr/lib/x86_64-linux-gnu/ld-2.28.so
7fd1c52aa000-7fd1c52c8000 r-xp 00001000 08:03 12582935                   /usr/lib/x86_64-linux-gnu/ld-2.28.so
7fd1c52c8000-7fd1c52d0000 r--p 0001f000 08:03 12582935                   /usr/lib/x86_64-linux-gnu/ld-2.28.so
7fd1c52d0000-7fd1c52d1000 r--p 00026000 08:03 12582935                   /usr/lib/x86_64-linux-gnu/ld-2.28.so
7fd1c52d1000-7fd1c52d2000 rw-p 00027000 08:03 12582935                   /usr/lib/x86_64-linux-gnu/ld-2.28.so
7fd1c52d2000-7fd1c52d3000 rw-p 00000000 00:00 0 
7ffe7029e000-7ffe702bf000 rw-p 00000000 00:00 0                          [stack]
7ffe70326000-7ffe70329000 r--p 00000000 00:00 0                          [vvar]
7ffe70329000-7ffe7032b000 r-xp 00000000 00:00 0                          [vdso]


VM Arguments:
jvm_args: -Dclassworlds.conf=/usr/share/maven/bin/m2.conf -Dmaven.home=/usr/share/maven -Dlibrary.jansi.path=/usr/share/maven/lib/jansi-native -Dmaven.multiModuleProjectDirectory=/home/dramos/TFM/git/hdt-jni/hdt-java-cli 
java_command: org.codehaus.plexus.classworlds.launcher.Launcher exec:java -Dexec.mainClass=org.rdfhdt.hdt.tools.RDF2HDT -Dexec.args=../hdt-java-core/data/test.nt ../hdt-java-core/data/test.hdt
java_class_path (initial): /usr/share/maven/boot/plexus-classworlds-2.x.jar
Launcher Type: SUN_STANDARD

[Global flags]
     intx CICompilerCount                          = 4                                         {product} {ergonomic}
     uint ConcGCThreads                            = 2                                         {product} {ergonomic}
     uint G1ConcRefinementThreads                  = 8                                         {product} {ergonomic}
   size_t G1HeapRegionSize                         = 1048576                                   {product} {ergonomic}
    uintx GCDrainStackTargetSize                   = 64                                        {product} {ergonomic}
   size_t InitialHeapSize                          = 262144000                                 {product} {ergonomic}
   size_t MarkStackSize                            = 4194304                                   {product} {ergonomic}
   size_t MaxHeapSize                              = 4177526784                                {product} {ergonomic}
   size_t MaxNewSize                               = 2506096640                                {product} {ergonomic}
   size_t MinHeapDeltaBytes                        = 1048576                                   {product} {ergonomic}
    uintx NonNMethodCodeHeapSize                   = 5836300                                {pd product} {ergonomic}
    uintx NonProfiledCodeHeapSize                  = 122910970                              {pd product} {ergonomic}
    uintx ProfiledCodeHeapSize                     = 122910970                              {pd product} {ergonomic}
    uintx ReservedCodeCacheSize                    = 251658240                              {pd product} {ergonomic}
     bool SegmentedCodeCache                       = true                                      {product} {ergonomic}
     bool UseCompressedClassPointers               = true                                 {lp64_product} {ergonomic}
     bool UseCompressedOops                        = true                                 {lp64_product} {ergonomic}
     bool UseG1GC                                  = true                                      {product} {ergonomic}

Logging:
Log output configuration:
 #0: stdout all=warning uptime,level,tags
 #1: stderr all=off uptime,level,tags

Environment Variables:
JAVA_HOME=/usr/lib/jvm/java-1.11.0-openjdk-amd64
PATH=/snap/bin:/usr/lib/jvm/java-1.11.0-openjdk-amd64/bin:/usr/local/bin:/usr/bin:/bin:/usr/local/games:/usr/games
SHELL=/bin/bash
DISPLAY=:0
LANG=es_ES.UTF-8

Signal Handlers:
SIGSEGV: [libjvm.so+0xe170c0], sa_mask[0]=11111111011111111101111111111110, sa_flags=SA_RESTART|SA_SIGINFO
SIGBUS: [libjvm.so+0xe170c0], sa_mask[0]=11111111011111111101111111111110, sa_flags=SA_RESTART|SA_SIGINFO
SIGFPE: [libjvm.so+0xe170c0], sa_mask[0]=11111111011111111101111111111110, sa_flags=SA_RESTART|SA_SIGINFO
SIGPIPE: [libjvm.so+0xb6c750], sa_mask[0]=11111111011111111101111111111110, sa_flags=SA_RESTART|SA_SIGINFO
SIGXFSZ: [libjvm.so+0xb6c750], sa_mask[0]=11111111011111111101111111111110, sa_flags=SA_RESTART|SA_SIGINFO
SIGILL: [libjvm.so+0xe170c0], sa_mask[0]=11111111011111111101111111111110, sa_flags=SA_RESTART|SA_SIGINFO
SIGUSR2: [libjvm.so+0xb6c5e0], sa_mask[0]=00000000000000000000000000000000, sa_flags=SA_RESTART|SA_SIGINFO
SIGHUP: [libjvm.so+0xb6ca90], sa_mask[0]=11111111011111111101111111111110, sa_flags=SA_RESTART|SA_SIGINFO
SIGINT: [libjvm.so+0xb6ca90], sa_mask[0]=11111111011111111101111111111110, sa_flags=SA_RESTART|SA_SIGINFO
SIGTERM: [libjvm.so+0xb6ca90], sa_mask[0]=11111111011111111101111111111110, sa_flags=SA_RESTART|SA_SIGINFO
SIGQUIT: [libjvm.so+0xb6ca90], sa_mask[0]=11111111011111111101111111111110, sa_flags=SA_RESTART|SA_SIGINFO


---------------  S Y S T E M  ---------------

OS:PRETTY_NAME="Debian GNU/Linux 10 (buster)"
NAME="Debian GNU/Linux"
VERSION_ID="10"
VERSION="10 (buster)"
VERSION_CODENAME=buster
ID=debian
HOME_URL="https://www.debian.org/"
SUPPORT_URL="https://www.debian.org/support"
BUG_REPORT_URL="https://bugs.debian.org/"
uname:Linux 4.19.0-16-amd64 #1 SMP Debian 4.19.181-1 (2021-03-19) x86_64
OS uptime: 0 days 4:14 hours
libc:glibc 2.28 NPTL 2.28 
rlimit (soft/hard): STACK 8192k/infinity , CORE 0k/infinity , NPROC 63525/63525 , NOFILE 1048576/1048576 , AS infinity/infinity , CPU infinity/infinity , DATA infinity/infinity , FSIZE infinity/infinity , MEMLOCK 65536k/65536k
load average:1,09 1,86 2,08

/proc/meminfo:
MemTotal:       16317872 kB
MemFree:         9467908 kB
MemAvailable:   11978944 kB
Buffers:          212484 kB
Cached:          2626580 kB
SwapCached:            0 kB
Active:          4777068 kB
Inactive:        1527248 kB
Active(anon):    3490944 kB
Inactive(anon):   142880 kB
Active(file):    1286124 kB
Inactive(file):  1384368 kB
Unevictable:          64 kB
Mlocked:              64 kB
SwapTotal:      10239996 kB
SwapFree:       10239996 kB
Dirty:              1568 kB
Writeback:             0 kB
AnonPages:       3380800 kB
Mapped:           645756 kB
Shmem:            169924 kB
Slab:             316804 kB
SReclaimable:     176524 kB
SUnreclaim:       140280 kB
KernelStack:       16548 kB
PageTables:        42572 kB
NFS_Unstable:          0 kB
Bounce:                0 kB
WritebackTmp:          0 kB
CommitLimit:    18398932 kB
Committed_AS:   13677488 kB
VmallocTotal:   34359738367 kB
VmallocUsed:           0 kB
VmallocChunk:          0 kB
Percpu:             3552 kB
HardwareCorrupted:     0 kB
AnonHugePages:   1337344 kB
ShmemHugePages:        0 kB
ShmemPmdMapped:        0 kB
HugePages_Total:       0
HugePages_Free:        0
HugePages_Rsvd:        0
HugePages_Surp:        0
Hugepagesize:       2048 kB
Hugetlb:               0 kB
DirectMap4k:      458344 kB
DirectMap2M:    13066240 kB
DirectMap1G:     3145728 kB

/sys/kernel/mm/transparent_hugepage/enabled:
[always] madvise never
/sys/kernel/mm/transparent_hugepage/defrag (defrag/compaction efforts parameter):
always defer defer+madvise [madvise] never

/proc/sys/kernel/threads-max (system-wide limit on the number of threads):
127051
/proc/sys/vm/max_map_count (maximum number of memory map areas a process may have):
65530
/proc/sys/kernel/pid_max (system-wide limit on number of process identifiers):
32768

container (cgroup) information:
container_type: cgroupv1
cpu_cpuset_cpus: 0-7
cpu_memory_nodes: 0
active_processor_count: 8
cpu_quota: -1
cpu_period: 100000
cpu_shares: -1
memory_limit_in_bytes: -1
memory_and_swap_limit_in_bytes: -2
memory_soft_limit_in_bytes: -1
memory_usage_in_bytes: 1383469056
memory_max_usage_in_bytes: 1742241792

Steal ticks since vm start: 0
Steal ticks percentage since vm start:  0,000

CPU:total 8 (initial active 8) (4 cores per cpu, 2 threads per core) family 6 model 158 stepping 9, cmov, cx8, fxsr, mmx, sse, sse2, sse3, ssse3, sse4.1, sse4.2, popcnt, avx, avx2, aes, clmul, erms, rtm, 3dnowpref, lzcnt, ht, tsc, tscinvbit, bmi1, bmi2, adx, fma
CPU Model and flags from /proc/cpuinfo:
model name	: Intel(R) Core(TM) i7-7700 CPU @ 3.60GHz
flags		: fpu vme de pse tsc msr pae mce cx8 apic sep mtrr pge mca cmov pat pse36 clflush dts acpi mmx fxsr sse sse2 ss ht tm pbe syscall nx pdpe1gb rdtscp lm constant_tsc art arch_perfmon pebs bts rep_good nopl xtopology nonstop_tsc cpuid aperfmperf tsc_known_freq pni pclmulqdq dtes64 monitor ds_cpl vmx smx est tm2 ssse3 sdbg fma cx16 xtpr pdcm pcid sse4_1 sse4_2 x2apic movbe popcnt tsc_deadline_timer aes xsave avx f16c rdrand lahf_lm abm 3dnowprefetch cpuid_fault epb invpcid_single pti ssbd ibrs ibpb stibp tpr_shadow vnmi flexpriority ept vpid ept_ad fsgsbase tsc_adjust bmi1 hle avx2 smep bmi2 erms invpcid rtm mpx rdseed adx smap clflushopt intel_pt xsaveopt xsavec xgetbv1 xsaves dtherm ida arat pln pts hwp hwp_notify hwp_act_window hwp_epp md_clear flush_l1d
Online cpus:
0-7
Offline cpus:

BIOS frequency limitation:
<Not Available>
Frequency switch latency (ns):
0
Available cpu frequencies:
<Not Available>
Current governor:
powersave
Core performance/turbo boost:
<Not Available>

Memory: 4k page, physical 16317872k(9467908k free), swap 10239996k(10239996k free)

vm_info: OpenJDK 64-Bit Server VM (11.0.9.1+1-post-Debian-1deb10u2) for linux-amd64 JRE (11.0.9.1+1-post-Debian-1deb10u2), built on Nov 28 2020 17:42:37 by "unknown" with gcc 8.3.0

END.
