#
# A fatal error has been detected by the Java Runtime Environment:
#
#  SIGSEGV (0xb) at pc=0x00007fd2fd05a780, pid=3184, tid=3231
#
# JRE version: OpenJDK Runtime Environment (11.0.9.1+1) (build 11.0.9.1+1-post-Debian-1deb10u2)
# Java VM: OpenJDK 64-Bit Server VM (11.0.9.1+1-post-Debian-1deb10u2, mixed mode, sharing, tiered, compressed oops, g1 gc, linux-amd64)
# Problematic frame:
# V  [libjvm.so+0x54b780]
#
# No core dump will be written. Core dumps have been disabled. To enable core dumping, try "ulimit -c unlimited" before starting Java again
#
# If you would like to submit a bug report, please visit:
#   https://bugs.debian.org/openjdk-11
#

---------------  S U M M A R Y ------------

Command Line: -Dclassworlds.conf=/usr/share/maven/bin/m2.conf -Dmaven.home=/usr/share/maven -Dlibrary.jansi.path=/usr/share/maven/lib/jansi-native -Dmaven.multiModuleProjectDirectory=/home/dramos/TFM/git/hdt-jni/hdt-java-cli org.codehaus.plexus.classworlds.launcher.Launcher exec:java -Dexec.mainClass=org.rdfhdt.hdt.tools.RDF2HDT -Dexec.args=../hdt-java-core/data/test.nt ../hdt-java-core/data/test.hdt

Host: Intel(R) Core(TM) i7-7700 CPU @ 3.60GHz, 8 cores, 15G, Debian GNU/Linux 10 (buster)
Time: Wed Apr 28 12:46:01 2021 CEST elapsed time: 1.588989 seconds (0d 0h 0m 1s)

---------------  T H R E A D  ---------------

Current thread (0x00007fd2f8e63800):  JavaThread "org.rdfhdt.hdt.tools.RDF2HDT.main()" [_thread_in_vm, id=3231, stack(0x00007fd2c1c04000,0x00007fd2c1d05000)]

Stack: [0x00007fd2c1c04000,0x00007fd2c1d05000],  sp=0x00007fd2c1d03068,  free space=1020k
Native frames: (J=compiled Java code, A=aot compiled Java code, j=interpreted, Vv=VM code, C=native code)
V  [libjvm.so+0x54b780]

Java frames: (J=compiled Java code, j=interpreted, Vv=VM code)
j  org.rdfhdt.hdt.dictionary.impl.section.JNIDictionarySection._createJNIDictionary([BI)V+0
j  org.rdfhdt.hdt.dictionary.impl.section.JNIDictionarySection.load(Ljava/util/Iterator;JLorg/rdfhdt/hdt/listener/ProgressListener;)V+157
j  org.rdfhdt.hdt.dictionary.impl.section.JNIDictionarySection.load(Lorg/rdfhdt/hdt/dictionary/TempDictionarySection;Lorg/rdfhdt/hdt/listener/ProgressListener;)V+49
j  org.rdfhdt.hdt.dictionary.impl.JNIDictionary.load(Lorg/rdfhdt/hdt/dictionary/TempDictionary;Lorg/rdfhdt/hdt/listener/ProgressListener;)V+40
j  org.rdfhdt.hdt.hdt.impl.HDTImpl.loadFromModifiableHDT(Lorg/rdfhdt/hdt/hdt/TempHDT;Lorg/rdfhdt/hdt/listener/ProgressListener;)V+104
j  org.rdfhdt.hdt.hdt.HDTManagerImpl.doGenerateHDT(Ljava/lang/String;Ljava/lang/String;Lorg/rdfhdt/hdt/enums/RDFNotation;Lorg/rdfhdt/hdt/options/HDTOptions;Lorg/rdfhdt/hdt/listener/ProgressListener;)Lorg/rdfhdt/hdt/hdt/HDT;+99
j  org.rdfhdt.hdt.hdt.HDTManager.generateHDT(Ljava/lang/String;Ljava/lang/String;Lorg/rdfhdt/hdt/enums/RDFNotation;Lorg/rdfhdt/hdt/options/HDTOptions;Lorg/rdfhdt/hdt/listener/ProgressListener;)Lorg/rdfhdt/hdt/hdt/HDT;+9
j  org.rdfhdt.hdt.tools.RDF2HDT.execute()V+187
j  org.rdfhdt.hdt.tools.RDF2HDT.main([Ljava/lang/String;)V+184
j  java.lang.invoke.LambdaForm$DMH.invokeStaticInit(Ljava/lang/Object;Ljava/lang/Object;)V+10 java.base@11.0.9.1
j  java.lang.invoke.LambdaForm$MH.invoke_MT(Ljava/lang/Object;Ljava/lang/Object;Ljava/lang/Object;)V+18 java.base@11.0.9.1
j  org.codehaus.mojo.exec.ExecJavaMojo$1.run()V+85
j  java.lang.Thread.run()V+11 java.base@11.0.9.1
v  ~StubRoutines::call_stub

siginfo: si_signo: 11 (SIGSEGV), si_code: 1 (SEGV_MAPERR), si_addr: 0x0000000000000000

Register to memory mapping:

RAX=0x0 is NULL
RBX=0x0 is NULL
RCX=0x0000000000006261 is an unknown value
RDX=0x00007fd2fcfb19a0: <offset 0x00000000004a29a0> in /usr/lib/jvm/java-11-openjdk-amd64/lib/server/libjvm.so at 0x00007fd2fcb0f000
RSP=0x00007fd2c1d03068 is pointing into the stack for thread: 0x00007fd2f8e63800
RBP=0x00007fd2c1d030f0 is pointing into the stack for thread: 0x00007fd2f8e63800
RSI=0x0 is NULL
RDI=0x0 is NULL
R8 =0x0 is NULL
R9 =0x00007fd270173170 points into unknown readable memory: 30 02 00 00 00 00 00 00
R10=0x00007fd2700008d0 points into unknown readable memory: 00 00 00 00 01 00 01 00
R11=0x0000000000000020 is an unknown value
R12=0x0 is NULL
R13=0x00007fd270172e40 points into unknown readable memory: 61 62 00 70 d2 7f 00 00
R14=0x00007fd2fcb0be40: _ZSt4cout+0x0000000000000000 in /lib/x86_64-linux-gnu/libstdc++.so.6 at 0x00007fd2fc98b000
R15=0x00007fd2f8e63800 is a thread


Registers:
RAX=0x0000000000000000, RBX=0x0000000000000000, RCX=0x0000000000006261, RDX=0x00007fd2fcfb19a0
RSP=0x00007fd2c1d03068, RBP=0x00007fd2c1d030f0, RSI=0x0000000000000000, RDI=0x0000000000000000
R8 =0x0000000000000000, R9 =0x00007fd270173170, R10=0x00007fd2700008d0, R11=0x0000000000000020
R12=0x0000000000000000, R13=0x00007fd270172e40, R14=0x00007fd2fcb0be40, R15=0x00007fd2f8e63800
RIP=0x00007fd2fd05a780, EFLAGS=0x0000000000010246, CSGSFS=0x002b000000000033, ERR=0x0000000000000004
  TRAPNO=0x000000000000000e

Top of Stack: (sp=0x00007fd2c1d03068)
0x00007fd2c1d03068:   00007fd2fd3a94d1 000000770000007c
0x00007fd2c1d03078:   0000000000000000 00007fd2f8e63800
0x00007fd2c1d03088:   00007fd2f8e63800 0000000000000003
0x00007fd2c1d03098:   0000000000000000 ffffffffffffffb0 

Instructions: (pc=0x00007fd2fd05a780)
0x00007fd2fd05a680:   04 00 00 48 85 c0 0f 84 f7 fe ff ff 41 80 bf 80
0x00007fd2fd05a690:   04 00 00 00 0f 85 e9 fe ff ff 41 c6 87 80 04 00
0x00007fd2fd05a6a0:   00 01 49 8d bf 58 04 00 00 4c 89 fe e8 6f 68 27
0x00007fd2fd05a6b0:   00 41 c6 87 80 04 00 00 00 e9 c5 fe ff ff 66 90
0x00007fd2fd05a6c0:   4c 89 ff e8 48 e9 6d 00 e9 b6 fe ff ff 0f 1f 00
0x00007fd2fd05a6d0:   4c 89 45 c8 4c 89 ff ff d0 4c 8b 45 c8 84 c0 0f
0x00007fd2fd05a6e0:   84 ae fd ff ff e9 0a ff ff ff 66 0f 1f 44 00 00
0x00007fd2fd05a6f0:   4c 89 ff e8 18 e9 6d 00 eb 82 66 0f 1f 44 00 00
0x00007fd2fd05a700:   55 66 0f ef c0 48 89 e5 48 83 ec 30 48 8d 05 ad
0x00007fd2fd05a710:   69 ca 00 0f 29 45 d0 80 b8 e1 1d 00 00 00 c6 45
0x00007fd2fd05a720:   e0 00 74 29 48 8b 47 78 c6 45 e0 01 48 85 c0 74
0x00007fd2fd05a730:   1f 8b 40 08 89 45 f0 48 89 75 e8 e8 30 59 87 00
0x00007fd2fd05a740:   48 8d 7d d0 48 89 45 d0 e8 43 0a 00 00 c9 c3 90
0x00007fd2fd05a750:   31 c0 eb e0 66 2e 0f 1f 84 00 00 00 00 00 66 90
0x00007fd2fd05a760:   48 8b 07 c3 66 2e 0f 1f 84 00 00 00 00 00 66 90
0x00007fd2fd05a770:   48 8b 07 c3 66 2e 0f 1f 84 00 00 00 00 00 66 90
0x00007fd2fd05a780:   48 8b 07 c3 66 2e 0f 1f 84 00 00 00 00 00 66 90
0x00007fd2fd05a790:   48 8b 07 c3 66 2e 0f 1f 84 00 00 00 00 00 66 90
0x00007fd2fd05a7a0:   48 8b 07 c3 66 2e 0f 1f 84 00 00 00 00 00 66 90
0x00007fd2fd05a7b0:   48 8b 07 c3 66 2e 0f 1f 84 00 00 00 00 00 66 90
0x00007fd2fd05a7c0:   48 8b 07 c3 66 2e 0f 1f 84 00 00 00 00 00 66 90
0x00007fd2fd05a7d0:   48 8b 07 c3 66 2e 0f 1f 84 00 00 00 00 00 66 90
0x00007fd2fd05a7e0:   48 8b 07 c3 66 2e 0f 1f 84 00 00 00 00 00 66 90
0x00007fd2fd05a7f0:   48 8b 07 c3 66 2e 0f 1f 84 00 00 00 00 00 66 90
0x00007fd2fd05a800:   55 48 89 e5 53 48 89 fb 48 83 ec 08 48 8d 05 1d
0x00007fd2fd05a810:   86 c9 00 48 8d 15 eb 49 ca 00 48 8b 00 80 3a 00
0x00007fd2fd05a820:   8b 40 10 74 1b 83 f8 05 0f 87 e2 00 00 00 48 8d
0x00007fd2fd05a830:   15 f3 0b 96 00 48 63 04 82 48 01 d0 ff e0 66 90
0x00007fd2fd05a840:   83 f8 05 0f 87 c7 00 00 00 48 8d 15 f0 0b 96 00
0x00007fd2fd05a850:   48 63 04 82 48 01 d0 ff e0 0f 1f 80 00 00 00 00
0x00007fd2fd05a860:   48 8d 05 29 ff ff ff 48 89 05 b2 b0 c5 00 48 83
0x00007fd2fd05a870:   c4 08 48 89 df 5b 5d ff e0 0f 1f 80 00 00 00 00 


Stack slot to memory mapping:
stack at sp + 0 slots: 0x00007fd2fd3a94d1: <offset 0x000000000089a4d1> in /usr/lib/jvm/java-11-openjdk-amd64/lib/server/libjvm.so at 0x00007fd2fcb0f000
stack at sp + 1 slots: 0x000000770000007c is an unknown value
stack at sp + 2 slots: 0x0 is NULL
stack at sp + 3 slots: 0x00007fd2f8e63800 is a thread
stack at sp + 4 slots: 0x00007fd2f8e63800 is a thread
stack at sp + 5 slots: 0x0000000000000003 is an unknown value
stack at sp + 6 slots: 0x0 is NULL
stack at sp + 7 slots: 0xffffffffffffffb0 is an unknown value


---------------  P R O C E S S  ---------------

Threads class SMR info:
_java_thread_list=0x00007fd2f8e5d040, length=12, elements={
0x00007fd2f8016800, 0x00007fd2f81cf000, 0x00007fd2f81d9000, 0x00007fd2f81de800,
0x00007fd2f81e1000, 0x00007fd2f81e3000, 0x00007fd2f81e5000, 0x00007fd2f823c800,
0x00007fd2f8242000, 0x00007fd2a0299800, 0x00007fd2a01af800, 0x00007fd2f8e63800
}

Java Threads: ( => current thread )
  0x00007fd2f8016800 JavaThread "main" [_thread_blocked, id=3208, stack(0x00007fd2fc6ed000,0x00007fd2fc7ee000)]
  0x00007fd2f81cf000 JavaThread "Reference Handler" daemon [_thread_blocked, id=3215, stack(0x00007fd2c36ff000,0x00007fd2c3800000)]
  0x00007fd2f81d9000 JavaThread "Finalizer" daemon [_thread_blocked, id=3216, stack(0x00007fd2c35fe000,0x00007fd2c36ff000)]
  0x00007fd2f81de800 JavaThread "Signal Dispatcher" daemon [_thread_blocked, id=3217, stack(0x00007fd2c3218000,0x00007fd2c3319000)]
  0x00007fd2f81e1000 JavaThread "C2 CompilerThread0" daemon [_thread_in_native, id=3218, stack(0x00007fd2c3117000,0x00007fd2c3218000)]
  0x00007fd2f81e3000 JavaThread "C1 CompilerThread0" daemon [_thread_blocked, id=3219, stack(0x00007fd2c3016000,0x00007fd2c3117000)]
  0x00007fd2f81e5000 JavaThread "Sweeper thread" daemon [_thread_blocked, id=3220, stack(0x00007fd2c2f15000,0x00007fd2c3016000)]
  0x00007fd2f823c800 JavaThread "Service Thread" daemon [_thread_blocked, id=3221, stack(0x00007fd2c2e14000,0x00007fd2c2f15000)]
  0x00007fd2f8242000 JavaThread "Common-Cleaner" daemon [_thread_blocked, id=3223, stack(0x00007fd2c2c11000,0x00007fd2c2d12000)]
  0x00007fd2a0299800 JavaThread "C2 CompilerThread1" daemon [_thread_blocked, id=3224, stack(0x00007fd2c2b10000,0x00007fd2c2c11000)]
  0x00007fd2a01af800 JavaThread "C2 CompilerThread2" daemon [_thread_blocked, id=3225, stack(0x00007fd2c2a0f000,0x00007fd2c2b10000)]
=>0x00007fd2f8e63800 JavaThread "org.rdfhdt.hdt.tools.RDF2HDT.main()" [_thread_in_vm, id=3231, stack(0x00007fd2c1c04000,0x00007fd2c1d05000)]

Other Threads:
  0x00007fd2f81cc800 VMThread "VM Thread" [stack: 0x00007fd2d009b000,0x00007fd2d019b000] [id=3214]
  0x00007fd2f823f000 WatcherThread [stack: 0x00007fd2c2d14000,0x00007fd2c2e14000] [id=3222]
  0x00007fd2f802e800 GCTaskThread "GC Thread#0" [stack: 0x00007fd2fc3a2000,0x00007fd2fc4a2000] [id=3209]
  0x00007fd2b8001000 GCTaskThread "GC Thread#1" [stack: 0x00007fd2c290f000,0x00007fd2c2a0f000] [id=3226]
  0x00007fd2b8002800 GCTaskThread "GC Thread#2" [stack: 0x00007fd2c280d000,0x00007fd2c290d000] [id=3227]
  0x00007fd2b8004000 GCTaskThread "GC Thread#3" [stack: 0x00007fd2c270b000,0x00007fd2c280b000] [id=3228]
  0x00007fd2b8005800 GCTaskThread "GC Thread#4" [stack: 0x00007fd2c2609000,0x00007fd2c2709000] [id=3229]
  0x00007fd2b8007800 GCTaskThread "GC Thread#5" [stack: 0x00007fd2c2507000,0x00007fd2c2607000] [id=3230]
  0x00007fd2f808d000 ConcurrentGCThread "G1 Main Marker" [stack: 0x00007fd2e0193000,0x00007fd2e0293000] [id=3210]
  0x00007fd2f808e800 ConcurrentGCThread "G1 Conc#0" [stack: 0x00007fd2e0091000,0x00007fd2e0191000] [id=3211]
  0x00007fd2f818e800 ConcurrentGCThread "G1 Refine#0" [stack: 0x00007fd2d0320000,0x00007fd2d0420000] [id=3212]
  0x00007fd2f8190800 ConcurrentGCThread "G1 Young RemSet Sampling" [stack: 0x00007fd2d021e000,0x00007fd2d031e000] [id=3213]

Threads with active compile tasks:
C2 CompilerThread0   1592 3394       4       org.eclipse.sisu.plexus.RealmFilteredBeans$FilteredItr::hasNext (85 bytes)

VM state:not at safepoint (normal execution)

VM Mutex/Monitor currently owned by a thread: None

Heap address: 0x0000000707000000, size: 3984 MB, Compressed Oops mode: Zero based, Oop shift amount: 3
Narrow klass base: 0x0000000800000000, Narrow klass shift: 3
Compressed class space size: 1073741824 Address: 0x0000000840000000

Heap:
 garbage-first heap   total 258048K, used 21618K [0x0000000707000000, 0x0000000800000000)
  region size 1024K, 22 young (22528K), 11 survivors (11264K)
 Metaspace       used 16785K, capacity 18075K, committed 18304K, reserved 1064960K
  class space    used 1926K, capacity 2163K, committed 2176K, reserved 1048576K
Heap Regions: E=young(eden), S=young(survivor), O=old, HS=humongous(starts), HC=humongous(continues), CS=collection set, F=free, A=archive, TAMS=top-at-mark-start (previous, next)
|   0|0x0000000707000000, 0x0000000707008600, 0x0000000707100000|  3%| O|  |TAMS 0x0000000707000000, 0x0000000707000000| Untracked 
|   1|0x0000000707100000, 0x0000000707100000, 0x0000000707200000|  0%| F|  |TAMS 0x0000000707100000, 0x0000000707100000| Untracked 
|   2|0x0000000707200000, 0x0000000707200000, 0x0000000707300000|  0%| F|  |TAMS 0x0000000707200000, 0x0000000707200000| Untracked 
|   3|0x0000000707300000, 0x0000000707300000, 0x0000000707400000|  0%| F|  |TAMS 0x0000000707300000, 0x0000000707300000| Untracked 
|   4|0x0000000707400000, 0x0000000707400000, 0x0000000707500000|  0%| F|  |TAMS 0x0000000707400000, 0x0000000707400000| Untracked 
|   5|0x0000000707500000, 0x0000000707500000, 0x0000000707600000|  0%| F|  |TAMS 0x0000000707500000, 0x0000000707500000| Untracked 
|   6|0x0000000707600000, 0x0000000707600000, 0x0000000707700000|  0%| F|  |TAMS 0x0000000707600000, 0x0000000707600000| Untracked 
|   7|0x0000000707700000, 0x0000000707700000, 0x0000000707800000|  0%| F|  |TAMS 0x0000000707700000, 0x0000000707700000| Untracked 
|   8|0x0000000707800000, 0x0000000707800000, 0x0000000707900000|  0%| F|  |TAMS 0x0000000707800000, 0x0000000707800000| Untracked 
|   9|0x0000000707900000, 0x0000000707900000, 0x0000000707a00000|  0%| F|  |TAMS 0x0000000707900000, 0x0000000707900000| Untracked 
|  10|0x0000000707a00000, 0x0000000707a00000, 0x0000000707b00000|  0%| F|  |TAMS 0x0000000707a00000, 0x0000000707a00000| Untracked 
|  11|0x0000000707b00000, 0x0000000707b00000, 0x0000000707c00000|  0%| F|  |TAMS 0x0000000707b00000, 0x0000000707b00000| Untracked 
|  12|0x0000000707c00000, 0x0000000707c00000, 0x0000000707d00000|  0%| F|  |TAMS 0x0000000707c00000, 0x0000000707c00000| Untracked 
|  13|0x0000000707d00000, 0x0000000707d00000, 0x0000000707e00000|  0%| F|  |TAMS 0x0000000707d00000, 0x0000000707d00000| Untracked 
|  14|0x0000000707e00000, 0x0000000707e00000, 0x0000000707f00000|  0%| F|  |TAMS 0x0000000707e00000, 0x0000000707e00000| Untracked 
|  15|0x0000000707f00000, 0x0000000707f00000, 0x0000000708000000|  0%| F|  |TAMS 0x0000000707f00000, 0x0000000707f00000| Untracked 
|  16|0x0000000708000000, 0x0000000708000000, 0x0000000708100000|  0%| F|  |TAMS 0x0000000708000000, 0x0000000708000000| Untracked 
|  17|0x0000000708100000, 0x0000000708100000, 0x0000000708200000|  0%| F|  |TAMS 0x0000000708100000, 0x0000000708100000| Untracked 
|  18|0x0000000708200000, 0x0000000708200000, 0x0000000708300000|  0%| F|  |TAMS 0x0000000708200000, 0x0000000708200000| Untracked 
|  19|0x0000000708300000, 0x0000000708300000, 0x0000000708400000|  0%| F|  |TAMS 0x0000000708300000, 0x0000000708300000| Untracked 
|  20|0x0000000708400000, 0x0000000708400000, 0x0000000708500000|  0%| F|  |TAMS 0x0000000708400000, 0x0000000708400000| Untracked 
|  21|0x0000000708500000, 0x0000000708500000, 0x0000000708600000|  0%| F|  |TAMS 0x0000000708500000, 0x0000000708500000| Untracked 
|  22|0x0000000708600000, 0x0000000708600000, 0x0000000708700000|  0%| F|  |TAMS 0x0000000708600000, 0x0000000708600000| Untracked 
|  23|0x0000000708700000, 0x0000000708700000, 0x0000000708800000|  0%| F|  |TAMS 0x0000000708700000, 0x0000000708700000| Untracked 
|  24|0x0000000708800000, 0x0000000708800000, 0x0000000708900000|  0%| F|  |TAMS 0x0000000708800000, 0x0000000708800000| Untracked 
|  25|0x0000000708900000, 0x0000000708900000, 0x0000000708a00000|  0%| F|  |TAMS 0x0000000708900000, 0x0000000708900000| Untracked 
|  26|0x0000000708a00000, 0x0000000708a00000, 0x0000000708b00000|  0%| F|  |TAMS 0x0000000708a00000, 0x0000000708a00000| Untracked 
|  27|0x0000000708b00000, 0x0000000708b00000, 0x0000000708c00000|  0%| F|  |TAMS 0x0000000708b00000, 0x0000000708b00000| Untracked 
|  28|0x0000000708c00000, 0x0000000708c00000, 0x0000000708d00000|  0%| F|  |TAMS 0x0000000708c00000, 0x0000000708c00000| Untracked 
|  29|0x0000000708d00000, 0x0000000708d00000, 0x0000000708e00000|  0%| F|  |TAMS 0x0000000708d00000, 0x0000000708d00000| Untracked 
|  30|0x0000000708e00000, 0x0000000708e00000, 0x0000000708f00000|  0%| F|  |TAMS 0x0000000708e00000, 0x0000000708e00000| Untracked 
|  31|0x0000000708f00000, 0x0000000708f00000, 0x0000000709000000|  0%| F|  |TAMS 0x0000000708f00000, 0x0000000708f00000| Untracked 
|  32|0x0000000709000000, 0x0000000709000000, 0x0000000709100000|  0%| F|  |TAMS 0x0000000709000000, 0x0000000709000000| Untracked 
|  33|0x0000000709100000, 0x0000000709100000, 0x0000000709200000|  0%| F|  |TAMS 0x0000000709100000, 0x0000000709100000| Untracked 
|  34|0x0000000709200000, 0x0000000709200000, 0x0000000709300000|  0%| F|  |TAMS 0x0000000709200000, 0x0000000709200000| Untracked 
|  35|0x0000000709300000, 0x0000000709300000, 0x0000000709400000|  0%| F|  |TAMS 0x0000000709300000, 0x0000000709300000| Untracked 
|  36|0x0000000709400000, 0x0000000709400000, 0x0000000709500000|  0%| F|  |TAMS 0x0000000709400000, 0x0000000709400000| Untracked 
|  37|0x0000000709500000, 0x0000000709500000, 0x0000000709600000|  0%| F|  |TAMS 0x0000000709500000, 0x0000000709500000| Untracked 
|  38|0x0000000709600000, 0x0000000709600000, 0x0000000709700000|  0%| F|  |TAMS 0x0000000709600000, 0x0000000709600000| Untracked 
|  39|0x0000000709700000, 0x0000000709700000, 0x0000000709800000|  0%| F|  |TAMS 0x0000000709700000, 0x0000000709700000| Untracked 
|  40|0x0000000709800000, 0x0000000709800000, 0x0000000709900000|  0%| F|  |TAMS 0x0000000709800000, 0x0000000709800000| Untracked 
|  41|0x0000000709900000, 0x0000000709900000, 0x0000000709a00000|  0%| F|  |TAMS 0x0000000709900000, 0x0000000709900000| Untracked 
|  42|0x0000000709a00000, 0x0000000709a00000, 0x0000000709b00000|  0%| F|  |TAMS 0x0000000709a00000, 0x0000000709a00000| Untracked 
|  43|0x0000000709b00000, 0x0000000709b00000, 0x0000000709c00000|  0%| F|  |TAMS 0x0000000709b00000, 0x0000000709b00000| Untracked 
|  44|0x0000000709c00000, 0x0000000709c00000, 0x0000000709d00000|  0%| F|  |TAMS 0x0000000709c00000, 0x0000000709c00000| Untracked 
|  45|0x0000000709d00000, 0x0000000709d00000, 0x0000000709e00000|  0%| F|  |TAMS 0x0000000709d00000, 0x0000000709d00000| Untracked 
|  46|0x0000000709e00000, 0x0000000709e00000, 0x0000000709f00000|  0%| F|  |TAMS 0x0000000709e00000, 0x0000000709e00000| Untracked 
|  47|0x0000000709f00000, 0x0000000709f00000, 0x000000070a000000|  0%| F|  |TAMS 0x0000000709f00000, 0x0000000709f00000| Untracked 
|  48|0x000000070a000000, 0x000000070a000000, 0x000000070a100000|  0%| F|  |TAMS 0x000000070a000000, 0x000000070a000000| Untracked 
|  49|0x000000070a100000, 0x000000070a100000, 0x000000070a200000|  0%| F|  |TAMS 0x000000070a100000, 0x000000070a100000| Untracked 
|  50|0x000000070a200000, 0x000000070a200000, 0x000000070a300000|  0%| F|  |TAMS 0x000000070a200000, 0x000000070a200000| Untracked 
|  51|0x000000070a300000, 0x000000070a300000, 0x000000070a400000|  0%| F|  |TAMS 0x000000070a300000, 0x000000070a300000| Untracked 
|  52|0x000000070a400000, 0x000000070a400000, 0x000000070a500000|  0%| F|  |TAMS 0x000000070a400000, 0x000000070a400000| Untracked 
|  53|0x000000070a500000, 0x000000070a500000, 0x000000070a600000|  0%| F|  |TAMS 0x000000070a500000, 0x000000070a500000| Untracked 
|  54|0x000000070a600000, 0x000000070a600000, 0x000000070a700000|  0%| F|  |TAMS 0x000000070a600000, 0x000000070a600000| Untracked 
|  55|0x000000070a700000, 0x000000070a700000, 0x000000070a800000|  0%| F|  |TAMS 0x000000070a700000, 0x000000070a700000| Untracked 
|  56|0x000000070a800000, 0x000000070a800000, 0x000000070a900000|  0%| F|  |TAMS 0x000000070a800000, 0x000000070a800000| Untracked 
|  57|0x000000070a900000, 0x000000070a900000, 0x000000070aa00000|  0%| F|  |TAMS 0x000000070a900000, 0x000000070a900000| Untracked 
|  58|0x000000070aa00000, 0x000000070aa00000, 0x000000070ab00000|  0%| F|  |TAMS 0x000000070aa00000, 0x000000070aa00000| Untracked 
|  59|0x000000070ab00000, 0x000000070ab00000, 0x000000070ac00000|  0%| F|  |TAMS 0x000000070ab00000, 0x000000070ab00000| Untracked 
|  60|0x000000070ac00000, 0x000000070ac00000, 0x000000070ad00000|  0%| F|  |TAMS 0x000000070ac00000, 0x000000070ac00000| Untracked 
|  61|0x000000070ad00000, 0x000000070ad00000, 0x000000070ae00000|  0%| F|  |TAMS 0x000000070ad00000, 0x000000070ad00000| Untracked 
|  62|0x000000070ae00000, 0x000000070ae00000, 0x000000070af00000|  0%| F|  |TAMS 0x000000070ae00000, 0x000000070ae00000| Untracked 
|  63|0x000000070af00000, 0x000000070af00000, 0x000000070b000000|  0%| F|  |TAMS 0x000000070af00000, 0x000000070af00000| Untracked 
|  64|0x000000070b000000, 0x000000070b000000, 0x000000070b100000|  0%| F|  |TAMS 0x000000070b000000, 0x000000070b000000| Untracked 
|  65|0x000000070b100000, 0x000000070b100000, 0x000000070b200000|  0%| F|  |TAMS 0x000000070b100000, 0x000000070b100000| Untracked 
|  66|0x000000070b200000, 0x000000070b200000, 0x000000070b300000|  0%| F|  |TAMS 0x000000070b200000, 0x000000070b200000| Untracked 
|  67|0x000000070b300000, 0x000000070b300000, 0x000000070b400000|  0%| F|  |TAMS 0x000000070b300000, 0x000000070b300000| Untracked 
|  68|0x000000070b400000, 0x000000070b400000, 0x000000070b500000|  0%| F|  |TAMS 0x000000070b400000, 0x000000070b400000| Untracked 
|  69|0x000000070b500000, 0x000000070b500000, 0x000000070b600000|  0%| F|  |TAMS 0x000000070b500000, 0x000000070b500000| Untracked 
|  70|0x000000070b600000, 0x000000070b600000, 0x000000070b700000|  0%| F|  |TAMS 0x000000070b600000, 0x000000070b600000| Untracked 
|  71|0x000000070b700000, 0x000000070b700000, 0x000000070b800000|  0%| F|  |TAMS 0x000000070b700000, 0x000000070b700000| Untracked 
|  72|0x000000070b800000, 0x000000070b800000, 0x000000070b900000|  0%| F|  |TAMS 0x000000070b800000, 0x000000070b800000| Untracked 
|  73|0x000000070b900000, 0x000000070b900000, 0x000000070ba00000|  0%| F|  |TAMS 0x000000070b900000, 0x000000070b900000| Untracked 
|  74|0x000000070ba00000, 0x000000070ba00000, 0x000000070bb00000|  0%| F|  |TAMS 0x000000070ba00000, 0x000000070ba00000| Untracked 
|  75|0x000000070bb00000, 0x000000070bb00000, 0x000000070bc00000|  0%| F|  |TAMS 0x000000070bb00000, 0x000000070bb00000| Untracked 
|  76|0x000000070bc00000, 0x000000070bc00000, 0x000000070bd00000|  0%| F|  |TAMS 0x000000070bc00000, 0x000000070bc00000| Untracked 
|  77|0x000000070bd00000, 0x000000070bd00000, 0x000000070be00000|  0%| F|  |TAMS 0x000000070bd00000, 0x000000070bd00000| Untracked 
|  78|0x000000070be00000, 0x000000070be00000, 0x000000070bf00000|  0%| F|  |TAMS 0x000000070be00000, 0x000000070be00000| Untracked 
|  79|0x000000070bf00000, 0x000000070bf00000, 0x000000070c000000|  0%| F|  |TAMS 0x000000070bf00000, 0x000000070bf00000| Untracked 
|  80|0x000000070c000000, 0x000000070c000000, 0x000000070c100000|  0%| F|  |TAMS 0x000000070c000000, 0x000000070c000000| Untracked 
|  81|0x000000070c100000, 0x000000070c100000, 0x000000070c200000|  0%| F|  |TAMS 0x000000070c100000, 0x000000070c100000| Untracked 
|  82|0x000000070c200000, 0x000000070c200000, 0x000000070c300000|  0%| F|  |TAMS 0x000000070c200000, 0x000000070c200000| Untracked 
|  83|0x000000070c300000, 0x000000070c300000, 0x000000070c400000|  0%| F|  |TAMS 0x000000070c300000, 0x000000070c300000| Untracked 
|  84|0x000000070c400000, 0x000000070c400000, 0x000000070c500000|  0%| F|  |TAMS 0x000000070c400000, 0x000000070c400000| Untracked 
|  85|0x000000070c500000, 0x000000070c500000, 0x000000070c600000|  0%| F|  |TAMS 0x000000070c500000, 0x000000070c500000| Untracked 
|  86|0x000000070c600000, 0x000000070c600000, 0x000000070c700000|  0%| F|  |TAMS 0x000000070c600000, 0x000000070c600000| Untracked 
|  87|0x000000070c700000, 0x000000070c700000, 0x000000070c800000|  0%| F|  |TAMS 0x000000070c700000, 0x000000070c700000| Untracked 
|  88|0x000000070c800000, 0x000000070c800000, 0x000000070c900000|  0%| F|  |TAMS 0x000000070c800000, 0x000000070c800000| Untracked 
|  89|0x000000070c900000, 0x000000070c962428, 0x000000070ca00000| 38%| S|CS|TAMS 0x000000070c900000, 0x000000070c900000| Complete 
|  90|0x000000070ca00000, 0x000000070cb00000, 0x000000070cb00000|100%| S|CS|TAMS 0x000000070ca00000, 0x000000070ca00000| Complete 
|  91|0x000000070cb00000, 0x000000070cc00000, 0x000000070cc00000|100%| S|CS|TAMS 0x000000070cb00000, 0x000000070cb00000| Complete 
|  92|0x000000070cc00000, 0x000000070cd00000, 0x000000070cd00000|100%| S|CS|TAMS 0x000000070cc00000, 0x000000070cc00000| Complete 
|  93|0x000000070cd00000, 0x000000070ce00000, 0x000000070ce00000|100%| S|CS|TAMS 0x000000070cd00000, 0x000000070cd00000| Complete 
|  94|0x000000070ce00000, 0x000000070cf00000, 0x000000070cf00000|100%| S|CS|TAMS 0x000000070ce00000, 0x000000070ce00000| Complete 
|  95|0x000000070cf00000, 0x000000070d000000, 0x000000070d000000|100%| S|CS|TAMS 0x000000070cf00000, 0x000000070cf00000| Complete 
|  96|0x000000070d000000, 0x000000070d100000, 0x000000070d100000|100%| S|CS|TAMS 0x000000070d000000, 0x000000070d000000| Complete 
|  97|0x000000070d100000, 0x000000070d200000, 0x000000070d200000|100%| S|CS|TAMS 0x000000070d100000, 0x000000070d100000| Complete 
|  98|0x000000070d200000, 0x000000070d300000, 0x000000070d300000|100%| S|CS|TAMS 0x000000070d200000, 0x000000070d200000| Complete 
|  99|0x000000070d300000, 0x000000070d400000, 0x000000070d400000|100%| S|CS|TAMS 0x000000070d300000, 0x000000070d300000| Complete 
| 100|0x000000070d400000, 0x000000070d400000, 0x000000070d500000|  0%| F|  |TAMS 0x000000070d400000, 0x000000070d400000| Untracked 
| 101|0x000000070d500000, 0x000000070d500000, 0x000000070d600000|  0%| F|  |TAMS 0x000000070d500000, 0x000000070d500000| Untracked 
| 102|0x000000070d600000, 0x000000070d600000, 0x000000070d700000|  0%| F|  |TAMS 0x000000070d600000, 0x000000070d600000| Untracked 
| 103|0x000000070d700000, 0x000000070d700000, 0x000000070d800000|  0%| F|  |TAMS 0x000000070d700000, 0x000000070d700000| Untracked 
| 104|0x000000070d800000, 0x000000070d800000, 0x000000070d900000|  0%| F|  |TAMS 0x000000070d800000, 0x000000070d800000| Untracked 
| 105|0x000000070d900000, 0x000000070d900000, 0x000000070da00000|  0%| F|  |TAMS 0x000000070d900000, 0x000000070d900000| Untracked 
| 106|0x000000070da00000, 0x000000070da00000, 0x000000070db00000|  0%| F|  |TAMS 0x000000070da00000, 0x000000070da00000| Untracked 
| 107|0x000000070db00000, 0x000000070db00000, 0x000000070dc00000|  0%| F|  |TAMS 0x000000070db00000, 0x000000070db00000| Untracked 
| 108|0x000000070dc00000, 0x000000070dc00000, 0x000000070dd00000|  0%| F|  |TAMS 0x000000070dc00000, 0x000000070dc00000| Untracked 
| 109|0x000000070dd00000, 0x000000070dd00000, 0x000000070de00000|  0%| F|  |TAMS 0x000000070dd00000, 0x000000070dd00000| Untracked 
| 110|0x000000070de00000, 0x000000070de00000, 0x000000070df00000|  0%| F|  |TAMS 0x000000070de00000, 0x000000070de00000| Untracked 
| 111|0x000000070df00000, 0x000000070df00000, 0x000000070e000000|  0%| F|  |TAMS 0x000000070df00000, 0x000000070df00000| Untracked 
| 112|0x000000070e000000, 0x000000070e000000, 0x000000070e100000|  0%| F|  |TAMS 0x000000070e000000, 0x000000070e000000| Untracked 
| 113|0x000000070e100000, 0x000000070e100000, 0x000000070e200000|  0%| F|  |TAMS 0x000000070e100000, 0x000000070e100000| Untracked 
| 114|0x000000070e200000, 0x000000070e200000, 0x000000070e300000|  0%| F|  |TAMS 0x000000070e200000, 0x000000070e200000| Untracked 
| 115|0x000000070e300000, 0x000000070e300000, 0x000000070e400000|  0%| F|  |TAMS 0x000000070e300000, 0x000000070e300000| Untracked 
| 116|0x000000070e400000, 0x000000070e400000, 0x000000070e500000|  0%| F|  |TAMS 0x000000070e400000, 0x000000070e400000| Untracked 
| 117|0x000000070e500000, 0x000000070e500000, 0x000000070e600000|  0%| F|  |TAMS 0x000000070e500000, 0x000000070e500000| Untracked 
| 118|0x000000070e600000, 0x000000070e600000, 0x000000070e700000|  0%| F|  |TAMS 0x000000070e600000, 0x000000070e600000| Untracked 
| 119|0x000000070e700000, 0x000000070e700000, 0x000000070e800000|  0%| F|  |TAMS 0x000000070e700000, 0x000000070e700000| Untracked 
| 120|0x000000070e800000, 0x000000070e800000, 0x000000070e900000|  0%| F|  |TAMS 0x000000070e800000, 0x000000070e800000| Untracked 
| 121|0x000000070e900000, 0x000000070e900000, 0x000000070ea00000|  0%| F|  |TAMS 0x000000070e900000, 0x000000070e900000| Untracked 
| 122|0x000000070ea00000, 0x000000070ea00000, 0x000000070eb00000|  0%| F|  |TAMS 0x000000070ea00000, 0x000000070ea00000| Untracked 
| 123|0x000000070eb00000, 0x000000070eb00000, 0x000000070ec00000|  0%| F|  |TAMS 0x000000070eb00000, 0x000000070eb00000| Untracked 
| 124|0x000000070ec00000, 0x000000070ec00000, 0x000000070ed00000|  0%| F|  |TAMS 0x000000070ec00000, 0x000000070ec00000| Untracked 
| 125|0x000000070ed00000, 0x000000070ed00000, 0x000000070ee00000|  0%| F|  |TAMS 0x000000070ed00000, 0x000000070ed00000| Untracked 
| 126|0x000000070ee00000, 0x000000070ee00000, 0x000000070ef00000|  0%| F|  |TAMS 0x000000070ee00000, 0x000000070ee00000| Untracked 
| 127|0x000000070ef00000, 0x000000070ef00000, 0x000000070f000000|  0%| F|  |TAMS 0x000000070ef00000, 0x000000070ef00000| Untracked 
| 128|0x000000070f000000, 0x000000070f000000, 0x000000070f100000|  0%| F|  |TAMS 0x000000070f000000, 0x000000070f000000| Untracked 
| 129|0x000000070f100000, 0x000000070f100000, 0x000000070f200000|  0%| F|  |TAMS 0x000000070f100000, 0x000000070f100000| Untracked 
| 130|0x000000070f200000, 0x000000070f200000, 0x000000070f300000|  0%| F|  |TAMS 0x000000070f200000, 0x000000070f200000| Untracked 
| 131|0x000000070f300000, 0x000000070f300000, 0x000000070f400000|  0%| F|  |TAMS 0x000000070f300000, 0x000000070f300000| Untracked 
| 132|0x000000070f400000, 0x000000070f400000, 0x000000070f500000|  0%| F|  |TAMS 0x000000070f400000, 0x000000070f400000| Untracked 
| 133|0x000000070f500000, 0x000000070f500000, 0x000000070f600000|  0%| F|  |TAMS 0x000000070f500000, 0x000000070f500000| Untracked 
| 134|0x000000070f600000, 0x000000070f600000, 0x000000070f700000|  0%| F|  |TAMS 0x000000070f600000, 0x000000070f600000| Untracked 
| 135|0x000000070f700000, 0x000000070f700000, 0x000000070f800000|  0%| F|  |TAMS 0x000000070f700000, 0x000000070f700000| Untracked 
| 136|0x000000070f800000, 0x000000070f800000, 0x000000070f900000|  0%| F|  |TAMS 0x000000070f800000, 0x000000070f800000| Untracked 
| 137|0x000000070f900000, 0x000000070f900000, 0x000000070fa00000|  0%| F|  |TAMS 0x000000070f900000, 0x000000070f900000| Untracked 
| 138|0x000000070fa00000, 0x000000070fa00000, 0x000000070fb00000|  0%| F|  |TAMS 0x000000070fa00000, 0x000000070fa00000| Untracked 
| 139|0x000000070fb00000, 0x000000070fb00000, 0x000000070fc00000|  0%| F|  |TAMS 0x000000070fb00000, 0x000000070fb00000| Untracked 
| 140|0x000000070fc00000, 0x000000070fc00000, 0x000000070fd00000|  0%| F|  |TAMS 0x000000070fc00000, 0x000000070fc00000| Untracked 
| 141|0x000000070fd00000, 0x000000070fd00000, 0x000000070fe00000|  0%| F|  |TAMS 0x000000070fd00000, 0x000000070fd00000| Untracked 
| 142|0x000000070fe00000, 0x000000070fe00000, 0x000000070ff00000|  0%| F|  |TAMS 0x000000070fe00000, 0x000000070fe00000| Untracked 
| 143|0x000000070ff00000, 0x000000070ff00000, 0x0000000710000000|  0%| F|  |TAMS 0x000000070ff00000, 0x000000070ff00000| Untracked 
| 144|0x0000000710000000, 0x0000000710000000, 0x0000000710100000|  0%| F|  |TAMS 0x0000000710000000, 0x0000000710000000| Untracked 
| 145|0x0000000710100000, 0x0000000710100000, 0x0000000710200000|  0%| F|  |TAMS 0x0000000710100000, 0x0000000710100000| Untracked 
| 146|0x0000000710200000, 0x0000000710200000, 0x0000000710300000|  0%| F|  |TAMS 0x0000000710200000, 0x0000000710200000| Untracked 
| 147|0x0000000710300000, 0x0000000710300000, 0x0000000710400000|  0%| F|  |TAMS 0x0000000710300000, 0x0000000710300000| Untracked 
| 148|0x0000000710400000, 0x0000000710400000, 0x0000000710500000|  0%| F|  |TAMS 0x0000000710400000, 0x0000000710400000| Untracked 
| 149|0x0000000710500000, 0x0000000710500000, 0x0000000710600000|  0%| F|  |TAMS 0x0000000710500000, 0x0000000710500000| Untracked 
| 150|0x0000000710600000, 0x0000000710600000, 0x0000000710700000|  0%| F|  |TAMS 0x0000000710600000, 0x0000000710600000| Untracked 
| 151|0x0000000710700000, 0x0000000710700000, 0x0000000710800000|  0%| F|  |TAMS 0x0000000710700000, 0x0000000710700000| Untracked 
| 152|0x0000000710800000, 0x0000000710800000, 0x0000000710900000|  0%| F|  |TAMS 0x0000000710800000, 0x0000000710800000| Untracked 
| 153|0x0000000710900000, 0x0000000710900000, 0x0000000710a00000|  0%| F|  |TAMS 0x0000000710900000, 0x0000000710900000| Untracked 
| 154|0x0000000710a00000, 0x0000000710a00000, 0x0000000710b00000|  0%| F|  |TAMS 0x0000000710a00000, 0x0000000710a00000| Untracked 
| 155|0x0000000710b00000, 0x0000000710b00000, 0x0000000710c00000|  0%| F|  |TAMS 0x0000000710b00000, 0x0000000710b00000| Untracked 
| 156|0x0000000710c00000, 0x0000000710c00000, 0x0000000710d00000|  0%| F|  |TAMS 0x0000000710c00000, 0x0000000710c00000| Untracked 
| 157|0x0000000710d00000, 0x0000000710d00000, 0x0000000710e00000|  0%| F|  |TAMS 0x0000000710d00000, 0x0000000710d00000| Untracked 
| 158|0x0000000710e00000, 0x0000000710e00000, 0x0000000710f00000|  0%| F|  |TAMS 0x0000000710e00000, 0x0000000710e00000| Untracked 
| 159|0x0000000710f00000, 0x0000000710f00000, 0x0000000711000000|  0%| F|  |TAMS 0x0000000710f00000, 0x0000000710f00000| Untracked 
| 160|0x0000000711000000, 0x0000000711000000, 0x0000000711100000|  0%| F|  |TAMS 0x0000000711000000, 0x0000000711000000| Untracked 
| 161|0x0000000711100000, 0x0000000711100000, 0x0000000711200000|  0%| F|  |TAMS 0x0000000711100000, 0x0000000711100000| Untracked 
| 162|0x0000000711200000, 0x0000000711200000, 0x0000000711300000|  0%| F|  |TAMS 0x0000000711200000, 0x0000000711200000| Untracked 
| 163|0x0000000711300000, 0x0000000711300000, 0x0000000711400000|  0%| F|  |TAMS 0x0000000711300000, 0x0000000711300000| Untracked 
| 164|0x0000000711400000, 0x0000000711400000, 0x0000000711500000|  0%| F|  |TAMS 0x0000000711400000, 0x0000000711400000| Untracked 
| 165|0x0000000711500000, 0x0000000711500000, 0x0000000711600000|  0%| F|  |TAMS 0x0000000711500000, 0x0000000711500000| Untracked 
| 166|0x0000000711600000, 0x0000000711600000, 0x0000000711700000|  0%| F|  |TAMS 0x0000000711600000, 0x0000000711600000| Untracked 
| 167|0x0000000711700000, 0x0000000711700000, 0x0000000711800000|  0%| F|  |TAMS 0x0000000711700000, 0x0000000711700000| Untracked 
| 168|0x0000000711800000, 0x0000000711800000, 0x0000000711900000|  0%| F|  |TAMS 0x0000000711800000, 0x0000000711800000| Untracked 
| 169|0x0000000711900000, 0x0000000711900000, 0x0000000711a00000|  0%| F|  |TAMS 0x0000000711900000, 0x0000000711900000| Untracked 
| 170|0x0000000711a00000, 0x0000000711a00000, 0x0000000711b00000|  0%| F|  |TAMS 0x0000000711a00000, 0x0000000711a00000| Untracked 
| 171|0x0000000711b00000, 0x0000000711b00000, 0x0000000711c00000|  0%| F|  |TAMS 0x0000000711b00000, 0x0000000711b00000| Untracked 
| 172|0x0000000711c00000, 0x0000000711c00000, 0x0000000711d00000|  0%| F|  |TAMS 0x0000000711c00000, 0x0000000711c00000| Untracked 
| 173|0x0000000711d00000, 0x0000000711d00000, 0x0000000711e00000|  0%| F|  |TAMS 0x0000000711d00000, 0x0000000711d00000| Untracked 
| 174|0x0000000711e00000, 0x0000000711e00000, 0x0000000711f00000|  0%| F|  |TAMS 0x0000000711e00000, 0x0000000711e00000| Untracked 
| 175|0x0000000711f00000, 0x0000000711f00000, 0x0000000712000000|  0%| F|  |TAMS 0x0000000711f00000, 0x0000000711f00000| Untracked 
| 176|0x0000000712000000, 0x0000000712000000, 0x0000000712100000|  0%| F|  |TAMS 0x0000000712000000, 0x0000000712000000| Untracked 
| 177|0x0000000712100000, 0x0000000712100000, 0x0000000712200000|  0%| F|  |TAMS 0x0000000712100000, 0x0000000712100000| Untracked 
| 178|0x0000000712200000, 0x0000000712200000, 0x0000000712300000|  0%| F|  |TAMS 0x0000000712200000, 0x0000000712200000| Untracked 
| 179|0x0000000712300000, 0x0000000712300000, 0x0000000712400000|  0%| F|  |TAMS 0x0000000712300000, 0x0000000712300000| Untracked 
| 180|0x0000000712400000, 0x0000000712400000, 0x0000000712500000|  0%| F|  |TAMS 0x0000000712400000, 0x0000000712400000| Untracked 
| 181|0x0000000712500000, 0x0000000712500000, 0x0000000712600000|  0%| F|  |TAMS 0x0000000712500000, 0x0000000712500000| Untracked 
| 182|0x0000000712600000, 0x0000000712600000, 0x0000000712700000|  0%| F|  |TAMS 0x0000000712600000, 0x0000000712600000| Untracked 
| 183|0x0000000712700000, 0x0000000712700000, 0x0000000712800000|  0%| F|  |TAMS 0x0000000712700000, 0x0000000712700000| Untracked 
| 184|0x0000000712800000, 0x0000000712800000, 0x0000000712900000|  0%| F|  |TAMS 0x0000000712800000, 0x0000000712800000| Untracked 
| 185|0x0000000712900000, 0x0000000712900000, 0x0000000712a00000|  0%| F|  |TAMS 0x0000000712900000, 0x0000000712900000| Untracked 
| 186|0x0000000712a00000, 0x0000000712a00000, 0x0000000712b00000|  0%| F|  |TAMS 0x0000000712a00000, 0x0000000712a00000| Untracked 
| 187|0x0000000712b00000, 0x0000000712b00000, 0x0000000712c00000|  0%| F|  |TAMS 0x0000000712b00000, 0x0000000712b00000| Untracked 
| 188|0x0000000712c00000, 0x0000000712c00000, 0x0000000712d00000|  0%| F|  |TAMS 0x0000000712c00000, 0x0000000712c00000| Untracked 
| 189|0x0000000712d00000, 0x0000000712d00000, 0x0000000712e00000|  0%| F|  |TAMS 0x0000000712d00000, 0x0000000712d00000| Untracked 
| 190|0x0000000712e00000, 0x0000000712e00000, 0x0000000712f00000|  0%| F|  |TAMS 0x0000000712e00000, 0x0000000712e00000| Untracked 
| 191|0x0000000712f00000, 0x0000000712f00000, 0x0000000713000000|  0%| F|  |TAMS 0x0000000712f00000, 0x0000000712f00000| Untracked 
| 192|0x0000000713000000, 0x0000000713000000, 0x0000000713100000|  0%| F|  |TAMS 0x0000000713000000, 0x0000000713000000| Untracked 
| 193|0x0000000713100000, 0x0000000713100000, 0x0000000713200000|  0%| F|  |TAMS 0x0000000713100000, 0x0000000713100000| Untracked 
| 194|0x0000000713200000, 0x0000000713200000, 0x0000000713300000|  0%| F|  |TAMS 0x0000000713200000, 0x0000000713200000| Untracked 
| 195|0x0000000713300000, 0x0000000713300000, 0x0000000713400000|  0%| F|  |TAMS 0x0000000713300000, 0x0000000713300000| Untracked 
| 196|0x0000000713400000, 0x0000000713400000, 0x0000000713500000|  0%| F|  |TAMS 0x0000000713400000, 0x0000000713400000| Untracked 
| 197|0x0000000713500000, 0x0000000713500000, 0x0000000713600000|  0%| F|  |TAMS 0x0000000713500000, 0x0000000713500000| Untracked 
| 198|0x0000000713600000, 0x0000000713600000, 0x0000000713700000|  0%| F|  |TAMS 0x0000000713600000, 0x0000000713600000| Untracked 
| 199|0x0000000713700000, 0x0000000713700000, 0x0000000713800000|  0%| F|  |TAMS 0x0000000713700000, 0x0000000713700000| Untracked 
| 200|0x0000000713800000, 0x0000000713800000, 0x0000000713900000|  0%| F|  |TAMS 0x0000000713800000, 0x0000000713800000| Untracked 
| 201|0x0000000713900000, 0x0000000713900000, 0x0000000713a00000|  0%| F|  |TAMS 0x0000000713900000, 0x0000000713900000| Untracked 
| 202|0x0000000713a00000, 0x0000000713a00000, 0x0000000713b00000|  0%| F|  |TAMS 0x0000000713a00000, 0x0000000713a00000| Untracked 
| 203|0x0000000713b00000, 0x0000000713b00000, 0x0000000713c00000|  0%| F|  |TAMS 0x0000000713b00000, 0x0000000713b00000| Untracked 
| 204|0x0000000713c00000, 0x0000000713c00000, 0x0000000713d00000|  0%| F|  |TAMS 0x0000000713c00000, 0x0000000713c00000| Untracked 
| 205|0x0000000713d00000, 0x0000000713d00000, 0x0000000713e00000|  0%| F|  |TAMS 0x0000000713d00000, 0x0000000713d00000| Untracked 
| 206|0x0000000713e00000, 0x0000000713e00000, 0x0000000713f00000|  0%| F|  |TAMS 0x0000000713e00000, 0x0000000713e00000| Untracked 
| 207|0x0000000713f00000, 0x0000000713f00000, 0x0000000714000000|  0%| F|  |TAMS 0x0000000713f00000, 0x0000000713f00000| Untracked 
| 208|0x0000000714000000, 0x0000000714000000, 0x0000000714100000|  0%| F|  |TAMS 0x0000000714000000, 0x0000000714000000| Untracked 
| 209|0x0000000714100000, 0x0000000714100000, 0x0000000714200000|  0%| F|  |TAMS 0x0000000714100000, 0x0000000714100000| Untracked 
| 210|0x0000000714200000, 0x0000000714200000, 0x0000000714300000|  0%| F|  |TAMS 0x0000000714200000, 0x0000000714200000| Untracked 
| 211|0x0000000714300000, 0x0000000714300000, 0x0000000714400000|  0%| F|  |TAMS 0x0000000714300000, 0x0000000714300000| Untracked 
| 212|0x0000000714400000, 0x0000000714400000, 0x0000000714500000|  0%| F|  |TAMS 0x0000000714400000, 0x0000000714400000| Untracked 
| 213|0x0000000714500000, 0x0000000714500000, 0x0000000714600000|  0%| F|  |TAMS 0x0000000714500000, 0x0000000714500000| Untracked 
| 214|0x0000000714600000, 0x0000000714600000, 0x0000000714700000|  0%| F|  |TAMS 0x0000000714600000, 0x0000000714600000| Untracked 
| 215|0x0000000714700000, 0x0000000714700000, 0x0000000714800000|  0%| F|  |TAMS 0x0000000714700000, 0x0000000714700000| Untracked 
| 216|0x0000000714800000, 0x0000000714800000, 0x0000000714900000|  0%| F|  |TAMS 0x0000000714800000, 0x0000000714800000| Untracked 
| 217|0x0000000714900000, 0x0000000714900000, 0x0000000714a00000|  0%| F|  |TAMS 0x0000000714900000, 0x0000000714900000| Untracked 
| 218|0x0000000714a00000, 0x0000000714a00000, 0x0000000714b00000|  0%| F|  |TAMS 0x0000000714a00000, 0x0000000714a00000| Untracked 
| 219|0x0000000714b00000, 0x0000000714b00000, 0x0000000714c00000|  0%| F|  |TAMS 0x0000000714b00000, 0x0000000714b00000| Untracked 
| 220|0x0000000714c00000, 0x0000000714c00000, 0x0000000714d00000|  0%| F|  |TAMS 0x0000000714c00000, 0x0000000714c00000| Untracked 
| 221|0x0000000714d00000, 0x0000000714d00000, 0x0000000714e00000|  0%| F|  |TAMS 0x0000000714d00000, 0x0000000714d00000| Untracked 
| 222|0x0000000714e00000, 0x0000000714e00000, 0x0000000714f00000|  0%| F|  |TAMS 0x0000000714e00000, 0x0000000714e00000| Untracked 
| 223|0x0000000714f00000, 0x0000000714f00000, 0x0000000715000000|  0%| F|  |TAMS 0x0000000714f00000, 0x0000000714f00000| Untracked 
| 224|0x0000000715000000, 0x0000000715000000, 0x0000000715100000|  0%| F|  |TAMS 0x0000000715000000, 0x0000000715000000| Untracked 
| 225|0x0000000715100000, 0x0000000715100000, 0x0000000715200000|  0%| F|  |TAMS 0x0000000715100000, 0x0000000715100000| Untracked 
| 226|0x0000000715200000, 0x0000000715200000, 0x0000000715300000|  0%| F|  |TAMS 0x0000000715200000, 0x0000000715200000| Untracked 
| 227|0x0000000715300000, 0x0000000715300000, 0x0000000715400000|  0%| F|  |TAMS 0x0000000715300000, 0x0000000715300000| Untracked 
| 228|0x0000000715400000, 0x0000000715400000, 0x0000000715500000|  0%| F|  |TAMS 0x0000000715400000, 0x0000000715400000| Untracked 
| 229|0x0000000715500000, 0x0000000715500000, 0x0000000715600000|  0%| F|  |TAMS 0x0000000715500000, 0x0000000715500000| Untracked 
| 230|0x0000000715600000, 0x0000000715600000, 0x0000000715700000|  0%| F|  |TAMS 0x0000000715600000, 0x0000000715600000| Untracked 
| 231|0x0000000715700000, 0x0000000715700000, 0x0000000715800000|  0%| F|  |TAMS 0x0000000715700000, 0x0000000715700000| Untracked 
| 232|0x0000000715800000, 0x0000000715800000, 0x0000000715900000|  0%| F|  |TAMS 0x0000000715800000, 0x0000000715800000| Untracked 
| 233|0x0000000715900000, 0x0000000715900000, 0x0000000715a00000|  0%| F|  |TAMS 0x0000000715900000, 0x0000000715900000| Untracked 
| 234|0x0000000715a00000, 0x0000000715a00000, 0x0000000715b00000|  0%| F|  |TAMS 0x0000000715a00000, 0x0000000715a00000| Untracked 
| 235|0x0000000715b00000, 0x0000000715b00000, 0x0000000715c00000|  0%| F|  |TAMS 0x0000000715b00000, 0x0000000715b00000| Untracked 
| 236|0x0000000715c00000, 0x0000000715c00000, 0x0000000715d00000|  0%| F|  |TAMS 0x0000000715c00000, 0x0000000715c00000| Untracked 
| 237|0x0000000715d00000, 0x0000000715d00000, 0x0000000715e00000|  0%| F|  |TAMS 0x0000000715d00000, 0x0000000715d00000| Untracked 
| 238|0x0000000715e00000, 0x0000000715e00000, 0x0000000715f00000|  0%| F|  |TAMS 0x0000000715e00000, 0x0000000715e00000| Untracked 
| 239|0x0000000715f00000, 0x0000000715f80800, 0x0000000716000000| 50%| E|  |TAMS 0x0000000715f00000, 0x0000000715f00000| Complete 
| 240|0x0000000716000000, 0x0000000716100000, 0x0000000716100000|100%| E|CS|TAMS 0x0000000716000000, 0x0000000716000000| Complete 
| 241|0x0000000716100000, 0x0000000716200000, 0x0000000716200000|100%| E|CS|TAMS 0x0000000716100000, 0x0000000716100000| Complete 
| 242|0x0000000716200000, 0x0000000716300000, 0x0000000716300000|100%| E|CS|TAMS 0x0000000716200000, 0x0000000716200000| Complete 
| 243|0x0000000716300000, 0x0000000716400000, 0x0000000716400000|100%| E|CS|TAMS 0x0000000716300000, 0x0000000716300000| Complete 
| 244|0x0000000716400000, 0x0000000716500000, 0x0000000716500000|100%| E|CS|TAMS 0x0000000716400000, 0x0000000716400000| Complete 
| 245|0x0000000716500000, 0x0000000716600000, 0x0000000716600000|100%| E|CS|TAMS 0x0000000716500000, 0x0000000716500000| Complete 
| 246|0x0000000716600000, 0x0000000716700000, 0x0000000716700000|100%| E|CS|TAMS 0x0000000716600000, 0x0000000716600000| Complete 
| 247|0x0000000716700000, 0x0000000716800000, 0x0000000716800000|100%| E|CS|TAMS 0x0000000716700000, 0x0000000716700000| Complete 
| 248|0x0000000716800000, 0x0000000716900000, 0x0000000716900000|100%| E|CS|TAMS 0x0000000716800000, 0x0000000716800000| Complete 
| 249|0x0000000716900000, 0x0000000716a00000, 0x0000000716a00000|100%| E|CS|TAMS 0x0000000716900000, 0x0000000716900000| Complete 
|2958|0x00000007bfe00000, 0x00000007bfe47000, 0x00000007bff00000| 27%|OA|  |TAMS 0x00000007bfe00000, 0x00000007bfe00000| Untracked 
|2959|0x00000007bff00000, 0x00000007bff6b000, 0x00000007c0000000| 41%|CA|  |TAMS 0x00000007bff00000, 0x00000007bff00000| Untracked 

Card table byte_map: [0x00007fd2db070000,0x00007fd2db838000] _byte_map_base: 0x00007fd2d7838000

Marking Bits (Prev, Next): (CMBitMap*) 0x00007fd2f807c668, (CMBitMap*) 0x00007fd2f807c6a0
 Prev Bits: [0x00007fd2d6a68000, 0x00007fd2da8a8000)
 Next Bits: [0x00007fd2d2c28000, 0x00007fd2d6a68000)

Polling page: 0x00007fd2fc6b4000

Metaspace:

Usage:
  Non-class:     15,54 MB capacity,    14,51 MB ( 93%) used,     1,01 MB (  6%) free+waste,    20,62 KB ( <1%) overhead. 
      Class:      2,11 MB capacity,     1,88 MB ( 89%) used,   227,23 KB ( 11%) free+waste,     9,00 KB ( <1%) overhead. 
       Both:     17,65 MB capacity,    16,39 MB ( 93%) used,     1,23 MB (  7%) free+waste,    29,62 KB ( <1%) overhead. 

Virtual space:
  Non-class space:       16,00 MB reserved,      15,75 MB ( 98%) committed 
      Class space:        1,00 GB reserved,       2,12 MB ( <1%) committed 
             Both:        1,02 GB reserved,      17,88 MB (  2%) committed 

Chunk freelists:
   Non-Class:  132,00 KB
       Class:  13,00 KB
        Both:  145,00 KB

MaxMetaspaceSize: unlimited
CompressedClassSpaceSize: 1,00 GB

CodeHeap 'non-profiled nmethods': size=120032Kb used=1828Kb max_used=1828Kb free=118203Kb
 bounds [0x00007fd2e8361000, 0x00007fd2e85d1000, 0x00007fd2ef899000]
CodeHeap 'profiled nmethods': size=120028Kb used=7046Kb max_used=7046Kb free=112982Kb
 bounds [0x00007fd2e0e2a000, 0x00007fd2e151a000, 0x00007fd2e8361000]
CodeHeap 'non-nmethods': size=5700Kb used=1112Kb max_used=1155Kb free=4587Kb
 bounds [0x00007fd2e0899000, 0x00007fd2e0b09000, 0x00007fd2e0e2a000]
 total_blobs=4063 nmethods=3627 adapters=348
 compilation: enabled
              stopped_count=0, restarted_count=0
 full_count=0

Compilation events (20 events):
Event: 1,557 Thread 0x00007fd2a01af800 3492       4       java.util.HashMap::containsKey (18 bytes)
Event: 1,558 Thread 0x00007fd2a0299800 nmethod 3428 0x00007fd2e8524c90 code [0x00007fd2e8524e20, 0x00007fd2e8525078]
Event: 1,558 Thread 0x00007fd2a0299800 3425       4       org.codehaus.plexus.util.xml.pull.MXParser::nextTag (82 bytes)
Event: 1,559 Thread 0x00007fd2f81e3000 3630       2       java.io.FilterOutputStream::<init> (21 bytes)
Event: 1,559 Thread 0x00007fd2f81e3000 nmethod 3630 0x00007fd2e1507310 code [0x00007fd2e15074c0, 0x00007fd2e1507710]
Event: 1,559 Thread 0x00007fd2f81e3000 3631       2       java.io.FileDescriptor$1::getAppend (5 bytes)
Event: 1,559 Thread 0x00007fd2f81e3000 nmethod 3631 0x00007fd2e0e35d10 code [0x00007fd2e0e35ec0, 0x00007fd2e0e35fd0]
Event: 1,559 Thread 0x00007fd2a01af800 nmethod 3492 0x00007fd2e8525190 code [0x00007fd2e8525340, 0x00007fd2e85255f8]
Event: 1,559 Thread 0x00007fd2a01af800 3545       4       java.lang.String::toCharArray (25 bytes)
Event: 1,560 Thread 0x00007fd2a01af800 nmethod 3545 0x00007fd2e8525810 code [0x00007fd2e85259c0, 0x00007fd2e8525cd8]
Event: 1,560 Thread 0x00007fd2a01af800 3478       4       org.eclipse.sisu.inject.RankedSequence$Itr::hasNext (116 bytes)
Event: 1,561 Thread 0x00007fd2a0299800 nmethod 3425 0x00007fd2e8525e90 code [0x00007fd2e8526040, 0x00007fd2e8526298]
Event: 1,561 Thread 0x00007fd2a0299800 3407       4       java.util.HashMap$EntrySet::iterator (12 bytes)
Event: 1,564 Thread 0x00007fd2a0299800 nmethod 3407 0x00007fd2e8526490 code [0x00007fd2e8526640, 0x00007fd2e8526918]
Event: 1,564 Thread 0x00007fd2a0299800 3421       4       java.lang.Character::codePointBefore (48 bytes)
Event: 1,566 Thread 0x00007fd2a0299800 nmethod 3421 0x00007fd2e8526b10 code [0x00007fd2e8526ce0, 0x00007fd2e8526f08]
Event: 1,566 Thread 0x00007fd2a0299800 3418       4       java.util.regex.Pattern$$Lambda$8/0x0000000840063c40::is (5 bytes)
Event: 1,566 Thread 0x00007fd2f81e3000 3632   !   3       java.io.PrintStream::write (69 bytes)
Event: 1,566 Thread 0x00007fd2a0299800 nmethod 3418 0x00007fd2e8527610 code [0x00007fd2e85277a0, 0x00007fd2e8527878]
Event: 1,566 Thread 0x00007fd2a0299800 3406       4       org.codehaus.plexus.interpolation.reflection.ClassMap::makeMethodKey (75 bytes)

GC Heap History (4 events):
Event: 0,301 GC heap before
{Heap before GC invocations=0 (full 0):
 garbage-first heap   total 258048K, used 25288K [0x0000000707000000, 0x0000000800000000)
  region size 1024K, 24 young (24576K), 0 survivors (0K)
 Metaspace       used 5190K, capacity 7741K, committed 7936K, reserved 1056768K
  class space    used 642K, capacity 924K, committed 1024K, reserved 1048576K
}
Event: 0,309 GC heap after
{Heap after GC invocations=1 (full 0):
 garbage-first heap   total 258048K, used 3817K [0x0000000707000000, 0x0000000800000000)
  region size 1024K, 3 young (3072K), 3 survivors (3072K)
 Metaspace       used 5190K, capacity 7741K, committed 7936K, reserved 1056768K
  class space    used 642K, capacity 924K, committed 1024K, reserved 1048576K
}
Event: 1,458 GC heap before
{Heap before GC invocations=1 (full 0):
 garbage-first heap   total 258048K, used 154345K [0x0000000707000000, 0x0000000800000000)
  region size 1024K, 150 young (153600K), 3 survivors (3072K)
 Metaspace       used 15535K, capacity 16883K, committed 17152K, reserved 1064960K
  class space    used 1752K, capacity 1957K, committed 2048K, reserved 1048576K
}
Event: 1,469 GC heap after
{Heap after GC invocations=2 (full 0):
 garbage-first heap   total 258048K, used 11378K [0x0000000707000000, 0x0000000800000000)
  region size 1024K, 11 young (11264K), 11 survivors (11264K)
 Metaspace       used 15535K, capacity 16883K, committed 17152K, reserved 1064960K
  class space    used 1752K, capacity 1957K, committed 2048K, reserved 1048576K
}

Deoptimization events (20 events):
Event: 1,456 Thread 0x00007fd2f8016800 DEOPT PACKING pc=0x00007fd2e83c1758 sp=0x00007fd2fc7ea7b0
Event: 1,456 Thread 0x00007fd2f8016800 DEOPT UNPACKING pc=0x00007fd2e08bf8a5 sp=0x00007fd2fc7ea758 mode 2
Event: 1,458 Thread 0x00007fd2f8016800 DEOPT PACKING pc=0x00007fd2e12b6720 sp=0x00007fd2fc7e6030
Event: 1,458 Thread 0x00007fd2f8016800 DEOPT UNPACKING pc=0x00007fd2e08bf6ba sp=0x00007fd2fc7e5568 mode 0
Event: 1,478 Thread 0x00007fd2f8016800 DEOPT PACKING pc=0x00007fd2e12b6720 sp=0x00007fd2fc7ea480
Event: 1,478 Thread 0x00007fd2f8016800 DEOPT UNPACKING pc=0x00007fd2e08bf6ba sp=0x00007fd2fc7e99b8 mode 0
Event: 1,515 Thread 0x00007fd2f8016800 DEOPT PACKING pc=0x00007fd2e0f041cc sp=0x00007fd2fc7e8500
Event: 1,515 Thread 0x00007fd2f8016800 DEOPT UNPACKING pc=0x00007fd2e08bf6ba sp=0x00007fd2fc7e7920 mode 0
Event: 1,516 Thread 0x00007fd2f8016800 Uncommon trap: trap_request=0xffffff4d fr.pc=0x00007fd2e844dbf4 relative=0x0000000000000834
Event: 1,516 Thread 0x00007fd2f8016800 Uncommon trap: reason=unstable_if action=reinterpret pc=0x00007fd2e844dbf4 method=com.google.inject.internal.MoreTypes.canonicalize(Ljava/lang/reflect/Type;)Ljava/lang/reflect/Type; @ 16 c2
Event: 1,516 Thread 0x00007fd2f8016800 DEOPT PACKING pc=0x00007fd2e844dbf4 sp=0x00007fd2fc7eb3e0
Event: 1,516 Thread 0x00007fd2f8016800 DEOPT UNPACKING pc=0x00007fd2e08bf8a5 sp=0x00007fd2fc7eb3e0 mode 2
Event: 1,523 Thread 0x00007fd2f8e63800 Uncommon trap: trap_request=0xffffffde fr.pc=0x00007fd2e8390aa4 relative=0x0000000000001364
Event: 1,523 Thread 0x00007fd2f8e63800 Uncommon trap: reason=class_check action=maybe_recompile pc=0x00007fd2e8390aa4 method=jdk.internal.loader.URLClassPath.getLoader(I)Ljdk/internal/loader/URLClassPath$Loader; @ 88 c2
Event: 1,523 Thread 0x00007fd2f8e63800 DEOPT PACKING pc=0x00007fd2e8390aa4 sp=0x00007fd2c1d01f60
Event: 1,523 Thread 0x00007fd2f8e63800 DEOPT UNPACKING pc=0x00007fd2e08bf8a5 sp=0x00007fd2c1d01f60 mode 2
Event: 1,523 Thread 0x00007fd2f8e63800 DEOPT PACKING pc=0x00007fd2e12b6720 sp=0x00007fd2c1cfbec0
Event: 1,523 Thread 0x00007fd2f8e63800 DEOPT UNPACKING pc=0x00007fd2e08bf6ba sp=0x00007fd2c1cfb3f8 mode 0
Event: 1,546 Thread 0x00007fd2f8e63800 DEOPT PACKING pc=0x00007fd2e12b6720 sp=0x00007fd2c1cffd10
Event: 1,546 Thread 0x00007fd2f8e63800 DEOPT UNPACKING pc=0x00007fd2e08bf6ba sp=0x00007fd2c1cff248 mode 0

Classes redefined (0 events):
No events

Internal exceptions (20 events):
Event: 0,078 Thread 0x00007fd2f8016800 Exception <a 'java/lang/NoClassDefFoundError'{0x000000071664dfd8}: org/fusesource/jansi/internal/CLibrary> (0x000000071664dfd8) thrown at [src/hotspot/share/classfile/systemDictionary.cpp, line 220]
Event: 0,078 Thread 0x00007fd2f8016800 Exception <a 'java/lang/NoClassDefFoundError'{0x000000071664e540}: org/fusesource/jansi/internal/CLibrary> (0x000000071664e540) thrown at [src/hotspot/share/oops/constantPool.cpp, line 775]
Event: 0,079 Thread 0x00007fd2f8016800 Exception <a 'java/lang/NoClassDefFoundError'{0x000000071665a4c8}: org/fusesource/jansi/internal/CLibrary> (0x000000071665a4c8) thrown at [src/hotspot/share/oops/constantPool.cpp, line 775]
Event: 0,079 Thread 0x00007fd2f8016800 Exception <a 'java/lang/NoClassDefFoundError'{0x000000071665a7e8}: org/fusesource/jansi/internal/CLibrary> (0x000000071665a7e8) thrown at [src/hotspot/share/oops/constantPool.cpp, line 775]
Event: 0,752 Thread 0x00007fd2f8016800 Exception <a 'java/lang/NoClassDefFoundError'{0x0000000713d9da40}: com/google/inject/servlet/ServletModuleTargetVisitor> (0x0000000713d9da40) thrown at [src/hotspot/share/classfile/systemDictionary.cpp, line 220]
Event: 0,752 Thread 0x00007fd2f8016800 Exception <a 'java/lang/NoClassDefFoundError'{0x0000000713d9da40}> (0x0000000713d9da40) thrown at [src/hotspot/share/prims/jvm.cpp, line 1309]
Event: 0,925 Thread 0x00007fd2f8016800 Implicit null exception at 0x00007fd2e83b8804 to 0x00007fd2e83b8d04
Event: 0,925 Thread 0x00007fd2f8016800 Implicit null exception at 0x00007fd2e8383204 to 0x00007fd2e8383728
Event: 1,186 Thread 0x00007fd2f8016800 Implicit null exception at 0x00007fd2e83eb305 to 0x00007fd2e83eb4f0
Event: 1,187 Thread 0x00007fd2f8016800 Implicit null exception at 0x00007fd2e83c4aaf to 0x00007fd2e83c4b2d
Event: 1,187 Thread 0x00007fd2f8016800 Implicit null exception at 0x00007fd2e847ae08 to 0x00007fd2e847ae9a
Event: 1,487 Thread 0x00007fd2f8016800 Exception <a 'java/lang/NoClassDefFoundError'{0x000000071675c6c8}: org/sonatype/aether/deployment/DeploymentException> (0x000000071675c6c8) thrown at [src/hotspot/share/classfile/systemDictionary.cpp, line 220]
Event: 1,487 Thread 0x00007fd2f8016800 Exception <a 'java/lang/NoClassDefFoundError'{0x00000007167699a0}: org/sonatype/aether/resolution/ArtifactDescriptorException> (0x00000007167699a0) thrown at [src/hotspot/share/classfile/systemDictionary.cpp, line 220]
Event: 1,488 Thread 0x00007fd2f8016800 Exception <a 'java/lang/NoClassDefFoundError'{0x000000071677f340}: org/sonatype/aether/artifact/Artifact> (0x000000071677f340) thrown at [src/hotspot/share/classfile/systemDictionary.cpp, line 220]
Event: 1,491 Thread 0x00007fd2f8016800 Exception <a 'java/lang/NoClassDefFoundError'{0x00000007167d0558}: org/sonatype/aether/installation/InstallationException> (0x00000007167d0558) thrown at [src/hotspot/share/classfile/systemDictionary.cpp, line 220]
Event: 1,495 Thread 0x00007fd2f8016800 Exception <a 'java/lang/NoClassDefFoundError'{0x000000071663de00}: org/sonatype/aether/resolution/ArtifactResolutionException> (0x000000071663de00) thrown at [src/hotspot/share/classfile/systemDictionary.cpp, line 220]
Event: 1,495 Thread 0x00007fd2f8016800 Exception <a 'java/lang/NoClassDefFoundError'{0x000000071664dfe8}: org/sonatype/aether/collection/DependencyCollectionException> (0x000000071664dfe8) thrown at [src/hotspot/share/classfile/systemDictionary.cpp, line 220]
Event: 1,498 Thread 0x00007fd2f8016800 Exception <a 'java/lang/NoClassDefFoundError'{0x00000007166b9bb0}: org/sonatype/aether/artifact/Artifact> (0x00000007166b9bb0) thrown at [src/hotspot/share/classfile/systemDictionary.cpp, line 220]
Event: 1,533 Thread 0x00007fd2f8e63800 Exception <a 'java/lang/NoSuchMethodError'{0x00000007162fb660}: 'void java.lang.invoke.DirectMethodHandle$Holder.invokeStaticInit(java.lang.Object, java.lang.Object)'> (0x00000007162fb660) thrown at [src/hotspot/share/interpreter/linkResolver.cpp, line 773]
Event: 1,533 Thread 0x00007fd2f8e63800 Exception <a 'java/lang/NoSuchMethodError'{0x00000007162fe8b8}: 'void java.lang.invoke.Invokers$Holder.invoke_MT(java.lang.Object, java.lang.Object, java.lang.Object)'> (0x00000007162fe8b8) thrown at [src/hotspot/share/interpreter/linkResolver.cpp, line 773]

Events (20 events):
Event: 1,559 loading class java/io/FileOutputStream$1
Event: 1,559 loading class java/io/FileOutputStream$1 done
Event: 1,564 loading class java/io/DeleteOnExitHook
Event: 1,564 loading class java/io/DeleteOnExitHook done
Event: 1,564 loading class java/io/DeleteOnExitHook$1
Event: 1,564 loading class java/io/DeleteOnExitHook$1 done
Event: 1,564 Executing VM operation: RevokeBias
Event: 1,564 Executing VM operation: RevokeBias done
Event: 1,564 loading class org/rdfhdt/hdt/util/listener/IntermediateListener
Event: 1,564 loading class org/rdfhdt/hdt/util/listener/IntermediateListener done
Event: 1,565 loading class org/rdfhdt/hdt/compact/sequence/SequenceLog64
Event: 1,565 loading class org/rdfhdt/hdt/compact/sequence/SequenceLog64 done
Event: 1,565 loading class org/rdfhdt/hdt/compact/sequence/DynamicSequence
Event: 1,565 loading class org/rdfhdt/hdt/compact/sequence/DynamicSequence done
Event: 1,565 loading class org/rdfhdt/hdt/compact/sequence/Sequence
Event: 1,565 loading class org/rdfhdt/hdt/compact/sequence/Sequence done
Event: 1,565 loading class org/rdfhdt/hdt/util/crc/CRCOutputStream
Event: 1,565 loading class org/rdfhdt/hdt/util/crc/CRCOutputStream done
Event: 1,566 loading class org/rdfhdt/hdt/util/BitUtil
Event: 1,566 loading class org/rdfhdt/hdt/util/BitUtil done


Dynamic libraries:
707000000-716a00000 rw-p 00000000 00:00 0 
716a00000-7bfe00000 ---p 00000000 00:00 0 
7bfe00000-7bfe47000 rw-p 01111000 08:03 13372920                         /usr/lib/jvm/java-11-openjdk-amd64/lib/server/classes.jsa
7bfe47000-7bff00000 rw-p 00000000 00:00 0 
7bff00000-7bff6b000 rw-p 010a6000 08:03 13372920                         /usr/lib/jvm/java-11-openjdk-amd64/lib/server/classes.jsa
7bff6b000-7c0000000 rw-p 00000000 00:00 0 
7c0000000-800000000 ---p 00000000 00:00 0 
800000000-800002000 rwxp 00001000 08:03 13372920                         /usr/lib/jvm/java-11-openjdk-amd64/lib/server/classes.jsa
800002000-8003b9000 rw-p 00003000 08:03 13372920                         /usr/lib/jvm/java-11-openjdk-amd64/lib/server/classes.jsa
8003b9000-800a96000 r--p 003ba000 08:03 13372920                         /usr/lib/jvm/java-11-openjdk-amd64/lib/server/classes.jsa
800a96000-800a97000 rw-p 00a97000 08:03 13372920                         /usr/lib/jvm/java-11-openjdk-amd64/lib/server/classes.jsa
800a97000-8010a5000 r--p 00a98000 08:03 13372920                         /usr/lib/jvm/java-11-openjdk-amd64/lib/server/classes.jsa
840000000-840220000 rw-p 00000000 00:00 0 
840220000-880000000 ---p 00000000 00:00 0 
559ae2774000-559ae2775000 r--p 00000000 08:03 12589641                   /usr/lib/jvm/java-11-openjdk-amd64/bin/java
559ae2775000-559ae2776000 r-xp 00001000 08:03 12589641                   /usr/lib/jvm/java-11-openjdk-amd64/bin/java
559ae2776000-559ae2777000 r--p 00002000 08:03 12589641                   /usr/lib/jvm/java-11-openjdk-amd64/bin/java
559ae2777000-559ae2778000 r--p 00002000 08:03 12589641                   /usr/lib/jvm/java-11-openjdk-amd64/bin/java
559ae2778000-559ae2779000 rw-p 00003000 08:03 12589641                   /usr/lib/jvm/java-11-openjdk-amd64/bin/java
559ae39e7000-559ae3a08000 rw-p 00000000 00:00 0                          [heap]
7fd270000000-7fd271494000 rw-p 00000000 00:00 0 
7fd271494000-7fd274000000 ---p 00000000 00:00 0 
7fd276c11000-7fd278000000 rw-p 00000000 00:00 0 
7fd278000000-7fd278021000 rw-p 00000000 00:00 0 
7fd278021000-7fd27c000000 ---p 00000000 00:00 0 
7fd27c000000-7fd27c021000 rw-p 00000000 00:00 0 
7fd27c021000-7fd280000000 ---p 00000000 00:00 0 
7fd280000000-7fd280021000 rw-p 00000000 00:00 0 
7fd280021000-7fd284000000 ---p 00000000 00:00 0 
7fd284000000-7fd284021000 rw-p 00000000 00:00 0 
7fd284021000-7fd288000000 ---p 00000000 00:00 0 
7fd288000000-7fd288f9a000 rw-p 00000000 00:00 0 
7fd288f9a000-7fd28c000000 ---p 00000000 00:00 0 
7fd28c000000-7fd28c021000 rw-p 00000000 00:00 0 
7fd28c021000-7fd290000000 ---p 00000000 00:00 0 
7fd290000000-7fd290021000 rw-p 00000000 00:00 0 
7fd290021000-7fd294000000 ---p 00000000 00:00 0 
7fd294000000-7fd294c08000 rw-p 00000000 00:00 0 
7fd294c08000-7fd298000000 ---p 00000000 00:00 0 
7fd298000000-7fd298021000 rw-p 00000000 00:00 0 
7fd298021000-7fd29c000000 ---p 00000000 00:00 0 
7fd29c000000-7fd29c021000 rw-p 00000000 00:00 0 
7fd29c021000-7fd2a0000000 ---p 00000000 00:00 0 
7fd2a0000000-7fd2a06c5000 rw-p 00000000 00:00 0 
7fd2a06c5000-7fd2a4000000 ---p 00000000 00:00 0 
7fd2a4000000-7fd2a4021000 rw-p 00000000 00:00 0 
7fd2a4021000-7fd2a8000000 ---p 00000000 00:00 0 
7fd2a8000000-7fd2a8021000 rw-p 00000000 00:00 0 
7fd2a8021000-7fd2ac000000 ---p 00000000 00:00 0 
7fd2ac000000-7fd2ad15e000 rw-p 00000000 00:00 0 
7fd2ad15e000-7fd2b0000000 ---p 00000000 00:00 0 
7fd2b0000000-7fd2b0021000 rw-p 00000000 00:00 0 
7fd2b0021000-7fd2b4000000 ---p 00000000 00:00 0 
7fd2b4000000-7fd2b4021000 rw-p 00000000 00:00 0 
7fd2b4021000-7fd2b8000000 ---p 00000000 00:00 0 
7fd2b8000000-7fd2b8089000 rw-p 00000000 00:00 0 
7fd2b8089000-7fd2bc000000 ---p 00000000 00:00 0 
7fd2bc000000-7fd2bc021000 rw-p 00000000 00:00 0 
7fd2bc021000-7fd2c0000000 ---p 00000000 00:00 0 
7fd2c0019000-7fd2c1c04000 rw-p 00000000 00:00 0 
7fd2c1c04000-7fd2c1c08000 ---p 00000000 00:00 0 
7fd2c1c08000-7fd2c1ec5000 rw-p 00000000 00:00 0 
7fd2c1ec5000-7fd2c1f05000 ---p 00000000 00:00 0 
7fd2c1f05000-7fd2c2105000 rw-p 00000000 00:00 0 
7fd2c2105000-7fd2c2305000 rw-p 00000000 00:00 0 
7fd2c2305000-7fd2c2505000 rw-p 00000000 00:00 0 
7fd2c2505000-7fd2c2506000 ---p 00000000 00:00 0 
7fd2c2506000-7fd2c2607000 rw-p 00000000 00:00 0 
7fd2c2607000-7fd2c2608000 ---p 00000000 00:00 0 
7fd2c2608000-7fd2c2709000 rw-p 00000000 00:00 0 
7fd2c2709000-7fd2c270a000 ---p 00000000 00:00 0 
7fd2c270a000-7fd2c280b000 rw-p 00000000 00:00 0 
7fd2c280b000-7fd2c280c000 ---p 00000000 00:00 0 
7fd2c280c000-7fd2c290d000 rw-p 00000000 00:00 0 
7fd2c290d000-7fd2c290e000 ---p 00000000 00:00 0 
7fd2c290e000-7fd2c2a0f000 rw-p 00000000 00:00 0 
7fd2c2a0f000-7fd2c2a13000 ---p 00000000 00:00 0 
7fd2c2a13000-7fd2c2b10000 rw-p 00000000 00:00 0 
7fd2c2b10000-7fd2c2b14000 ---p 00000000 00:00 0 
7fd2c2b14000-7fd2c2c11000 rw-p 00000000 00:00 0 
7fd2c2c11000-7fd2c2c15000 ---p 00000000 00:00 0 
7fd2c2c15000-7fd2c2d12000 rw-p 00000000 00:00 0 
7fd2c2d12000-7fd2c2d13000 ---p 00000000 00:00 0 
7fd2c2d13000-7fd2c2e14000 rw-p 00000000 00:00 0 
7fd2c2e14000-7fd2c2e18000 ---p 00000000 00:00 0 
7fd2c2e18000-7fd2c2f15000 rw-p 00000000 00:00 0 
7fd2c2f15000-7fd2c2f19000 ---p 00000000 00:00 0 
7fd2c2f19000-7fd2c3016000 rw-p 00000000 00:00 0 
7fd2c3016000-7fd2c301a000 ---p 00000000 00:00 0 
7fd2c301a000-7fd2c3117000 rw-p 00000000 00:00 0 
7fd2c3117000-7fd2c311b000 ---p 00000000 00:00 0 
7fd2c311b000-7fd2c3218000 rw-p 00000000 00:00 0 
7fd2c3218000-7fd2c321c000 ---p 00000000 00:00 0 
7fd2c321c000-7fd2c3319000 rw-p 00000000 00:00 0 
7fd2c3319000-7fd2c35fe000 r--p 00000000 08:03 12583282                   /usr/lib/locale/locale-archive
7fd2c35fe000-7fd2c3602000 ---p 00000000 00:00 0 
7fd2c3602000-7fd2c36ff000 rw-p 00000000 00:00 0 
7fd2c36ff000-7fd2c3703000 ---p 00000000 00:00 0 
7fd2c3703000-7fd2c4000000 rw-p 00000000 00:00 0 
7fd2c4000000-7fd2c4021000 rw-p 00000000 00:00 0 
7fd2c4021000-7fd2c8000000 ---p 00000000 00:00 0 
7fd2c8000000-7fd2c8021000 rw-p 00000000 00:00 0 
7fd2c8021000-7fd2cc000000 ---p 00000000 00:00 0 
7fd2cc000000-7fd2cc021000 rw-p 00000000 00:00 0 
7fd2cc021000-7fd2d0000000 ---p 00000000 00:00 0 
7fd2d005e000-7fd2d0064000 r--p 00000000 08:03 12616458                   /usr/lib/libk2triples.so
7fd2d0064000-7fd2d0089000 r-xp 00006000 08:03 12616458                   /usr/lib/libk2triples.so
7fd2d0089000-7fd2d008c000 r--p 0002b000 08:03 12616458                   /usr/lib/libk2triples.so
7fd2d008c000-7fd2d008d000 ---p 0002e000 08:03 12616458                   /usr/lib/libk2triples.so
7fd2d008d000-7fd2d008e000 r--p 0002e000 08:03 12616458                   /usr/lib/libk2triples.so
7fd2d008e000-7fd2d008f000 rw-p 0002f000 08:03 12616458                   /usr/lib/libk2triples.so
7fd2d008f000-7fd2d0092000 r--p 00000000 08:03 12587494                   /usr/lib/libjnidictionary.so
7fd2d0092000-7fd2d0095000 r-xp 00003000 08:03 12587494                   /usr/lib/libjnidictionary.so
7fd2d0095000-7fd2d0096000 r--p 00006000 08:03 12587494                   /usr/lib/libjnidictionary.so
7fd2d0096000-7fd2d0097000 ---p 00007000 08:03 12587494                   /usr/lib/libjnidictionary.so
7fd2d0097000-7fd2d0098000 r--p 00007000 08:03 12587494                   /usr/lib/libjnidictionary.so
7fd2d0098000-7fd2d0099000 rw-p 00008000 08:03 12587494                   /usr/lib/libjnidictionary.so
7fd2d0099000-7fd2d009a000 ---p 00000000 00:00 0 
7fd2d009a000-7fd2d021c000 rw-p 00000000 00:00 0 
7fd2d021c000-7fd2d021d000 ---p 00000000 00:00 0 
7fd2d021d000-7fd2d031e000 rw-p 00000000 00:00 0 
7fd2d031e000-7fd2d031f000 ---p 00000000 00:00 0 
7fd2d031f000-7fd2d3010000 rw-p 00000000 00:00 0 
7fd2d3010000-7fd2d5a60000 ---p 00000000 00:00 0 
7fd2d5a60000-7fd2d5a68000 rw-p 00000000 00:00 0 
7fd2d5a68000-7fd2d6a68000 ---p 00000000 00:00 0 
7fd2d6a68000-7fd2d6e50000 rw-p 00000000 00:00 0 
7fd2d6e50000-7fd2d98a0000 ---p 00000000 00:00 0 
7fd2d98a0000-7fd2d98a8000 rw-p 00000000 00:00 0 
7fd2d98a8000-7fd2da8a8000 ---p 00000000 00:00 0 
7fd2da8a8000-7fd2da925000 rw-p 00000000 00:00 0 
7fd2da925000-7fd2dae6f000 ---p 00000000 00:00 0 
7fd2dae6f000-7fd2dae70000 rw-p 00000000 00:00 0 
7fd2dae70000-7fd2db070000 ---p 00000000 00:00 0 
7fd2db070000-7fd2db0ed000 rw-p 00000000 00:00 0 
7fd2db0ed000-7fd2db637000 ---p 00000000 00:00 0 
7fd2db637000-7fd2db638000 rw-p 00000000 00:00 0 
7fd2db638000-7fd2db838000 ---p 00000000 00:00 0 
7fd2db838000-7fd2db8b5000 rw-p 00000000 00:00 0 
7fd2db8b5000-7fd2dbdff000 ---p 00000000 00:00 0 
7fd2dbdff000-7fd2dbe00000 rw-p 00000000 00:00 0 
7fd2dbe00000-7fd2dc000000 ---p 00000000 00:00 0 
7fd2dc000000-7fd2dc021000 rw-p 00000000 00:00 0 
7fd2dc021000-7fd2e0000000 ---p 00000000 00:00 0 
7fd2e0003000-7fd2e008f000 rw-p 00000000 00:00 0 
7fd2e008f000-7fd2e0090000 ---p 00000000 00:00 0 
7fd2e0090000-7fd2e0191000 rw-p 00000000 00:00 0 
7fd2e0191000-7fd2e0192000 ---p 00000000 00:00 0 
7fd2e0192000-7fd2e0899000 rw-p 00000000 00:00 0 
7fd2e0899000-7fd2e0b09000 rwxp 00000000 00:00 0 
7fd2e0b09000-7fd2e0e2a000 ---p 00000000 00:00 0 
7fd2e0e2a000-7fd2e151a000 rwxp 00000000 00:00 0 
7fd2e151a000-7fd2e8361000 ---p 00000000 00:00 0 
7fd2e8361000-7fd2e85d1000 rwxp 00000000 00:00 0 
7fd2e85d1000-7fd2ef899000 ---p 00000000 00:00 0 
7fd2ef899000-7fd2f8000000 r--s 00000000 08:03 12716375                   /usr/lib/jvm/java-11-openjdk-amd64/lib/modules
7fd2f8000000-7fd2f8e65000 rw-p 00000000 00:00 0 
7fd2f8e65000-7fd2fc000000 ---p 00000000 00:00 0 
7fd2fc007000-7fd2fc00b000 r--p 00000000 08:03 12716365                   /usr/lib/jvm/java-11-openjdk-amd64/lib/libnet.so
7fd2fc00b000-7fd2fc01a000 r-xp 00004000 08:03 12716365                   /usr/lib/jvm/java-11-openjdk-amd64/lib/libnet.so
7fd2fc01a000-7fd2fc01e000 r--p 00013000 08:03 12716365                   /usr/lib/jvm/java-11-openjdk-amd64/lib/libnet.so
7fd2fc01e000-7fd2fc01f000 r--p 00016000 08:03 12716365                   /usr/lib/jvm/java-11-openjdk-amd64/lib/libnet.so
7fd2fc01f000-7fd2fc020000 rw-p 00017000 08:03 12716365                   /usr/lib/jvm/java-11-openjdk-amd64/lib/libnet.so
7fd2fc020000-7fd2fc027000 r--p 00000000 08:03 12716366                   /usr/lib/jvm/java-11-openjdk-amd64/lib/libnio.so
7fd2fc027000-7fd2fc02e000 r-xp 00007000 08:03 12716366                   /usr/lib/jvm/java-11-openjdk-amd64/lib/libnio.so
7fd2fc02e000-7fd2fc031000 r--p 0000e000 08:03 12716366                   /usr/lib/jvm/java-11-openjdk-amd64/lib/libnio.so
7fd2fc031000-7fd2fc032000 r--p 00010000 08:03 12716366                   /usr/lib/jvm/java-11-openjdk-amd64/lib/libnio.so
7fd2fc032000-7fd2fc033000 rw-p 00011000 08:03 12716366                   /usr/lib/jvm/java-11-openjdk-amd64/lib/libnio.so
7fd2fc033000-7fd2fc3a0000 rw-p 00000000 00:00 0 
7fd2fc3a0000-7fd2fc3a1000 ---p 00000000 00:00 0 
7fd2fc3a1000-7fd2fc4a7000 rw-p 00000000 00:00 0 
7fd2fc4a7000-7fd2fc58d000 ---p 00000000 00:00 0 
7fd2fc58d000-7fd2fc59b000 rw-p 00000000 00:00 0 
7fd2fc59b000-7fd2fc678000 ---p 00000000 00:00 0 
7fd2fc678000-7fd2fc67d000 rw-p 00000000 00:00 0 
7fd2fc67d000-7fd2fc684000 ---p 00000000 00:00 0 
7fd2fc684000-7fd2fc687000 r--p 00000000 08:03 12583561                   /usr/lib/x86_64-linux-gnu/libnss_files-2.28.so
7fd2fc687000-7fd2fc68e000 r-xp 00003000 08:03 12583561                   /usr/lib/x86_64-linux-gnu/libnss_files-2.28.so
7fd2fc68e000-7fd2fc690000 r--p 0000a000 08:03 12583561                   /usr/lib/x86_64-linux-gnu/libnss_files-2.28.so
7fd2fc690000-7fd2fc691000 ---p 0000c000 08:03 12583561                   /usr/lib/x86_64-linux-gnu/libnss_files-2.28.so
7fd2fc691000-7fd2fc692000 r--p 0000c000 08:03 12583561                   /usr/lib/x86_64-linux-gnu/libnss_files-2.28.so
7fd2fc692000-7fd2fc693000 rw-p 0000d000 08:03 12583561                   /usr/lib/x86_64-linux-gnu/libnss_files-2.28.so
7fd2fc693000-7fd2fc699000 rw-p 00000000 00:00 0 
7fd2fc6a0000-7fd2fc6a2000 r--s 00007000 08:03 13112440                   /usr/share/java/java-atk-wrapper.jar
7fd2fc6a2000-7fd2fc6a4000 r--p 00000000 08:03 12716374                   /usr/lib/jvm/java-11-openjdk-amd64/lib/libzip.so
7fd2fc6a4000-7fd2fc6a8000 r-xp 00002000 08:03 12716374                   /usr/lib/jvm/java-11-openjdk-amd64/lib/libzip.so
7fd2fc6a8000-7fd2fc6aa000 r--p 00006000 08:03 12716374                   /usr/lib/jvm/java-11-openjdk-amd64/lib/libzip.so
7fd2fc6aa000-7fd2fc6ab000 r--p 00007000 08:03 12716374                   /usr/lib/jvm/java-11-openjdk-amd64/lib/libzip.so
7fd2fc6ab000-7fd2fc6ac000 rw-p 00008000 08:03 12716374                   /usr/lib/jvm/java-11-openjdk-amd64/lib/libzip.so
7fd2fc6ac000-7fd2fc6b4000 rw-s 00000000 08:03 1971464                    /tmp/hsperfdata_dramos/3184
7fd2fc6b4000-7fd2fc6b5000 ---p 00000000 00:00 0 
7fd2fc6b5000-7fd2fc6b6000 r--p 00000000 00:00 0 
7fd2fc6b6000-7fd2fc6c4000 r--p 00000000 08:03 12716353                   /usr/lib/jvm/java-11-openjdk-amd64/lib/libjava.so
7fd2fc6c4000-7fd2fc6d9000 r-xp 0000e000 08:03 12716353                   /usr/lib/jvm/java-11-openjdk-amd64/lib/libjava.so
7fd2fc6d9000-7fd2fc6e0000 r--p 00023000 08:03 12716353                   /usr/lib/jvm/java-11-openjdk-amd64/lib/libjava.so
7fd2fc6e0000-7fd2fc6e1000 r--p 00029000 08:03 12716353                   /usr/lib/jvm/java-11-openjdk-amd64/lib/libjava.so
7fd2fc6e1000-7fd2fc6e2000 rw-p 0002a000 08:03 12716353                   /usr/lib/jvm/java-11-openjdk-amd64/lib/libjava.so
7fd2fc6e2000-7fd2fc6e3000 rw-p 00000000 00:00 0 
7fd2fc6e3000-7fd2fc6e5000 r--p 00000000 08:03 12583569                   /usr/lib/x86_64-linux-gnu/librt-2.28.so
7fd2fc6e5000-7fd2fc6e9000 r-xp 00002000 08:03 12583569                   /usr/lib/x86_64-linux-gnu/librt-2.28.so
7fd2fc6e9000-7fd2fc6eb000 r--p 00006000 08:03 12583569                   /usr/lib/x86_64-linux-gnu/librt-2.28.so
7fd2fc6eb000-7fd2fc6ec000 r--p 00007000 08:03 12583569                   /usr/lib/x86_64-linux-gnu/librt-2.28.so
7fd2fc6ec000-7fd2fc6ed000 rw-p 00008000 08:03 12583569                   /usr/lib/x86_64-linux-gnu/librt-2.28.so
7fd2fc6ed000-7fd2fc6f1000 ---p 00000000 00:00 0 
7fd2fc6f1000-7fd2fc7ee000 rw-p 00000000 00:00 0 
7fd2fc7ee000-7fd2fc7f1000 r--p 00000000 08:03 12582933                   /usr/lib/x86_64-linux-gnu/libgcc_s.so.1
7fd2fc7f1000-7fd2fc802000 r-xp 00003000 08:03 12582933                   /usr/lib/x86_64-linux-gnu/libgcc_s.so.1
7fd2fc802000-7fd2fc805000 r--p 00014000 08:03 12582933                   /usr/lib/x86_64-linux-gnu/libgcc_s.so.1
7fd2fc805000-7fd2fc806000 ---p 00017000 08:03 12582933                   /usr/lib/x86_64-linux-gnu/libgcc_s.so.1
7fd2fc806000-7fd2fc807000 r--p 00017000 08:03 12582933                   /usr/lib/x86_64-linux-gnu/libgcc_s.so.1
7fd2fc807000-7fd2fc808000 rw-p 00018000 08:03 12582933                   /usr/lib/x86_64-linux-gnu/libgcc_s.so.1
7fd2fc808000-7fd2fc815000 r--p 00000000 08:03 12583552                   /usr/lib/x86_64-linux-gnu/libm-2.28.so
7fd2fc815000-7fd2fc8b4000 r-xp 0000d000 08:03 12583552                   /usr/lib/x86_64-linux-gnu/libm-2.28.so
7fd2fc8b4000-7fd2fc989000 r--p 000ac000 08:03 12583552                   /usr/lib/x86_64-linux-gnu/libm-2.28.so
7fd2fc989000-7fd2fc98a000 r--p 00180000 08:03 12583552                   /usr/lib/x86_64-linux-gnu/libm-2.28.so
7fd2fc98a000-7fd2fc98b000 rw-p 00181000 08:03 12583552                   /usr/lib/x86_64-linux-gnu/libm-2.28.so
7fd2fc98b000-7fd2fca14000 r--p 00000000 08:03 12583199                   /usr/lib/x86_64-linux-gnu/libstdc++.so.6.0.25
7fd2fca14000-7fd2fcac0000 r-xp 00089000 08:03 12583199                   /usr/lib/x86_64-linux-gnu/libstdc++.so.6.0.25
7fd2fcac0000-7fd2fcafe000 r--p 00135000 08:03 12583199                   /usr/lib/x86_64-linux-gnu/libstdc++.so.6.0.25
7fd2fcafe000-7fd2fcaff000 ---p 00173000 08:03 12583199                   /usr/lib/x86_64-linux-gnu/libstdc++.so.6.0.25
7fd2fcaff000-7fd2fcb09000 r--p 00173000 08:03 12583199                   /usr/lib/x86_64-linux-gnu/libstdc++.so.6.0.25
7fd2fcb09000-7fd2fcb0b000 rw-p 0017d000 08:03 12583199                   /usr/lib/x86_64-linux-gnu/libstdc++.so.6.0.25
7fd2fcb0b000-7fd2fcb0f000 rw-p 00000000 00:00 0 
7fd2fcb0f000-7fd2fcd88000 r--p 00000000 08:03 13371065                   /usr/lib/jvm/java-11-openjdk-amd64/lib/server/libjvm.so
7fd2fcd88000-7fd2fd999000 r-xp 00279000 08:03 13371065                   /usr/lib/jvm/java-11-openjdk-amd64/lib/server/libjvm.so
7fd2fd999000-7fd2fdbf0000 r--p 00e8a000 08:03 13371065                   /usr/lib/jvm/java-11-openjdk-amd64/lib/server/libjvm.so
7fd2fdbf0000-7fd2fdcb1000 r--p 010e0000 08:03 13371065                   /usr/lib/jvm/java-11-openjdk-amd64/lib/server/libjvm.so
7fd2fdcb1000-7fd2fdcec000 rw-p 011a1000 08:03 13371065                   /usr/lib/jvm/java-11-openjdk-amd64/lib/server/libjvm.so
7fd2fdcec000-7fd2fdd45000 rw-p 00000000 00:00 0 
7fd2fdd45000-7fd2fdd67000 r--p 00000000 08:03 12583549                   /usr/lib/x86_64-linux-gnu/libc-2.28.so
7fd2fdd67000-7fd2fdeaf000 r-xp 00022000 08:03 12583549                   /usr/lib/x86_64-linux-gnu/libc-2.28.so
7fd2fdeaf000-7fd2fdefb000 r--p 0016a000 08:03 12583549                   /usr/lib/x86_64-linux-gnu/libc-2.28.so
7fd2fdefb000-7fd2fdefc000 ---p 001b6000 08:03 12583549                   /usr/lib/x86_64-linux-gnu/libc-2.28.so
7fd2fdefc000-7fd2fdf00000 r--p 001b6000 08:03 12583549                   /usr/lib/x86_64-linux-gnu/libc-2.28.so
7fd2fdf00000-7fd2fdf02000 rw-p 001ba000 08:03 12583549                   /usr/lib/x86_64-linux-gnu/libc-2.28.so
7fd2fdf02000-7fd2fdf06000 rw-p 00000000 00:00 0 
7fd2fdf06000-7fd2fdf07000 r--p 00000000 08:03 12583551                   /usr/lib/x86_64-linux-gnu/libdl-2.28.so
7fd2fdf07000-7fd2fdf08000 r-xp 00001000 08:03 12583551                   /usr/lib/x86_64-linux-gnu/libdl-2.28.so
7fd2fdf08000-7fd2fdf09000 r--p 00002000 08:03 12583551                   /usr/lib/x86_64-linux-gnu/libdl-2.28.so
7fd2fdf09000-7fd2fdf0a000 r--p 00002000 08:03 12583551                   /usr/lib/x86_64-linux-gnu/libdl-2.28.so
7fd2fdf0a000-7fd2fdf0b000 rw-p 00003000 08:03 12583551                   /usr/lib/x86_64-linux-gnu/libdl-2.28.so
7fd2fdf0b000-7fd2fdf0e000 r--p 00000000 08:03 13371060                   /usr/lib/jvm/java-11-openjdk-amd64/lib/jli/libjli.so
7fd2fdf0e000-7fd2fdf18000 r-xp 00003000 08:03 13371060                   /usr/lib/jvm/java-11-openjdk-amd64/lib/jli/libjli.so
7fd2fdf18000-7fd2fdf1b000 r--p 0000d000 08:03 13371060                   /usr/lib/jvm/java-11-openjdk-amd64/lib/jli/libjli.so
7fd2fdf1b000-7fd2fdf1c000 ---p 00010000 08:03 13371060                   /usr/lib/jvm/java-11-openjdk-amd64/lib/jli/libjli.so
7fd2fdf1c000-7fd2fdf1d000 r--p 00010000 08:03 13371060                   /usr/lib/jvm/java-11-openjdk-amd64/lib/jli/libjli.so
7fd2fdf1d000-7fd2fdf1e000 rw-p 00011000 08:03 13371060                   /usr/lib/jvm/java-11-openjdk-amd64/lib/jli/libjli.so
7fd2fdf1e000-7fd2fdf24000 r--p 00000000 08:03 12583567                   /usr/lib/x86_64-linux-gnu/libpthread-2.28.so
7fd2fdf24000-7fd2fdf33000 r-xp 00006000 08:03 12583567                   /usr/lib/x86_64-linux-gnu/libpthread-2.28.so
7fd2fdf33000-7fd2fdf39000 r--p 00015000 08:03 12583567                   /usr/lib/x86_64-linux-gnu/libpthread-2.28.so
7fd2fdf39000-7fd2fdf3a000 r--p 0001a000 08:03 12583567                   /usr/lib/x86_64-linux-gnu/libpthread-2.28.so
7fd2fdf3a000-7fd2fdf3b000 rw-p 0001b000 08:03 12583567                   /usr/lib/x86_64-linux-gnu/libpthread-2.28.so
7fd2fdf3b000-7fd2fdf3f000 rw-p 00000000 00:00 0 
7fd2fdf3f000-7fd2fdf5b000 r-xp 00000000 08:03 12585259                   /usr/lib/x86_64-linux-gnu/libz.so.1.2.11
7fd2fdf5b000-7fd2fe15b000 ---p 0001c000 08:03 12585259                   /usr/lib/x86_64-linux-gnu/libz.so.1.2.11
7fd2fe15b000-7fd2fe15c000 r--p 0001c000 08:03 12585259                   /usr/lib/x86_64-linux-gnu/libz.so.1.2.11
7fd2fe15c000-7fd2fe15d000 rw-p 0001d000 08:03 12585259                   /usr/lib/x86_64-linux-gnu/libz.so.1.2.11
7fd2fe15d000-7fd2fe15f000 rw-p 00000000 00:00 0 
7fd2fe160000-7fd2fe162000 r--p 00000000 08:03 12716357                   /usr/lib/jvm/java-11-openjdk-amd64/lib/libjimage.so
7fd2fe162000-7fd2fe165000 r-xp 00002000 08:03 12716357                   /usr/lib/jvm/java-11-openjdk-amd64/lib/libjimage.so
7fd2fe165000-7fd2fe167000 r--p 00005000 08:03 12716357                   /usr/lib/jvm/java-11-openjdk-amd64/lib/libjimage.so
7fd2fe167000-7fd2fe168000 r--p 00006000 08:03 12716357                   /usr/lib/jvm/java-11-openjdk-amd64/lib/libjimage.so
7fd2fe168000-7fd2fe169000 rw-p 00007000 08:03 12716357                   /usr/lib/jvm/java-11-openjdk-amd64/lib/libjimage.so
7fd2fe169000-7fd2fe16e000 r--p 00000000 08:03 12716373                   /usr/lib/jvm/java-11-openjdk-amd64/lib/libverify.so
7fd2fe16e000-7fd2fe175000 r-xp 00005000 08:03 12716373                   /usr/lib/jvm/java-11-openjdk-amd64/lib/libverify.so
7fd2fe175000-7fd2fe177000 r--p 0000c000 08:03 12716373                   /usr/lib/jvm/java-11-openjdk-amd64/lib/libverify.so
7fd2fe177000-7fd2fe179000 r--p 0000d000 08:03 12716373                   /usr/lib/jvm/java-11-openjdk-amd64/lib/libverify.so
7fd2fe179000-7fd2fe17a000 rw-p 0000f000 08:03 12716373                   /usr/lib/jvm/java-11-openjdk-amd64/lib/libverify.so
7fd2fe17a000-7fd2fe17b000 r--p 00000000 08:03 12582935                   /usr/lib/x86_64-linux-gnu/ld-2.28.so
7fd2fe17b000-7fd2fe199000 r-xp 00001000 08:03 12582935                   /usr/lib/x86_64-linux-gnu/ld-2.28.so
7fd2fe199000-7fd2fe1a1000 r--p 0001f000 08:03 12582935                   /usr/lib/x86_64-linux-gnu/ld-2.28.so
7fd2fe1a1000-7fd2fe1a2000 r--p 00026000 08:03 12582935                   /usr/lib/x86_64-linux-gnu/ld-2.28.so
7fd2fe1a2000-7fd2fe1a3000 rw-p 00027000 08:03 12582935                   /usr/lib/x86_64-linux-gnu/ld-2.28.so
7fd2fe1a3000-7fd2fe1a4000 rw-p 00000000 00:00 0 
7ffe0cbc1000-7ffe0cbe2000 rw-p 00000000 00:00 0                          [stack]
7ffe0cbfb000-7ffe0cbfe000 r--p 00000000 00:00 0                          [vvar]
7ffe0cbfe000-7ffe0cc00000 r-xp 00000000 00:00 0                          [vdso]


VM Arguments:
jvm_args: -Dclassworlds.conf=/usr/share/maven/bin/m2.conf -Dmaven.home=/usr/share/maven -Dlibrary.jansi.path=/usr/share/maven/lib/jansi-native -Dmaven.multiModuleProjectDirectory=/home/dramos/TFM/git/hdt-jni/hdt-java-cli 
java_command: org.codehaus.plexus.classworlds.launcher.Launcher exec:java -Dexec.mainClass=org.rdfhdt.hdt.tools.RDF2HDT -Dexec.args=../hdt-java-core/data/test.nt ../hdt-java-core/data/test.hdt
java_class_path (initial): /usr/share/maven/boot/plexus-classworlds-2.x.jar
Launcher Type: SUN_STANDARD

[Global flags]
     intx CICompilerCount                          = 4                                         {product} {ergonomic}
     uint ConcGCThreads                            = 2                                         {product} {ergonomic}
     uint G1ConcRefinementThreads                  = 8                                         {product} {ergonomic}
   size_t G1HeapRegionSize                         = 1048576                                   {product} {ergonomic}
    uintx GCDrainStackTargetSize                   = 64                                        {product} {ergonomic}
   size_t InitialHeapSize                          = 262144000                                 {product} {ergonomic}
   size_t MarkStackSize                            = 4194304                                   {product} {ergonomic}
   size_t MaxHeapSize                              = 4177526784                                {product} {ergonomic}
   size_t MaxNewSize                               = 2506096640                                {product} {ergonomic}
   size_t MinHeapDeltaBytes                        = 1048576                                   {product} {ergonomic}
    uintx NonNMethodCodeHeapSize                   = 5836300                                {pd product} {ergonomic}
    uintx NonProfiledCodeHeapSize                  = 122910970                              {pd product} {ergonomic}
    uintx ProfiledCodeHeapSize                     = 122910970                              {pd product} {ergonomic}
    uintx ReservedCodeCacheSize                    = 251658240                              {pd product} {ergonomic}
     bool SegmentedCodeCache                       = true                                      {product} {ergonomic}
     bool UseCompressedClassPointers               = true                                 {lp64_product} {ergonomic}
     bool UseCompressedOops                        = true                                 {lp64_product} {ergonomic}
     bool UseG1GC                                  = true                                      {product} {ergonomic}

Logging:
Log output configuration:
 #0: stdout all=warning uptime,level,tags
 #1: stderr all=off uptime,level,tags

Environment Variables:
JAVA_HOME=/usr/lib/jvm/java-1.11.0-openjdk-amd64
PATH=/snap/bin:/usr/lib/jvm/java-1.11.0-openjdk-amd64/bin:/usr/local/bin:/usr/bin:/bin:/usr/local/games:/usr/games
SHELL=/bin/bash
DISPLAY=:0
LANG=es_ES.UTF-8

Signal Handlers:
SIGSEGV: [libjvm.so+0xe170c0], sa_mask[0]=11111111011111111101111111111110, sa_flags=SA_RESTART|SA_SIGINFO
SIGBUS: [libjvm.so+0xe170c0], sa_mask[0]=11111111011111111101111111111110, sa_flags=SA_RESTART|SA_SIGINFO
SIGFPE: [libjvm.so+0xe170c0], sa_mask[0]=11111111011111111101111111111110, sa_flags=SA_RESTART|SA_SIGINFO
SIGPIPE: [libjvm.so+0xb6c750], sa_mask[0]=11111111011111111101111111111110, sa_flags=SA_RESTART|SA_SIGINFO
SIGXFSZ: [libjvm.so+0xb6c750], sa_mask[0]=11111111011111111101111111111110, sa_flags=SA_RESTART|SA_SIGINFO
SIGILL: [libjvm.so+0xe170c0], sa_mask[0]=11111111011111111101111111111110, sa_flags=SA_RESTART|SA_SIGINFO
SIGUSR2: [libjvm.so+0xb6c5e0], sa_mask[0]=00000000000000000000000000000000, sa_flags=SA_RESTART|SA_SIGINFO
SIGHUP: [libjvm.so+0xb6ca90], sa_mask[0]=11111111011111111101111111111110, sa_flags=SA_RESTART|SA_SIGINFO
SIGINT: [libjvm.so+0xb6ca90], sa_mask[0]=11111111011111111101111111111110, sa_flags=SA_RESTART|SA_SIGINFO
SIGTERM: [libjvm.so+0xb6ca90], sa_mask[0]=11111111011111111101111111111110, sa_flags=SA_RESTART|SA_SIGINFO
SIGQUIT: [libjvm.so+0xb6ca90], sa_mask[0]=11111111011111111101111111111110, sa_flags=SA_RESTART|SA_SIGINFO


---------------  S Y S T E M  ---------------

OS:PRETTY_NAME="Debian GNU/Linux 10 (buster)"
NAME="Debian GNU/Linux"
VERSION_ID="10"
VERSION="10 (buster)"
VERSION_CODENAME=buster
ID=debian
HOME_URL="https://www.debian.org/"
SUPPORT_URL="https://www.debian.org/support"
BUG_REPORT_URL="https://bugs.debian.org/"
uname:Linux 4.19.0-16-amd64 #1 SMP Debian 4.19.181-1 (2021-03-19) x86_64
OS uptime: 2 days 0:45 hours
libc:glibc 2.28 NPTL 2.28 
rlimit (soft/hard): STACK 8192k/infinity , CORE 0k/infinity , NPROC 63525/63525 , NOFILE 1048576/1048576 , AS infinity/infinity , CPU infinity/infinity , DATA infinity/infinity , FSIZE infinity/infinity , MEMLOCK 65536k/65536k
load average:1,72 1,65 1,57

/proc/meminfo:
MemTotal:       16317872 kB
MemFree:         2577008 kB
MemAvailable:    7363868 kB
Buffers:          609044 kB
Cached:          4633108 kB
SwapCached:            0 kB
Active:          9959804 kB
Inactive:        3033408 kB
Active(anon):    7779588 kB
Inactive(anon):   426484 kB
Active(file):    2180216 kB
Inactive(file):  2606924 kB
Unevictable:         256 kB
Mlocked:             256 kB
SwapTotal:      10239996 kB
SwapFree:       10239996 kB
Dirty:              3592 kB
Writeback:             0 kB
AnonPages:       7542020 kB
Mapped:          1255336 kB
Shmem:            456696 kB
Slab:             477540 kB
SReclaimable:     332604 kB
SUnreclaim:       144936 kB
KernelStack:       26944 kB
PageTables:        66900 kB
NFS_Unstable:          0 kB
Bounce:                0 kB
WritebackTmp:          0 kB
CommitLimit:    18398932 kB
Committed_AS:   18301052 kB
VmallocTotal:   34359738367 kB
VmallocUsed:           0 kB
VmallocChunk:          0 kB
Percpu:             3552 kB
HardwareCorrupted:     0 kB
AnonHugePages:   2643968 kB
ShmemHugePages:        0 kB
ShmemPmdMapped:        0 kB
HugePages_Total:       0
HugePages_Free:        0
HugePages_Rsvd:        0
HugePages_Surp:        0
Hugepagesize:       2048 kB
Hugetlb:               0 kB
DirectMap4k:      505448 kB
DirectMap2M:    11970560 kB
DirectMap1G:     4194304 kB

/sys/kernel/mm/transparent_hugepage/enabled:
[always] madvise never
/sys/kernel/mm/transparent_hugepage/defrag (defrag/compaction efforts parameter):
always defer defer+madvise [madvise] never

/proc/sys/kernel/threads-max (system-wide limit on the number of threads):
127051
/proc/sys/vm/max_map_count (maximum number of memory map areas a process may have):
65530
/proc/sys/kernel/pid_max (system-wide limit on number of process identifiers):
32768

container (cgroup) information:
container_type: cgroupv1
cpu_cpuset_cpus: 0-7
cpu_memory_nodes: 0
active_processor_count: 8
cpu_quota: -1
cpu_period: 100000
cpu_shares: -1
memory_limit_in_bytes: -1
memory_and_swap_limit_in_bytes: -2
memory_soft_limit_in_bytes: -1
memory_usage_in_bytes: 3968016384
memory_max_usage_in_bytes: 4126281728

Steal ticks since vm start: 0
Steal ticks percentage since vm start:  0,000

CPU:total 8 (initial active 8) (4 cores per cpu, 2 threads per core) family 6 model 158 stepping 9, cmov, cx8, fxsr, mmx, sse, sse2, sse3, ssse3, sse4.1, sse4.2, popcnt, avx, avx2, aes, clmul, erms, rtm, 3dnowpref, lzcnt, ht, tsc, tscinvbit, bmi1, bmi2, adx, fma
CPU Model and flags from /proc/cpuinfo:
model name	: Intel(R) Core(TM) i7-7700 CPU @ 3.60GHz
flags		: fpu vme de pse tsc msr pae mce cx8 apic sep mtrr pge mca cmov pat pse36 clflush dts acpi mmx fxsr sse sse2 ss ht tm pbe syscall nx pdpe1gb rdtscp lm constant_tsc art arch_perfmon pebs bts rep_good nopl xtopology nonstop_tsc cpuid aperfmperf tsc_known_freq pni pclmulqdq dtes64 monitor ds_cpl vmx smx est tm2 ssse3 sdbg fma cx16 xtpr pdcm pcid sse4_1 sse4_2 x2apic movbe popcnt tsc_deadline_timer aes xsave avx f16c rdrand lahf_lm abm 3dnowprefetch cpuid_fault epb invpcid_single pti ssbd ibrs ibpb stibp tpr_shadow vnmi flexpriority ept vpid ept_ad fsgsbase tsc_adjust bmi1 hle avx2 smep bmi2 erms invpcid rtm mpx rdseed adx smap clflushopt intel_pt xsaveopt xsavec xgetbv1 xsaves dtherm ida arat pln pts hwp hwp_notify hwp_act_window hwp_epp md_clear flush_l1d
Online cpus:
0-7
Offline cpus:

BIOS frequency limitation:
<Not Available>
Frequency switch latency (ns):
0
Available cpu frequencies:
<Not Available>
Current governor:
powersave
Core performance/turbo boost:
<Not Available>

Memory: 4k page, physical 16317872k(2577008k free), swap 10239996k(10239996k free)

vm_info: OpenJDK 64-Bit Server VM (11.0.9.1+1-post-Debian-1deb10u2) for linux-amd64 JRE (11.0.9.1+1-post-Debian-1deb10u2), built on Nov 28 2020 17:42:37 by "unknown" with gcc 8.3.0

END.
