#
# A fatal error has been detected by the Java Runtime Environment:
#
#  SIGSEGV (0xb) at pc=0x00007f85cc3dfb30, pid=4584, tid=4631
#
# JRE version: OpenJDK Runtime Environment (11.0.11+9) (build 11.0.11+9-post-Debian-1deb10u1)
# Java VM: OpenJDK 64-Bit Server VM (11.0.11+9-post-Debian-1deb10u1, mixed mode, sharing, tiered, compressed oops, g1 gc, linux-amd64)
# Problematic frame:
# V  [libjvm.so+0x54db30]
#
# No core dump will be written. Core dumps have been disabled. To enable core dumping, try "ulimit -c unlimited" before starting Java again
#
# If you would like to submit a bug report, please visit:
#   https://bugs.debian.org/openjdk-11
#

---------------  S U M M A R Y ------------

Command Line: -Dclassworlds.conf=/usr/share/maven/bin/m2.conf -Dmaven.home=/usr/share/maven -Dlibrary.jansi.path=/usr/share/maven/lib/jansi-native -Dmaven.multiModuleProjectDirectory=/home/dramos/TFM/git/hdt-jni/hdt-java-cli org.codehaus.plexus.classworlds.launcher.Launcher exec:java -Dexec.mainClass=org.rdfhdt.hdt.tools.RDF2HDT -Dexec.args=../hdt-java-core/data/test.nt ../hdt-java-core/data/test.hdt

Host: Intel(R) Core(TM) i7-7700 CPU @ 3.60GHz, 8 cores, 15G, Debian GNU/Linux 10 (buster)
Time: Thu Apr 29 09:32:55 2021 CEST elapsed time: 1.620261 seconds (0d 0h 0m 1s)

---------------  T H R E A D  ---------------

Current thread (0x00007f85c4d7c000):  JavaThread "org.rdfhdt.hdt.tools.RDF2HDT.main()" [_thread_in_vm, id=4631, stack(0x00007f8598ef2000,0x00007f8598ff3000)]

Stack: [0x00007f8598ef2000,0x00007f8598ff3000],  sp=0x00007f8598ff1068,  free space=1020k
Native frames: (J=compiled Java code, A=aot compiled Java code, j=interpreted, Vv=VM code, C=native code)
V  [libjvm.so+0x54db30]

Java frames: (J=compiled Java code, j=interpreted, Vv=VM code)
j  org.rdfhdt.hdt.dictionary.impl.section.JNIDictionarySection._createJNIDictionary([BI)V+0
j  org.rdfhdt.hdt.dictionary.impl.section.JNIDictionarySection.load(Ljava/util/Iterator;JLorg/rdfhdt/hdt/listener/ProgressListener;)V+140
j  org.rdfhdt.hdt.dictionary.impl.section.JNIDictionarySection.load(Lorg/rdfhdt/hdt/dictionary/TempDictionarySection;Lorg/rdfhdt/hdt/listener/ProgressListener;)V+49
j  org.rdfhdt.hdt.dictionary.impl.JNIDictionary.load(Lorg/rdfhdt/hdt/dictionary/TempDictionary;Lorg/rdfhdt/hdt/listener/ProgressListener;)V+40
j  org.rdfhdt.hdt.hdt.impl.HDTImpl.loadFromModifiableHDT(Lorg/rdfhdt/hdt/hdt/TempHDT;Lorg/rdfhdt/hdt/listener/ProgressListener;)V+104
j  org.rdfhdt.hdt.hdt.HDTManagerImpl.doGenerateHDT(Ljava/lang/String;Ljava/lang/String;Lorg/rdfhdt/hdt/enums/RDFNotation;Lorg/rdfhdt/hdt/options/HDTOptions;Lorg/rdfhdt/hdt/listener/ProgressListener;)Lorg/rdfhdt/hdt/hdt/HDT;+99
j  org.rdfhdt.hdt.hdt.HDTManager.generateHDT(Ljava/lang/String;Ljava/lang/String;Lorg/rdfhdt/hdt/enums/RDFNotation;Lorg/rdfhdt/hdt/options/HDTOptions;Lorg/rdfhdt/hdt/listener/ProgressListener;)Lorg/rdfhdt/hdt/hdt/HDT;+9
j  org.rdfhdt.hdt.tools.RDF2HDT.execute()V+187
j  org.rdfhdt.hdt.tools.RDF2HDT.main([Ljava/lang/String;)V+184
j  java.lang.invoke.LambdaForm$DMH.invokeStaticInit(Ljava/lang/Object;Ljava/lang/Object;)V+10 java.base@11.0.11
j  java.lang.invoke.LambdaForm$MH.invoke_MT(Ljava/lang/Object;Ljava/lang/Object;Ljava/lang/Object;)V+18 java.base@11.0.11
j  org.codehaus.mojo.exec.ExecJavaMojo$1.run()V+85
j  java.lang.Thread.run()V+11 java.base@11.0.11
v  ~StubRoutines::call_stub

siginfo: si_signo: 11 (SIGSEGV), si_code: 1 (SEGV_MAPERR), si_addr: 0x0000000000000000

Register to memory mapping:

RAX=0x0 is NULL
RBX=0x0 is NULL
RCX=0x0000000000006261 is an unknown value
RDX=0x00007f85cc336cf0: <offset 0x00000000004a4cf0> in /usr/lib/jvm/java-11-openjdk-amd64/lib/server/libjvm.so at 0x00007f85cbe92000
RSP=0x00007f8598ff1068 is pointing into the stack for thread: 0x00007f85c4d7c000
RBP=0x00007f8598ff10f0 is pointing into the stack for thread: 0x00007f85c4d7c000
RSI=0x0 is NULL
RDI=0x0 is NULL
R8 =0x0 is NULL
R9 =0x00007f8540173bf0 points into unknown readable memory: 0x0000000000000320 | 20 03 00 00 00 00 00 00
R10=0x00007f85400008d0 points into unknown readable memory: 0x0001000100000000 | 00 00 00 00 01 00 01 00
R11=0x0000000000000020 is an unknown value
R12=0x0 is NULL
R13=0x00007f85401737d0 points into unknown readable memory: 0x00007f8540006261 | 61 62 00 40 85 7f 00 00
R14=0x00007f85cbe8ee40: _ZSt4cout+0x0000000000000000 in /lib/x86_64-linux-gnu/libstdc++.so.6 at 0x00007f85cbd0e000
R15=0x00007f85c4d7c000 is a thread


Registers:
RAX=0x0000000000000000, RBX=0x0000000000000000, RCX=0x0000000000006261, RDX=0x00007f85cc336cf0
RSP=0x00007f8598ff1068, RBP=0x00007f8598ff10f0, RSI=0x0000000000000000, RDI=0x0000000000000000
R8 =0x0000000000000000, R9 =0x00007f8540173bf0, R10=0x00007f85400008d0, R11=0x0000000000000020
R12=0x0000000000000000, R13=0x00007f85401737d0, R14=0x00007f85cbe8ee40, R15=0x00007f85c4d7c000
RIP=0x00007f85cc3dfb30, EFLAGS=0x0000000000010246, CSGSFS=0x002b000000000033, ERR=0x0000000000000004
  TRAPNO=0x000000000000000e

Top of Stack: (sp=0x00007f8598ff1068)
0x00007f8598ff1068:   00007f85cc7328d1 000000770000007c
0x00007f8598ff1078:   0000000000000000 00007f85c4d7c000
0x00007f8598ff1088:   00007f85c4d7c000 0000000000000003
0x00007f8598ff1098:   0000000000000000 ffffffffffffffb0 

Instructions: (pc=0x00007f85cc3dfb30)
0x00007f85cc3dfa30:   04 00 00 48 85 c0 0f 84 f7 fe ff ff 41 80 bf 88
0x00007f85cc3dfa40:   04 00 00 00 0f 85 e9 fe ff ff 41 c6 87 88 04 00
0x00007f85cc3dfa50:   00 01 49 8d bf 60 04 00 00 4c 89 fe e8 5f 6a 27
0x00007f85cc3dfa60:   00 41 c6 87 88 04 00 00 00 e9 c5 fe ff ff 66 90
0x00007f85cc3dfa70:   4c 89 ff e8 88 5d 6e 00 e9 b6 fe ff ff 0f 1f 00
0x00007f85cc3dfa80:   4c 89 45 c8 4c 89 ff ff d0 4c 8b 45 c8 84 c0 0f
0x00007f85cc3dfa90:   84 ae fd ff ff e9 0a ff ff ff 66 0f 1f 44 00 00
0x00007f85cc3dfaa0:   4c 89 ff e8 58 5d 6e 00 eb 82 66 0f 1f 44 00 00
0x00007f85cc3dfab0:   55 66 0f ef c0 48 89 e5 48 83 ec 30 48 8d 05 1d
0x00007f85cc3dfac0:   08 cb 00 0f 29 45 d0 80 b8 e1 1d 00 00 00 c6 45
0x00007f85cc3dfad0:   e0 00 74 29 48 8b 47 78 c6 45 e0 01 48 85 c0 74
0x00007f85cc3dfae0:   1f 8b 40 08 89 45 f0 48 89 75 e8 e8 f0 df 87 00
0x00007f85cc3dfaf0:   48 8d 7d d0 48 89 45 d0 e8 43 0a 00 00 c9 c3 90
0x00007f85cc3dfb00:   31 c0 eb e0 66 2e 0f 1f 84 00 00 00 00 00 66 90
0x00007f85cc3dfb10:   48 8b 07 c3 66 2e 0f 1f 84 00 00 00 00 00 66 90
0x00007f85cc3dfb20:   48 8b 07 c3 66 2e 0f 1f 84 00 00 00 00 00 66 90
0x00007f85cc3dfb30:   48 8b 07 c3 66 2e 0f 1f 84 00 00 00 00 00 66 90
0x00007f85cc3dfb40:   48 8b 07 c3 66 2e 0f 1f 84 00 00 00 00 00 66 90
0x00007f85cc3dfb50:   48 8b 07 c3 66 2e 0f 1f 84 00 00 00 00 00 66 90
0x00007f85cc3dfb60:   48 8b 07 c3 66 2e 0f 1f 84 00 00 00 00 00 66 90
0x00007f85cc3dfb70:   48 8b 07 c3 66 2e 0f 1f 84 00 00 00 00 00 66 90
0x00007f85cc3dfb80:   48 8b 07 c3 66 2e 0f 1f 84 00 00 00 00 00 66 90
0x00007f85cc3dfb90:   48 8b 07 c3 66 2e 0f 1f 84 00 00 00 00 00 66 90
0x00007f85cc3dfba0:   48 8b 07 c3 66 2e 0f 1f 84 00 00 00 00 00 66 90
0x00007f85cc3dfbb0:   55 48 89 e5 53 48 89 fb 48 83 ec 08 48 8d 05 ad
0x00007f85cc3dfbc0:   24 ca 00 48 8d 15 83 e8 ca 00 48 8b 00 80 3a 00
0x00007f85cc3dfbd0:   8b 40 10 74 1b 83 f8 05 0f 87 e2 00 00 00 48 8d
0x00007f85cc3dfbe0:   15 63 98 96 00 48 63 04 82 48 01 d0 ff e0 66 90
0x00007f85cc3dfbf0:   83 f8 05 0f 87 c7 00 00 00 48 8d 15 60 98 96 00
0x00007f85cc3dfc00:   48 63 04 82 48 01 d0 ff e0 0f 1f 80 00 00 00 00
0x00007f85cc3dfc10:   48 8d 05 29 ff ff ff 48 89 05 02 4d c6 00 48 83
0x00007f85cc3dfc20:   c4 08 48 89 df 5b 5d ff e0 0f 1f 80 00 00 00 00 


Stack slot to memory mapping:
stack at sp + 0 slots: 0x00007f85cc7328d1: <offset 0x00000000008a08d1> in /usr/lib/jvm/java-11-openjdk-amd64/lib/server/libjvm.so at 0x00007f85cbe92000
stack at sp + 1 slots: 0x000000770000007c is an unknown value
stack at sp + 2 slots: 0x0 is NULL
stack at sp + 3 slots: 0x00007f85c4d7c000 is a thread
stack at sp + 4 slots: 0x00007f85c4d7c000 is a thread
stack at sp + 5 slots: 0x0000000000000003 is an unknown value
stack at sp + 6 slots: 0x0 is NULL
stack at sp + 7 slots: 0xffffffffffffffb0 is an unknown value


---------------  P R O C E S S  ---------------

Threads class SMR info:
_java_thread_list=0x00007f85c4d61be0, length=12, elements={
0x00007f85c4016800, 0x00007f85c41cf000, 0x00007f85c41d1000, 0x00007f85c41d7000,
0x00007f85c41d9000, 0x00007f85c41db000, 0x00007f85c41dd000, 0x00007f85c41df000,
0x00007f85c422a000, 0x00007f85741dd000, 0x00007f85741e9800, 0x00007f85c4d7c000
}

Java Threads: ( => current thread )
  0x00007f85c4016800 JavaThread "main" [_thread_blocked, id=4608, stack(0x00007f85cba70000,0x00007f85cbb71000)]
  0x00007f85c41cf000 JavaThread "Reference Handler" daemon [_thread_blocked, id=4615, stack(0x00007f85ac777000,0x00007f85ac878000)]
  0x00007f85c41d1000 JavaThread "Finalizer" daemon [_thread_blocked, id=4616, stack(0x00007f85ac676000,0x00007f85ac777000)]
  0x00007f85c41d7000 JavaThread "Signal Dispatcher" daemon [_thread_blocked, id=4617, stack(0x00007f85ac290000,0x00007f85ac391000)]
  0x00007f85c41d9000 JavaThread "Service Thread" daemon [_thread_blocked, id=4618, stack(0x00007f85ac18f000,0x00007f85ac290000)]
  0x00007f85c41db000 JavaThread "C2 CompilerThread0" daemon [_thread_blocked, id=4619, stack(0x00007f85ac08e000,0x00007f85ac18f000)]
  0x00007f85c41dd000 JavaThread "C1 CompilerThread0" daemon [_thread_blocked, id=4620, stack(0x00007f85a027f000,0x00007f85a0380000)]
  0x00007f85c41df000 JavaThread "Sweeper thread" daemon [_thread_blocked, id=4621, stack(0x00007f85a017e000,0x00007f85a027f000)]
  0x00007f85c422a000 JavaThread "Common-Cleaner" daemon [_thread_blocked, id=4623, stack(0x00007f8599eff000,0x00007f859a000000)]
  0x00007f85741dd000 JavaThread "C2 CompilerThread1" daemon [_thread_blocked, id=4624, stack(0x00007f8599dfe000,0x00007f8599eff000)]
  0x00007f85741e9800 JavaThread "C2 CompilerThread2" daemon [_thread_blocked, id=4625, stack(0x00007f8599cfd000,0x00007f8599dfe000)]
=>0x00007f85c4d7c000 JavaThread "org.rdfhdt.hdt.tools.RDF2HDT.main()" [_thread_in_vm, id=4631, stack(0x00007f8598ef2000,0x00007f8598ff3000)]

Other Threads:
  0x00007f85c41cc800 VMThread "VM Thread" [stack: 0x00007f85c806c000,0x00007f85c816c000] [id=4614]
  0x00007f85c4227800 WatcherThread [stack: 0x00007f85a007e000,0x00007f85a017e000] [id=4622]
  0x00007f85c402e800 GCTaskThread "GC Thread#0" [stack: 0x00007f85cb725000,0x00007f85cb825000] [id=4609]
  0x00007f858c001000 GCTaskThread "GC Thread#1" [stack: 0x00007f8599bfd000,0x00007f8599cfd000] [id=4626]
  0x00007f858c002800 GCTaskThread "GC Thread#2" [stack: 0x00007f8599afb000,0x00007f8599bfb000] [id=4627]
  0x00007f858c004800 GCTaskThread "GC Thread#3" [stack: 0x00007f85999f9000,0x00007f8599af9000] [id=4628]
  0x00007f858c006000 GCTaskThread "GC Thread#4" [stack: 0x00007f85998f7000,0x00007f85999f7000] [id=4629]
  0x00007f858c008000 GCTaskThread "GC Thread#5" [stack: 0x00007f85997f5000,0x00007f85998f5000] [id=4630]
  0x00007f85c408d000 ConcurrentGCThread "G1 Main Marker" [stack: 0x00007f85c95c2000,0x00007f85c96c2000] [id=4610]
  0x00007f85c408f000 ConcurrentGCThread "G1 Conc#0" [stack: 0x00007f85c94c0000,0x00007f85c95c0000] [id=4611]
  0x00007f85c418e800 ConcurrentGCThread "G1 Refine#0" [stack: 0x00007f85c8bb6000,0x00007f85c8cb6000] [id=4612]
  0x00007f85c4190800 ConcurrentGCThread "G1 Young RemSet Sampling" [stack: 0x00007f85c8ab4000,0x00007f85c8bb4000] [id=4613]

Threads with active compile tasks:

VM state:not at safepoint (normal execution)

VM Mutex/Monitor currently owned by a thread: None

Heap address: 0x0000000707000000, size: 3984 MB, Compressed Oops mode: Zero based, Oop shift amount: 3
Narrow klass base: 0x0000000800000000, Narrow klass shift: 3
Compressed class space size: 1073741824 Address: 0x0000000840000000

Heap:
 garbage-first heap   total 258048K, used 21762K [0x0000000707000000, 0x0000000800000000)
  region size 1024K, 22 young (22528K), 11 survivors (11264K)
 Metaspace       used 16794K, capacity 18075K, committed 18304K, reserved 1064960K
  class space    used 1926K, capacity 2163K, committed 2176K, reserved 1048576K
Heap Regions: E=young(eden), S=young(survivor), O=old, HS=humongous(starts), HC=humongous(continues), CS=collection set, F=free, A=archive, TAMS=top-at-mark-start (previous, next)
|   0|0x0000000707000000, 0x0000000707000000, 0x0000000707100000|  0%| F|  |TAMS 0x0000000707000000, 0x0000000707000000| Untracked 
|   1|0x0000000707100000, 0x0000000707100000, 0x0000000707200000|  0%| F|  |TAMS 0x0000000707100000, 0x0000000707100000| Untracked 
|   2|0x0000000707200000, 0x0000000707200000, 0x0000000707300000|  0%| F|  |TAMS 0x0000000707200000, 0x0000000707200000| Untracked 
|   3|0x0000000707300000, 0x0000000707300000, 0x0000000707400000|  0%| F|  |TAMS 0x0000000707300000, 0x0000000707300000| Untracked 
|   4|0x0000000707400000, 0x0000000707400000, 0x0000000707500000|  0%| F|  |TAMS 0x0000000707400000, 0x0000000707400000| Untracked 
|   5|0x0000000707500000, 0x0000000707500000, 0x0000000707600000|  0%| F|  |TAMS 0x0000000707500000, 0x0000000707500000| Untracked 
|   6|0x0000000707600000, 0x0000000707600000, 0x0000000707700000|  0%| F|  |TAMS 0x0000000707600000, 0x0000000707600000| Untracked 
|   7|0x0000000707700000, 0x0000000707700000, 0x0000000707800000|  0%| F|  |TAMS 0x0000000707700000, 0x0000000707700000| Untracked 
|   8|0x0000000707800000, 0x0000000707800000, 0x0000000707900000|  0%| F|  |TAMS 0x0000000707800000, 0x0000000707800000| Untracked 
|   9|0x0000000707900000, 0x0000000707900000, 0x0000000707a00000|  0%| F|  |TAMS 0x0000000707900000, 0x0000000707900000| Untracked 
|  10|0x0000000707a00000, 0x0000000707a00000, 0x0000000707b00000|  0%| F|  |TAMS 0x0000000707a00000, 0x0000000707a00000| Untracked 
|  11|0x0000000707b00000, 0x0000000707b00000, 0x0000000707c00000|  0%| F|  |TAMS 0x0000000707b00000, 0x0000000707b00000| Untracked 
|  12|0x0000000707c00000, 0x0000000707c00000, 0x0000000707d00000|  0%| F|  |TAMS 0x0000000707c00000, 0x0000000707c00000| Untracked 
|  13|0x0000000707d00000, 0x0000000707d00000, 0x0000000707e00000|  0%| F|  |TAMS 0x0000000707d00000, 0x0000000707d00000| Untracked 
|  14|0x0000000707e00000, 0x0000000707e00000, 0x0000000707f00000|  0%| F|  |TAMS 0x0000000707e00000, 0x0000000707e00000| Untracked 
|  15|0x0000000707f00000, 0x0000000707f00000, 0x0000000708000000|  0%| F|  |TAMS 0x0000000707f00000, 0x0000000707f00000| Untracked 
|  16|0x0000000708000000, 0x0000000708000000, 0x0000000708100000|  0%| F|  |TAMS 0x0000000708000000, 0x0000000708000000| Untracked 
|  17|0x0000000708100000, 0x0000000708100000, 0x0000000708200000|  0%| F|  |TAMS 0x0000000708100000, 0x0000000708100000| Untracked 
|  18|0x0000000708200000, 0x0000000708200000, 0x0000000708300000|  0%| F|  |TAMS 0x0000000708200000, 0x0000000708200000| Untracked 
|  19|0x0000000708300000, 0x0000000708300000, 0x0000000708400000|  0%| F|  |TAMS 0x0000000708300000, 0x0000000708300000| Untracked 
|  20|0x0000000708400000, 0x0000000708400000, 0x0000000708500000|  0%| F|  |TAMS 0x0000000708400000, 0x0000000708400000| Untracked 
|  21|0x0000000708500000, 0x0000000708500000, 0x0000000708600000|  0%| F|  |TAMS 0x0000000708500000, 0x0000000708500000| Untracked 
|  22|0x0000000708600000, 0x0000000708600000, 0x0000000708700000|  0%| F|  |TAMS 0x0000000708600000, 0x0000000708600000| Untracked 
|  23|0x0000000708700000, 0x0000000708700000, 0x0000000708800000|  0%| F|  |TAMS 0x0000000708700000, 0x0000000708700000| Untracked 
|  24|0x0000000708800000, 0x0000000708800000, 0x0000000708900000|  0%| F|  |TAMS 0x0000000708800000, 0x0000000708800000| Untracked 
|  25|0x0000000708900000, 0x0000000708900000, 0x0000000708a00000|  0%| F|  |TAMS 0x0000000708900000, 0x0000000708900000| Untracked 
|  26|0x0000000708a00000, 0x0000000708a00000, 0x0000000708b00000|  0%| F|  |TAMS 0x0000000708a00000, 0x0000000708a00000| Untracked 
|  27|0x0000000708b00000, 0x0000000708b00000, 0x0000000708c00000|  0%| F|  |TAMS 0x0000000708b00000, 0x0000000708b00000| Untracked 
|  28|0x0000000708c00000, 0x0000000708c00000, 0x0000000708d00000|  0%| F|  |TAMS 0x0000000708c00000, 0x0000000708c00000| Untracked 
|  29|0x0000000708d00000, 0x0000000708d00000, 0x0000000708e00000|  0%| F|  |TAMS 0x0000000708d00000, 0x0000000708d00000| Untracked 
|  30|0x0000000708e00000, 0x0000000708e00000, 0x0000000708f00000|  0%| F|  |TAMS 0x0000000708e00000, 0x0000000708e00000| Untracked 
|  31|0x0000000708f00000, 0x0000000708f00000, 0x0000000709000000|  0%| F|  |TAMS 0x0000000708f00000, 0x0000000708f00000| Untracked 
|  32|0x0000000709000000, 0x0000000709000000, 0x0000000709100000|  0%| F|  |TAMS 0x0000000709000000, 0x0000000709000000| Untracked 
|  33|0x0000000709100000, 0x0000000709100000, 0x0000000709200000|  0%| F|  |TAMS 0x0000000709100000, 0x0000000709100000| Untracked 
|  34|0x0000000709200000, 0x0000000709200000, 0x0000000709300000|  0%| F|  |TAMS 0x0000000709200000, 0x0000000709200000| Untracked 
|  35|0x0000000709300000, 0x0000000709300000, 0x0000000709400000|  0%| F|  |TAMS 0x0000000709300000, 0x0000000709300000| Untracked 
|  36|0x0000000709400000, 0x0000000709400000, 0x0000000709500000|  0%| F|  |TAMS 0x0000000709400000, 0x0000000709400000| Untracked 
|  37|0x0000000709500000, 0x0000000709500000, 0x0000000709600000|  0%| F|  |TAMS 0x0000000709500000, 0x0000000709500000| Untracked 
|  38|0x0000000709600000, 0x0000000709600000, 0x0000000709700000|  0%| F|  |TAMS 0x0000000709600000, 0x0000000709600000| Untracked 
|  39|0x0000000709700000, 0x0000000709700000, 0x0000000709800000|  0%| F|  |TAMS 0x0000000709700000, 0x0000000709700000| Untracked 
|  40|0x0000000709800000, 0x0000000709800000, 0x0000000709900000|  0%| F|  |TAMS 0x0000000709800000, 0x0000000709800000| Untracked 
|  41|0x0000000709900000, 0x0000000709900000, 0x0000000709a00000|  0%| F|  |TAMS 0x0000000709900000, 0x0000000709900000| Untracked 
|  42|0x0000000709a00000, 0x0000000709a00000, 0x0000000709b00000|  0%| F|  |TAMS 0x0000000709a00000, 0x0000000709a00000| Untracked 
|  43|0x0000000709b00000, 0x0000000709b00000, 0x0000000709c00000|  0%| F|  |TAMS 0x0000000709b00000, 0x0000000709b00000| Untracked 
|  44|0x0000000709c00000, 0x0000000709c00000, 0x0000000709d00000|  0%| F|  |TAMS 0x0000000709c00000, 0x0000000709c00000| Untracked 
|  45|0x0000000709d00000, 0x0000000709d00000, 0x0000000709e00000|  0%| F|  |TAMS 0x0000000709d00000, 0x0000000709d00000| Untracked 
|  46|0x0000000709e00000, 0x0000000709e00000, 0x0000000709f00000|  0%| F|  |TAMS 0x0000000709e00000, 0x0000000709e00000| Untracked 
|  47|0x0000000709f00000, 0x0000000709f00000, 0x000000070a000000|  0%| F|  |TAMS 0x0000000709f00000, 0x0000000709f00000| Untracked 
|  48|0x000000070a000000, 0x000000070a000000, 0x000000070a100000|  0%| F|  |TAMS 0x000000070a000000, 0x000000070a000000| Untracked 
|  49|0x000000070a100000, 0x000000070a100000, 0x000000070a200000|  0%| F|  |TAMS 0x000000070a100000, 0x000000070a100000| Untracked 
|  50|0x000000070a200000, 0x000000070a200000, 0x000000070a300000|  0%| F|  |TAMS 0x000000070a200000, 0x000000070a200000| Untracked 
|  51|0x000000070a300000, 0x000000070a300000, 0x000000070a400000|  0%| F|  |TAMS 0x000000070a300000, 0x000000070a300000| Untracked 
|  52|0x000000070a400000, 0x000000070a400000, 0x000000070a500000|  0%| F|  |TAMS 0x000000070a400000, 0x000000070a400000| Untracked 
|  53|0x000000070a500000, 0x000000070a500000, 0x000000070a600000|  0%| F|  |TAMS 0x000000070a500000, 0x000000070a500000| Untracked 
|  54|0x000000070a600000, 0x000000070a600000, 0x000000070a700000|  0%| F|  |TAMS 0x000000070a600000, 0x000000070a600000| Untracked 
|  55|0x000000070a700000, 0x000000070a700000, 0x000000070a800000|  0%| F|  |TAMS 0x000000070a700000, 0x000000070a700000| Untracked 
|  56|0x000000070a800000, 0x000000070a800000, 0x000000070a900000|  0%| F|  |TAMS 0x000000070a800000, 0x000000070a800000| Untracked 
|  57|0x000000070a900000, 0x000000070a900000, 0x000000070aa00000|  0%| F|  |TAMS 0x000000070a900000, 0x000000070a900000| Untracked 
|  58|0x000000070aa00000, 0x000000070aa00000, 0x000000070ab00000|  0%| F|  |TAMS 0x000000070aa00000, 0x000000070aa00000| Untracked 
|  59|0x000000070ab00000, 0x000000070ab00000, 0x000000070ac00000|  0%| F|  |TAMS 0x000000070ab00000, 0x000000070ab00000| Untracked 
|  60|0x000000070ac00000, 0x000000070ac00000, 0x000000070ad00000|  0%| F|  |TAMS 0x000000070ac00000, 0x000000070ac00000| Untracked 
|  61|0x000000070ad00000, 0x000000070ad00000, 0x000000070ae00000|  0%| F|  |TAMS 0x000000070ad00000, 0x000000070ad00000| Untracked 
|  62|0x000000070ae00000, 0x000000070ae00000, 0x000000070af00000|  0%| F|  |TAMS 0x000000070ae00000, 0x000000070ae00000| Untracked 
|  63|0x000000070af00000, 0x000000070af00000, 0x000000070b000000|  0%| F|  |TAMS 0x000000070af00000, 0x000000070af00000| Untracked 
|  64|0x000000070b000000, 0x000000070b000000, 0x000000070b100000|  0%| F|  |TAMS 0x000000070b000000, 0x000000070b000000| Untracked 
|  65|0x000000070b100000, 0x000000070b100000, 0x000000070b200000|  0%| F|  |TAMS 0x000000070b100000, 0x000000070b100000| Untracked 
|  66|0x000000070b200000, 0x000000070b200000, 0x000000070b300000|  0%| F|  |TAMS 0x000000070b200000, 0x000000070b200000| Untracked 
|  67|0x000000070b300000, 0x000000070b300000, 0x000000070b400000|  0%| F|  |TAMS 0x000000070b300000, 0x000000070b300000| Untracked 
|  68|0x000000070b400000, 0x000000070b400000, 0x000000070b500000|  0%| F|  |TAMS 0x000000070b400000, 0x000000070b400000| Untracked 
|  69|0x000000070b500000, 0x000000070b500000, 0x000000070b600000|  0%| F|  |TAMS 0x000000070b500000, 0x000000070b500000| Untracked 
|  70|0x000000070b600000, 0x000000070b600000, 0x000000070b700000|  0%| F|  |TAMS 0x000000070b600000, 0x000000070b600000| Untracked 
|  71|0x000000070b700000, 0x000000070b700000, 0x000000070b800000|  0%| F|  |TAMS 0x000000070b700000, 0x000000070b700000| Untracked 
|  72|0x000000070b800000, 0x000000070b800000, 0x000000070b900000|  0%| F|  |TAMS 0x000000070b800000, 0x000000070b800000| Untracked 
|  73|0x000000070b900000, 0x000000070b900000, 0x000000070ba00000|  0%| F|  |TAMS 0x000000070b900000, 0x000000070b900000| Untracked 
|  74|0x000000070ba00000, 0x000000070ba00000, 0x000000070bb00000|  0%| F|  |TAMS 0x000000070ba00000, 0x000000070ba00000| Untracked 
|  75|0x000000070bb00000, 0x000000070bb00000, 0x000000070bc00000|  0%| F|  |TAMS 0x000000070bb00000, 0x000000070bb00000| Untracked 
|  76|0x000000070bc00000, 0x000000070bc00000, 0x000000070bd00000|  0%| F|  |TAMS 0x000000070bc00000, 0x000000070bc00000| Untracked 
|  77|0x000000070bd00000, 0x000000070bd00000, 0x000000070be00000|  0%| F|  |TAMS 0x000000070bd00000, 0x000000070bd00000| Untracked 
|  78|0x000000070be00000, 0x000000070be00000, 0x000000070bf00000|  0%| F|  |TAMS 0x000000070be00000, 0x000000070be00000| Untracked 
|  79|0x000000070bf00000, 0x000000070bf00000, 0x000000070c000000|  0%| F|  |TAMS 0x000000070bf00000, 0x000000070bf00000| Untracked 
|  80|0x000000070c000000, 0x000000070c000000, 0x000000070c100000|  0%| F|  |TAMS 0x000000070c000000, 0x000000070c000000| Untracked 
|  81|0x000000070c100000, 0x000000070c100000, 0x000000070c200000|  0%| F|  |TAMS 0x000000070c100000, 0x000000070c100000| Untracked 
|  82|0x000000070c200000, 0x000000070c200000, 0x000000070c300000|  0%| F|  |TAMS 0x000000070c200000, 0x000000070c200000| Untracked 
|  83|0x000000070c300000, 0x000000070c300000, 0x000000070c400000|  0%| F|  |TAMS 0x000000070c300000, 0x000000070c300000| Untracked 
|  84|0x000000070c400000, 0x000000070c400000, 0x000000070c500000|  0%| F|  |TAMS 0x000000070c400000, 0x000000070c400000| Untracked 
|  85|0x000000070c500000, 0x000000070c500000, 0x000000070c600000|  0%| F|  |TAMS 0x000000070c500000, 0x000000070c500000| Untracked 
|  86|0x000000070c600000, 0x000000070c600000, 0x000000070c700000|  0%| F|  |TAMS 0x000000070c600000, 0x000000070c600000| Untracked 
|  87|0x000000070c700000, 0x000000070c700000, 0x000000070c800000|  0%| F|  |TAMS 0x000000070c700000, 0x000000070c700000| Untracked 
|  88|0x000000070c800000, 0x000000070c800000, 0x000000070c900000|  0%| F|  |TAMS 0x000000070c800000, 0x000000070c800000| Untracked 
|  89|0x000000070c900000, 0x000000070c98e8f0, 0x000000070ca00000| 55%| S|CS|TAMS 0x000000070c900000, 0x000000070c900000| Complete 
|  90|0x000000070ca00000, 0x000000070cb00000, 0x000000070cb00000|100%| S|CS|TAMS 0x000000070ca00000, 0x000000070ca00000| Complete 
|  91|0x000000070cb00000, 0x000000070cc00000, 0x000000070cc00000|100%| S|CS|TAMS 0x000000070cb00000, 0x000000070cb00000| Complete 
|  92|0x000000070cc00000, 0x000000070cd00000, 0x000000070cd00000|100%| S|CS|TAMS 0x000000070cc00000, 0x000000070cc00000| Complete 
|  93|0x000000070cd00000, 0x000000070ce00000, 0x000000070ce00000|100%| S|CS|TAMS 0x000000070cd00000, 0x000000070cd00000| Complete 
|  94|0x000000070ce00000, 0x000000070cf00000, 0x000000070cf00000|100%| S|CS|TAMS 0x000000070ce00000, 0x000000070ce00000| Complete 
|  95|0x000000070cf00000, 0x000000070d000000, 0x000000070d000000|100%| S|CS|TAMS 0x000000070cf00000, 0x000000070cf00000| Complete 
|  96|0x000000070d000000, 0x000000070d100000, 0x000000070d100000|100%| S|CS|TAMS 0x000000070d000000, 0x000000070d000000| Complete 
|  97|0x000000070d100000, 0x000000070d200000, 0x000000070d200000|100%| S|CS|TAMS 0x000000070d100000, 0x000000070d100000| Complete 
|  98|0x000000070d200000, 0x000000070d300000, 0x000000070d300000|100%| S|CS|TAMS 0x000000070d200000, 0x000000070d200000| Complete 
|  99|0x000000070d300000, 0x000000070d400000, 0x000000070d400000|100%| S|CS|TAMS 0x000000070d300000, 0x000000070d300000| Complete 
| 100|0x000000070d400000, 0x000000070d400000, 0x000000070d500000|  0%| F|  |TAMS 0x000000070d400000, 0x000000070d400000| Untracked 
| 101|0x000000070d500000, 0x000000070d500000, 0x000000070d600000|  0%| F|  |TAMS 0x000000070d500000, 0x000000070d500000| Untracked 
| 102|0x000000070d600000, 0x000000070d600000, 0x000000070d700000|  0%| F|  |TAMS 0x000000070d600000, 0x000000070d600000| Untracked 
| 103|0x000000070d700000, 0x000000070d700000, 0x000000070d800000|  0%| F|  |TAMS 0x000000070d700000, 0x000000070d700000| Untracked 
| 104|0x000000070d800000, 0x000000070d800000, 0x000000070d900000|  0%| F|  |TAMS 0x000000070d800000, 0x000000070d800000| Untracked 
| 105|0x000000070d900000, 0x000000070d900000, 0x000000070da00000|  0%| F|  |TAMS 0x000000070d900000, 0x000000070d900000| Untracked 
| 106|0x000000070da00000, 0x000000070da00000, 0x000000070db00000|  0%| F|  |TAMS 0x000000070da00000, 0x000000070da00000| Untracked 
| 107|0x000000070db00000, 0x000000070db00000, 0x000000070dc00000|  0%| F|  |TAMS 0x000000070db00000, 0x000000070db00000| Untracked 
| 108|0x000000070dc00000, 0x000000070dc00000, 0x000000070dd00000|  0%| F|  |TAMS 0x000000070dc00000, 0x000000070dc00000| Untracked 
| 109|0x000000070dd00000, 0x000000070dd00000, 0x000000070de00000|  0%| F|  |TAMS 0x000000070dd00000, 0x000000070dd00000| Untracked 
| 110|0x000000070de00000, 0x000000070de00000, 0x000000070df00000|  0%| F|  |TAMS 0x000000070de00000, 0x000000070de00000| Untracked 
| 111|0x000000070df00000, 0x000000070df00000, 0x000000070e000000|  0%| F|  |TAMS 0x000000070df00000, 0x000000070df00000| Untracked 
| 112|0x000000070e000000, 0x000000070e000000, 0x000000070e100000|  0%| F|  |TAMS 0x000000070e000000, 0x000000070e000000| Untracked 
| 113|0x000000070e100000, 0x000000070e100000, 0x000000070e200000|  0%| F|  |TAMS 0x000000070e100000, 0x000000070e100000| Untracked 
| 114|0x000000070e200000, 0x000000070e200000, 0x000000070e300000|  0%| F|  |TAMS 0x000000070e200000, 0x000000070e200000| Untracked 
| 115|0x000000070e300000, 0x000000070e300000, 0x000000070e400000|  0%| F|  |TAMS 0x000000070e300000, 0x000000070e300000| Untracked 
| 116|0x000000070e400000, 0x000000070e400000, 0x000000070e500000|  0%| F|  |TAMS 0x000000070e400000, 0x000000070e400000| Untracked 
| 117|0x000000070e500000, 0x000000070e500000, 0x000000070e600000|  0%| F|  |TAMS 0x000000070e500000, 0x000000070e500000| Untracked 
| 118|0x000000070e600000, 0x000000070e600000, 0x000000070e700000|  0%| F|  |TAMS 0x000000070e600000, 0x000000070e600000| Untracked 
| 119|0x000000070e700000, 0x000000070e700000, 0x000000070e800000|  0%| F|  |TAMS 0x000000070e700000, 0x000000070e700000| Untracked 
| 120|0x000000070e800000, 0x000000070e800000, 0x000000070e900000|  0%| F|  |TAMS 0x000000070e800000, 0x000000070e800000| Untracked 
| 121|0x000000070e900000, 0x000000070e900000, 0x000000070ea00000|  0%| F|  |TAMS 0x000000070e900000, 0x000000070e900000| Untracked 
| 122|0x000000070ea00000, 0x000000070ea00000, 0x000000070eb00000|  0%| F|  |TAMS 0x000000070ea00000, 0x000000070ea00000| Untracked 
| 123|0x000000070eb00000, 0x000000070eb00000, 0x000000070ec00000|  0%| F|  |TAMS 0x000000070eb00000, 0x000000070eb00000| Untracked 
| 124|0x000000070ec00000, 0x000000070ec00000, 0x000000070ed00000|  0%| F|  |TAMS 0x000000070ec00000, 0x000000070ec00000| Untracked 
| 125|0x000000070ed00000, 0x000000070ed00000, 0x000000070ee00000|  0%| F|  |TAMS 0x000000070ed00000, 0x000000070ed00000| Untracked 
| 126|0x000000070ee00000, 0x000000070ee00000, 0x000000070ef00000|  0%| F|  |TAMS 0x000000070ee00000, 0x000000070ee00000| Untracked 
| 127|0x000000070ef00000, 0x000000070ef00000, 0x000000070f000000|  0%| F|  |TAMS 0x000000070ef00000, 0x000000070ef00000| Untracked 
| 128|0x000000070f000000, 0x000000070f000000, 0x000000070f100000|  0%| F|  |TAMS 0x000000070f000000, 0x000000070f000000| Untracked 
| 129|0x000000070f100000, 0x000000070f100000, 0x000000070f200000|  0%| F|  |TAMS 0x000000070f100000, 0x000000070f100000| Untracked 
| 130|0x000000070f200000, 0x000000070f200000, 0x000000070f300000|  0%| F|  |TAMS 0x000000070f200000, 0x000000070f200000| Untracked 
| 131|0x000000070f300000, 0x000000070f300000, 0x000000070f400000|  0%| F|  |TAMS 0x000000070f300000, 0x000000070f300000| Untracked 
| 132|0x000000070f400000, 0x000000070f400000, 0x000000070f500000|  0%| F|  |TAMS 0x000000070f400000, 0x000000070f400000| Untracked 
| 133|0x000000070f500000, 0x000000070f500000, 0x000000070f600000|  0%| F|  |TAMS 0x000000070f500000, 0x000000070f500000| Untracked 
| 134|0x000000070f600000, 0x000000070f600000, 0x000000070f700000|  0%| F|  |TAMS 0x000000070f600000, 0x000000070f600000| Untracked 
| 135|0x000000070f700000, 0x000000070f700000, 0x000000070f800000|  0%| F|  |TAMS 0x000000070f700000, 0x000000070f700000| Untracked 
| 136|0x000000070f800000, 0x000000070f800000, 0x000000070f900000|  0%| F|  |TAMS 0x000000070f800000, 0x000000070f800000| Untracked 
| 137|0x000000070f900000, 0x000000070f900000, 0x000000070fa00000|  0%| F|  |TAMS 0x000000070f900000, 0x000000070f900000| Untracked 
| 138|0x000000070fa00000, 0x000000070fa00000, 0x000000070fb00000|  0%| F|  |TAMS 0x000000070fa00000, 0x000000070fa00000| Untracked 
| 139|0x000000070fb00000, 0x000000070fb00000, 0x000000070fc00000|  0%| F|  |TAMS 0x000000070fb00000, 0x000000070fb00000| Untracked 
| 140|0x000000070fc00000, 0x000000070fc00000, 0x000000070fd00000|  0%| F|  |TAMS 0x000000070fc00000, 0x000000070fc00000| Untracked 
| 141|0x000000070fd00000, 0x000000070fd00000, 0x000000070fe00000|  0%| F|  |TAMS 0x000000070fd00000, 0x000000070fd00000| Untracked 
| 142|0x000000070fe00000, 0x000000070fe00000, 0x000000070ff00000|  0%| F|  |TAMS 0x000000070fe00000, 0x000000070fe00000| Untracked 
| 143|0x000000070ff00000, 0x000000070ff00000, 0x0000000710000000|  0%| F|  |TAMS 0x000000070ff00000, 0x000000070ff00000| Untracked 
| 144|0x0000000710000000, 0x0000000710000000, 0x0000000710100000|  0%| F|  |TAMS 0x0000000710000000, 0x0000000710000000| Untracked 
| 145|0x0000000710100000, 0x0000000710100000, 0x0000000710200000|  0%| F|  |TAMS 0x0000000710100000, 0x0000000710100000| Untracked 
| 146|0x0000000710200000, 0x0000000710200000, 0x0000000710300000|  0%| F|  |TAMS 0x0000000710200000, 0x0000000710200000| Untracked 
| 147|0x0000000710300000, 0x0000000710300000, 0x0000000710400000|  0%| F|  |TAMS 0x0000000710300000, 0x0000000710300000| Untracked 
| 148|0x0000000710400000, 0x0000000710400000, 0x0000000710500000|  0%| F|  |TAMS 0x0000000710400000, 0x0000000710400000| Untracked 
| 149|0x0000000710500000, 0x0000000710500000, 0x0000000710600000|  0%| F|  |TAMS 0x0000000710500000, 0x0000000710500000| Untracked 
| 150|0x0000000710600000, 0x0000000710600000, 0x0000000710700000|  0%| F|  |TAMS 0x0000000710600000, 0x0000000710600000| Untracked 
| 151|0x0000000710700000, 0x0000000710700000, 0x0000000710800000|  0%| F|  |TAMS 0x0000000710700000, 0x0000000710700000| Untracked 
| 152|0x0000000710800000, 0x0000000710800000, 0x0000000710900000|  0%| F|  |TAMS 0x0000000710800000, 0x0000000710800000| Untracked 
| 153|0x0000000710900000, 0x0000000710900000, 0x0000000710a00000|  0%| F|  |TAMS 0x0000000710900000, 0x0000000710900000| Untracked 
| 154|0x0000000710a00000, 0x0000000710a00000, 0x0000000710b00000|  0%| F|  |TAMS 0x0000000710a00000, 0x0000000710a00000| Untracked 
| 155|0x0000000710b00000, 0x0000000710b00000, 0x0000000710c00000|  0%| F|  |TAMS 0x0000000710b00000, 0x0000000710b00000| Untracked 
| 156|0x0000000710c00000, 0x0000000710c00000, 0x0000000710d00000|  0%| F|  |TAMS 0x0000000710c00000, 0x0000000710c00000| Untracked 
| 157|0x0000000710d00000, 0x0000000710d00000, 0x0000000710e00000|  0%| F|  |TAMS 0x0000000710d00000, 0x0000000710d00000| Untracked 
| 158|0x0000000710e00000, 0x0000000710e00000, 0x0000000710f00000|  0%| F|  |TAMS 0x0000000710e00000, 0x0000000710e00000| Untracked 
| 159|0x0000000710f00000, 0x0000000710f00000, 0x0000000711000000|  0%| F|  |TAMS 0x0000000710f00000, 0x0000000710f00000| Untracked 
| 160|0x0000000711000000, 0x0000000711000000, 0x0000000711100000|  0%| F|  |TAMS 0x0000000711000000, 0x0000000711000000| Untracked 
| 161|0x0000000711100000, 0x0000000711100000, 0x0000000711200000|  0%| F|  |TAMS 0x0000000711100000, 0x0000000711100000| Untracked 
| 162|0x0000000711200000, 0x0000000711200000, 0x0000000711300000|  0%| F|  |TAMS 0x0000000711200000, 0x0000000711200000| Untracked 
| 163|0x0000000711300000, 0x0000000711300000, 0x0000000711400000|  0%| F|  |TAMS 0x0000000711300000, 0x0000000711300000| Untracked 
| 164|0x0000000711400000, 0x0000000711400000, 0x0000000711500000|  0%| F|  |TAMS 0x0000000711400000, 0x0000000711400000| Untracked 
| 165|0x0000000711500000, 0x0000000711500000, 0x0000000711600000|  0%| F|  |TAMS 0x0000000711500000, 0x0000000711500000| Untracked 
| 166|0x0000000711600000, 0x0000000711600000, 0x0000000711700000|  0%| F|  |TAMS 0x0000000711600000, 0x0000000711600000| Untracked 
| 167|0x0000000711700000, 0x0000000711700000, 0x0000000711800000|  0%| F|  |TAMS 0x0000000711700000, 0x0000000711700000| Untracked 
| 168|0x0000000711800000, 0x0000000711800000, 0x0000000711900000|  0%| F|  |TAMS 0x0000000711800000, 0x0000000711800000| Untracked 
| 169|0x0000000711900000, 0x0000000711900000, 0x0000000711a00000|  0%| F|  |TAMS 0x0000000711900000, 0x0000000711900000| Untracked 
| 170|0x0000000711a00000, 0x0000000711a00000, 0x0000000711b00000|  0%| F|  |TAMS 0x0000000711a00000, 0x0000000711a00000| Untracked 
| 171|0x0000000711b00000, 0x0000000711b00000, 0x0000000711c00000|  0%| F|  |TAMS 0x0000000711b00000, 0x0000000711b00000| Untracked 
| 172|0x0000000711c00000, 0x0000000711c00000, 0x0000000711d00000|  0%| F|  |TAMS 0x0000000711c00000, 0x0000000711c00000| Untracked 
| 173|0x0000000711d00000, 0x0000000711d00000, 0x0000000711e00000|  0%| F|  |TAMS 0x0000000711d00000, 0x0000000711d00000| Untracked 
| 174|0x0000000711e00000, 0x0000000711e00000, 0x0000000711f00000|  0%| F|  |TAMS 0x0000000711e00000, 0x0000000711e00000| Untracked 
| 175|0x0000000711f00000, 0x0000000711f00000, 0x0000000712000000|  0%| F|  |TAMS 0x0000000711f00000, 0x0000000711f00000| Untracked 
| 176|0x0000000712000000, 0x0000000712000000, 0x0000000712100000|  0%| F|  |TAMS 0x0000000712000000, 0x0000000712000000| Untracked 
| 177|0x0000000712100000, 0x0000000712100000, 0x0000000712200000|  0%| F|  |TAMS 0x0000000712100000, 0x0000000712100000| Untracked 
| 178|0x0000000712200000, 0x0000000712200000, 0x0000000712300000|  0%| F|  |TAMS 0x0000000712200000, 0x0000000712200000| Untracked 
| 179|0x0000000712300000, 0x0000000712300000, 0x0000000712400000|  0%| F|  |TAMS 0x0000000712300000, 0x0000000712300000| Untracked 
| 180|0x0000000712400000, 0x0000000712400000, 0x0000000712500000|  0%| F|  |TAMS 0x0000000712400000, 0x0000000712400000| Untracked 
| 181|0x0000000712500000, 0x0000000712500000, 0x0000000712600000|  0%| F|  |TAMS 0x0000000712500000, 0x0000000712500000| Untracked 
| 182|0x0000000712600000, 0x0000000712600000, 0x0000000712700000|  0%| F|  |TAMS 0x0000000712600000, 0x0000000712600000| Untracked 
| 183|0x0000000712700000, 0x0000000712700000, 0x0000000712800000|  0%| F|  |TAMS 0x0000000712700000, 0x0000000712700000| Untracked 
| 184|0x0000000712800000, 0x0000000712800000, 0x0000000712900000|  0%| F|  |TAMS 0x0000000712800000, 0x0000000712800000| Untracked 
| 185|0x0000000712900000, 0x0000000712900000, 0x0000000712a00000|  0%| F|  |TAMS 0x0000000712900000, 0x0000000712900000| Untracked 
| 186|0x0000000712a00000, 0x0000000712a00000, 0x0000000712b00000|  0%| F|  |TAMS 0x0000000712a00000, 0x0000000712a00000| Untracked 
| 187|0x0000000712b00000, 0x0000000712b00000, 0x0000000712c00000|  0%| F|  |TAMS 0x0000000712b00000, 0x0000000712b00000| Untracked 
| 188|0x0000000712c00000, 0x0000000712c00000, 0x0000000712d00000|  0%| F|  |TAMS 0x0000000712c00000, 0x0000000712c00000| Untracked 
| 189|0x0000000712d00000, 0x0000000712d00000, 0x0000000712e00000|  0%| F|  |TAMS 0x0000000712d00000, 0x0000000712d00000| Untracked 
| 190|0x0000000712e00000, 0x0000000712e00000, 0x0000000712f00000|  0%| F|  |TAMS 0x0000000712e00000, 0x0000000712e00000| Untracked 
| 191|0x0000000712f00000, 0x0000000712f00000, 0x0000000713000000|  0%| F|  |TAMS 0x0000000712f00000, 0x0000000712f00000| Untracked 
| 192|0x0000000713000000, 0x0000000713000000, 0x0000000713100000|  0%| F|  |TAMS 0x0000000713000000, 0x0000000713000000| Untracked 
| 193|0x0000000713100000, 0x0000000713100000, 0x0000000713200000|  0%| F|  |TAMS 0x0000000713100000, 0x0000000713100000| Untracked 
| 194|0x0000000713200000, 0x0000000713200000, 0x0000000713300000|  0%| F|  |TAMS 0x0000000713200000, 0x0000000713200000| Untracked 
| 195|0x0000000713300000, 0x0000000713300000, 0x0000000713400000|  0%| F|  |TAMS 0x0000000713300000, 0x0000000713300000| Untracked 
| 196|0x0000000713400000, 0x0000000713400000, 0x0000000713500000|  0%| F|  |TAMS 0x0000000713400000, 0x0000000713400000| Untracked 
| 197|0x0000000713500000, 0x0000000713500000, 0x0000000713600000|  0%| F|  |TAMS 0x0000000713500000, 0x0000000713500000| Untracked 
| 198|0x0000000713600000, 0x0000000713600000, 0x0000000713700000|  0%| F|  |TAMS 0x0000000713600000, 0x0000000713600000| Untracked 
| 199|0x0000000713700000, 0x0000000713700000, 0x0000000713800000|  0%| F|  |TAMS 0x0000000713700000, 0x0000000713700000| Untracked 
| 200|0x0000000713800000, 0x0000000713800000, 0x0000000713900000|  0%| F|  |TAMS 0x0000000713800000, 0x0000000713800000| Untracked 
| 201|0x0000000713900000, 0x0000000713900000, 0x0000000713a00000|  0%| F|  |TAMS 0x0000000713900000, 0x0000000713900000| Untracked 
| 202|0x0000000713a00000, 0x0000000713a00000, 0x0000000713b00000|  0%| F|  |TAMS 0x0000000713a00000, 0x0000000713a00000| Untracked 
| 203|0x0000000713b00000, 0x0000000713b00000, 0x0000000713c00000|  0%| F|  |TAMS 0x0000000713b00000, 0x0000000713b00000| Untracked 
| 204|0x0000000713c00000, 0x0000000713c00000, 0x0000000713d00000|  0%| F|  |TAMS 0x0000000713c00000, 0x0000000713c00000| Untracked 
| 205|0x0000000713d00000, 0x0000000713d00000, 0x0000000713e00000|  0%| F|  |TAMS 0x0000000713d00000, 0x0000000713d00000| Untracked 
| 206|0x0000000713e00000, 0x0000000713e00000, 0x0000000713f00000|  0%| F|  |TAMS 0x0000000713e00000, 0x0000000713e00000| Untracked 
| 207|0x0000000713f00000, 0x0000000713f00000, 0x0000000714000000|  0%| F|  |TAMS 0x0000000713f00000, 0x0000000713f00000| Untracked 
| 208|0x0000000714000000, 0x0000000714000000, 0x0000000714100000|  0%| F|  |TAMS 0x0000000714000000, 0x0000000714000000| Untracked 
| 209|0x0000000714100000, 0x0000000714100000, 0x0000000714200000|  0%| F|  |TAMS 0x0000000714100000, 0x0000000714100000| Untracked 
| 210|0x0000000714200000, 0x0000000714200000, 0x0000000714300000|  0%| F|  |TAMS 0x0000000714200000, 0x0000000714200000| Untracked 
| 211|0x0000000714300000, 0x0000000714300000, 0x0000000714400000|  0%| F|  |TAMS 0x0000000714300000, 0x0000000714300000| Untracked 
| 212|0x0000000714400000, 0x0000000714400000, 0x0000000714500000|  0%| F|  |TAMS 0x0000000714400000, 0x0000000714400000| Untracked 
| 213|0x0000000714500000, 0x0000000714500000, 0x0000000714600000|  0%| F|  |TAMS 0x0000000714500000, 0x0000000714500000| Untracked 
| 214|0x0000000714600000, 0x0000000714600000, 0x0000000714700000|  0%| F|  |TAMS 0x0000000714600000, 0x0000000714600000| Untracked 
| 215|0x0000000714700000, 0x0000000714700000, 0x0000000714800000|  0%| F|  |TAMS 0x0000000714700000, 0x0000000714700000| Untracked 
| 216|0x0000000714800000, 0x0000000714800000, 0x0000000714900000|  0%| F|  |TAMS 0x0000000714800000, 0x0000000714800000| Untracked 
| 217|0x0000000714900000, 0x0000000714900000, 0x0000000714a00000|  0%| F|  |TAMS 0x0000000714900000, 0x0000000714900000| Untracked 
| 218|0x0000000714a00000, 0x0000000714a00000, 0x0000000714b00000|  0%| F|  |TAMS 0x0000000714a00000, 0x0000000714a00000| Untracked 
| 219|0x0000000714b00000, 0x0000000714b00000, 0x0000000714c00000|  0%| F|  |TAMS 0x0000000714b00000, 0x0000000714b00000| Untracked 
| 220|0x0000000714c00000, 0x0000000714c00000, 0x0000000714d00000|  0%| F|  |TAMS 0x0000000714c00000, 0x0000000714c00000| Untracked 
| 221|0x0000000714d00000, 0x0000000714d00000, 0x0000000714e00000|  0%| F|  |TAMS 0x0000000714d00000, 0x0000000714d00000| Untracked 
| 222|0x0000000714e00000, 0x0000000714e00000, 0x0000000714f00000|  0%| F|  |TAMS 0x0000000714e00000, 0x0000000714e00000| Untracked 
| 223|0x0000000714f00000, 0x0000000714f00000, 0x0000000715000000|  0%| F|  |TAMS 0x0000000714f00000, 0x0000000714f00000| Untracked 
| 224|0x0000000715000000, 0x0000000715000000, 0x0000000715100000|  0%| F|  |TAMS 0x0000000715000000, 0x0000000715000000| Untracked 
| 225|0x0000000715100000, 0x0000000715100000, 0x0000000715200000|  0%| F|  |TAMS 0x0000000715100000, 0x0000000715100000| Untracked 
| 226|0x0000000715200000, 0x0000000715200000, 0x0000000715300000|  0%| F|  |TAMS 0x0000000715200000, 0x0000000715200000| Untracked 
| 227|0x0000000715300000, 0x0000000715300000, 0x0000000715400000|  0%| F|  |TAMS 0x0000000715300000, 0x0000000715300000| Untracked 
| 228|0x0000000715400000, 0x0000000715400000, 0x0000000715500000|  0%| F|  |TAMS 0x0000000715400000, 0x0000000715400000| Untracked 
| 229|0x0000000715500000, 0x0000000715500000, 0x0000000715600000|  0%| F|  |TAMS 0x0000000715500000, 0x0000000715500000| Untracked 
| 230|0x0000000715600000, 0x0000000715600000, 0x0000000715700000|  0%| F|  |TAMS 0x0000000715600000, 0x0000000715600000| Untracked 
| 231|0x0000000715700000, 0x0000000715700000, 0x0000000715800000|  0%| F|  |TAMS 0x0000000715700000, 0x0000000715700000| Untracked 
| 232|0x0000000715800000, 0x0000000715800000, 0x0000000715900000|  0%| F|  |TAMS 0x0000000715800000, 0x0000000715800000| Untracked 
| 233|0x0000000715900000, 0x0000000715900000, 0x0000000715a00000|  0%| F|  |TAMS 0x0000000715900000, 0x0000000715900000| Untracked 
| 234|0x0000000715a00000, 0x0000000715a00000, 0x0000000715b00000|  0%| F|  |TAMS 0x0000000715a00000, 0x0000000715a00000| Untracked 
| 235|0x0000000715b00000, 0x0000000715b00000, 0x0000000715c00000|  0%| F|  |TAMS 0x0000000715b00000, 0x0000000715b00000| Untracked 
| 236|0x0000000715c00000, 0x0000000715c00000, 0x0000000715d00000|  0%| F|  |TAMS 0x0000000715c00000, 0x0000000715c00000| Untracked 
| 237|0x0000000715d00000, 0x0000000715d00000, 0x0000000715e00000|  0%| F|  |TAMS 0x0000000715d00000, 0x0000000715d00000| Untracked 
| 238|0x0000000715e00000, 0x0000000715e00000, 0x0000000715f00000|  0%| F|  |TAMS 0x0000000715e00000, 0x0000000715e00000| Untracked 
| 239|0x0000000715f00000, 0x0000000715f80800, 0x0000000716000000| 50%| E|  |TAMS 0x0000000715f00000, 0x0000000715f00000| Complete 
| 240|0x0000000716000000, 0x0000000716100000, 0x0000000716100000|100%| E|CS|TAMS 0x0000000716000000, 0x0000000716000000| Complete 
| 241|0x0000000716100000, 0x0000000716200000, 0x0000000716200000|100%| E|CS|TAMS 0x0000000716100000, 0x0000000716100000| Complete 
| 242|0x0000000716200000, 0x0000000716300000, 0x0000000716300000|100%| E|CS|TAMS 0x0000000716200000, 0x0000000716200000| Complete 
| 243|0x0000000716300000, 0x0000000716400000, 0x0000000716400000|100%| E|CS|TAMS 0x0000000716300000, 0x0000000716300000| Complete 
| 244|0x0000000716400000, 0x0000000716500000, 0x0000000716500000|100%| E|CS|TAMS 0x0000000716400000, 0x0000000716400000| Complete 
| 245|0x0000000716500000, 0x0000000716600000, 0x0000000716600000|100%| E|CS|TAMS 0x0000000716500000, 0x0000000716500000| Complete 
| 246|0x0000000716600000, 0x0000000716700000, 0x0000000716700000|100%| E|CS|TAMS 0x0000000716600000, 0x0000000716600000| Complete 
| 247|0x0000000716700000, 0x0000000716800000, 0x0000000716800000|100%| E|CS|TAMS 0x0000000716700000, 0x0000000716700000| Complete 
| 248|0x0000000716800000, 0x0000000716900000, 0x0000000716900000|100%| E|CS|TAMS 0x0000000716800000, 0x0000000716800000| Complete 
| 249|0x0000000716900000, 0x0000000716a00000, 0x0000000716a00000|100%| E|CS|TAMS 0x0000000716900000, 0x0000000716900000| Complete 
|2958|0x00000007bfe00000, 0x00000007bfe47000, 0x00000007bff00000| 27%|OA|  |TAMS 0x00000007bfe00000, 0x00000007bfe00000| Untracked 
|2959|0x00000007bff00000, 0x00000007bff6b000, 0x00000007c0000000| 41%|CA|  |TAMS 0x00000007bff00000, 0x00000007bff00000| Untracked 

Card table byte_map: [0x00007f85c9f8b000,0x00007f85ca753000] _byte_map_base: 0x00007f85c6753000

Marking Bits (Prev, Next): (CMBitMap*) 0x00007f85c407c6f8, (CMBitMap*) 0x00007f85c407c730
 Prev Bits: [0x00007f85a41c0000, 0x00007f85a8000000)
 Next Bits: [0x00007f85a0380000, 0x00007f85a41c0000)

Polling page: 0x00007f85cba37000

Metaspace:

Usage:
  Non-class:     15,54 MB capacity,    14,52 MB ( 93%) used,  1023,99 KB (  6%) free+waste,    20,62 KB ( <1%) overhead. 
      Class:      2,11 MB capacity,     1,88 MB ( 89%) used,   227,20 KB ( 11%) free+waste,     9,00 KB ( <1%) overhead. 
       Both:     17,65 MB capacity,    16,40 MB ( 93%) used,     1,22 MB (  7%) free+waste,    29,62 KB ( <1%) overhead. 

Virtual space:
  Non-class space:       16,00 MB reserved,      15,75 MB ( 98%) committed 
      Class space:        1,00 GB reserved,       2,12 MB ( <1%) committed 
             Both:        1,02 GB reserved,      17,88 MB (  2%) committed 

Chunk freelists:
   Non-Class:  140,00 KB
       Class:  13,00 KB
        Both:  153,00 KB

MaxMetaspaceSize: unlimited
CompressedClassSpaceSize: 1,00 GB

CodeHeap 'non-profiled nmethods': size=120032Kb used=1990Kb max_used=1990Kb free=118041Kb
 bounds [0x00007f85b4340000, 0x00007f85b45b0000, 0x00007f85bb878000]
CodeHeap 'profiled nmethods': size=120028Kb used=7368Kb max_used=7368Kb free=112659Kb
 bounds [0x00007f85ace09000, 0x00007f85ad549000, 0x00007f85b4340000]
CodeHeap 'non-nmethods': size=5700Kb used=1112Kb max_used=1147Kb free=4587Kb
 bounds [0x00007f85ac878000, 0x00007f85acae8000, 0x00007f85ace09000]
 total_blobs=4088 nmethods=3652 adapters=348
 compilation: enabled
              stopped_count=0, restarted_count=0
 full_count=0

Compilation events (20 events):
Event: 1,581 Thread 0x00007f85c41dd000 3636       3       java.io.BufferedWriter::min (9 bytes)
Event: 1,581 Thread 0x00007f85c41dd000 nmethod 3636 0x00007f85ad52fc90 code [0x00007f85ad52fe40, 0x00007f85ad52ffb0]
Event: 1,581 Thread 0x00007f85c41dd000 3637   !   3       java.io.BufferedWriter::flushBuffer (53 bytes)
Event: 1,582 Thread 0x00007f85c41dd000 nmethod 3637 0x00007f85ad530010 code [0x00007f85ad530200, 0x00007f85ad5307f0]
Event: 1,582 Thread 0x00007f85c41dd000 3638       3       java.io.OutputStreamWriter::write (11 bytes)
Event: 1,582 Thread 0x00007f85c41dd000 nmethod 3638 0x00007f85ad530a10 code [0x00007f85ad530bc0, 0x00007f85ad530d20]
Event: 1,582 Thread 0x00007f85c41dd000 3639   !   3       sun.nio.cs.StreamEncoder::write (78 bytes)
Event: 1,582 Thread 0x00007f85c41dd000 nmethod 3639 0x00007f85ad530e10 code [0x00007f85ad531080, 0x00007f85ad531be0]
Event: 1,582 Thread 0x00007f85c41dd000 3640       3       sun.nio.cs.StreamEncoder::ensureOpen (18 bytes)
Event: 1,582 Thread 0x00007f85c41dd000 nmethod 3640 0x00007f85ad532210 code [0x00007f85ad5323e0, 0x00007f85ad532600]
Event: 1,588 Thread 0x00007f85741e9800 3641   !   4       java.util.zip.InflaterInputStream::read (138 bytes)
Event: 1,597 Thread 0x00007f85c41dd000 3642       3       java.lang.String::valueOf (39 bytes)
Event: 1,598 Thread 0x00007f85c41dd000 nmethod 3642 0x00007f85ad532710 code [0x00007f85ad532920, 0x00007f85ad533050]
Event: 1,598 Thread 0x00007f85c41dd000 3644       3       java.io.FileDescriptor$1::getAppend (5 bytes)
Event: 1,598 Thread 0x00007f85c41dd000 nmethod 3644 0x00007f85ad533290 code [0x00007f85ad533440, 0x00007f85ad533570]
Event: 1,598 Thread 0x00007f85c41dd000 3643       3       java.io.FilterOutputStream::<init> (21 bytes)
Event: 1,598 Thread 0x00007f85c41dd000 nmethod 3643 0x00007f85ad533610 code [0x00007f85ad5337e0, 0x00007f85ad533b50]
Event: 1,601 Thread 0x00007f85c41dd000 3645       3       sun.nio.cs.StreamEncoder::implWrite (137 bytes)
Event: 1,601 Thread 0x00007f85c41dd000 nmethod 3645 0x00007f85ad533c90 code [0x00007f85ad533ee0, 0x00007f85ad534740]
Event: 1,601 Thread 0x00007f85c41dd000 3646       3       java.io.OutputStreamWriter::flushBuffer (8 bytes)

GC Heap History (4 events):
Event: 0,375 GC heap before
{Heap before GC invocations=0 (full 0):
 garbage-first heap   total 258048K, used 25288K [0x0000000707000000, 0x0000000800000000)
  region size 1024K, 24 young (24576K), 0 survivors (0K)
 Metaspace       used 5185K, capacity 7741K, committed 7936K, reserved 1056768K
  class space    used 642K, capacity 924K, committed 1024K, reserved 1048576K
}
Event: 0,382 GC heap after
{Heap after GC invocations=1 (full 0):
 garbage-first heap   total 258048K, used 3636K [0x0000000707000000, 0x0000000800000000)
  region size 1024K, 3 young (3072K), 3 survivors (3072K)
 Metaspace       used 5185K, capacity 7741K, committed 7936K, reserved 1056768K
  class space    used 642K, capacity 924K, committed 1024K, reserved 1048576K
}
Event: 1,492 GC heap before
{Heap before GC invocations=1 (full 0):
 garbage-first heap   total 258048K, used 154164K [0x0000000707000000, 0x0000000800000000)
  region size 1024K, 150 young (153600K), 3 survivors (3072K)
 Metaspace       used 15547K, capacity 16883K, committed 17152K, reserved 1064960K
  class space    used 1752K, capacity 1957K, committed 2048K, reserved 1048576K
}
Event: 1,501 GC heap after
{Heap after GC invocations=2 (full 0):
 garbage-first heap   total 258048K, used 11522K [0x0000000707000000, 0x0000000800000000)
  region size 1024K, 11 young (11264K), 11 survivors (11264K)
 Metaspace       used 15547K, capacity 16883K, committed 17152K, reserved 1064960K
  class space    used 1752K, capacity 1957K, committed 2048K, reserved 1048576K
}

Deoptimization events (20 events):
Event: 1,506 Thread 0x00007f85c4016800 DEOPT PACKING pc=0x00007f85acfd5250 sp=0x00007f85cbb6d950
Event: 1,506 Thread 0x00007f85c4016800 DEOPT UNPACKING pc=0x00007f85ac89e14a sp=0x00007f85cbb6ce08 mode 0
Event: 1,526 Thread 0x00007f85c4016800 Uncommon trap: trap_request=0xffffff7e fr.pc=0x00007f85b451d7e8 relative=0x00000000000007a8
Event: 1,526 Thread 0x00007f85c4016800 Uncommon trap: reason=predicate action=maybe_recompile pc=0x00007f85b451d7e8 method=java.util.TimSort.binarySort([Ljava/lang/Object;IIILjava/util/Comparator;)V @ 34 c2
Event: 1,526 Thread 0x00007f85c4016800 DEOPT PACKING pc=0x00007f85b451d7e8 sp=0x00007f85cbb6d9f0
Event: 1,526 Thread 0x00007f85c4016800 DEOPT UNPACKING pc=0x00007f85ac89d9a5 sp=0x00007f85cbb6d9a0 mode 2
Event: 1,548 Thread 0x00007f85c4016800 DEOPT PACKING pc=0x00007f85acee87cc sp=0x00007f85cbb6b4b0
Event: 1,548 Thread 0x00007f85c4016800 DEOPT UNPACKING pc=0x00007f85ac89e14a sp=0x00007f85cbb6a8d0 mode 0
Event: 1,550 Thread 0x00007f85c4016800 Uncommon trap: trap_request=0xffffff4d fr.pc=0x00007f85b451b1ec relative=0x000000000000082c
Event: 1,550 Thread 0x00007f85c4016800 Uncommon trap: reason=unstable_if action=reinterpret pc=0x00007f85b451b1ec method=com.google.inject.internal.MoreTypes.canonicalize(Ljava/lang/reflect/Type;)Ljava/lang/reflect/Type; @ 16 c2
Event: 1,550 Thread 0x00007f85c4016800 DEOPT PACKING pc=0x00007f85b451b1ec sp=0x00007f85cbb6e3f0
Event: 1,550 Thread 0x00007f85c4016800 DEOPT UNPACKING pc=0x00007f85ac89d9a5 sp=0x00007f85cbb6e3f0 mode 2
Event: 1,550 Thread 0x00007f85c4016800 Uncommon trap: trap_request=0xffffffde fr.pc=0x00007f85b4525140 relative=0x0000000000000080
Event: 1,550 Thread 0x00007f85c4016800 Uncommon trap: reason=class_check action=maybe_recompile pc=0x00007f85b4525140 method=com.google.inject.internal.MoreTypes.getRawType(Ljava/lang/reflect/Type;)Ljava/lang/Class; @ 13 c2
Event: 1,550 Thread 0x00007f85c4016800 DEOPT PACKING pc=0x00007f85b4525140 sp=0x00007f85cbb6e440
Event: 1,550 Thread 0x00007f85c4016800 DEOPT UNPACKING pc=0x00007f85ac89d9a5 sp=0x00007f85cbb6e3e8 mode 2
Event: 1,557 Thread 0x00007f85c4d7c000 Uncommon trap: trap_request=0xffffffde fr.pc=0x00007f85b4373368 relative=0x0000000000001528
Event: 1,557 Thread 0x00007f85c4d7c000 Uncommon trap: reason=class_check action=maybe_recompile pc=0x00007f85b4373368 method=jdk.internal.loader.URLClassPath.getLoader(I)Ljdk/internal/loader/URLClassPath$Loader; @ 88 c2
Event: 1,557 Thread 0x00007f85c4d7c000 DEOPT PACKING pc=0x00007f85b4373368 sp=0x00007f8598feff60
Event: 1,558 Thread 0x00007f85c4d7c000 DEOPT UNPACKING pc=0x00007f85ac89d9a5 sp=0x00007f8598feff60 mode 2

Classes redefined (0 events):
No events

Internal exceptions (20 events):
Event: 0,129 Thread 0x00007f85c4016800 Exception <a 'java/lang/NoClassDefFoundError'{0x0000000716649ef8}: org/fusesource/jansi/internal/CLibrary> (0x0000000716649ef8) thrown at [src/hotspot/share/classfile/systemDictionary.cpp, line 220]
Event: 0,129 Thread 0x00007f85c4016800 Exception <a 'java/lang/NoClassDefFoundError'{0x000000071664a460}: org/fusesource/jansi/internal/CLibrary> (0x000000071664a460) thrown at [src/hotspot/share/oops/constantPool.cpp, line 775]
Event: 0,130 Thread 0x00007f85c4016800 Exception <a 'java/lang/NoClassDefFoundError'{0x00000007166563f8}: org/fusesource/jansi/internal/CLibrary> (0x00000007166563f8) thrown at [src/hotspot/share/oops/constantPool.cpp, line 775]
Event: 0,130 Thread 0x00007f85c4016800 Exception <a 'java/lang/NoClassDefFoundError'{0x0000000716656718}: org/fusesource/jansi/internal/CLibrary> (0x0000000716656718) thrown at [src/hotspot/share/oops/constantPool.cpp, line 775]
Event: 0,806 Thread 0x00007f85c4016800 Exception <a 'java/lang/NoClassDefFoundError'{0x0000000713d915d0}: com/google/inject/servlet/ServletModuleTargetVisitor> (0x0000000713d915d0) thrown at [src/hotspot/share/classfile/systemDictionary.cpp, line 220]
Event: 0,806 Thread 0x00007f85c4016800 Exception <a 'java/lang/NoClassDefFoundError'{0x0000000713d915d0}> (0x0000000713d915d0) thrown at [src/hotspot/share/prims/jvm.cpp, line 1310]
Event: 0,942 Thread 0x00007f85c4016800 Implicit null exception at 0x00007f85b436ce84 to 0x00007f85b436d384
Event: 0,942 Thread 0x00007f85c4016800 Implicit null exception at 0x00007f85b4363084 to 0x00007f85b43635a8
Event: 1,174 Thread 0x00007f85c4016800 Implicit null exception at 0x00007f85b43b2385 to 0x00007f85b43b2570
Event: 1,174 Thread 0x00007f85c4016800 Implicit null exception at 0x00007f85b43c4caf to 0x00007f85b43c4d2d
Event: 1,174 Thread 0x00007f85c4016800 Implicit null exception at 0x00007f85b443ea4b to 0x00007f85b443f164
Event: 1,518 Thread 0x00007f85c4016800 Exception <a 'java/lang/NoClassDefFoundError'{0x000000071672c5b8}: org/sonatype/aether/deployment/DeploymentException> (0x000000071672c5b8) thrown at [src/hotspot/share/classfile/systemDictionary.cpp, line 220]
Event: 1,518 Thread 0x00007f85c4016800 Exception <a 'java/lang/NoClassDefFoundError'{0x00000007167398c8}: org/sonatype/aether/resolution/ArtifactDescriptorException> (0x00000007167398c8) thrown at [src/hotspot/share/classfile/systemDictionary.cpp, line 220]
Event: 1,519 Thread 0x00007f85c4016800 Exception <a 'java/lang/NoClassDefFoundError'{0x000000071674f2f8}: org/sonatype/aether/artifact/Artifact> (0x000000071674f2f8) thrown at [src/hotspot/share/classfile/systemDictionary.cpp, line 220]
Event: 1,522 Thread 0x00007f85c4016800 Exception <a 'java/lang/NoClassDefFoundError'{0x00000007167a03f8}: org/sonatype/aether/installation/InstallationException> (0x00000007167a03f8) thrown at [src/hotspot/share/classfile/systemDictionary.cpp, line 220]
Event: 1,526 Thread 0x00007f85c4016800 Exception <a 'java/lang/NoClassDefFoundError'{0x000000071660dcf8}: org/sonatype/aether/resolution/ArtifactResolutionException> (0x000000071660dcf8) thrown at [src/hotspot/share/classfile/systemDictionary.cpp, line 220]
Event: 1,526 Thread 0x00007f85c4016800 Exception <a 'java/lang/NoClassDefFoundError'{0x000000071661dee8}: org/sonatype/aether/collection/DependencyCollectionException> (0x000000071661dee8) thrown at [src/hotspot/share/classfile/systemDictionary.cpp, line 220]
Event: 1,530 Thread 0x00007f85c4016800 Exception <a 'java/lang/NoClassDefFoundError'{0x0000000716689b38}: org/sonatype/aether/artifact/Artifact> (0x0000000716689b38) thrown at [src/hotspot/share/classfile/systemDictionary.cpp, line 220]
Event: 1,569 Thread 0x00007f85c4d7c000 Exception <a 'java/lang/NoSuchMethodError'{0x00000007162fb680}: 'void java.lang.invoke.DirectMethodHandle$Holder.invokeStaticInit(java.lang.Object, java.lang.Object)'> (0x00000007162fb680) thrown at [src/hotspot/share/interpreter/linkResolver.cpp, line 773]
Event: 1,569 Thread 0x00007f85c4d7c000 Exception <a 'java/lang/NoSuchMethodError'{0x00000007162fe8d8}: 'void java.lang.invoke.Invokers$Holder.invoke_MT(java.lang.Object, java.lang.Object, java.lang.Object)'> (0x00000007162fe8d8) thrown at [src/hotspot/share/interpreter/linkResolver.cpp, line 773]

Events (20 events):
Event: 1,598 loading class java/io/FileOutputStream$1
Event: 1,598 loading class java/io/FileOutputStream$1 done
Event: 1,599 loading class java/io/DeleteOnExitHook
Event: 1,599 loading class java/io/DeleteOnExitHook done
Event: 1,599 loading class java/io/DeleteOnExitHook$1
Event: 1,599 loading class java/io/DeleteOnExitHook$1 done
Event: 1,599 Executing VM operation: RevokeBias
Event: 1,599 Executing VM operation: RevokeBias done
Event: 1,599 loading class org/rdfhdt/hdt/util/listener/IntermediateListener
Event: 1,599 loading class org/rdfhdt/hdt/util/listener/IntermediateListener done
Event: 1,599 loading class org/rdfhdt/hdt/compact/sequence/SequenceLog64
Event: 1,599 loading class org/rdfhdt/hdt/compact/sequence/SequenceLog64 done
Event: 1,600 loading class org/rdfhdt/hdt/compact/sequence/DynamicSequence
Event: 1,600 loading class org/rdfhdt/hdt/compact/sequence/DynamicSequence done
Event: 1,600 loading class org/rdfhdt/hdt/compact/sequence/Sequence
Event: 1,600 loading class org/rdfhdt/hdt/compact/sequence/Sequence done
Event: 1,600 loading class org/rdfhdt/hdt/util/crc/CRCOutputStream
Event: 1,600 loading class org/rdfhdt/hdt/util/crc/CRCOutputStream done
Event: 1,600 loading class org/rdfhdt/hdt/util/BitUtil
Event: 1,600 loading class org/rdfhdt/hdt/util/BitUtil done


Dynamic libraries:
707000000-716a00000 rw-p 00000000 00:00 0 
716a00000-7bfe00000 ---p 00000000 00:00 0 
7bfe00000-7bfe47000 rw-p 01111000 08:03 13371161                         /usr/lib/jvm/java-11-openjdk-amd64/lib/server/classes.jsa
7bfe47000-7bff00000 rw-p 00000000 00:00 0 
7bff00000-7bff6b000 rw-p 010a6000 08:03 13371161                         /usr/lib/jvm/java-11-openjdk-amd64/lib/server/classes.jsa
7bff6b000-7c0000000 rw-p 00000000 00:00 0 
7c0000000-800000000 ---p 00000000 00:00 0 
800000000-800002000 rwxp 00001000 08:03 13371161                         /usr/lib/jvm/java-11-openjdk-amd64/lib/server/classes.jsa
800002000-8003b9000 rw-p 00003000 08:03 13371161                         /usr/lib/jvm/java-11-openjdk-amd64/lib/server/classes.jsa
8003b9000-800a96000 r--p 003ba000 08:03 13371161                         /usr/lib/jvm/java-11-openjdk-amd64/lib/server/classes.jsa
800a96000-800a97000 rw-p 00a97000 08:03 13371161                         /usr/lib/jvm/java-11-openjdk-amd64/lib/server/classes.jsa
800a97000-8010a5000 r--p 00a98000 08:03 13371161                         /usr/lib/jvm/java-11-openjdk-amd64/lib/server/classes.jsa
840000000-840220000 rw-p 00000000 00:00 0 
840220000-880000000 ---p 00000000 00:00 0 
563797e68000-563797e69000 r--p 00000000 08:03 12594377                   /usr/lib/jvm/java-11-openjdk-amd64/bin/java
563797e69000-563797e6a000 r-xp 00001000 08:03 12594377                   /usr/lib/jvm/java-11-openjdk-amd64/bin/java
563797e6a000-563797e6b000 r--p 00002000 08:03 12594377                   /usr/lib/jvm/java-11-openjdk-amd64/bin/java
563797e6b000-563797e6c000 r--p 00002000 08:03 12594377                   /usr/lib/jvm/java-11-openjdk-amd64/bin/java
563797e6c000-563797e6d000 rw-p 00003000 08:03 12594377                   /usr/lib/jvm/java-11-openjdk-amd64/bin/java
563799607000-563799628000 rw-p 00000000 00:00 0                          [heap]
7f8540000000-7f85406a2000 rw-p 00000000 00:00 0 
7f85406a2000-7f8544000000 ---p 00000000 00:00 0 
7f8545024000-7f8548000000 rw-p 00000000 00:00 0 
7f8548000000-7f8548021000 rw-p 00000000 00:00 0 
7f8548021000-7f854c000000 ---p 00000000 00:00 0 
7f854c000000-7f854c021000 rw-p 00000000 00:00 0 
7f854c021000-7f8550000000 ---p 00000000 00:00 0 
7f8550000000-7f8550021000 rw-p 00000000 00:00 0 
7f8550021000-7f8554000000 ---p 00000000 00:00 0 
7f8554000000-7f8554021000 rw-p 00000000 00:00 0 
7f8554021000-7f8558000000 ---p 00000000 00:00 0 
7f8558000000-7f85588d3000 rw-p 00000000 00:00 0 
7f85588d3000-7f855c000000 ---p 00000000 00:00 0 
7f855c000000-7f855c021000 rw-p 00000000 00:00 0 
7f855c021000-7f8560000000 ---p 00000000 00:00 0 
7f8560000000-7f8560021000 rw-p 00000000 00:00 0 
7f8560021000-7f8564000000 ---p 00000000 00:00 0 
7f8564000000-7f8564b4b000 rw-p 00000000 00:00 0 
7f8564b4b000-7f8568000000 ---p 00000000 00:00 0 
7f8568000000-7f8568021000 rw-p 00000000 00:00 0 
7f8568021000-7f856c000000 ---p 00000000 00:00 0 
7f856c000000-7f856c021000 rw-p 00000000 00:00 0 
7f856c021000-7f8570000000 ---p 00000000 00:00 0 
7f8570000000-7f8570f0b000 rw-p 00000000 00:00 0 
7f8570f0b000-7f8574000000 ---p 00000000 00:00 0 
7f8574000000-7f85746d4000 rw-p 00000000 00:00 0 
7f85746d4000-7f8578000000 ---p 00000000 00:00 0 
7f8578000000-7f8578021000 rw-p 00000000 00:00 0 
7f8578021000-7f857c000000 ---p 00000000 00:00 0 
7f857c000000-7f857c021000 rw-p 00000000 00:00 0 
7f857c021000-7f8580000000 ---p 00000000 00:00 0 
7f8580000000-7f8580021000 rw-p 00000000 00:00 0 
7f8580021000-7f8584000000 ---p 00000000 00:00 0 
7f8584000000-7f8584021000 rw-p 00000000 00:00 0 
7f8584021000-7f8588000000 ---p 00000000 00:00 0 
7f8588000000-7f8588021000 rw-p 00000000 00:00 0 
7f8588021000-7f858c000000 ---p 00000000 00:00 0 
7f858c000000-7f858c021000 rw-p 00000000 00:00 0 
7f858c021000-7f8590000000 ---p 00000000 00:00 0 
7f8590000000-7f8590021000 rw-p 00000000 00:00 0 
7f8590021000-7f8594000000 ---p 00000000 00:00 0 
7f8594000000-7f8594021000 rw-p 00000000 00:00 0 
7f8594021000-7f8598000000 ---p 00000000 00:00 0 
7f85980fb000-7f8598ef2000 rw-p 00000000 00:00 0 
7f8598ef2000-7f8598ef6000 ---p 00000000 00:00 0 
7f8598ef6000-7f85991b3000 rw-p 00000000 00:00 0 
7f85991b3000-7f85991f3000 ---p 00000000 00:00 0 
7f85991f3000-7f85993f3000 rw-p 00000000 00:00 0 
7f85993f3000-7f85995f3000 rw-p 00000000 00:00 0 
7f85995f3000-7f85997f3000 rw-p 00000000 00:00 0 
7f85997f3000-7f85997f4000 ---p 00000000 00:00 0 
7f85997f4000-7f85998f5000 rw-p 00000000 00:00 0 
7f85998f5000-7f85998f6000 ---p 00000000 00:00 0 
7f85998f6000-7f85999f7000 rw-p 00000000 00:00 0 
7f85999f7000-7f85999f8000 ---p 00000000 00:00 0 
7f85999f8000-7f8599af9000 rw-p 00000000 00:00 0 
7f8599af9000-7f8599afa000 ---p 00000000 00:00 0 
7f8599afa000-7f8599bfb000 rw-p 00000000 00:00 0 
7f8599bfb000-7f8599bfc000 ---p 00000000 00:00 0 
7f8599bfc000-7f8599cfd000 rw-p 00000000 00:00 0 
7f8599cfd000-7f8599d01000 ---p 00000000 00:00 0 
7f8599d01000-7f8599dfe000 rw-p 00000000 00:00 0 
7f8599dfe000-7f8599e02000 ---p 00000000 00:00 0 
7f8599e02000-7f8599eff000 rw-p 00000000 00:00 0 
7f8599eff000-7f8599f03000 ---p 00000000 00:00 0 
7f8599f03000-7f859c000000 rw-p 00000000 00:00 0 
7f859c000000-7f859c021000 rw-p 00000000 00:00 0 
7f859c021000-7f85a0000000 ---p 00000000 00:00 0 
7f85a007c000-7f85a007d000 ---p 00000000 00:00 0 
7f85a007d000-7f85a017e000 rw-p 00000000 00:00 0 
7f85a017e000-7f85a0182000 ---p 00000000 00:00 0 
7f85a0182000-7f85a027f000 rw-p 00000000 00:00 0 
7f85a027f000-7f85a0283000 ---p 00000000 00:00 0 
7f85a0283000-7f85a0768000 rw-p 00000000 00:00 0 
7f85a0768000-7f85a31b8000 ---p 00000000 00:00 0 
7f85a31b8000-7f85a31c0000 rw-p 00000000 00:00 0 
7f85a31c0000-7f85a41c0000 ---p 00000000 00:00 0 
7f85a41c0000-7f85a45a8000 rw-p 00000000 00:00 0 
7f85a45a8000-7f85a6ff8000 ---p 00000000 00:00 0 
7f85a6ff8000-7f85a7000000 rw-p 00000000 00:00 0 
7f85a7000000-7f85a8000000 ---p 00000000 00:00 0 
7f85a8000000-7f85a8021000 rw-p 00000000 00:00 0 
7f85a8021000-7f85ac000000 ---p 00000000 00:00 0 
7f85ac05d000-7f85ac063000 r--p 00000000 08:03 12616458                   /usr/lib/libk2triples.so
7f85ac063000-7f85ac088000 r-xp 00006000 08:03 12616458                   /usr/lib/libk2triples.so
7f85ac088000-7f85ac08b000 r--p 0002b000 08:03 12616458                   /usr/lib/libk2triples.so
7f85ac08b000-7f85ac08c000 ---p 0002e000 08:03 12616458                   /usr/lib/libk2triples.so
7f85ac08c000-7f85ac08d000 r--p 0002e000 08:03 12616458                   /usr/lib/libk2triples.so
7f85ac08d000-7f85ac08e000 rw-p 0002f000 08:03 12616458                   /usr/lib/libk2triples.so
7f85ac08e000-7f85ac092000 ---p 00000000 00:00 0 
7f85ac092000-7f85ac18f000 rw-p 00000000 00:00 0 
7f85ac18f000-7f85ac193000 ---p 00000000 00:00 0 
7f85ac193000-7f85ac290000 rw-p 00000000 00:00 0 
7f85ac290000-7f85ac294000 ---p 00000000 00:00 0 
7f85ac294000-7f85ac391000 rw-p 00000000 00:00 0 
7f85ac391000-7f85ac676000 r--p 00000000 08:03 12583282                   /usr/lib/locale/locale-archive
7f85ac676000-7f85ac67a000 ---p 00000000 00:00 0 
7f85ac67a000-7f85ac777000 rw-p 00000000 00:00 0 
7f85ac777000-7f85ac77b000 ---p 00000000 00:00 0 
7f85ac77b000-7f85ac878000 rw-p 00000000 00:00 0 
7f85ac878000-7f85acae8000 rwxp 00000000 00:00 0 
7f85acae8000-7f85ace09000 ---p 00000000 00:00 0 
7f85ace09000-7f85ad549000 rwxp 00000000 00:00 0 
7f85ad549000-7f85b4340000 ---p 00000000 00:00 0 
7f85b4340000-7f85b45b0000 rwxp 00000000 00:00 0 
7f85b45b0000-7f85bb878000 ---p 00000000 00:00 0 
7f85bb878000-7f85c4000000 r--s 00000000 08:03 12725110                   /usr/lib/jvm/java-11-openjdk-amd64/lib/modules
7f85c4000000-7f85c4d7d000 rw-p 00000000 00:00 0 
7f85c4d7d000-7f85c8000000 ---p 00000000 00:00 0 
7f85c8003000-7f85c8006000 r--p 00000000 08:03 12587494                   /usr/lib/libjnidictionary.so
7f85c8006000-7f85c8009000 r-xp 00003000 08:03 12587494                   /usr/lib/libjnidictionary.so
7f85c8009000-7f85c800a000 r--p 00006000 08:03 12587494                   /usr/lib/libjnidictionary.so
7f85c800a000-7f85c800b000 ---p 00007000 08:03 12587494                   /usr/lib/libjnidictionary.so
7f85c800b000-7f85c800c000 r--p 00007000 08:03 12587494                   /usr/lib/libjnidictionary.so
7f85c800c000-7f85c800d000 rw-p 00008000 08:03 12587494                   /usr/lib/libjnidictionary.so
7f85c800d000-7f85c803e000 rw-p 00000000 00:00 0 
7f85c803e000-7f85c8042000 r--p 00000000 08:03 12725097                   /usr/lib/jvm/java-11-openjdk-amd64/lib/libnet.so
7f85c8042000-7f85c8051000 r-xp 00004000 08:03 12725097                   /usr/lib/jvm/java-11-openjdk-amd64/lib/libnet.so
7f85c8051000-7f85c8055000 r--p 00013000 08:03 12725097                   /usr/lib/jvm/java-11-openjdk-amd64/lib/libnet.so
7f85c8055000-7f85c8056000 r--p 00016000 08:03 12725097                   /usr/lib/jvm/java-11-openjdk-amd64/lib/libnet.so
7f85c8056000-7f85c8057000 rw-p 00017000 08:03 12725097                   /usr/lib/jvm/java-11-openjdk-amd64/lib/libnet.so
7f85c8057000-7f85c805e000 r--p 00000000 08:03 12725098                   /usr/lib/jvm/java-11-openjdk-amd64/lib/libnio.so
7f85c805e000-7f85c8065000 r-xp 00007000 08:03 12725098                   /usr/lib/jvm/java-11-openjdk-amd64/lib/libnio.so
7f85c8065000-7f85c8068000 r--p 0000e000 08:03 12725098                   /usr/lib/jvm/java-11-openjdk-amd64/lib/libnio.so
7f85c8068000-7f85c8069000 r--p 00010000 08:03 12725098                   /usr/lib/jvm/java-11-openjdk-amd64/lib/libnio.so
7f85c8069000-7f85c806a000 rw-p 00011000 08:03 12725098                   /usr/lib/jvm/java-11-openjdk-amd64/lib/libnio.so
7f85c806a000-7f85c806b000 ---p 00000000 00:00 0 
7f85c806b000-7f85c8a70000 rw-p 00000000 00:00 0 
7f85c8a70000-7f85c8ab2000 rw-p 00000000 00:00 0 
7f85c8ab2000-7f85c8ab3000 ---p 00000000 00:00 0 
7f85c8ab3000-7f85c8bb4000 rw-p 00000000 00:00 0 
7f85c8bb4000-7f85c8bb5000 ---p 00000000 00:00 0 
7f85c8bb5000-7f85c94be000 rw-p 00000000 00:00 0 
7f85c94be000-7f85c94bf000 ---p 00000000 00:00 0 
7f85c94bf000-7f85c95c0000 rw-p 00000000 00:00 0 
7f85c95c0000-7f85c95c1000 ---p 00000000 00:00 0 
7f85c95c1000-7f85c9840000 rw-p 00000000 00:00 0 
7f85c9840000-7f85c9d8a000 ---p 00000000 00:00 0 
7f85c9d8a000-7f85c9d8b000 rw-p 00000000 00:00 0 
7f85c9d8b000-7f85c9f8b000 ---p 00000000 00:00 0 
7f85c9f8b000-7f85ca008000 rw-p 00000000 00:00 0 
7f85ca008000-7f85ca552000 ---p 00000000 00:00 0 
7f85ca552000-7f85ca553000 rw-p 00000000 00:00 0 
7f85ca553000-7f85ca753000 ---p 00000000 00:00 0 
7f85ca753000-7f85ca7d0000 rw-p 00000000 00:00 0 
7f85ca7d0000-7f85cad1a000 ---p 00000000 00:00 0 
7f85cad1a000-7f85cad1b000 rw-p 00000000 00:00 0 
7f85cad1b000-7f85caf1b000 ---p 00000000 00:00 0 
7f85caf1b000-7f85cb723000 rw-p 00000000 00:00 0 
7f85cb723000-7f85cb724000 ---p 00000000 00:00 0 
7f85cb724000-7f85cb82a000 rw-p 00000000 00:00 0 
7f85cb82a000-7f85cb910000 ---p 00000000 00:00 0 
7f85cb910000-7f85cb91f000 rw-p 00000000 00:00 0 
7f85cb91f000-7f85cb9fb000 ---p 00000000 00:00 0 
7f85cb9fb000-7f85cba00000 rw-p 00000000 00:00 0 
7f85cba00000-7f85cba07000 ---p 00000000 00:00 0 
7f85cba07000-7f85cba0a000 r--p 00000000 08:03 12583561                   /usr/lib/x86_64-linux-gnu/libnss_files-2.28.so
7f85cba0a000-7f85cba11000 r-xp 00003000 08:03 12583561                   /usr/lib/x86_64-linux-gnu/libnss_files-2.28.so
7f85cba11000-7f85cba13000 r--p 0000a000 08:03 12583561                   /usr/lib/x86_64-linux-gnu/libnss_files-2.28.so
7f85cba13000-7f85cba14000 ---p 0000c000 08:03 12583561                   /usr/lib/x86_64-linux-gnu/libnss_files-2.28.so
7f85cba14000-7f85cba15000 r--p 0000c000 08:03 12583561                   /usr/lib/x86_64-linux-gnu/libnss_files-2.28.so
7f85cba15000-7f85cba16000 rw-p 0000d000 08:03 12583561                   /usr/lib/x86_64-linux-gnu/libnss_files-2.28.so
7f85cba16000-7f85cba1c000 rw-p 00000000 00:00 0 
7f85cba23000-7f85cba25000 r--s 00007000 08:03 13112440                   /usr/share/java/java-atk-wrapper.jar
7f85cba25000-7f85cba27000 r--p 00000000 08:03 12725109                   /usr/lib/jvm/java-11-openjdk-amd64/lib/libzip.so
7f85cba27000-7f85cba2b000 r-xp 00002000 08:03 12725109                   /usr/lib/jvm/java-11-openjdk-amd64/lib/libzip.so
7f85cba2b000-7f85cba2d000 r--p 00006000 08:03 12725109                   /usr/lib/jvm/java-11-openjdk-amd64/lib/libzip.so
7f85cba2d000-7f85cba2e000 r--p 00007000 08:03 12725109                   /usr/lib/jvm/java-11-openjdk-amd64/lib/libzip.so
7f85cba2e000-7f85cba2f000 rw-p 00008000 08:03 12725109                   /usr/lib/jvm/java-11-openjdk-amd64/lib/libzip.so
7f85cba2f000-7f85cba37000 rw-s 00000000 08:03 1837541                    /tmp/hsperfdata_dramos/4584
7f85cba37000-7f85cba38000 ---p 00000000 00:00 0 
7f85cba38000-7f85cba39000 r--p 00000000 00:00 0 
7f85cba39000-7f85cba47000 r--p 00000000 08:03 12725082                   /usr/lib/jvm/java-11-openjdk-amd64/lib/libjava.so
7f85cba47000-7f85cba5c000 r-xp 0000e000 08:03 12725082                   /usr/lib/jvm/java-11-openjdk-amd64/lib/libjava.so
7f85cba5c000-7f85cba63000 r--p 00023000 08:03 12725082                   /usr/lib/jvm/java-11-openjdk-amd64/lib/libjava.so
7f85cba63000-7f85cba64000 r--p 00029000 08:03 12725082                   /usr/lib/jvm/java-11-openjdk-amd64/lib/libjava.so
7f85cba64000-7f85cba65000 rw-p 0002a000 08:03 12725082                   /usr/lib/jvm/java-11-openjdk-amd64/lib/libjava.so
7f85cba65000-7f85cba66000 rw-p 00000000 00:00 0 
7f85cba66000-7f85cba68000 r--p 00000000 08:03 12583569                   /usr/lib/x86_64-linux-gnu/librt-2.28.so
7f85cba68000-7f85cba6c000 r-xp 00002000 08:03 12583569                   /usr/lib/x86_64-linux-gnu/librt-2.28.so
7f85cba6c000-7f85cba6e000 r--p 00006000 08:03 12583569                   /usr/lib/x86_64-linux-gnu/librt-2.28.so
7f85cba6e000-7f85cba6f000 r--p 00007000 08:03 12583569                   /usr/lib/x86_64-linux-gnu/librt-2.28.so
7f85cba6f000-7f85cba70000 rw-p 00008000 08:03 12583569                   /usr/lib/x86_64-linux-gnu/librt-2.28.so
7f85cba70000-7f85cba74000 ---p 00000000 00:00 0 
7f85cba74000-7f85cbb71000 rw-p 00000000 00:00 0 
7f85cbb71000-7f85cbb74000 r--p 00000000 08:03 12582933                   /usr/lib/x86_64-linux-gnu/libgcc_s.so.1
7f85cbb74000-7f85cbb85000 r-xp 00003000 08:03 12582933                   /usr/lib/x86_64-linux-gnu/libgcc_s.so.1
7f85cbb85000-7f85cbb88000 r--p 00014000 08:03 12582933                   /usr/lib/x86_64-linux-gnu/libgcc_s.so.1
7f85cbb88000-7f85cbb89000 ---p 00017000 08:03 12582933                   /usr/lib/x86_64-linux-gnu/libgcc_s.so.1
7f85cbb89000-7f85cbb8a000 r--p 00017000 08:03 12582933                   /usr/lib/x86_64-linux-gnu/libgcc_s.so.1
7f85cbb8a000-7f85cbb8b000 rw-p 00018000 08:03 12582933                   /usr/lib/x86_64-linux-gnu/libgcc_s.so.1
7f85cbb8b000-7f85cbb98000 r--p 00000000 08:03 12583552                   /usr/lib/x86_64-linux-gnu/libm-2.28.so
7f85cbb98000-7f85cbc37000 r-xp 0000d000 08:03 12583552                   /usr/lib/x86_64-linux-gnu/libm-2.28.so
7f85cbc37000-7f85cbd0c000 r--p 000ac000 08:03 12583552                   /usr/lib/x86_64-linux-gnu/libm-2.28.so
7f85cbd0c000-7f85cbd0d000 r--p 00180000 08:03 12583552                   /usr/lib/x86_64-linux-gnu/libm-2.28.so
7f85cbd0d000-7f85cbd0e000 rw-p 00181000 08:03 12583552                   /usr/lib/x86_64-linux-gnu/libm-2.28.so
7f85cbd0e000-7f85cbd97000 r--p 00000000 08:03 12583199                   /usr/lib/x86_64-linux-gnu/libstdc++.so.6.0.25
7f85cbd97000-7f85cbe43000 r-xp 00089000 08:03 12583199                   /usr/lib/x86_64-linux-gnu/libstdc++.so.6.0.25
7f85cbe43000-7f85cbe81000 r--p 00135000 08:03 12583199                   /usr/lib/x86_64-linux-gnu/libstdc++.so.6.0.25
7f85cbe81000-7f85cbe82000 ---p 00173000 08:03 12583199                   /usr/lib/x86_64-linux-gnu/libstdc++.so.6.0.25
7f85cbe82000-7f85cbe8c000 r--p 00173000 08:03 12583199                   /usr/lib/x86_64-linux-gnu/libstdc++.so.6.0.25
7f85cbe8c000-7f85cbe8e000 rw-p 0017d000 08:03 12583199                   /usr/lib/x86_64-linux-gnu/libstdc++.so.6.0.25
7f85cbe8e000-7f85cbe92000 rw-p 00000000 00:00 0 
7f85cbe92000-7f85cc10c000 r--p 00000000 08:03 13372845                   /usr/lib/jvm/java-11-openjdk-amd64/lib/server/libjvm.so
7f85cc10c000-7f85ccd27000 r-xp 0027a000 08:03 13372845                   /usr/lib/jvm/java-11-openjdk-amd64/lib/server/libjvm.so
7f85ccd27000-7f85ccf7f000 r--p 00e95000 08:03 13372845                   /usr/lib/jvm/java-11-openjdk-amd64/lib/server/libjvm.so
7f85ccf7f000-7f85cd040000 r--p 010ec000 08:03 13372845                   /usr/lib/jvm/java-11-openjdk-amd64/lib/server/libjvm.so
7f85cd040000-7f85cd07b000 rw-p 011ad000 08:03 13372845                   /usr/lib/jvm/java-11-openjdk-amd64/lib/server/libjvm.so
7f85cd07b000-7f85cd0d4000 rw-p 00000000 00:00 0 
7f85cd0d4000-7f85cd0f6000 r--p 00000000 08:03 12583549                   /usr/lib/x86_64-linux-gnu/libc-2.28.so
7f85cd0f6000-7f85cd23e000 r-xp 00022000 08:03 12583549                   /usr/lib/x86_64-linux-gnu/libc-2.28.so
7f85cd23e000-7f85cd28a000 r--p 0016a000 08:03 12583549                   /usr/lib/x86_64-linux-gnu/libc-2.28.so
7f85cd28a000-7f85cd28b000 ---p 001b6000 08:03 12583549                   /usr/lib/x86_64-linux-gnu/libc-2.28.so
7f85cd28b000-7f85cd28f000 r--p 001b6000 08:03 12583549                   /usr/lib/x86_64-linux-gnu/libc-2.28.so
7f85cd28f000-7f85cd291000 rw-p 001ba000 08:03 12583549                   /usr/lib/x86_64-linux-gnu/libc-2.28.so
7f85cd291000-7f85cd295000 rw-p 00000000 00:00 0 
7f85cd295000-7f85cd296000 r--p 00000000 08:03 12583551                   /usr/lib/x86_64-linux-gnu/libdl-2.28.so
7f85cd296000-7f85cd297000 r-xp 00001000 08:03 12583551                   /usr/lib/x86_64-linux-gnu/libdl-2.28.so
7f85cd297000-7f85cd298000 r--p 00002000 08:03 12583551                   /usr/lib/x86_64-linux-gnu/libdl-2.28.so
7f85cd298000-7f85cd299000 r--p 00002000 08:03 12583551                   /usr/lib/x86_64-linux-gnu/libdl-2.28.so
7f85cd299000-7f85cd29a000 rw-p 00003000 08:03 12583551                   /usr/lib/x86_64-linux-gnu/libdl-2.28.so
7f85cd29a000-7f85cd29d000 r--p 00000000 08:03 13372842                   /usr/lib/jvm/java-11-openjdk-amd64/lib/jli/libjli.so
7f85cd29d000-7f85cd2a7000 r-xp 00003000 08:03 13372842                   /usr/lib/jvm/java-11-openjdk-amd64/lib/jli/libjli.so
7f85cd2a7000-7f85cd2aa000 r--p 0000d000 08:03 13372842                   /usr/lib/jvm/java-11-openjdk-amd64/lib/jli/libjli.so
7f85cd2aa000-7f85cd2ab000 ---p 00010000 08:03 13372842                   /usr/lib/jvm/java-11-openjdk-amd64/lib/jli/libjli.so
7f85cd2ab000-7f85cd2ac000 r--p 00010000 08:03 13372842                   /usr/lib/jvm/java-11-openjdk-amd64/lib/jli/libjli.so
7f85cd2ac000-7f85cd2ad000 rw-p 00011000 08:03 13372842                   /usr/lib/jvm/java-11-openjdk-amd64/lib/jli/libjli.so
7f85cd2ad000-7f85cd2b3000 r--p 00000000 08:03 12583567                   /usr/lib/x86_64-linux-gnu/libpthread-2.28.so
7f85cd2b3000-7f85cd2c2000 r-xp 00006000 08:03 12583567                   /usr/lib/x86_64-linux-gnu/libpthread-2.28.so
7f85cd2c2000-7f85cd2c8000 r--p 00015000 08:03 12583567                   /usr/lib/x86_64-linux-gnu/libpthread-2.28.so
7f85cd2c8000-7f85cd2c9000 r--p 0001a000 08:03 12583567                   /usr/lib/x86_64-linux-gnu/libpthread-2.28.so
7f85cd2c9000-7f85cd2ca000 rw-p 0001b000 08:03 12583567                   /usr/lib/x86_64-linux-gnu/libpthread-2.28.so
7f85cd2ca000-7f85cd2ce000 rw-p 00000000 00:00 0 
7f85cd2ce000-7f85cd2ea000 r-xp 00000000 08:03 12585259                   /usr/lib/x86_64-linux-gnu/libz.so.1.2.11
7f85cd2ea000-7f85cd4ea000 ---p 0001c000 08:03 12585259                   /usr/lib/x86_64-linux-gnu/libz.so.1.2.11
7f85cd4ea000-7f85cd4eb000 r--p 0001c000 08:03 12585259                   /usr/lib/x86_64-linux-gnu/libz.so.1.2.11
7f85cd4eb000-7f85cd4ec000 rw-p 0001d000 08:03 12585259                   /usr/lib/x86_64-linux-gnu/libz.so.1.2.11
7f85cd4ec000-7f85cd4ee000 rw-p 00000000 00:00 0 
7f85cd4ef000-7f85cd4f1000 r--p 00000000 08:03 12725086                   /usr/lib/jvm/java-11-openjdk-amd64/lib/libjimage.so
7f85cd4f1000-7f85cd4f4000 r-xp 00002000 08:03 12725086                   /usr/lib/jvm/java-11-openjdk-amd64/lib/libjimage.so
7f85cd4f4000-7f85cd4f6000 r--p 00005000 08:03 12725086                   /usr/lib/jvm/java-11-openjdk-amd64/lib/libjimage.so
7f85cd4f6000-7f85cd4f7000 r--p 00006000 08:03 12725086                   /usr/lib/jvm/java-11-openjdk-amd64/lib/libjimage.so
7f85cd4f7000-7f85cd4f8000 rw-p 00007000 08:03 12725086                   /usr/lib/jvm/java-11-openjdk-amd64/lib/libjimage.so
7f85cd4f8000-7f85cd4fd000 r--p 00000000 08:03 12725108                   /usr/lib/jvm/java-11-openjdk-amd64/lib/libverify.so
7f85cd4fd000-7f85cd504000 r-xp 00005000 08:03 12725108                   /usr/lib/jvm/java-11-openjdk-amd64/lib/libverify.so
7f85cd504000-7f85cd506000 r--p 0000c000 08:03 12725108                   /usr/lib/jvm/java-11-openjdk-amd64/lib/libverify.so
7f85cd506000-7f85cd508000 r--p 0000d000 08:03 12725108                   /usr/lib/jvm/java-11-openjdk-amd64/lib/libverify.so
7f85cd508000-7f85cd509000 rw-p 0000f000 08:03 12725108                   /usr/lib/jvm/java-11-openjdk-amd64/lib/libverify.so
7f85cd509000-7f85cd50a000 r--p 00000000 08:03 12582935                   /usr/lib/x86_64-linux-gnu/ld-2.28.so
7f85cd50a000-7f85cd528000 r-xp 00001000 08:03 12582935                   /usr/lib/x86_64-linux-gnu/ld-2.28.so
7f85cd528000-7f85cd530000 r--p 0001f000 08:03 12582935                   /usr/lib/x86_64-linux-gnu/ld-2.28.so
7f85cd530000-7f85cd531000 r--p 00026000 08:03 12582935                   /usr/lib/x86_64-linux-gnu/ld-2.28.so
7f85cd531000-7f85cd532000 rw-p 00027000 08:03 12582935                   /usr/lib/x86_64-linux-gnu/ld-2.28.so
7f85cd532000-7f85cd533000 rw-p 00000000 00:00 0 
7ffd9cda7000-7ffd9cdc8000 rw-p 00000000 00:00 0                          [stack]
7ffd9cde7000-7ffd9cdea000 r--p 00000000 00:00 0                          [vvar]
7ffd9cdea000-7ffd9cdec000 r-xp 00000000 00:00 0                          [vdso]


VM Arguments:
jvm_args: -Dclassworlds.conf=/usr/share/maven/bin/m2.conf -Dmaven.home=/usr/share/maven -Dlibrary.jansi.path=/usr/share/maven/lib/jansi-native -Dmaven.multiModuleProjectDirectory=/home/dramos/TFM/git/hdt-jni/hdt-java-cli 
java_command: org.codehaus.plexus.classworlds.launcher.Launcher exec:java -Dexec.mainClass=org.rdfhdt.hdt.tools.RDF2HDT -Dexec.args=../hdt-java-core/data/test.nt ../hdt-java-core/data/test.hdt
java_class_path (initial): /usr/share/maven/boot/plexus-classworlds-2.x.jar
Launcher Type: SUN_STANDARD

[Global flags]
     intx CICompilerCount                          = 4                                         {product} {ergonomic}
     uint ConcGCThreads                            = 2                                         {product} {ergonomic}
     uint G1ConcRefinementThreads                  = 8                                         {product} {ergonomic}
   size_t G1HeapRegionSize                         = 1048576                                   {product} {ergonomic}
    uintx GCDrainStackTargetSize                   = 64                                        {product} {ergonomic}
   size_t InitialHeapSize                          = 262144000                                 {product} {ergonomic}
   size_t MarkStackSize                            = 4194304                                   {product} {ergonomic}
   size_t MaxHeapSize                              = 4177526784                                {product} {ergonomic}
   size_t MaxNewSize                               = 2506096640                                {product} {ergonomic}
   size_t MinHeapDeltaBytes                        = 1048576                                   {product} {ergonomic}
    uintx NonNMethodCodeHeapSize                   = 5836300                                {pd product} {ergonomic}
    uintx NonProfiledCodeHeapSize                  = 122910970                              {pd product} {ergonomic}
    uintx ProfiledCodeHeapSize                     = 122910970                              {pd product} {ergonomic}
    uintx ReservedCodeCacheSize                    = 251658240                              {pd product} {ergonomic}
     bool SegmentedCodeCache                       = true                                      {product} {ergonomic}
     bool UseCompressedClassPointers               = true                                 {lp64_product} {ergonomic}
     bool UseCompressedOops                        = true                                 {lp64_product} {ergonomic}
     bool UseG1GC                                  = true                                      {product} {ergonomic}

Logging:
Log output configuration:
 #0: stdout all=warning uptime,level,tags
 #1: stderr all=off uptime,level,tags

Environment Variables:
JAVA_HOME=/usr/lib/jvm/java-1.11.0-openjdk-amd64
PATH=/snap/bin:/usr/lib/jvm/java-1.11.0-openjdk-amd64/bin:/usr/local/bin:/usr/bin:/bin:/usr/local/games:/usr/games
SHELL=/bin/bash
DISPLAY=:0
LANG=es_ES.UTF-8

Signal Handlers:
SIGSEGV: [libjvm.so+0xe21ec0], sa_mask[0]=11111111011111111101111111111110, sa_flags=SA_RESTART|SA_SIGINFO
SIGBUS: [libjvm.so+0xe21ec0], sa_mask[0]=11111111011111111101111111111110, sa_flags=SA_RESTART|SA_SIGINFO
SIGFPE: [libjvm.so+0xe21ec0], sa_mask[0]=11111111011111111101111111111110, sa_flags=SA_RESTART|SA_SIGINFO
SIGPIPE: [libjvm.so+0xb75cf0], sa_mask[0]=11111111011111111101111111111110, sa_flags=SA_RESTART|SA_SIGINFO
SIGXFSZ: [libjvm.so+0xb75cf0], sa_mask[0]=11111111011111111101111111111110, sa_flags=SA_RESTART|SA_SIGINFO
SIGILL: [libjvm.so+0xe21ec0], sa_mask[0]=11111111011111111101111111111110, sa_flags=SA_RESTART|SA_SIGINFO
SIGUSR2: [libjvm.so+0xb75b80], sa_mask[0]=00000000000000000000000000000000, sa_flags=SA_RESTART|SA_SIGINFO
SIGHUP: [libjvm.so+0xb76030], sa_mask[0]=11111111011111111101111111111110, sa_flags=SA_RESTART|SA_SIGINFO
SIGINT: [libjvm.so+0xb76030], sa_mask[0]=11111111011111111101111111111110, sa_flags=SA_RESTART|SA_SIGINFO
SIGTERM: [libjvm.so+0xb76030], sa_mask[0]=11111111011111111101111111111110, sa_flags=SA_RESTART|SA_SIGINFO
SIGQUIT: [libjvm.so+0xb76030], sa_mask[0]=11111111011111111101111111111110, sa_flags=SA_RESTART|SA_SIGINFO


---------------  S Y S T E M  ---------------

OS:PRETTY_NAME="Debian GNU/Linux 10 (buster)"
NAME="Debian GNU/Linux"
VERSION_ID="10"
VERSION="10 (buster)"
VERSION_CODENAME=buster
ID=debian
HOME_URL="https://www.debian.org/"
SUPPORT_URL="https://www.debian.org/support"
BUG_REPORT_URL="https://bugs.debian.org/"
uname:Linux 4.19.0-16-amd64 #1 SMP Debian 4.19.181-1 (2021-03-19) x86_64
OS uptime: 0 days 0:04 hours
libc:glibc 2.28 NPTL 2.28 
rlimit (soft/hard): STACK 8192k/infinity , CORE 0k/infinity , NPROC 63525/63525 , NOFILE 1048576/1048576 , AS infinity/infinity , CPU infinity/infinity , DATA infinity/infinity , FSIZE infinity/infinity , MEMLOCK 65536k/65536k
load average:2,06 1,34 0,58

/proc/meminfo:
MemTotal:       16317872 kB
MemFree:         9756004 kB
MemAvailable:   11467560 kB
Buffers:          125092 kB
Cached:          1924540 kB
SwapCached:            0 kB
Active:          4745176 kB
Inactive:        1323688 kB
Active(anon):    4035384 kB
Inactive(anon):   141292 kB
Active(file):     709792 kB
Inactive(file):  1182396 kB
Unevictable:          64 kB
Mlocked:              64 kB
SwapTotal:      10239996 kB
SwapFree:       10239996 kB
Dirty:              2840 kB
Writeback:             0 kB
AnonPages:       3964624 kB
Mapped:           882756 kB
Shmem:            159368 kB
Slab:             267244 kB
SReclaimable:     142380 kB
SUnreclaim:       124864 kB
KernelStack:       20368 kB
PageTables:        43484 kB
NFS_Unstable:          0 kB
Bounce:                0 kB
WritebackTmp:          0 kB
CommitLimit:    18398932 kB
Committed_AS:   11201900 kB
VmallocTotal:   34359738367 kB
VmallocUsed:           0 kB
VmallocChunk:          0 kB
Percpu:             3168 kB
HardwareCorrupted:     0 kB
AnonHugePages:   1038336 kB
ShmemHugePages:        0 kB
ShmemPmdMapped:        0 kB
HugePages_Total:       0
HugePages_Free:        0
HugePages_Rsvd:        0
HugePages_Surp:        0
Hugepagesize:       2048 kB
Hugetlb:               0 kB
DirectMap4k:      231016 kB
DirectMap2M:     5953536 kB
DirectMap1G:    10485760 kB

/sys/kernel/mm/transparent_hugepage/enabled:
[always] madvise never
/sys/kernel/mm/transparent_hugepage/defrag (defrag/compaction efforts parameter):
always defer defer+madvise [madvise] never

Process Memory:
Virtual Size: 7442564K (peak: 15597000K)
Resident Set Size: 279196K (peak: 279196K) (anon: 251144K, file: 28052K, shmem: 0K)
Swapped out: 0K
C-Heap outstanding allocations: 43220K

/proc/sys/kernel/threads-max (system-wide limit on the number of threads):
127051
/proc/sys/vm/max_map_count (maximum number of memory map areas a process may have):
65530
/proc/sys/kernel/pid_max (system-wide limit on number of process identifiers):
32768

container (cgroup) information:
container_type: cgroupv1
cpu_cpuset_cpus: 0-7
cpu_memory_nodes: 0
active_processor_count: 8
cpu_quota: -1
cpu_period: 100000
cpu_shares: -1
memory_limit_in_bytes: -1
memory_and_swap_limit_in_bytes: -2
memory_soft_limit_in_bytes: -1
memory_usage_in_bytes: 504311808
memory_max_usage_in_bytes: 510599168

Steal ticks since vm start: 0
Steal ticks percentage since vm start:  0,000

CPU:total 8 (initial active 8) (4 cores per cpu, 2 threads per core) family 6 model 158 stepping 9 microcode 0xde, cmov, cx8, fxsr, mmx, sse, sse2, sse3, ssse3, sse4.1, sse4.2, popcnt, avx, avx2, aes, clmul, erms, rtm, 3dnowpref, lzcnt, ht, tsc, tscinvbit, bmi1, bmi2, adx, fma
CPU Model and flags from /proc/cpuinfo:
model name	: Intel(R) Core(TM) i7-7700 CPU @ 3.60GHz
flags		: fpu vme de pse tsc msr pae mce cx8 apic sep mtrr pge mca cmov pat pse36 clflush dts acpi mmx fxsr sse sse2 ss ht tm pbe syscall nx pdpe1gb rdtscp lm constant_tsc art arch_perfmon pebs bts rep_good nopl xtopology nonstop_tsc cpuid aperfmperf tsc_known_freq pni pclmulqdq dtes64 monitor ds_cpl vmx smx est tm2 ssse3 sdbg fma cx16 xtpr pdcm pcid sse4_1 sse4_2 x2apic movbe popcnt tsc_deadline_timer aes xsave avx f16c rdrand lahf_lm abm 3dnowprefetch cpuid_fault epb invpcid_single pti ssbd ibrs ibpb stibp tpr_shadow vnmi flexpriority ept vpid ept_ad fsgsbase tsc_adjust bmi1 hle avx2 smep bmi2 erms invpcid rtm mpx rdseed adx smap clflushopt intel_pt xsaveopt xsavec xgetbv1 xsaves dtherm ida arat pln pts hwp hwp_notify hwp_act_window hwp_epp md_clear flush_l1d
Online cpus:
0-7
Offline cpus:

BIOS frequency limitation:
<Not Available>
Frequency switch latency (ns):
0
Available cpu frequencies:
<Not Available>
Current governor:
powersave
Core performance/turbo boost:
<Not Available>

Memory: 4k page, physical 16317872k(9755500k free), swap 10239996k(10239996k free)

vm_info: OpenJDK 64-Bit Server VM (11.0.11+9-post-Debian-1deb10u1) for linux-amd64 JRE (11.0.11+9-post-Debian-1deb10u1), built on Apr 21 2021 15:55:49 by "unknown" with gcc 8.3.0

END.
